  Using 'git status' to determine working set for adaptive non-unity build (D:\Unreal Engine\Network_Assignment).
  Creating makefile for Network_AssignmentEditor (no existing makefile)
  Parsing headers for Network_AssignmentEditor
    Running UnrealHeaderTool "D:\Unreal Engine\Network_Assignment\Network_Assignment\Network_Assignment.uproject" "D:\Unreal Engine\Network_Assignment\Network_Assignment\Intermediate\Build\Win64\Network_AssignmentEditor\Development\Network_AssignmentEditor.uhtmanifest" -LogCmds="loginit warning, logexit warning, logdatabase error" -Unattended -WarningsAsErrors -abslog="C:\Users\Leon\AppData\Local\UnrealBuildTool\Log_UHT.txt" -installed
  Reflection code generated for Network_AssignmentEditor in 9,7743276 seconds
  Building Network_AssignmentEditor...
  Using Visual Studio 2019 14.25.28611 toolchain (C:\Program Files (x86)\Microsoft Visual Studio\2019\Community\VC\Tools\MSVC\14.25.28610) and Windows 10.0.18362.0 SDK (C:\Program Files (x86)\Windows Kits\10).
  Building 22 actions with 4 processes...
    [1/22] Default.rc2
    [2/22] SharedPCH.Engine.ShadowErrors.cpp
    [3/22] MyMovementComponent.cpp
    [4/22] MovementStatics.cpp
    [5/22] MyPickup.cpp
D:\Unreal Engine\Network_Assignment\Network_Assignment\Source\Network_Assignment\MyPlayer.h(102): warning C4263: 'void AMyPlayer::TakeDamage(float)': member function does not override any base class virtual member function
D:\Unreal Engine\Network_Assignment\Network_Assignment\Source\Network_Assignment\MyPlayer.h(193): warning C4264: 'float APawn::TakeDamage(float,const FDamageEvent &,AController *,AActor *)': no override available for virtual member function from base 'APawn'; function is hidden
    D:\EpicGames\UE_4.25\Engine\Source\Runtime\Engine\Classes\GameFramework/Pawn.h(247): note: see declaration of 'APawn::TakeDamage'
    D:\EpicGames\UE_4.25\Engine\Intermediate\Build\Win64\UE4Editor\Inc\Engine\AnimInstance.generated.h(24): note: see declaration of 'APawn'
    [6/22] MyPlayerSettings.cpp
    [7/22] MyMovementComponent.gen.cpp
    [8/22] MyRocket.cpp
D:\Unreal Engine\Network_Assignment\Network_Assignment\Source\Network_Assignment\MyPlayer.h(102): warning C4263: 'void AMyPlayer::TakeDamage(float)': member function does not override any base class virtual member function
D:\Unreal Engine\Network_Assignment\Network_Assignment\Source\Network_Assignment\MyPlayer.h(193): warning C4264: 'float APawn::TakeDamage(float,const FDamageEvent &,AController *,AActor *)': no override available for virtual member function from base 'APawn'; function is hidden
    D:\EpicGames\UE_4.25\Engine\Source\Runtime\Engine\Classes\GameFramework/Pawn.h(247): note: see declaration of 'APawn::TakeDamage'
    D:\EpicGames\UE_4.25\Engine\Intermediate\Build\Win64\UE4Editor\Inc\Engine\GameplayStatics.generated.h(55): note: see declaration of 'APawn'
    [9/22] MyPickup.gen.cpp
    [10/22] MyPlayer.gen.cpp
D:\Unreal Engine\Network_Assignment\Network_Assignment\Source\Network_Assignment/MyPlayer.h(102): warning C4263: 'void AMyPlayer::TakeDamage(float)': member function does not override any base class virtual member function
D:\Unreal Engine\Network_Assignment\Network_Assignment\Source\Network_Assignment/MyPlayer.h(193): warning C4264: 'float APawn::TakeDamage(float,const FDamageEvent &,AController *,AActor *)': no override available for virtual member function from base 'APawn'; function is hidden
    D:\EpicGames\UE_4.25\Engine\Source\Runtime\Engine\Classes\GameFramework/Pawn.h(247): note: see declaration of 'APawn::TakeDamage'
    D:\EpicGames\UE_4.25\Engine\Intermediate\Build\Win64\UE4Editor\Inc\Engine\AnimInstance.generated.h(24): note: see declaration of 'APawn'
    [11/22] MyNetDebugWidget.cpp
    [12/22] MyPlayerSettings.gen.cpp
    [13/22] MyPlayer.cpp
D:\Unreal Engine\Network_Assignment\Network_Assignment\Source\Network_Assignment\MyPlayer.h(102): warning C4263: 'void AMyPlayer::TakeDamage(float)': member function does not override any base class virtual member function
D:\Unreal Engine\Network_Assignment\Network_Assignment\Source\Network_Assignment\MyPlayer.h(193): warning C4264: 'float APawn::TakeDamage(float,const FDamageEvent &,AController *,AActor *)': no override available for virtual member function from base 'APawn'; function is hidden
    D:\EpicGames\UE_4.25\Engine\Source\Runtime\Engine\Classes\GameFramework/Pawn.h(247): note: see declaration of 'APawn::TakeDamage'
    D:\EpicGames\UE_4.25\Engine\Intermediate\Build\Win64\UE4Editor\Inc\Engine\AnimInstance.generated.h(24): note: see declaration of 'APawn'
    [14/22] MyRocket.gen.cpp
    [15/22] Network_Assignment.init.gen.cpp
    [16/22] Network_Assignment.cpp
    [17/22] Network_AssignmentGameModeBase.cpp
    [18/22] Network_AssignmentGameModeBase.gen.cpp
    [19/22] MyNetDebugWidget.gen.cpp
    [20/22] UE4Editor-Network_Assignment-0001.lib
       Creating library D:\Unreal Engine\Network_Assignment\Network_Assignment\Intermediate\Build\Win64\UE4Editor\Development\Network_Assignment\UE4Editor-Network_Assignment-0001.lib and object D:\Unreal Engine\Network_Assignment\Network_Assignment\Intermediate\Build\Win64\UE4Editor\Development\Network_Assignment\UE4Editor-Network_Assignment-0001.exp
    [21/22] UE4Editor-Network_Assignment-0001.dll
       Creating library D:\Unreal Engine\Network_Assignment\Network_Assignment\Intermediate\Build\Win64\UE4Editor\Development\Network_Assignment\UE4Editor-Network_Assignment-0001.suppressed.lib and object D:\Unreal Engine\Network_Assignment\Network_Assignment\Intermediate\Build\Win64\UE4Editor\Development\Network_Assignment\UE4Editor-Network_Assignment-0001.suppressed.exp
    [22/22] Network_AssignmentEditor.target
  Total time in Parallel executor: 52,03 seconds
  Total execution time: 65,24 seconds
