Log file open, 01/25/21 13:07:12
LogInit: Display: Running engine for game: Network_Assignment
LogPlatformFile: Not using cached read wrapper
LogTaskGraph: Started task graph with 5 named threads and 14 total threads with 3 sets of task threads.
LogStats: Stats thread started at 0.588764
LogD3D11RHI: Loaded GFSDK_Aftermath_Lib.x64.dll
LogICUInternationalization: ICU TimeZone Detection - Raw Offset: +1:00, Platform Override: ''
LogPluginManager: Mounting plugin Paper2D
LogPluginManager: Mounting plugin AISupport
LogPluginManager: Mounting plugin LightPropagationVolume
LogPluginManager: Mounting plugin CameraShakePreviewer
LogPluginManager: Mounting plugin ActorLayerUtilities
LogPluginManager: Mounting plugin AnimationSharing
LogPluginManager: Mounting plugin CLionSourceCodeAccess
LogPluginManager: Mounting plugin CodeLiteSourceCodeAccess
LogPluginManager: Mounting plugin GitSourceControl
LogPluginManager: Mounting plugin KDevelopSourceCodeAccess
LogPluginManager: Mounting plugin NullSourceCodeAccess
LogPluginManager: Mounting plugin PerforceSourceControl
LogPluginManager: Mounting plugin PlasticSourceControl
LogPluginManager: Mounting plugin RiderSourceCodeAccess
LogPluginManager: Mounting plugin SubversionSourceControl
LogPluginManager: Mounting plugin UObjectPlugin
LogPluginManager: Mounting plugin VisualStudioCodeSourceCodeAccess
LogPluginManager: Mounting plugin VisualStudioSourceCodeAccess
LogPluginManager: Mounting plugin XCodeSourceCodeAccess
LogPluginManager: Mounting plugin AssetManagerEditor
LogPluginManager: Mounting plugin CryptoKeys
LogPluginManager: Mounting plugin CurveEditorTools
LogPluginManager: Mounting plugin DataValidation
LogPluginManager: Mounting plugin EditorScriptingUtilities
LogPluginManager: Mounting plugin FacialAnimation
LogPluginManager: Mounting plugin GameplayTagsEditor
LogPluginManager: Mounting plugin GeometryMode
LogPluginManager: Mounting plugin MacGraphicsSwitching
LogPluginManager: Mounting plugin MaterialAnalyzer
LogPluginManager: Mounting plugin MobileLauncherProfileWizard
LogPluginManager: Mounting plugin PluginBrowser
LogPluginManager: Mounting plugin SpeedTreeImporter
LogPluginManager: Mounting plugin DatasmithContent
LogPluginManager: Mounting plugin VariantManagerContent
LogPluginManager: Mounting plugin AlembicImporter
LogPluginManager: Mounting plugin AutomationUtils
LogPluginManager: Mounting plugin BackChannel
LogPluginManager: Mounting plugin ChaosCloth
LogPluginManager: Mounting plugin ChaosClothEditor
LogPluginManager: Mounting plugin ChaosEditor
LogPluginManager: Mounting plugin ChaosNiagara
LogPluginManager: Mounting plugin ChaosSolverPlugin
LogPluginManager: Mounting plugin CharacterAI
LogPluginManager: Mounting plugin GeometryCache
LogPluginManager: Mounting plugin GeometryCollectionPlugin
LogPluginManager: Mounting plugin GeometryProcessing
LogPluginManager: Mounting plugin PlanarCut
LogPluginManager: Mounting plugin PlatformCrypto
LogPluginManager: Mounting plugin ProxyLODPlugin
LogPluginManager: Mounting plugin SkeletalReduction
LogPluginManager: Mounting plugin Niagara
LogPluginManager: Mounting plugin MagicLeap
LogPluginManager: Mounting plugin MagicLeapLightEstimation
LogPluginManager: Mounting plugin MagicLeapMedia
LogPluginManager: Mounting plugin MagicLeapPassableWorld
LogPluginManager: Mounting plugin MLSDK
LogPluginManager: Mounting plugin AndroidMedia
LogPluginManager: Mounting plugin AvfMedia
LogPluginManager: Mounting plugin ImgMedia
LogPluginManager: Mounting plugin MediaCompositing
LogPluginManager: Mounting plugin MediaPlayerEditor
LogPluginManager: Mounting plugin WebMMedia
LogPluginManager: Mounting plugin WmfMedia
LogPluginManager: Mounting plugin MeshPainting
LogPluginManager: Mounting plugin TcpMessaging
LogPluginManager: Mounting plugin UdpMessaging
LogPluginManager: Mounting plugin ActorSequence
LogPluginManager: Mounting plugin LevelSequenceEditor
LogPluginManager: Mounting plugin MatineeToLevelSequence
LogPluginManager: Mounting plugin MovieRenderPipeline
LogPluginManager: Mounting plugin TemplateSequence
LogPluginManager: Mounting plugin NetcodeUnitTest
LogPluginManager: Mounting plugin NUTUnrealEngine4
LogPluginManager: Mounting plugin OnlineSubsystemGooglePlay
LogPluginManager: Mounting plugin OnlineSubsystemIOS
LogPluginManager: Mounting plugin OnlineSubsystem
LogPluginManager: Mounting plugin OnlineSubsystemNull
LogPluginManager: Mounting plugin OnlineSubsystemUtils
LogPluginManager: Mounting plugin LauncherChunkInstaller
LogPluginManager: Mounting plugin AndroidDeviceProfileSelector
LogPluginManager: Mounting plugin AndroidMoviePlayer
LogPluginManager: Mounting plugin AndroidPermission
LogPluginManager: Mounting plugin AppleImageUtils
LogPluginManager: Mounting plugin AppleMoviePlayer
LogPluginManager: Mounting plugin ArchVisCharacter
LogPluginManager: Mounting plugin AssetTags
LogPluginManager: Mounting plugin AudioCapture
LogPluginManager: Mounting plugin CableComponent
LogPluginManager: Mounting plugin CustomMeshComponent
LogPluginManager: Mounting plugin EditableMesh
LogPluginManager: Mounting plugin ExampleDeviceProfileSelector
LogPluginManager: Mounting plugin GoogleCloudMessaging
LogPluginManager: Mounting plugin GooglePAD
LogPluginManager: Mounting plugin IOSDeviceProfileSelector
LogPluginManager: Mounting plugin LinuxDeviceProfileSelector
LogPluginManager: Mounting plugin LocationServicesBPLibrary
LogPluginManager: Mounting plugin MobilePatchingUtils
LogPluginManager: Mounting plugin OculusVR
LogPluginManager: Mounting plugin PhysXVehicles
LogPluginManager: Mounting plugin PostSplashScreen
LogPluginManager: Mounting plugin ProceduralMeshComponent
LogPluginManager: Mounting plugin RuntimePhysXCooking
LogPluginManager: Mounting plugin SignificanceManager
LogPluginManager: Mounting plugin SoundFields
LogPluginManager: Mounting plugin SteamVR
LogPluginManager: Mounting plugin Synthesis
LogPluginManager: Mounting plugin WebMMoviePlayer
LogPluginManager: Mounting plugin WindowsMoviePlayer
LogPluginManager: Mounting plugin ScreenshotTools
LogInit: Using libcurl 7.55.1-DEV
LogInit:  - built for x86_64-pc-win32
LogInit:  - supports SSL with OpenSSL/1.1.1
LogInit:  - supports HTTP deflate (compression) using libz 1.2.8
LogInit:  - other features:
LogInit:      CURL_VERSION_SSL
LogInit:      CURL_VERSION_LIBZ
LogInit:      CURL_VERSION_IPV6
LogInit:      CURL_VERSION_ASYNCHDNS
LogInit:      CURL_VERSION_LARGEFILE
LogInit:      CURL_VERSION_IDN
LogInit:  CurlRequestOptions (configurable via config and command line):
LogInit:  - bVerifyPeer = true  - Libcurl will verify peer certificate
LogInit:  - bUseHttpProxy = false  - Libcurl will NOT use HTTP proxy
LogInit:  - bDontReuseConnections = false  - Libcurl will reuse connections
LogInit:  - MaxHostConnections = 16  - Libcurl will limit the number of connections to a host
LogInit:  - LocalHostAddr = Default
LogInit:  - BufferSize = 65536
LogOnline: OSS: Creating online subsystem instance for: NULL
LogInit: WinSock: version 1.1 (2.2), MaxSocks=32767, MaxUdp=65467
LogOnline: OSS: TryLoadSubsystemAndSetDefault: Loaded subsystem for module [NULL]
LogInit: Build: ++UE4+Release-4.25-CL-14469661
LogInit: Engine Version: 4.25.4-14469661+++UE4+Release-4.25
LogInit: Compatible Engine Version: 4.25.0-13144385+++UE4+Release-4.25
LogInit: Net CL: 13144385
LogInit: OS: Windows 10 (Release 1909) (), CPU:        Intel(R) Core(TM) i5-3570K CPU @ 3.40GHz, GPU: NVIDIA GeForce GTX 970
LogInit: Compiled (64-bit): Oct 11 2020 08:10:49
LogInit: Compiled with Visual C++: 19.24.28315.00
LogInit: Build Configuration: Development
LogInit: Branch Name: ++UE4+Release-4.25
LogInit: Command Line:  -skipcompile
LogInit: Base Directory: D:/EpicGames/UE_4.25/Engine/Binaries/Win64/
LogInit: Allocator: TBB
LogInit: Installed Engine Build: 1
LogDevObjectVersion: Number of dev versions registered: 26
LogDevObjectVersion:   Dev-Blueprints (B0D832E4-1F89-4F0D-ACCF-7EB736FD4AA2): 10
LogDevObjectVersion:   Dev-Build (E1C64328-A22C-4D53-A36C-8E866417BD8C): 0
LogDevObjectVersion:   Dev-Core (375EC13C-06E4-48FB-B500-84F0262A717E): 4
LogDevObjectVersion:   Dev-Editor (E4B068ED-F494-42E9-A231-DA0B2E46BB41): 38
LogDevObjectVersion:   Dev-Framework (CFFC743F-43B0-4480-9391-14DF171D2073): 37
LogDevObjectVersion:   Dev-Mobile (B02B49B5-BB20-44E9-A304-32B752E40360): 2
LogDevObjectVersion:   Dev-Networking (A4E4105C-59A1-49B5-A7C5-40C4547EDFEE): 0
LogDevObjectVersion:   Dev-Online (39C831C9-5AE6-47DC-9A44-9C173E1C8E7C): 0
LogDevObjectVersion:   Dev-Physics (78F01B33-EBEA-4F98-B9B4-84EACCB95AA2): 4
LogDevObjectVersion:   Dev-Platform (6631380F-2D4D-43E0-8009-CF276956A95A): 0
LogDevObjectVersion:   Dev-Rendering (12F88B9F-8875-4AFC-A67C-D90C383ABD29): 43
LogDevObjectVersion:   Dev-Sequencer (7B5AE74C-D270-4C10-A958-57980B212A5A): 12
LogDevObjectVersion:   Dev-VR (D7296918-1DD6-4BDD-9DE2-64A83CC13884): 3
LogDevObjectVersion:   Dev-LoadTimes (C2A15278-BFE7-4AFE-6C17-90FF531DF755): 1
LogDevObjectVersion:   Private-Geometry (6EACA3D4-40EC-4CC1-B786-8BED09428FC5): 3
LogDevObjectVersion:   Dev-AnimPhys (29E575DD-E0A3-4627-9D10-D276232CDCEA): 17
LogDevObjectVersion:   Dev-Anim (AF43A65D-7FD3-4947-9873-3E8ED9C1BB05): 7
LogDevObjectVersion:   Dev-ReflectionCapture (6B266CEC-1EC7-4B8F-A30B-E4D90942FC07): 1
LogDevObjectVersion:   Dev-Automation (0DF73D61-A23F-47EA-B727-89E90C41499A): 1
LogDevObjectVersion:   FortniteMain (601D1886-AC64-4F84-AA16-D3DE0DEAC7D6): 31
LogDevObjectVersion:   Dev-Enterprise (9DFFBCD6-494F-0158-E221-12823C92A888): 10
LogDevObjectVersion:   Dev-Niagara (F2AED0AC-9AFE-416F-8664-AA7FFA26D6FC): 1
LogDevObjectVersion:   Dev-Destruction (174F1F0B-B4C6-45A5-B13F-2EE8D0FB917D): 10
LogDevObjectVersion:   Dev-Physics-Ext (35F94A83-E258-406C-A318-09F59610247C): 37
LogDevObjectVersion:   Dev-PhysicsMaterial-Chaos (B68FC16E-8B1B-42E2-B453-215C058844FE): 1
LogDevObjectVersion:   Dev-CineCamera (B2E18506-4273-CFC2-A54E-F4BB758BBA07): 1
LogInit: Presizing for max 25165824 objects, including 0 objects not considered by GC, pre-allocating 0 bytes for permanent pool.
LogConfig: Applying CVar settings from Section [/Script/Engine.StreamingSettings] File [D:/Unreal Engine/Network_Assignment/Network_Assignment/Saved/Config/Windows/Engine.ini]
LogConfig: Setting CVar [[s.MinBulkDataSizeForAsyncLoading:131072]]
LogConfig: Setting CVar [[s.AsyncLoadingThreadEnabled:0]]
LogConfig: Setting CVar [[s.EventDrivenLoaderEnabled:1]]
LogConfig: Setting CVar [[s.WarnIfTimeLimitExceeded:0]]
LogConfig: Setting CVar [[s.TimeLimitExceededMultiplier:1.5]]
LogConfig: Setting CVar [[s.TimeLimitExceededMinTime:0.005]]
LogConfig: Setting CVar [[s.UseBackgroundLevelStreaming:1]]
LogConfig: Setting CVar [[s.PriorityAsyncLoadingExtraTime:15.0]]
LogConfig: Setting CVar [[s.LevelStreamingActorsUpdateTimeLimit:5.0]]
LogConfig: Setting CVar [[s.PriorityLevelStreamingActorsUpdateExtraTime:5.0]]
LogConfig: Setting CVar [[s.LevelStreamingComponentsRegistrationGranularity:10]]
LogConfig: Setting CVar [[s.UnregisterComponentsTimeLimit:1.0]]
LogConfig: Setting CVar [[s.LevelStreamingComponentsUnregistrationGranularity:5]]
LogConfig: Setting CVar [[s.FlushStreamingOnExit:1]]
LogInit: Object subsystem initialized
LogConfig: Setting CVar [[con.DebugEarlyDefault:1]]
LogConfig: Setting CVar [[r.setres:1280x720]]
[2021.01.25-12.07.13:657][  0]LogConfig: Setting CVar [[r.VSync:0]]
[2021.01.25-12.07.13:657][  0]LogConfig: Setting CVar [[r.RHICmdBypass:0]]
[2021.01.25-12.07.13:657][  0]LogConfig: Applying CVar settings from Section [/Script/Engine.RendererSettings] File [D:/Unreal Engine/Network_Assignment/Network_Assignment/Saved/Config/Windows/Engine.ini]
[2021.01.25-12.07.13:658][  0]LogConfig: Setting CVar [[r.GPUCrashDebugging:0]]
[2021.01.25-12.07.13:658][  0]LogConfig: Applying CVar settings from Section [/Script/Engine.RendererOverrideSettings] File [D:/Unreal Engine/Network_Assignment/Network_Assignment/Saved/Config/Windows/Engine.ini]
[2021.01.25-12.07.13:658][  0]LogConfig: Applying CVar settings from Section [/Script/Engine.StreamingSettings] File [D:/Unreal Engine/Network_Assignment/Network_Assignment/Saved/Config/Windows/Engine.ini]
[2021.01.25-12.07.13:658][  0]LogConfig: Setting CVar [[s.MinBulkDataSizeForAsyncLoading:131072]]
[2021.01.25-12.07.13:658][  0]LogConfig: Setting CVar [[s.AsyncLoadingThreadEnabled:0]]
[2021.01.25-12.07.13:658][  0]LogConfig: Setting CVar [[s.EventDrivenLoaderEnabled:1]]
[2021.01.25-12.07.13:658][  0]LogConfig: Setting CVar [[s.WarnIfTimeLimitExceeded:0]]
[2021.01.25-12.07.13:658][  0]LogConfig: Setting CVar [[s.TimeLimitExceededMultiplier:1.5]]
[2021.01.25-12.07.13:658][  0]LogConfig: Setting CVar [[s.TimeLimitExceededMinTime:0.005]]
[2021.01.25-12.07.13:658][  0]LogConfig: Setting CVar [[s.UseBackgroundLevelStreaming:1]]
[2021.01.25-12.07.13:658][  0]LogConfig: Setting CVar [[s.PriorityAsyncLoadingExtraTime:15.0]]
[2021.01.25-12.07.13:658][  0]LogConfig: Setting CVar [[s.LevelStreamingActorsUpdateTimeLimit:5.0]]
[2021.01.25-12.07.13:658][  0]LogConfig: Setting CVar [[s.PriorityLevelStreamingActorsUpdateExtraTime:5.0]]
[2021.01.25-12.07.13:658][  0]LogConfig: Setting CVar [[s.LevelStreamingComponentsRegistrationGranularity:10]]
[2021.01.25-12.07.13:658][  0]LogConfig: Setting CVar [[s.UnregisterComponentsTimeLimit:1.0]]
[2021.01.25-12.07.13:658][  0]LogConfig: Setting CVar [[s.LevelStreamingComponentsUnregistrationGranularity:5]]
[2021.01.25-12.07.13:658][  0]LogConfig: Setting CVar [[s.FlushStreamingOnExit:1]]
[2021.01.25-12.07.13:658][  0]LogConfig: Applying CVar settings from Section [/Script/Engine.GarbageCollectionSettings] File [D:/Unreal Engine/Network_Assignment/Network_Assignment/Saved/Config/Windows/Engine.ini]
[2021.01.25-12.07.13:658][  0]LogConfig: Setting CVar [[gc.MaxObjectsNotConsideredByGC:1]]
[2021.01.25-12.07.13:658][  0]LogConfig: Setting CVar [[gc.SizeOfPermanentObjectPool:0]]
[2021.01.25-12.07.13:658][  0]LogConfig: Setting CVar [[gc.FlushStreamingOnGC:0]]
[2021.01.25-12.07.13:659][  0]LogConfig: Setting CVar [[gc.NumRetriesBeforeForcingGC:10]]
[2021.01.25-12.07.13:659][  0]LogConfig: Setting CVar [[gc.AllowParallelGC:1]]
[2021.01.25-12.07.13:659][  0]LogConfig: Setting CVar [[gc.TimeBetweenPurgingPendingKillObjects:61.1]]
[2021.01.25-12.07.13:659][  0]LogConfig: Setting CVar [[gc.MaxObjectsInEditor:25165824]]
[2021.01.25-12.07.13:659][  0]LogConfig: Setting CVar [[gc.IncrementalBeginDestroyEnabled:1]]
[2021.01.25-12.07.13:659][  0]LogConfig: Setting CVar [[gc.CreateGCClusters:1]]
[2021.01.25-12.07.13:659][  0]LogConfig: Setting CVar [[gc.MinGCClusterSize:5]]
[2021.01.25-12.07.13:659][  0]LogConfig: Setting CVar [[gc.ActorClusteringEnabled:0]]
[2021.01.25-12.07.13:659][  0]LogConfig: Setting CVar [[gc.BlueprintClusteringEnabled:0]]
[2021.01.25-12.07.13:659][  0]LogConfig: Setting CVar [[gc.UseDisregardForGCOnDedicatedServers:0]]
[2021.01.25-12.07.13:659][  0]LogConfig: Applying CVar settings from Section [/Script/Engine.NetworkSettings] File [D:/Unreal Engine/Network_Assignment/Network_Assignment/Saved/Config/Windows/Engine.ini]
[2021.01.25-12.07.13:659][  0]LogConfig: Applying CVar settings from Section [/Script/UnrealEd.CookerSettings] File [D:/Unreal Engine/Network_Assignment/Network_Assignment/Saved/Config/Windows/Engine.ini]
[2021.01.25-12.07.13:673][  0]LogConfig: Applying CVar settings from Section [ViewDistanceQuality@3] File [D:/Unreal Engine/Network_Assignment/Network_Assignment/Saved/Config/Windows/Scalability.ini]
[2021.01.25-12.07.13:673][  0]LogConfig: Setting CVar [[r.SkeletalMeshLODBias:0]]
[2021.01.25-12.07.13:673][  0]LogConfig: Setting CVar [[r.ViewDistanceScale:1.0]]
[2021.01.25-12.07.13:673][  0]LogConfig: Applying CVar settings from Section [AntiAliasingQuality@3] File [D:/Unreal Engine/Network_Assignment/Network_Assignment/Saved/Config/Windows/Scalability.ini]
[2021.01.25-12.07.13:673][  0]LogConfig: Setting CVar [[r.PostProcessAAQuality:4]]
[2021.01.25-12.07.13:673][  0]LogConfig: Applying CVar settings from Section [ShadowQuality@3] File [D:/Unreal Engine/Network_Assignment/Network_Assignment/Saved/Config/Windows/Scalability.ini]
[2021.01.25-12.07.13:673][  0]LogConfig: Setting CVar [[r.LightFunctionQuality:1]]
[2021.01.25-12.07.13:673][  0]LogConfig: Setting CVar [[r.ShadowQuality:5]]
[2021.01.25-12.07.13:673][  0]LogConfig: Setting CVar [[r.Shadow.CSM.MaxCascades:10]]
[2021.01.25-12.07.13:673][  0]LogConfig: Setting CVar [[r.Shadow.MaxResolution:2048]]
[2021.01.25-12.07.13:673][  0]LogConfig: Setting CVar [[r.Shadow.MaxCSMResolution:2048]]
[2021.01.25-12.07.13:673][  0]LogConfig: Setting CVar [[r.Shadow.RadiusThreshold:0.01]]
[2021.01.25-12.07.13:674][  0]LogConfig: Setting CVar [[r.Shadow.DistanceScale:1.0]]
[2021.01.25-12.07.13:674][  0]LogConfig: Setting CVar [[r.Shadow.CSM.TransitionScale:1.0]]
[2021.01.25-12.07.13:674][  0]LogConfig: Setting CVar [[r.Shadow.PreShadowResolutionFactor:1.0]]
[2021.01.25-12.07.13:674][  0]LogConfig: Setting CVar [[r.DistanceFieldShadowing:1]]
[2021.01.25-12.07.13:674][  0]LogConfig: Setting CVar [[r.DistanceFieldAO:1]]
[2021.01.25-12.07.13:674][  0]LogConfig: Setting CVar [[r.AOQuality:2]]
[2021.01.25-12.07.13:674][  0]LogConfig: Setting CVar [[r.VolumetricFog:1]]
[2021.01.25-12.07.13:674][  0]LogConfig: Setting CVar [[r.VolumetricFog.GridPixelSize:8]]
[2021.01.25-12.07.13:674][  0]LogConfig: Setting CVar [[r.VolumetricFog.GridSizeZ:128]]
[2021.01.25-12.07.13:674][  0]LogConfig: Setting CVar [[r.VolumetricFog.HistoryMissSupersampleCount:4]]
[2021.01.25-12.07.13:674][  0]LogConfig: Setting CVar [[r.LightMaxDrawDistanceScale:1]]
[2021.01.25-12.07.13:674][  0]LogConfig: Setting CVar [[r.CapsuleShadows:1]]
[2021.01.25-12.07.13:674][  0]LogConfig: Applying CVar settings from Section [PostProcessQuality@3] File [D:/Unreal Engine/Network_Assignment/Network_Assignment/Saved/Config/Windows/Scalability.ini]
[2021.01.25-12.07.13:674][  0]LogConfig: Setting CVar [[r.MotionBlurQuality:4]]
[2021.01.25-12.07.13:674][  0]LogConfig: Setting CVar [[r.AmbientOcclusionMipLevelFactor:0.4]]
[2021.01.25-12.07.13:674][  0]LogConfig: Setting CVar [[r.AmbientOcclusionMaxQuality:100]]
[2021.01.25-12.07.13:674][  0]LogConfig: Setting CVar [[r.AmbientOcclusionLevels:-1]]
[2021.01.25-12.07.13:675][  0]LogConfig: Setting CVar [[r.AmbientOcclusionRadiusScale:1.0]]
[2021.01.25-12.07.13:675][  0]LogConfig: Setting CVar [[r.DepthOfFieldQuality:2]]
[2021.01.25-12.07.13:675][  0]LogConfig: Setting CVar [[r.RenderTargetPoolMin:400]]
[2021.01.25-12.07.13:675][  0]LogConfig: Setting CVar [[r.LensFlareQuality:2]]
[2021.01.25-12.07.13:675][  0]LogConfig: Setting CVar [[r.SceneColorFringeQuality:1]]
[2021.01.25-12.07.13:675][  0]LogConfig: Setting CVar [[r.EyeAdaptationQuality:2]]
[2021.01.25-12.07.13:675][  0]LogConfig: Setting CVar [[r.BloomQuality:5]]
[2021.01.25-12.07.13:675][  0]LogConfig: Setting CVar [[r.FastBlurThreshold:100]]
[2021.01.25-12.07.13:675][  0]LogConfig: Setting CVar [[r.Upscale.Quality:3]]
[2021.01.25-12.07.13:675][  0]LogConfig: Setting CVar [[r.Tonemapper.GrainQuantization:1]]
[2021.01.25-12.07.13:675][  0]LogConfig: Setting CVar [[r.LightShaftQuality:1]]
[2021.01.25-12.07.13:675][  0]LogConfig: Setting CVar [[r.Filter.SizeScale:1]]
[2021.01.25-12.07.13:675][  0]LogConfig: Setting CVar [[r.Tonemapper.Quality:5]]
[2021.01.25-12.07.13:675][  0]LogConfig: Setting CVar [[r.DOF.Gather.AccumulatorQuality:1        ; higher gathering accumulator quality]]
[2021.01.25-12.07.13:675][  0]LogConfig: Setting CVar [[r.DOF.Gather.PostfilterMethod:1          ; Median3x3 postfilering method]]
[2021.01.25-12.07.13:675][  0]LogConfig: Setting CVar [[r.DOF.Gather.EnableBokehSettings:0       ; no bokeh simulation when gathering]]
[2021.01.25-12.07.13:675][  0]LogConfig: Setting CVar [[r.DOF.Gather.RingCount:4                 ; medium number of samples when gathering]]
[2021.01.25-12.07.13:675][  0]LogConfig: Setting CVar [[r.DOF.Scatter.ForegroundCompositing:1    ; additive foreground scattering]]
[2021.01.25-12.07.13:675][  0]LogConfig: Setting CVar [[r.DOF.Scatter.BackgroundCompositing:2    ; additive background scattering]]
[2021.01.25-12.07.13:675][  0]LogConfig: Setting CVar [[r.DOF.Scatter.EnableBokehSettings:1      ; bokeh simulation when scattering]]
[2021.01.25-12.07.13:675][  0]LogConfig: Setting CVar [[r.DOF.Scatter.MaxSpriteRatio:0.1         ; only a maximum of 10% of scattered bokeh]]
[2021.01.25-12.07.13:676][  0]LogConfig: Setting CVar [[r.DOF.Recombine.Quality:1                ; cheap slight out of focus]]
[2021.01.25-12.07.13:676][  0]LogConfig: Setting CVar [[r.DOF.Recombine.EnableBokehSettings:0    ; no bokeh simulation on slight out of focus]]
[2021.01.25-12.07.13:676][  0]LogConfig: Setting CVar [[r.DOF.TemporalAAQuality:1                ; more stable temporal accumulation]]
[2021.01.25-12.07.13:676][  0]LogConfig: Setting CVar [[r.DOF.Kernel.MaxForegroundRadius:0.025]]
[2021.01.25-12.07.13:676][  0]LogConfig: Setting CVar [[r.DOF.Kernel.MaxBackgroundRadius:0.025]]
[2021.01.25-12.07.13:676][  0]LogConfig: Applying CVar settings from Section [TextureQuality@3] File [D:/Unreal Engine/Network_Assignment/Network_Assignment/Saved/Config/Windows/Scalability.ini]
[2021.01.25-12.07.13:676][  0]LogConfig: Setting CVar [[r.Streaming.MipBias:0]]
[2021.01.25-12.07.13:676][  0]LogConfig: Setting CVar [[r.Streaming.AmortizeCPUToGPUCopy:0]]
[2021.01.25-12.07.13:676][  0]LogConfig: Setting CVar [[r.Streaming.MaxNumTexturesToStreamPerFrame:0]]
[2021.01.25-12.07.13:676][  0]LogConfig: Setting CVar [[r.Streaming.Boost:1]]
[2021.01.25-12.07.13:676][  0]LogConfig: Setting CVar [[r.MaxAnisotropy:8]]
[2021.01.25-12.07.13:676][  0]LogConfig: Setting CVar [[r.VT.MaxAnisotropy:8]]
[2021.01.25-12.07.13:676][  0]LogConfig: Setting CVar [[r.Streaming.LimitPoolSizeToVRAM:0]]
[2021.01.25-12.07.13:676][  0]LogConfig: Setting CVar [[r.Streaming.PoolSize:1000]]
[2021.01.25-12.07.13:676][  0]LogConfig: Setting CVar [[r.Streaming.MaxEffectiveScreenSize:0]]
[2021.01.25-12.07.13:676][  0]LogConfig: Applying CVar settings from Section [EffectsQuality@3] File [D:/Unreal Engine/Network_Assignment/Network_Assignment/Saved/Config/Windows/Scalability.ini]
[2021.01.25-12.07.13:676][  0]LogConfig: Setting CVar [[r.TranslucencyLightingVolumeDim:64]]
[2021.01.25-12.07.13:676][  0]LogConfig: Setting CVar [[r.RefractionQuality:2]]
[2021.01.25-12.07.13:676][  0]LogConfig: Setting CVar [[r.SSR.Quality:3]]
[2021.01.25-12.07.13:676][  0]LogConfig: Setting CVar [[r.SSR.HalfResSceneColor:0]]
[2021.01.25-12.07.13:676][  0]LogConfig: Setting CVar [[r.SceneColorFormat:4]]
[2021.01.25-12.07.13:676][  0]LogConfig: Setting CVar [[r.DetailMode:2]]
[2021.01.25-12.07.13:676][  0]LogConfig: Setting CVar [[r.TranslucencyVolumeBlur:1]]
[2021.01.25-12.07.13:676][  0]LogConfig: Setting CVar [[r.MaterialQualityLevel:1 ; High quality]]
[2021.01.25-12.07.13:676][  0]LogConfig: Setting CVar [[r.SSS.Scale:1]]
[2021.01.25-12.07.13:677][  0]LogConfig: Setting CVar [[r.SSS.SampleSet:2]]
[2021.01.25-12.07.13:677][  0]LogConfig: Setting CVar [[r.SSS.Quality:1]]
[2021.01.25-12.07.13:677][  0]LogConfig: Setting CVar [[r.SSS.HalfRes:0]]
[2021.01.25-12.07.13:677][  0]LogConfig: Setting CVar [[r.SSGI.Quality:3]]
[2021.01.25-12.07.13:677][  0]LogConfig: Setting CVar [[r.EmitterSpawnRateScale:1.0]]
[2021.01.25-12.07.13:677][  0]LogConfig: Setting CVar [[r.ParticleLightQuality:2]]
[2021.01.25-12.07.13:677][  0]LogConfig: Setting CVar [[r.SkyAtmosphere.AerialPerspectiveLUT.FastApplyOnOpaque:1 ; Always have FastSkyLUT 1 in this case to avoid wrong sky]]
[2021.01.25-12.07.13:677][  0]LogConfig: Setting CVar [[r.SkyAtmosphere.AerialPerspectiveLUT.SampleCountPerSlice:1]]
[2021.01.25-12.07.13:677][  0]LogConfig: Setting CVar [[r.SkyAtmosphere.AerialPerspectiveLUT.DepthResolution:16.0]]
[2021.01.25-12.07.13:677][  0]LogConfig: Setting CVar [[r.SkyAtmosphere.FastSkyLUT:1]]
[2021.01.25-12.07.13:677][  0]LogConfig: Setting CVar [[r.SkyAtmosphere.FastSkyLUT.SampleCountMin:4.0]]
[2021.01.25-12.07.13:677][  0]LogConfig: Setting CVar [[r.SkyAtmosphere.FastSkyLUT.SampleCountMax:32.0]]
[2021.01.25-12.07.13:677][  0]LogConfig: Setting CVar [[r.SkyAtmosphere.SampleCountMin:4.0]]
[2021.01.25-12.07.13:677][  0]LogConfig: Setting CVar [[r.SkyAtmosphere.SampleCountMax:32.0]]
[2021.01.25-12.07.13:677][  0]LogConfig: Setting CVar [[r.SkyAtmosphere.TransmittanceLUT.UseSmallFormat:0]]
[2021.01.25-12.07.13:677][  0]LogConfig: Setting CVar [[r.SkyAtmosphere.TransmittanceLUT.SampleCount:10.0]]
[2021.01.25-12.07.13:677][  0]LogConfig: Setting CVar [[r.SkyAtmosphere.MultiScatteringLUT.SampleCount:15.0]]
[2021.01.25-12.07.13:677][  0]LogConfig: Applying CVar settings from Section [FoliageQuality@3] File [D:/Unreal Engine/Network_Assignment/Network_Assignment/Saved/Config/Windows/Scalability.ini]
[2021.01.25-12.07.13:677][  0]LogConfig: Setting CVar [[foliage.DensityScale:1.0]]
[2021.01.25-12.07.13:677][  0]LogConfig: Setting CVar [[grass.DensityScale:1.0]]
[2021.01.25-12.07.13:678][  0]LogConfig: Applying CVar settings from Section [ShadingQuality@3] File [D:/Unreal Engine/Network_Assignment/Network_Assignment/Saved/Config/Windows/Scalability.ini]
[2021.01.25-12.07.13:678][  0]LogConfig: Setting CVar [[r.HairStrands.SkyLighting.SampleCount:16]]
[2021.01.25-12.07.13:678][  0]LogConfig: Setting CVar [[r.HairStrands.SkyLighting.JitterIntegration:0]]
[2021.01.25-12.07.13:678][  0]LogConfig: Setting CVar [[r.HairStrands.SkyAO.SampleCount:16]]
[2021.01.25-12.07.13:678][  0]LogConfig: Setting CVar [[r.HairStrands.DeepShadow.SuperSampling:0]]
[2021.01.25-12.07.13:678][  0]LogConfig: Setting CVar [[r.HairStrands.VisibilityPPLL:0]]
[2021.01.25-12.07.13:678][  0]LogConfig: Setting CVar [[r.HairStrands.RasterizationScale:0.5]]
[2021.01.25-12.07.13:678][  0]LogConfig: Setting CVar [[r.HairStrands.VelocityRasterizationScale:1]]
[2021.01.25-12.07.13:678][  0]LogInit: Selected Device Profile: [Windows]
[2021.01.25-12.07.13:678][  0]LogInit: Applying CVar settings loaded from the selected device profile: [Windows]
[2021.01.25-12.07.13:678][  0]LogHAL: Display: Platform has ~ 16 GB [17109352448 / 17179869184 / 16], which maps to Larger [LargestMinGB=32, LargerMinGB=12, DefaultMinGB=8, SmallerMinGB=6, SmallestMinGB=0)
[2021.01.25-12.07.13:678][  0]LogInit: Going up to parent DeviceProfile []
[2021.01.25-12.07.13:678][  0]LogConfig: Applying CVar settings from Section [ViewDistanceQuality@3] File [D:/Unreal Engine/Network_Assignment/Network_Assignment/Saved/Config/Windows/Scalability.ini]
[2021.01.25-12.07.13:678][  0]LogConfig: Setting CVar [[r.SkeletalMeshLODBias:0]]
[2021.01.25-12.07.13:679][  0]LogConfig: Setting CVar [[r.ViewDistanceScale:1.0]]
[2021.01.25-12.07.13:679][  0]LogConfig: Applying CVar settings from Section [AntiAliasingQuality@3] File [D:/Unreal Engine/Network_Assignment/Network_Assignment/Saved/Config/Windows/Scalability.ini]
[2021.01.25-12.07.13:679][  0]LogConfig: Setting CVar [[r.PostProcessAAQuality:4]]
[2021.01.25-12.07.13:679][  0]LogConfig: Applying CVar settings from Section [ShadowQuality@3] File [D:/Unreal Engine/Network_Assignment/Network_Assignment/Saved/Config/Windows/Scalability.ini]
[2021.01.25-12.07.13:679][  0]LogConfig: Setting CVar [[r.LightFunctionQuality:1]]
[2021.01.25-12.07.13:679][  0]LogConfig: Setting CVar [[r.ShadowQuality:5]]
[2021.01.25-12.07.13:679][  0]LogConfig: Setting CVar [[r.Shadow.CSM.MaxCascades:10]]
[2021.01.25-12.07.13:679][  0]LogConfig: Setting CVar [[r.Shadow.MaxResolution:2048]]
[2021.01.25-12.07.13:679][  0]LogConfig: Setting CVar [[r.Shadow.MaxCSMResolution:2048]]
[2021.01.25-12.07.13:679][  0]LogConfig: Setting CVar [[r.Shadow.RadiusThreshold:0.01]]
[2021.01.25-12.07.13:679][  0]LogConfig: Setting CVar [[r.Shadow.DistanceScale:1.0]]
[2021.01.25-12.07.13:679][  0]LogConfig: Setting CVar [[r.Shadow.CSM.TransitionScale:1.0]]
[2021.01.25-12.07.13:679][  0]LogConfig: Setting CVar [[r.Shadow.PreShadowResolutionFactor:1.0]]
[2021.01.25-12.07.13:679][  0]LogConfig: Setting CVar [[r.DistanceFieldShadowing:1]]
[2021.01.25-12.07.13:680][  0]LogConfig: Setting CVar [[r.DistanceFieldAO:1]]
[2021.01.25-12.07.13:680][  0]LogConfig: Setting CVar [[r.AOQuality:2]]
[2021.01.25-12.07.13:680][  0]LogConfig: Setting CVar [[r.VolumetricFog:1]]
[2021.01.25-12.07.13:680][  0]LogConfig: Setting CVar [[r.VolumetricFog.GridPixelSize:8]]
[2021.01.25-12.07.13:680][  0]LogConfig: Setting CVar [[r.VolumetricFog.GridSizeZ:128]]
[2021.01.25-12.07.13:680][  0]LogConfig: Setting CVar [[r.VolumetricFog.HistoryMissSupersampleCount:4]]
[2021.01.25-12.07.13:680][  0]LogConfig: Setting CVar [[r.LightMaxDrawDistanceScale:1]]
[2021.01.25-12.07.13:680][  0]LogConfig: Setting CVar [[r.CapsuleShadows:1]]
[2021.01.25-12.07.13:680][  0]LogConfig: Applying CVar settings from Section [PostProcessQuality@3] File [D:/Unreal Engine/Network_Assignment/Network_Assignment/Saved/Config/Windows/Scalability.ini]
[2021.01.25-12.07.13:680][  0]LogConfig: Setting CVar [[r.MotionBlurQuality:4]]
[2021.01.25-12.07.13:680][  0]LogConfig: Setting CVar [[r.AmbientOcclusionMipLevelFactor:0.4]]
[2021.01.25-12.07.13:680][  0]LogConfig: Setting CVar [[r.AmbientOcclusionMaxQuality:100]]
[2021.01.25-12.07.13:680][  0]LogConfig: Setting CVar [[r.AmbientOcclusionLevels:-1]]
[2021.01.25-12.07.13:680][  0]LogConfig: Setting CVar [[r.AmbientOcclusionRadiusScale:1.0]]
[2021.01.25-12.07.13:680][  0]LogConfig: Setting CVar [[r.DepthOfFieldQuality:2]]
[2021.01.25-12.07.13:680][  0]LogConfig: Setting CVar [[r.RenderTargetPoolMin:400]]
[2021.01.25-12.07.13:680][  0]LogConfig: Setting CVar [[r.LensFlareQuality:2]]
[2021.01.25-12.07.13:680][  0]LogConfig: Setting CVar [[r.SceneColorFringeQuality:1]]
[2021.01.25-12.07.13:680][  0]LogConfig: Setting CVar [[r.EyeAdaptationQuality:2]]
[2021.01.25-12.07.13:681][  0]LogConfig: Setting CVar [[r.BloomQuality:5]]
[2021.01.25-12.07.13:681][  0]LogConfig: Setting CVar [[r.FastBlurThreshold:100]]
[2021.01.25-12.07.13:681][  0]LogConfig: Setting CVar [[r.Upscale.Quality:3]]
[2021.01.25-12.07.13:681][  0]LogConfig: Setting CVar [[r.Tonemapper.GrainQuantization:1]]
[2021.01.25-12.07.13:681][  0]LogConfig: Setting CVar [[r.LightShaftQuality:1]]
[2021.01.25-12.07.13:681][  0]LogConfig: Setting CVar [[r.Filter.SizeScale:1]]
[2021.01.25-12.07.13:681][  0]LogConfig: Setting CVar [[r.Tonemapper.Quality:5]]
[2021.01.25-12.07.13:681][  0]LogConfig: Setting CVar [[r.DOF.Gather.AccumulatorQuality:1        ; higher gathering accumulator quality]]
[2021.01.25-12.07.13:681][  0]LogConfig: Setting CVar [[r.DOF.Gather.PostfilterMethod:1          ; Median3x3 postfilering method]]
[2021.01.25-12.07.13:681][  0]LogConfig: Setting CVar [[r.DOF.Gather.EnableBokehSettings:0       ; no bokeh simulation when gathering]]
[2021.01.25-12.07.13:681][  0]LogConfig: Setting CVar [[r.DOF.Gather.RingCount:4                 ; medium number of samples when gathering]]
[2021.01.25-12.07.13:681][  0]LogConfig: Setting CVar [[r.DOF.Scatter.ForegroundCompositing:1    ; additive foreground scattering]]
[2021.01.25-12.07.13:681][  0]LogConfig: Setting CVar [[r.DOF.Scatter.BackgroundCompositing:2    ; additive background scattering]]
[2021.01.25-12.07.13:681][  0]LogConfig: Setting CVar [[r.DOF.Scatter.EnableBokehSettings:1      ; bokeh simulation when scattering]]
[2021.01.25-12.07.13:681][  0]LogConfig: Setting CVar [[r.DOF.Scatter.MaxSpriteRatio:0.1         ; only a maximum of 10% of scattered bokeh]]
[2021.01.25-12.07.13:681][  0]LogConfig: Setting CVar [[r.DOF.Recombine.Quality:1                ; cheap slight out of focus]]
[2021.01.25-12.07.13:681][  0]LogConfig: Setting CVar [[r.DOF.Recombine.EnableBokehSettings:0    ; no bokeh simulation on slight out of focus]]
[2021.01.25-12.07.13:681][  0]LogConfig: Setting CVar [[r.DOF.TemporalAAQuality:1                ; more stable temporal accumulation]]
[2021.01.25-12.07.13:681][  0]LogConfig: Setting CVar [[r.DOF.Kernel.MaxForegroundRadius:0.025]]
[2021.01.25-12.07.13:682][  0]LogConfig: Setting CVar [[r.DOF.Kernel.MaxBackgroundRadius:0.025]]
[2021.01.25-12.07.13:682][  0]LogConfig: Applying CVar settings from Section [TextureQuality@3] File [D:/Unreal Engine/Network_Assignment/Network_Assignment/Saved/Config/Windows/Scalability.ini]
[2021.01.25-12.07.13:682][  0]LogConfig: Setting CVar [[r.Streaming.MipBias:0]]
[2021.01.25-12.07.13:682][  0]LogConfig: Setting CVar [[r.Streaming.AmortizeCPUToGPUCopy:0]]
[2021.01.25-12.07.13:682][  0]LogConfig: Setting CVar [[r.Streaming.MaxNumTexturesToStreamPerFrame:0]]
[2021.01.25-12.07.13:682][  0]LogConfig: Setting CVar [[r.Streaming.Boost:1]]
[2021.01.25-12.07.13:682][  0]LogConfig: Setting CVar [[r.MaxAnisotropy:8]]
[2021.01.25-12.07.13:682][  0]LogConfig: Setting CVar [[r.VT.MaxAnisotropy:8]]
[2021.01.25-12.07.13:682][  0]LogConfig: Setting CVar [[r.Streaming.LimitPoolSizeToVRAM:0]]
[2021.01.25-12.07.13:682][  0]LogConfig: Setting CVar [[r.Streaming.PoolSize:1000]]
[2021.01.25-12.07.13:682][  0]LogConfig: Setting CVar [[r.Streaming.MaxEffectiveScreenSize:0]]
[2021.01.25-12.07.13:682][  0]LogConfig: Applying CVar settings from Section [EffectsQuality@3] File [D:/Unreal Engine/Network_Assignment/Network_Assignment/Saved/Config/Windows/Scalability.ini]
[2021.01.25-12.07.13:682][  0]LogConfig: Setting CVar [[r.TranslucencyLightingVolumeDim:64]]
[2021.01.25-12.07.13:682][  0]LogConfig: Setting CVar [[r.RefractionQuality:2]]
[2021.01.25-12.07.13:682][  0]LogConfig: Setting CVar [[r.SSR.Quality:3]]
[2021.01.25-12.07.13:682][  0]LogConfig: Setting CVar [[r.SSR.HalfResSceneColor:0]]
[2021.01.25-12.07.13:682][  0]LogConfig: Setting CVar [[r.SceneColorFormat:4]]
[2021.01.25-12.07.13:683][  0]LogConfig: Setting CVar [[r.DetailMode:2]]
[2021.01.25-12.07.13:683][  0]LogConfig: Setting CVar [[r.TranslucencyVolumeBlur:1]]
[2021.01.25-12.07.13:683][  0]LogConfig: Setting CVar [[r.MaterialQualityLevel:1 ; High quality]]
[2021.01.25-12.07.13:683][  0]LogConfig: Setting CVar [[r.SSS.Scale:1]]
[2021.01.25-12.07.13:683][  0]LogConfig: Setting CVar [[r.SSS.SampleSet:2]]
[2021.01.25-12.07.13:683][  0]LogConfig: Setting CVar [[r.SSS.Quality:1]]
[2021.01.25-12.07.13:683][  0]LogConfig: Setting CVar [[r.SSS.HalfRes:0]]
[2021.01.25-12.07.13:683][  0]LogConfig: Setting CVar [[r.SSGI.Quality:3]]
[2021.01.25-12.07.13:683][  0]LogConfig: Setting CVar [[r.EmitterSpawnRateScale:1.0]]
[2021.01.25-12.07.13:683][  0]LogConfig: Setting CVar [[r.ParticleLightQuality:2]]
[2021.01.25-12.07.13:683][  0]LogConfig: Setting CVar [[r.SkyAtmosphere.AerialPerspectiveLUT.FastApplyOnOpaque:1 ; Always have FastSkyLUT 1 in this case to avoid wrong sky]]
[2021.01.25-12.07.13:683][  0]LogConfig: Setting CVar [[r.SkyAtmosphere.AerialPerspectiveLUT.SampleCountPerSlice:1]]
[2021.01.25-12.07.13:683][  0]LogConfig: Setting CVar [[r.SkyAtmosphere.AerialPerspectiveLUT.DepthResolution:16.0]]
[2021.01.25-12.07.13:684][  0]LogConfig: Setting CVar [[r.SkyAtmosphere.FastSkyLUT:1]]
[2021.01.25-12.07.13:684][  0]LogConfig: Setting CVar [[r.SkyAtmosphere.FastSkyLUT.SampleCountMin:4.0]]
[2021.01.25-12.07.13:684][  0]LogConfig: Setting CVar [[r.SkyAtmosphere.FastSkyLUT.SampleCountMax:32.0]]
[2021.01.25-12.07.13:684][  0]LogConfig: Setting CVar [[r.SkyAtmosphere.SampleCountMin:4.0]]
[2021.01.25-12.07.13:684][  0]LogConfig: Setting CVar [[r.SkyAtmosphere.SampleCountMax:32.0]]
[2021.01.25-12.07.13:684][  0]LogConfig: Setting CVar [[r.SkyAtmosphere.TransmittanceLUT.UseSmallFormat:0]]
[2021.01.25-12.07.13:684][  0]LogConfig: Setting CVar [[r.SkyAtmosphere.TransmittanceLUT.SampleCount:10.0]]
[2021.01.25-12.07.13:684][  0]LogConfig: Setting CVar [[r.SkyAtmosphere.MultiScatteringLUT.SampleCount:15.0]]
[2021.01.25-12.07.13:684][  0]LogConfig: Applying CVar settings from Section [FoliageQuality@3] File [D:/Unreal Engine/Network_Assignment/Network_Assignment/Saved/Config/Windows/Scalability.ini]
[2021.01.25-12.07.13:684][  0]LogConfig: Setting CVar [[foliage.DensityScale:1.0]]
[2021.01.25-12.07.13:684][  0]LogConfig: Setting CVar [[grass.DensityScale:1.0]]
[2021.01.25-12.07.13:684][  0]LogConfig: Applying CVar settings from Section [ShadingQuality@3] File [D:/Unreal Engine/Network_Assignment/Network_Assignment/Saved/Config/Windows/Scalability.ini]
[2021.01.25-12.07.13:684][  0]LogConfig: Setting CVar [[r.HairStrands.SkyLighting.SampleCount:16]]
[2021.01.25-12.07.13:684][  0]LogConfig: Setting CVar [[r.HairStrands.SkyLighting.JitterIntegration:0]]
[2021.01.25-12.07.13:684][  0]LogConfig: Setting CVar [[r.HairStrands.SkyAO.SampleCount:16]]
[2021.01.25-12.07.13:684][  0]LogConfig: Setting CVar [[r.HairStrands.DeepShadow.SuperSampling:0]]
[2021.01.25-12.07.13:685][  0]LogConfig: Setting CVar [[r.HairStrands.VisibilityPPLL:0]]
[2021.01.25-12.07.13:685][  0]LogConfig: Setting CVar [[r.HairStrands.RasterizationScale:0.5]]
[2021.01.25-12.07.13:685][  0]LogConfig: Setting CVar [[r.HairStrands.VelocityRasterizationScale:1]]
[2021.01.25-12.07.13:685][  0]LogConfig: Applying CVar settings from Section [Startup] File [../../../Engine/Config/ConsoleVariables.ini]
[2021.01.25-12.07.13:685][  0]LogConfig: Setting CVar [[net.UseAdaptiveNetUpdateFrequency:0]]
[2021.01.25-12.07.13:685][  0]LogConfig: Setting CVar [[p.chaos.AllowCreatePhysxBodies:1]]
[2021.01.25-12.07.13:685][  0]LogConfig: Setting CVar [[fx.SkipVectorVMBackendOptimizations:1]]
[2021.01.25-12.07.13:685][  0]LogConfig: Applying CVar settings from Section [ConsoleVariables] File [D:/Unreal Engine/Network_Assignment/Network_Assignment/Saved/Config/Windows/Engine.ini]
[2021.01.25-12.07.13:686][  0]LogInit: Computer: LEON-DATOR
[2021.01.25-12.07.13:686][  0]LogInit: User: Leon
[2021.01.25-12.07.13:686][  0]LogInit: CPU Page size=4096, Cores=4
[2021.01.25-12.07.13:686][  0]LogInit: High frequency timer resolution =10.000000 MHz
[2021.01.25-12.07.13:686][  0]LogMemory: Memory total: Physical=15.9GB (16GB approx)
[2021.01.25-12.07.13:686][  0]LogMemory: Platform Memory Stats for Windows
[2021.01.25-12.07.13:686][  0]LogMemory: Process Physical Memory: 116.10 MB used, 116.11 MB peak
[2021.01.25-12.07.13:686][  0]LogMemory: Process Virtual Memory: 104.41 MB used, 104.41 MB peak
[2021.01.25-12.07.13:686][  0]LogMemory: Physical Memory: 11348.07 MB used,  4968.68 MB free, 16316.75 MB total
[2021.01.25-12.07.13:686][  0]LogMemory: Virtual Memory: 5100.69 MB used,  134212624.00 MB free, 134217728.00 MB total
[2021.01.25-12.07.13:706][  0]LogWindows: WindowsPlatformFeatures enabled
[2021.01.25-12.07.14:774][  0]LogInit: Physics initialised using underlying interface: PhysX
[2021.01.25-12.07.14:779][  0]LogInit: Using OS detected language (en-US).
[2021.01.25-12.07.14:779][  0]LogInit: Using OS detected locale (sv-SE).
[2021.01.25-12.07.14:826][  0]LogTextLocalizationManager: No specific localization for 'en-US' exists, so the 'en' localization will be used.
[2021.01.25-12.07.15:350][  0]LogInit: Setting process to per monitor DPI aware
[2021.01.25-12.07.15:583][  0]LogSlate: New Slate User Created.  User Index 0, Is Virtual User: 0
[2021.01.25-12.07.15:583][  0]LogSlate: Slate User Registered.  User Index 0, Is Virtual User: 0
[2021.01.25-12.07.16:554][  0]LogHMD: Failed to initialize OpenVR with code 105
[2021.01.25-12.07.16:554][  0]LogD3D11RHI: D3D11 min allowed feature level: 11_0
[2021.01.25-12.07.16:554][  0]LogD3D11RHI: D3D11 max allowed feature level: 11_0
[2021.01.25-12.07.16:554][  0]LogD3D11RHI: D3D11 adapters:
[2021.01.25-12.07.16:684][  0]LogD3D11RHI:    0. 'NVIDIA GeForce GTX 970' (Feature Level 11_0)
[2021.01.25-12.07.16:684][  0]LogD3D11RHI:       4043/0/8158 MB DedicatedVideo/DedicatedSystem/SharedSystem, Outputs:2, VendorId:0x10de
[2021.01.25-12.07.16:706][  0]LogD3D11RHI:    1. 'Microsoft Basic Render Driver' (Feature Level 11_0)
[2021.01.25-12.07.16:707][  0]LogD3D11RHI:       0/0/8158 MB DedicatedVideo/DedicatedSystem/SharedSystem, Outputs:0, VendorId:0x1414
[2021.01.25-12.07.16:707][  0]LogD3D11RHI: Chosen D3D11 Adapter: 0
[2021.01.25-12.07.16:716][  0]LogD3D11RHI: Creating new Direct3DDevice
[2021.01.25-12.07.16:716][  0]LogD3D11RHI:     GPU DeviceId: 0x13c2 (for the marketing name, search the web for "GPU Device Id")
[2021.01.25-12.07.16:716][  0]LogWindows: EnumDisplayDevices:
[2021.01.25-12.07.16:717][  0]LogWindows:    0. 'NVIDIA GeForce GTX 970' (P:0 D:1)
[2021.01.25-12.07.16:718][  0]LogWindows:    1. 'NVIDIA GeForce GTX 970' (P:1 D:1)
[2021.01.25-12.07.16:718][  0]LogWindows:    2. 'NVIDIA GeForce GTX 970' (P:0 D:0)
[2021.01.25-12.07.16:719][  0]LogWindows:    3. 'NVIDIA GeForce GTX 970' (P:0 D:0)
[2021.01.25-12.07.16:719][  0]LogWindows: DebugString: FoundDriverCount:4 
[2021.01.25-12.07.16:719][  0]LogD3D11RHI:     Adapter Name: NVIDIA GeForce GTX 970
[2021.01.25-12.07.16:719][  0]LogD3D11RHI:   Driver Version: 456.71 (internal:27.21.14.5671, unified:456.71)
[2021.01.25-12.07.16:720][  0]LogD3D11RHI:      Driver Date: 9-30-2020
[2021.01.25-12.07.16:720][  0]LogRHI: Texture pool is 2830 MB (70% of 4043 MB)
[2021.01.25-12.07.16:783][  0]LogD3D11RHI: RHI has support for 64 bit atomics
[2021.01.25-12.07.16:783][  0]LogD3D11RHI: Async texture creation enabled
[2021.01.25-12.07.16:783][  0]LogD3D11RHI: Array index from any shader is supported
[2021.01.25-12.07.16:816][  0]LogD3D11RHI: GPU Timing Frequency: 1000.000000 (Debug: 2 1)
[2021.01.25-12.07.17:619][  0]LogTargetPlatformManager: Display: Loaded TargetPlatform 'AllDesktop'
[2021.01.25-12.07.17:655][  0]LogTargetPlatformManager: Display: Loaded TargetPlatform 'Android'
[2021.01.25-12.07.17:655][  0]LogTargetPlatformManager: Display: Loaded TargetPlatform 'Android_ASTC'
[2021.01.25-12.07.17:655][  0]LogTargetPlatformManager: Display: Loaded TargetPlatform 'Android_DXT'
[2021.01.25-12.07.17:655][  0]LogTargetPlatformManager: Display: Loaded TargetPlatform 'Android_ETC2'
[2021.01.25-12.07.17:655][  0]LogTargetPlatformManager: Display: Loaded TargetPlatform 'AndroidClient'
[2021.01.25-12.07.17:655][  0]LogTargetPlatformManager: Display: Loaded TargetPlatform 'Android_ASTCClient'
[2021.01.25-12.07.17:655][  0]LogTargetPlatformManager: Display: Loaded TargetPlatform 'Android_DXTClient'
[2021.01.25-12.07.17:655][  0]LogTargetPlatformManager: Display: Loaded TargetPlatform 'Android_ETC2Client'
[2021.01.25-12.07.17:655][  0]LogTargetPlatformManager: Display: Loaded TargetPlatform 'Android_Multi'
[2021.01.25-12.07.17:655][  0]LogTargetPlatformManager: Display: Loaded TargetPlatform 'Android_MultiClient'
[2021.01.25-12.07.17:755][  0]LogTargetPlatformManager: Display: Loaded TargetPlatform 'IOSClient'
[2021.01.25-12.07.17:755][  0]LogTargetPlatformManager: Display: Loaded TargetPlatform 'IOS'
[2021.01.25-12.07.17:797][  0]LogTargetPlatformManager: Display: Loaded TargetPlatform 'Linux'
[2021.01.25-12.07.17:814][  0]LogTargetPlatformManager: Display: Loaded TargetPlatform 'LinuxNoEditor'
[2021.01.25-12.07.17:844][  0]LogTargetPlatformManager: Display: Loaded TargetPlatform 'LinuxClient'
[2021.01.25-12.07.17:861][  0]LogTargetPlatformManager: Display: Loaded TargetPlatform 'LinuxServer'
[2021.01.25-12.07.17:883][  0]LogTargetPlatformManager: Display: Loaded TargetPlatform 'LinuxAArch64NoEditor'
[2021.01.25-12.07.17:900][  0]LogTargetPlatformManager: Display: Loaded TargetPlatform 'LinuxAArch64Client'
[2021.01.25-12.07.17:918][  0]LogTargetPlatformManager: Display: Loaded TargetPlatform 'LinuxAArch64Server'
[2021.01.25-12.07.17:976][  0]LogTargetPlatformManager: Display: Loaded TargetPlatform 'Lumin'
[2021.01.25-12.07.17:977][  0]LogTargetPlatformManager: Display: Loaded TargetPlatform 'LuminClient'
[2021.01.25-12.07.18:002][  0]LogTargetPlatformManager: Display: Loaded TargetPlatform 'TVOSClient'
[2021.01.25-12.07.18:002][  0]LogTargetPlatformManager: Display: Loaded TargetPlatform 'TVOS'
[2021.01.25-12.07.18:038][  0]LogTargetPlatformManager: Display: Loaded TargetPlatform 'WindowsNoEditor'
[2021.01.25-12.07.18:128][  0]LogTargetPlatformManager: Display: Loaded TargetPlatform 'Windows'
[2021.01.25-12.07.18:199][  0]LogTargetPlatformManager: Display: Loaded TargetPlatform 'WindowsClient'
[2021.01.25-12.07.18:248][  0]LogTargetPlatformManager: Display: Loaded TargetPlatform 'WindowsServer'
[2021.01.25-12.07.18:249][  0]LogTargetPlatformManager: Display: Building Assets For Windows
[2021.01.25-12.07.18:719][  0]LogAudioDebug: Display: Lib vorbis DLL was dynamically loaded.
[2021.01.25-12.07.20:269][  0]LogShaderCompilers: Guid format shader working directory is -22 characters bigger than the processId version (../../../../../Unreal Engine/Network_Assignment/Network_Assignment/Intermediate/Shaders/WorkingDirectory/19636/).
[2021.01.25-12.07.20:269][  0]LogShaderCompilers: Cleaned the shader compiler working directory 'C:/Users/Leon/AppData/Local/Temp/UnrealShaderWorkingDir/AAAD2E0D48C6C76F7BE010AAA4B22AF1/'.
[2021.01.25-12.07.20:280][  0]LogXGEController: Cannot use XGE Controller as Incredibuild is not installed on this machine.
[2021.01.25-12.07.20:281][  0]LogShaderCompilers: Cannot use XGE Shader Compiler as Incredibuild is not installed on this machine.
[2021.01.25-12.07.20:281][  0]LogShaderCompilers: Display: Using Local Shader Compiler.
[2021.01.25-12.07.22:679][  0]LogDerivedDataCache: Display: Max Cache Size: 512 MB
[2021.01.25-12.07.23:016][  0]LogDerivedDataCache: Loaded boot cache 0.34s 76MB C:/Users/Leon/AppData/Local/UnrealEngine/4.25/DerivedDataCache/Boot.ddc.
[2021.01.25-12.07.23:016][  0]LogDerivedDataCache: Display: Loaded Boot cache: C:/Users/Leon/AppData/Local/UnrealEngine/4.25/DerivedDataCache/Boot.ddc
[2021.01.25-12.07.23:016][  0]LogDerivedDataCache: FDerivedDataBackendGraph:  Pak pak cache file ../../../../../Unreal Engine/Network_Assignment/Network_Assignment/DerivedDataCache/DDC.ddp not found, will not use a pak cache.
[2021.01.25-12.07.23:016][  0]LogDerivedDataCache: Unable to find inner node Pak for hierarchical cache Hierarchy.
[2021.01.25-12.07.23:016][  0]LogDerivedDataCache: FDerivedDataBackendGraph:  CompressedPak pak cache file ../../../../../Unreal Engine/Network_Assignment/Network_Assignment/DerivedDataCache/Compressed.ddp not found, will not use a pak cache.
[2021.01.25-12.07.23:016][  0]LogDerivedDataCache: Unable to find inner node CompressedPak for hierarchical cache Hierarchy.
[2021.01.25-12.07.23:028][  0]LogDerivedDataCache: Display: Pak cache opened for reading ../../../Engine/DerivedDataCache/Compressed.ddp.
[2021.01.25-12.07.23:028][  0]LogDerivedDataCache: FDerivedDataBackendGraph:  EnterprisePak pak cache file ../../../Enterprise/DerivedDataCache/Compressed.ddp not found, will not use a pak cache.
[2021.01.25-12.07.23:028][  0]LogDerivedDataCache: Unable to find inner node EnterprisePak for hierarchical cache Hierarchy.
[2021.01.25-12.07.23:031][  0]LogDerivedDataCache: Using Local data cache path C:/Users/Leon/AppData/Local/UnrealEngine/Common/DerivedDataCache: Writable
[2021.01.25-12.07.23:031][  0]LogDerivedDataCache: Shared data cache path not found in *engine.ini, will not use an Shared cache.
[2021.01.25-12.07.23:031][  0]LogDerivedDataCache: Unable to find inner node Shared for hierarchical cache Hierarchy.
[2021.01.25-12.07.23:106][  0]LogSlate: Using FreeType 2.10.0
[2021.01.25-12.07.23:126][  0]LogSlate: SlateFontServices - WITH_FREETYPE: 1, WITH_HARFBUZZ: 1
[2021.01.25-12.07.23:763][  0]LogAssetRegistry: FAssetRegistry took 0.0118 seconds to start up
[2021.01.25-12.07.24:209][  0]LogInit: Selected Device Profile: [Windows]
[2021.01.25-12.07.25:504][  0]LogMeshReduction: Using QuadricMeshReduction for automatic static mesh reduction
[2021.01.25-12.07.25:505][  0]LogMeshReduction: Using SimplygonMeshReduction for automatic skeletal mesh reduction
[2021.01.25-12.07.25:505][  0]LogMeshReduction: Using ProxyLODMeshReduction for automatic mesh merging
[2021.01.25-12.07.25:505][  0]LogMeshReduction: No distributed automatic mesh merging module available
[2021.01.25-12.07.25:505][  0]LogMeshMerging: No distributed automatic mesh merging module available
[2021.01.25-12.07.25:581][  0]LogNetVersion: Network_Assignment 1.0.0, NetCL: 13144385, EngineNetVer: 14, GameNetVer: 0 (Checksum: 1997309246)
[2021.01.25-12.07.39:713][  0]LogAISub: UAISubsystem::UAISubsystem AISubsystem (0000015B796A9040), frame # 0
[2021.01.25-12.07.39:713][  0]LogAISub: UAISubsystem::UAISubsystem AIPerceptionSystem (0000015B79552AC0), frame # 0
[2021.01.25-12.07.39:715][  0]LogAISub: UAISubsystem::UAISubsystem EnvQueryManager (0000015B7958DC00), frame # 0
[2021.01.25-12.07.39:794][  0]LogPackageLocalizationCache: Processed 19 localized package path(s) for 1 prioritized culture(s) in 0.066332 seconds
[2021.01.25-12.07.39:800][  0]LogUObjectArray: 15917 objects as part of root set at end of initial load.
[2021.01.25-12.07.39:800][  0]LogUObjectAllocator: 3965568 out of 0 bytes used by permanent object pool.
[2021.01.25-12.07.39:800][  0]LogUObjectArray: CloseDisregardForGC: 0/0 objects in disregard for GC pool
[2021.01.25-12.07.42:278][  0]LogTcpMessaging: Initializing TcpMessaging bridge
[2021.01.25-12.07.42:308][  0]LogUdpMessaging: Initializing bridge on interface 0.0.0.0:0 to multicast group 230.0.0.1:6666.
[2021.01.25-12.07.43:128][  0]SourceControl: Source control is disabled
[2021.01.25-12.07.43:129][  0]SourceControl: Source control is disabled
[2021.01.25-12.07.43:150][  0]SourceControl: Source control is disabled
[2021.01.25-12.07.43:175][  0]SourceControl: Source control is disabled
[2021.01.25-12.07.43:331][  0]SourceControl: Source control is disabled
[2021.01.25-12.07.44:935][  0]LogAndroidPermission: UAndroidPermissionCallbackProxy::GetInstance
[2021.01.25-12.07.45:060][  0]LogAudioCaptureCore: Display: No Audio Capture implementations found. Audio input will be silent.
[2021.01.25-12.07.45:060][  0]LogAudioCaptureCore: Display: No Audio Capture implementations found. Audio input will be silent.
[2021.01.25-12.07.45:410][  0]LogOcInput: OculusInput pre-init called
[2021.01.25-12.07.45:508][  0]LogWindows: Failed to load 'OVRPlugin.dll' (GetLastError=126)
[2021.01.25-12.07.45:513][  0]LogWindows: File 'OVRPlugin.dll' does not exist
[2021.01.25-12.07.45:805][  0]LogEngine: Initializing Engine...
[2021.01.25-12.07.45:852][  0]LogHMD: Failed to initialize OpenVR with code 105
[2021.01.25-12.07.45:852][  0]LogMagicLeap: Warning: VR disabled because ZI is not enabled.  To enable, in the editor, Edit -> Project Settings -> Plugins -> Magic Leap Plugin -> Enable Zero Iteration
[2021.01.25-12.07.45:854][  0]LogStats: UGameplayTagsManager::InitializeManager -  0.001 s
[2021.01.25-12.07.46:118][  0]LogInit: Initializing FReadOnlyCVARCache
[2021.01.25-12.07.46:167][  0]LogAIModule: Creating AISystem for world Untitled
[2021.01.25-12.07.46:168][  0]LogAISub: UAISubsystem::UAISubsystem EnvQueryManager (0000015B7E111200), frame # 0
[2021.01.25-12.07.46:168][  0]LogAISub: UAISubsystem::UAISubsystem AIPerceptionSystem (0000015B7CAA3B00), frame # 0
[2021.01.25-12.07.46:272][  0]LogAudioMixer: Display: Audio Mixer Platform Settings:
[2021.01.25-12.07.46:272][  0]LogAudioMixer: Display: 	Sample Rate:						  48000
[2021.01.25-12.07.46:272][  0]LogAudioMixer: Display: 	Callback Buffer Frame Size Requested: 1024
[2021.01.25-12.07.46:272][  0]LogAudioMixer: Display: 	Callback Buffer Frame Size To Use:	  1024
[2021.01.25-12.07.46:272][  0]LogAudioMixer: Display: 	Number of buffers to queue:			  2
[2021.01.25-12.07.46:272][  0]LogAudioMixer: Display: 	Max Channels (voices):				  32
[2021.01.25-12.07.46:272][  0]LogAudioMixer: Display: 	Number of Async Source Workers:		  0
[2021.01.25-12.07.46:272][  0]LogAudio: Display: AudioDevice MaxSources: 32
[2021.01.25-12.07.46:273][  0]LogAudio: Display: Using built-in audio occlusion.
[2021.01.25-12.07.46:273][  0]LogAudioMixer: Display: Initializing audio mixer.
[2021.01.25-12.07.46:336][  0]LogAudioMixer: Display: 0: FrontLeft
[2021.01.25-12.07.46:338][  0]LogAudioMixer: Display: 1: FrontRight
[2021.01.25-12.07.46:338][  0]LogAudioMixer: Display: 2: FrontCenter
[2021.01.25-12.07.46:338][  0]LogAudioMixer: Display: 3: LowFrequency
[2021.01.25-12.07.46:339][  0]LogAudioMixer: Display: 4: BackLeft
[2021.01.25-12.07.46:339][  0]LogAudioMixer: Display: 5: BackRight
[2021.01.25-12.07.46:339][  0]LogAudioMixer: Display: 6: SideLeft
[2021.01.25-12.07.46:339][  0]LogAudioMixer: Display: 7: SideRight
[2021.01.25-12.07.46:469][  0]LogAudioMixer: Display: Using Audio Device Högtalare (Realtek High Definition Audio)
[2021.01.25-12.07.46:472][  0]LogAudioMixer: Display: Initializing Sound Submixes...
[2021.01.25-12.07.46:477][  0]LogAudioMixer: Display: Creating Master Submix 'MasterSubmixDefault'
[2021.01.25-12.07.46:477][  0]LogAudioMixer: Display: Creating Master Submix 'MasterReverbSubmixDefault'
[2021.01.25-12.07.46:478][  0]LogAudioMixer: Display: Creating Master Submix 'MasterEQSubmixDefault'
[2021.01.25-12.07.46:483][  0]LogInit: FAudioDevice initialized.
[2021.01.25-12.07.46:483][  0]LogNetVersion: Set ProjectVersion to 1.0.0.0. Version Checksum will be recalculated on next use.
[2021.01.25-12.07.46:715][  0]LogDerivedDataCache: Saved boot cache 0.23s 76MB C:/Users/Leon/AppData/Local/UnrealEngine/4.25/DerivedDataCache/Boot.ddc.
[2021.01.25-12.07.46:717][  0]LogInit: Texture streaming: Enabled
[2021.01.25-12.07.46:814][  0]LogEngineSessionManager: EngineSessionManager initialized
[2021.01.25-12.07.46:815][  0]LogEditorSessionSummary: Verbose: Initializing EditorSessionSummaryWriter for editor session tracking
[2021.01.25-12.07.46:835][  0]LogEditorSessionSummary: EditorSessionSummaryWriter initialized
[2021.01.25-12.07.46:988][  0]LogInit: Transaction tracking system initialized
[2021.01.25-12.07.47:314][  0]BlueprintLog: New page: Editor Load
[2021.01.25-12.07.47:943][  0]LocalizationService: Localization service is disabled
[2021.01.25-12.07.48:920][  0]LogCook: Display: Max memory allowance for cook 16384mb min free memory 0mb
[2021.01.25-12.07.48:920][  0]LogCook: Display: Mobile HDR setting 1
[2021.01.25-12.07.49:959][  0]LogFileCache: Scanning file cache for directory 'D:/Unreal Engine/Network_Assignment/Network_Assignment/Content/' took 0.01s
[2021.01.25-12.07.51:494][  0]SourceControl: Source control is disabled
[2021.01.25-12.07.51:494][  0]LogUnrealEdMisc: Loading editor; pre map load, took 44.455
[2021.01.25-12.07.51:494][  0]Cmd: MAP LOAD FILE="../../../../../Unreal Engine/Network_Assignment/Network_Assignment/Content/Maps/MY_Map.umap" TEMPLATE=0 SHOWPROGRESS=1 FEATURELEVEL=3
[2021.01.25-12.07.51:495][  0]LightingResults: New page: Lighting Build
[2021.01.25-12.07.51:509][  0]LogWorld: UWorld::CleanupWorld for Untitled, bSessionEnded=true, bCleanupResources=true
[2021.01.25-12.07.51:509][  0]LogSlate: InvalidateAllWidgets triggered.  All widgets were invalidated
[2021.01.25-12.07.51:509][  0]MapCheck: New page: Map Check
[2021.01.25-12.07.51:509][  0]LightingResults: New page: Lighting Build
[2021.01.25-12.07.51:518][  0]LogAISub: UAISubsystem::~UAISubsystem EnvQueryManager (0000015B7E111200), frame # 0
[2021.01.25-12.07.51:519][  0]LogAISub: UAISubsystem::~UAISubsystem AIPerceptionSystem (0000015B7CAA3B00), frame # 0
[2021.01.25-12.07.51:520][  0]LogUObjectHash: Compacting FUObjectHashTables data took   0.98ms
[2021.01.25-12.07.51:652][  0]LogClass: Warning: Property MyPlayer::rocketInstances (SourceClass: MyPlayer) was not registered in GetLifetimeReplicatedProps. This property will not be replicated. Use DISABLE_REPLICATED_PROPERTY if not replicating was intentional.
[2021.01.25-12.07.51:751][  0]LogAIModule: Creating AISystem for world My_Map
[2021.01.25-12.07.51:751][  0]LogAISub: UAISubsystem::UAISubsystem EnvQueryManager (0000015B0EA3FE00), frame # 0
[2021.01.25-12.07.51:751][  0]LogAISub: UAISubsystem::UAISubsystem AIPerceptionSystem (0000015B0EB756C0), frame # 0
[2021.01.25-12.07.51:761][  0]LogEditorServer: Finished looking for orphan Actors (0.000 secs)
[2021.01.25-12.07.51:778][  0]LogUObjectHash: Compacting FUObjectHashTables data took   0.92ms
[2021.01.25-12.07.51:779][  0]Cmd: MAP CHECKDEP NOCLEARLOG
[2021.01.25-12.07.51:779][  0]MapCheck: Map check complete: 0 Error(s), 0 Warning(s), took 0,187ms to complete.
[2021.01.25-12.07.51:779][  0]LogFileHelpers: Loading map 'MY_Map' took 0.285
[2021.01.25-12.07.51:782][  0]LogUnrealEdMisc: Total Editor Startup Time, took 44.744
[2021.01.25-12.07.51:944][  0]LogSlate: Updating window title bar state: overlay mode, drag disabled, window buttons hidden, title bar hidden
[2021.01.25-12.07.51:954][  0]LogSlate: Updating window title bar state: overlay mode, drag disabled, window buttons hidden, title bar hidden
[2021.01.25-12.07.51:963][  0]LogSlate: Updating window title bar state: overlay mode, drag disabled, window buttons hidden, title bar hidden
[2021.01.25-12.07.51:975][  0]LogSlate: Updating window title bar state: overlay mode, drag disabled, window buttons hidden, title bar hidden
[2021.01.25-12.07.52:012][  0]LogCollectionManager: Loaded 0 collections in 0.002153 seconds
[2021.01.25-12.07.52:074][  0]LogFileCache: Scanning file cache for directory 'D:/Unreal Engine/Network_Assignment/Network_Assignment/Saved/Collections/' took 0.00s
[2021.01.25-12.07.52:074][  0]LogFileCache: Scanning file cache for directory 'D:/Unreal Engine/Network_Assignment/Network_Assignment/Content/Developers/Leon/Collections/' took 0.01s
[2021.01.25-12.07.52:074][  0]LogFileCache: Scanning file cache for directory 'D:/Unreal Engine/Network_Assignment/Network_Assignment/Content/Collections/' took 0.00s
[2021.01.25-12.07.52:074][  0]LogContentBrowser: Native class hierarchy populated in 0.0129 seconds. Added 3434 classes and 823 folders.
[2021.01.25-12.07.52:101][  0]LogContentBrowser: Native class hierarchy updated for 'WidgetCarousel' in 0.0008 seconds. Added 0 classes and 0 folders.
[2021.01.25-12.07.52:974][  0]LogContentBrowser: Native class hierarchy updated for 'AddContentDialog' in 0.0008 seconds. Added 0 classes and 0 folders.
[2021.01.25-12.07.52:991][  0]LogContentBrowser: Native class hierarchy updated for 'SceneOutliner' in 0.0008 seconds. Added 2 classes and 0 folders.
[2021.01.25-12.07.53:151][  0]LogSlate: Took 0.024999 seconds to synchronously load lazily loaded font '../../../Engine/Content/Slate/Fonts/Roboto-Regular.ttf' (155K)
[2021.01.25-12.07.53:157][  0]LogSlate: Took 0.003723 seconds to synchronously load lazily loaded font '../../../Engine/Content/Slate/Fonts/Roboto-Bold.ttf' (160K)
[2021.01.25-12.07.53:173][  0]LogSlate: Took 0.010389 seconds to synchronously load lazily loaded font '../../../Engine/Content/Editor/Slate/Fonts/FontAwesome.ttf' (139K)
[2021.01.25-12.07.53:348][  0]LogRenderer: Reallocating scene render targets to support 1096x584 Format 10 NumSamples 1 (Frame:1).
[2021.01.25-12.07.53:645][  0]LogContentBrowser: Native class hierarchy updated for 'HierarchicalLODOutliner' in 0.0008 seconds. Added 0 classes and 0 folders.
[2021.01.25-12.07.53:648][  0]LogLoad: (Engine Initialization) Total time: 46.61 seconds
[2021.01.25-12.07.53:649][  0]LogLoad: (Engine Initialization) Total Blueprint compile time: 0.00 seconds
[2021.01.25-12.07.53:696][  0]LogAssetRegistry: Asset discovery search completed in 29.9402 seconds
[2021.01.25-12.07.53:701][  0]LogCollectionManager: Fixed up redirectors for 0 collections in 0.000002 seconds (updated 0 objects)
[2021.01.25-12.07.53:707][  0]LogContentStreaming: Texture pool size now 1000 MB
[2021.01.25-12.07.53:760][  0]LogSlate: Took 0.007268 seconds to synchronously load lazily loaded font '../../../Engine/Content/Slate/Fonts/Roboto-Light.ttf' (167K)
[2021.01.25-12.07.55:010][  4]LogSlate: Took 0.000402 seconds to synchronously load lazily loaded font '../../../Engine/Content/Slate/Fonts/Roboto-Light.ttf' (167K)
[2021.01.25-12.08.06:392][ 38]LogTemp: Repeating last play command: New Editor Window (PIE)
[2021.01.25-12.08.06:418][ 38]LogPlayLevel: PlayLevel: No blueprints needed recompiling
[2021.01.25-12.08.06:429][ 38]PIE: New page: PIE session: MY_Map (25 jan. 2021 14:08:06)
[2021.01.25-12.08.06:434][ 38]LogOnline: OSS: Creating online subsystem instance for: NULL
[2021.01.25-12.08.06:441][ 38]LogOnline: OSS: TryLoadSubsystemAndSetDefault: Loaded subsystem for module [NULL]
[2021.01.25-12.08.06:442][ 38]LogPlayLevel: Creating play world package: /Game/Maps/UEDPIE_0_MY_Map
[2021.01.25-12.08.06:449][ 38]LogPlayLevel: PIE: StaticDuplicateObject took: (0.007276s)
[2021.01.25-12.08.06:451][ 38]LogAIModule: Creating AISystem for world My_Map
[2021.01.25-12.08.06:451][ 38]LogAISub: UAISubsystem::UAISubsystem EnvQueryManager (0000015B17A99400), frame # 38
[2021.01.25-12.08.06:451][ 38]LogAISub: UAISubsystem::UAISubsystem AIPerceptionSystem (0000015B17A83D80), frame # 38
[2021.01.25-12.08.06:452][ 38]LogPlayLevel: PIE: World Init took: (0.002071s)
[2021.01.25-12.08.06:452][ 38]LogPlayLevel: PIE: Created PIE world by copying editor world from /Game/Maps/MY_Map.My_Map to /Game/Maps/UEDPIE_0_MY_Map.My_Map (0.010269s)
[2021.01.25-12.08.06:461][ 38]LogUObjectHash: Compacting FUObjectHashTables data took   0.85ms
[2021.01.25-12.08.06:465][ 38]LogAudioMixer: Display: Audio Mixer Platform Settings:
[2021.01.25-12.08.06:465][ 38]LogAudioMixer: Display: 	Sample Rate:						  48000
[2021.01.25-12.08.06:465][ 38]LogAudioMixer: Display: 	Callback Buffer Frame Size Requested: 1024
[2021.01.25-12.08.06:465][ 38]LogAudioMixer: Display: 	Callback Buffer Frame Size To Use:	  1024
[2021.01.25-12.08.06:465][ 38]LogAudioMixer: Display: 	Number of buffers to queue:			  2
[2021.01.25-12.08.06:465][ 38]LogAudioMixer: Display: 	Max Channels (voices):				  32
[2021.01.25-12.08.06:465][ 38]LogAudioMixer: Display: 	Number of Async Source Workers:		  0
[2021.01.25-12.08.06:465][ 38]LogAudio: Display: AudioDevice MaxSources: 32
[2021.01.25-12.08.06:465][ 38]LogAudio: Display: Using built-in audio occlusion.
[2021.01.25-12.08.06:465][ 38]LogAudioMixer: Display: Initializing audio mixer.
[2021.01.25-12.08.06:477][ 38]LogAudioMixer: Display: 0: FrontLeft
[2021.01.25-12.08.06:477][ 38]LogAudioMixer: Display: 1: FrontRight
[2021.01.25-12.08.06:477][ 38]LogAudioMixer: Display: 2: FrontCenter
[2021.01.25-12.08.06:477][ 38]LogAudioMixer: Display: 3: LowFrequency
[2021.01.25-12.08.06:477][ 38]LogAudioMixer: Display: 4: BackLeft
[2021.01.25-12.08.06:477][ 38]LogAudioMixer: Display: 5: BackRight
[2021.01.25-12.08.06:477][ 38]LogAudioMixer: Display: 6: SideLeft
[2021.01.25-12.08.06:477][ 38]LogAudioMixer: Display: 7: SideRight
[2021.01.25-12.08.06:546][ 38]LogAudioMixer: Display: Using Audio Device Högtalare (Realtek High Definition Audio)
[2021.01.25-12.08.06:547][ 38]LogAudioMixer: Display: Initializing Sound Submixes...
[2021.01.25-12.08.06:547][ 38]LogAudioMixer: Display: Creating Master Submix 'MasterSubmixDefault'
[2021.01.25-12.08.06:547][ 38]LogAudioMixer: Display: Creating Master Submix 'MasterReverbSubmixDefault'
[2021.01.25-12.08.06:547][ 38]LogAudioMixer: Display: Creating Master Submix 'MasterEQSubmixDefault'
[2021.01.25-12.08.06:565][ 38]LogInit: FAudioDevice initialized.
[2021.01.25-12.08.06:602][ 38]LogSlate: Updating window title bar state: overlay mode, drag disabled, window buttons hidden, title bar hidden
[2021.01.25-12.08.06:610][ 38]LogLoad: Game class is 'BP_Network_AssignmentGameMode_C'
[2021.01.25-12.08.06:617][ 38]LogWorld: Bringing World /Game/Maps/UEDPIE_0_MY_Map.My_Map up for play (max tick rate 0) at 2021.01.25-13.08.06
[2021.01.25-12.08.06:621][ 38]LogWorld: Bringing up level for play took: 0.004526
[2021.01.25-12.08.06:622][ 38]LogOnline: OSS: Creating online subsystem instance for: :Context_3
[2021.01.25-12.08.06:629][ 38]LogContentBrowser: Native class hierarchy updated for 'MovieSceneCapture' in 0.0008 seconds. Added 20 classes and 0 folders.
[2021.01.25-12.08.12:078][ 38]LogNet: ReplicationDriverClass is null! Not using ReplicationDriver.
[2021.01.25-12.08.12:078][ 38]LogNetCore: DDoS detection status: detection enabled: 0 analytics enabled: 0
[2021.01.25-12.08.12:078][ 38]LogInit: WinSock: Socket queue. Rx: 131072 (config 131072) Tx: 131072 (config 131072)
[2021.01.25-12.08.12:078][ 38]LogNet: Created socket for bind address: 0.0.0.0 on port 17777
[2021.01.25-12.08.12:079][ 38]PacketHandlerLog: Loaded PacketHandler component: Engine.EngineHandlerComponentFactory (StatelessConnectHandlerComponent)
[2021.01.25-12.08.12:079][ 38]LogNet: GameNetDriver IpNetDriver_0 IpNetDriver listening on port 17777
[2021.01.25-12.08.46:802][ 38]LogAudioMixer: Display: Audio Buffer Underrun detected.
[2021.01.25-12.08.46:803][ 38]LogAudioMixer: Display: Audio Buffer Underrun detected.
[2021.01.25-12.08.46:803][ 38]LogAudioMixer: Display: Audio Buffer Underrun detected.
[2021.01.25-12.08.46:803][ 38]PIE: Server logged in
[2021.01.25-12.08.46:805][ 38]PIE: Play in editor total start time 40,395 seconds.
[2021.01.25-12.08.46:808][ 38]LogAudioMixer: Display: Audio Mixer Platform Settings:
[2021.01.25-12.08.46:810][ 38]LogAudioMixer: Display: 	Sample Rate:						  48000
[2021.01.25-12.08.46:810][ 38]LogAudioMixer: Display: 	Callback Buffer Frame Size Requested: 1024
[2021.01.25-12.08.46:810][ 38]LogAudioMixer: Display: 	Callback Buffer Frame Size To Use:	  1024
[2021.01.25-12.08.46:811][ 38]LogAudioMixer: Display: 	Number of buffers to queue:			  2
[2021.01.25-12.08.46:811][ 38]LogAudioMixer: Display: 	Max Channels (voices):				  32
[2021.01.25-12.08.46:811][ 38]LogAudioMixer: Display: 	Number of Async Source Workers:		  0
[2021.01.25-12.08.46:811][ 38]LogAudio: Display: AudioDevice MaxSources: 32
[2021.01.25-12.08.46:812][ 38]LogAudio: Display: Using built-in audio occlusion.
[2021.01.25-12.08.46:812][ 38]LogAudioMixer: Display: Initializing audio mixer.
[2021.01.25-12.08.46:823][ 38]LogAudioMixer: Display: 0: FrontLeft
[2021.01.25-12.08.46:823][ 38]LogAudioMixer: Display: 1: FrontRight
[2021.01.25-12.08.46:824][ 38]LogAudioMixer: Display: 2: FrontCenter
[2021.01.25-12.08.46:824][ 38]LogAudioMixer: Display: 3: LowFrequency
[2021.01.25-12.08.46:824][ 38]LogAudioMixer: Display: 4: BackLeft
[2021.01.25-12.08.46:824][ 38]LogAudioMixer: Display: 5: BackRight
[2021.01.25-12.08.46:824][ 38]LogAudioMixer: Display: 6: SideLeft
[2021.01.25-12.08.46:824][ 38]LogAudioMixer: Display: 7: SideRight
[2021.01.25-12.08.46:925][ 38]LogAudioMixer: Display: Using Audio Device Högtalare (Realtek High Definition Audio)
[2021.01.25-12.08.46:926][ 38]LogAudioMixer: Display: Initializing Sound Submixes...
[2021.01.25-12.08.46:927][ 38]LogAudioMixer: Display: Creating Master Submix 'MasterSubmixDefault'
[2021.01.25-12.08.46:928][ 38]LogAudioMixer: Display: Creating Master Submix 'MasterReverbSubmixDefault'
[2021.01.25-12.08.46:929][ 38]LogAudioMixer: Display: Creating Master Submix 'MasterEQSubmixDefault'
[2021.01.25-12.08.46:937][ 38]LogInit: FAudioDevice initialized.
[2021.01.25-12.08.46:967][ 38]LogSlate: Updating window title bar state: overlay mode, drag disabled, window buttons hidden, title bar hidden
[2021.01.25-12.08.46:969][ 38]LogNet: Browse: 127.0.0.1:17777/Game/StarterContent/Maps/Minimal_Default
[2021.01.25-12.08.46:971][ 38]LogInit: WinSock: Socket queue. Rx: 32768 (config 32768) Tx: 32768 (config 32768)
[2021.01.25-12.08.46:971][ 38]LogNet: Created socket for bind address: 0.0.0.0 on port 0
[2021.01.25-12.08.46:973][ 38]PacketHandlerLog: Loaded PacketHandler component: Engine.EngineHandlerComponentFactory (StatelessConnectHandlerComponent)
[2021.01.25-12.08.46:973][ 38]LogNet: Game client on port 17777, rate 10000
[2021.01.25-12.08.46:975][ 38]PIE: Client logged in
[2021.01.25-12.08.46:977][ 38]PIE: Play in editor total start time 40,567 seconds.
[2021.01.25-12.08.46:979][ 38]LogAudioMixer: Display: Audio Mixer Platform Settings:
[2021.01.25-12.08.46:979][ 38]LogAudioMixer: Display: 	Sample Rate:						  48000
[2021.01.25-12.08.46:979][ 38]LogAudioMixer: Display: 	Callback Buffer Frame Size Requested: 1024
[2021.01.25-12.08.46:979][ 38]LogAudioMixer: Display: 	Callback Buffer Frame Size To Use:	  1024
[2021.01.25-12.08.46:980][ 38]LogAudioMixer: Display: 	Number of buffers to queue:			  2
[2021.01.25-12.08.46:980][ 38]LogAudioMixer: Display: 	Max Channels (voices):				  32
[2021.01.25-12.08.46:980][ 38]LogAudioMixer: Display: 	Number of Async Source Workers:		  0
[2021.01.25-12.08.46:980][ 38]LogAudio: Display: AudioDevice MaxSources: 32
[2021.01.25-12.08.46:982][ 38]LogAudio: Display: Using built-in audio occlusion.
[2021.01.25-12.08.46:982][ 38]LogAudioMixer: Display: Initializing audio mixer.
[2021.01.25-12.08.46:992][ 38]LogAudioMixer: Display: 0: FrontLeft
[2021.01.25-12.08.46:992][ 38]LogAudioMixer: Display: 1: FrontRight
[2021.01.25-12.08.46:992][ 38]LogAudioMixer: Display: 2: FrontCenter
[2021.01.25-12.08.46:992][ 38]LogAudioMixer: Display: 3: LowFrequency
[2021.01.25-12.08.46:992][ 38]LogAudioMixer: Display: 4: BackLeft
[2021.01.25-12.08.46:993][ 38]LogAudioMixer: Display: 5: BackRight
[2021.01.25-12.08.46:993][ 38]LogAudioMixer: Display: 6: SideLeft
[2021.01.25-12.08.46:994][ 38]LogAudioMixer: Display: 7: SideRight
[2021.01.25-12.08.47:078][ 38]LogAudioMixer: Display: Using Audio Device Högtalare (Realtek High Definition Audio)
[2021.01.25-12.08.47:079][ 38]LogAudioMixer: Display: Initializing Sound Submixes...
[2021.01.25-12.08.47:079][ 38]LogAudioMixer: Display: Creating Master Submix 'MasterSubmixDefault'
[2021.01.25-12.08.47:079][ 38]LogAudioMixer: Display: Creating Master Submix 'MasterReverbSubmixDefault'
[2021.01.25-12.08.47:080][ 38]LogAudioMixer: Display: Creating Master Submix 'MasterEQSubmixDefault'
[2021.01.25-12.08.47:102][ 38]LogInit: FAudioDevice initialized.
[2021.01.25-12.08.47:151][ 38]LogSlate: Updating window title bar state: overlay mode, drag disabled, window buttons hidden, title bar hidden
[2021.01.25-12.08.47:173][ 38]LogNet: Browse: 127.0.0.1:17777/Game/StarterContent/Maps/Minimal_Default
[2021.01.25-12.08.47:174][ 38]LogInit: WinSock: Socket queue. Rx: 32768 (config 32768) Tx: 32768 (config 32768)
[2021.01.25-12.08.47:176][ 38]LogNet: Created socket for bind address: 0.0.0.0 on port 0
[2021.01.25-12.08.47:176][ 38]PacketHandlerLog: Loaded PacketHandler component: Engine.EngineHandlerComponentFactory (StatelessConnectHandlerComponent)
[2021.01.25-12.08.47:177][ 38]LogNet: Game client on port 17777, rate 10000
[2021.01.25-12.08.47:179][ 38]PIE: Client logged in
[2021.01.25-12.08.47:191][ 38]PIE: Play in editor total start time 40,782 seconds.
[2021.01.25-12.08.47:196][ 38]LogAudioMixer: Display: Audio Mixer Platform Settings:
[2021.01.25-12.08.47:203][ 38]LogAudioMixer: Display: 	Sample Rate:						  48000
[2021.01.25-12.08.47:204][ 38]LogAudioMixer: Display: 	Callback Buffer Frame Size Requested: 1024
[2021.01.25-12.08.47:204][ 38]LogAudioMixer: Display: 	Callback Buffer Frame Size To Use:	  1024
[2021.01.25-12.08.47:204][ 38]LogAudioMixer: Display: 	Number of buffers to queue:			  2
[2021.01.25-12.08.47:204][ 38]LogAudioMixer: Display: 	Max Channels (voices):				  32
[2021.01.25-12.08.47:205][ 38]LogAudioMixer: Display: 	Number of Async Source Workers:		  0
[2021.01.25-12.08.47:205][ 38]LogAudio: Display: AudioDevice MaxSources: 32
[2021.01.25-12.08.47:205][ 38]LogAudio: Display: Using built-in audio occlusion.
[2021.01.25-12.08.47:207][ 38]LogAudioMixer: Display: Initializing audio mixer.
[2021.01.25-12.08.47:232][ 38]LogAudioMixer: Display: 0: FrontLeft
[2021.01.25-12.08.47:254][ 38]LogAudioMixer: Display: 1: FrontRight
[2021.01.25-12.08.47:254][ 38]LogAudioMixer: Display: 2: FrontCenter
[2021.01.25-12.08.47:255][ 38]LogAudioMixer: Display: 3: LowFrequency
[2021.01.25-12.08.47:255][ 38]LogAudioMixer: Display: 4: BackLeft
[2021.01.25-12.08.47:255][ 38]LogAudioMixer: Display: 5: BackRight
[2021.01.25-12.08.47:255][ 38]LogAudioMixer: Display: 6: SideLeft
[2021.01.25-12.08.47:255][ 38]LogAudioMixer: Display: 7: SideRight
[2021.01.25-12.08.47:523][ 38]LogAudioMixer: Display: Using Audio Device Högtalare (Realtek High Definition Audio)
[2021.01.25-12.08.47:523][ 38]LogAudioMixer: Display: Initializing Sound Submixes...
[2021.01.25-12.08.47:523][ 38]LogAudioMixer: Display: Creating Master Submix 'MasterSubmixDefault'
[2021.01.25-12.08.47:524][ 38]LogAudioMixer: Display: Creating Master Submix 'MasterReverbSubmixDefault'
[2021.01.25-12.08.47:525][ 38]LogAudioMixer: Display: Creating Master Submix 'MasterEQSubmixDefault'
[2021.01.25-12.08.47:554][ 38]LogInit: FAudioDevice initialized.
[2021.01.25-12.08.47:597][ 38]LogSlate: Updating window title bar state: overlay mode, drag disabled, window buttons hidden, title bar hidden
[2021.01.25-12.08.47:609][ 38]LogNet: Browse: 127.0.0.1:17777/Game/StarterContent/Maps/Minimal_Default
[2021.01.25-12.08.47:611][ 38]LogInit: WinSock: Socket queue. Rx: 32768 (config 32768) Tx: 32768 (config 32768)
[2021.01.25-12.08.47:613][ 38]LogNet: Created socket for bind address: 0.0.0.0 on port 0
[2021.01.25-12.08.47:613][ 38]PacketHandlerLog: Loaded PacketHandler component: Engine.EngineHandlerComponentFactory (StatelessConnectHandlerComponent)
[2021.01.25-12.08.47:614][ 38]LogNet: Game client on port 17777, rate 10000
[2021.01.25-12.08.47:615][ 38]PIE: Client logged in
[2021.01.25-12.08.47:623][ 38]PIE: Play in editor total start time 41,214 seconds.
[2021.01.25-12.08.47:628][ 38]LogNet: UNetDriver::TickDispatch: Very long time between ticks. DeltaTime: 0.33, Realtime: 35.55. IpNetDriver_0
[2021.01.25-12.08.51:858][ 38]LogAudioMixer: Display: Audio Buffer Underrun detected.
[2021.01.25-12.08.51:858][ 38]LogAudioMixer: Display: Audio Buffer Underrun detected.
[2021.01.25-12.08.51:858][ 38]LogAudioMixer: Display: Audio Buffer Underrun detected.
[2021.01.25-12.08.51:858][ 38]LogAudioMixer: Display: Audio Buffer Underrun detected.
[2021.01.25-12.08.51:858][ 38]LogAudioMixer: Display: Audio Buffer Underrun detected.
[2021.01.25-12.08.51:858][ 38]LogOutputDevice: Warning: 

Script Stack (0 frames):

[2021.01.25-12.08.51:858][ 38]LogOutputDevice: Error: Ensure condition failed: PlayerSettings != nullptr [File:D:\Unreal Engine\Network_Assignment\Network_Assignment\Source\Network_Assignment\MyPlayer.cpp] [Line: 58] 


[2021.01.25-12.08.51:859][ 38]LogStats:             FDebug::EnsureFailed -  0.001 s
[2021.01.25-12.09.02:092][ 38]LogAudioMixer: Display: Audio Buffer Underrun detected.
[2021.01.25-12.09.02:092][ 38]LogNet: UNetDriver::TickDispatch: Very long time between ticks. DeltaTime: 0.33, Realtime: 15.12. IpNetDriver_1
[2021.01.25-12.09.02:095][ 38]LogNet: UNetDriver::TickDispatch: Very long time between ticks. DeltaTime: 0.33, Realtime: 14.92. IpNetDriver_2
[2021.01.25-12.09.02:097][ 38]LogNet: UNetDriver::TickDispatch: Very long time between ticks. DeltaTime: 0.33, Realtime: 14.49. IpNetDriver_3
[2021.01.25-12.09.02:104][ 38]LogTemp: Resetting audio stream to device id 
[2021.01.25-12.09.02:196][ 38]LogAudioMixer: Display: 0: FrontLeft
[2021.01.25-12.09.02:197][ 38]LogAudioMixer: Display: 1: FrontRight
[2021.01.25-12.09.02:197][ 38]LogAudioMixer: Display: 2: FrontCenter
[2021.01.25-12.09.02:197][ 38]LogAudioMixer: Display: 3: LowFrequency
[2021.01.25-12.09.02:197][ 38]LogAudioMixer: Display: 4: BackLeft
[2021.01.25-12.09.02:197][ 38]LogAudioMixer: Display: 5: BackRight
[2021.01.25-12.09.02:197][ 38]LogAudioMixer: Display: 6: SideLeft
[2021.01.25-12.09.02:199][ 38]LogAudioMixer: Display: 7: SideRight
[2021.01.25-12.09.02:275][ 38]LogTemp: Resetting audio stream to device id 
[2021.01.25-12.09.02:339][ 38]LogAudioMixer: Display: 0: FrontLeft
[2021.01.25-12.09.02:339][ 38]LogAudioMixer: Display: 1: FrontRight
[2021.01.25-12.09.02:340][ 38]LogAudioMixer: Display: 2: FrontCenter
[2021.01.25-12.09.02:340][ 38]LogAudioMixer: Display: 3: LowFrequency
[2021.01.25-12.09.02:340][ 38]LogAudioMixer: Display: 4: BackLeft
[2021.01.25-12.09.02:340][ 38]LogAudioMixer: Display: 5: BackRight
[2021.01.25-12.09.02:340][ 38]LogAudioMixer: Display: 6: SideLeft
[2021.01.25-12.09.02:341][ 38]LogAudioMixer: Display: 7: SideRight
