Log file open, 01/28/21 13:32:54
LogInit: Display: Running engine for game: Network_Assignment
LogPlatformFile: Not using cached read wrapper
LogTaskGraph: Started task graph with 5 named threads and 14 total threads with 3 sets of task threads.
LogStats: Stats thread started at 5.001305
LogD3D11RHI: Loaded GFSDK_Aftermath_Lib.x64.dll
LogICUInternationalization: ICU TimeZone Detection - Raw Offset: +1:00, Platform Override: ''
LogPluginManager: Mounting plugin Paper2D
LogPluginManager: Mounting plugin AISupport
LogPluginManager: Mounting plugin LightPropagationVolume
LogPluginManager: Mounting plugin CameraShakePreviewer
LogPluginManager: Mounting plugin ActorLayerUtilities
LogPluginManager: Mounting plugin AnimationSharing
LogPluginManager: Mounting plugin CLionSourceCodeAccess
LogPluginManager: Mounting plugin CodeLiteSourceCodeAccess
LogPluginManager: Mounting plugin GitSourceControl
LogPluginManager: Mounting plugin KDevelopSourceCodeAccess
LogPluginManager: Mounting plugin NullSourceCodeAccess
LogPluginManager: Mounting plugin PerforceSourceControl
LogPluginManager: Mounting plugin PlasticSourceControl
LogPluginManager: Mounting plugin RiderSourceCodeAccess
LogPluginManager: Mounting plugin SubversionSourceControl
LogPluginManager: Mounting plugin UObjectPlugin
LogPluginManager: Mounting plugin VisualStudioCodeSourceCodeAccess
LogPluginManager: Mounting plugin VisualStudioSourceCodeAccess
LogPluginManager: Mounting plugin XCodeSourceCodeAccess
LogPluginManager: Mounting plugin AssetManagerEditor
LogPluginManager: Mounting plugin CryptoKeys
LogPluginManager: Mounting plugin CurveEditorTools
LogPluginManager: Mounting plugin DataValidation
LogPluginManager: Mounting plugin EditorScriptingUtilities
LogPluginManager: Mounting plugin FacialAnimation
LogPluginManager: Mounting plugin GameplayTagsEditor
LogPluginManager: Mounting plugin GeometryMode
LogPluginManager: Mounting plugin MacGraphicsSwitching
LogPluginManager: Mounting plugin MaterialAnalyzer
LogPluginManager: Mounting plugin MobileLauncherProfileWizard
LogPluginManager: Mounting plugin PluginBrowser
LogPluginManager: Mounting plugin SpeedTreeImporter
LogPluginManager: Mounting plugin DatasmithContent
LogPluginManager: Mounting plugin VariantManagerContent
LogPluginManager: Mounting plugin AlembicImporter
LogPluginManager: Mounting plugin AutomationUtils
LogPluginManager: Mounting plugin BackChannel
LogPluginManager: Mounting plugin ChaosCloth
LogPluginManager: Mounting plugin ChaosClothEditor
LogPluginManager: Mounting plugin ChaosEditor
LogPluginManager: Mounting plugin ChaosNiagara
LogPluginManager: Mounting plugin ChaosSolverPlugin
LogPluginManager: Mounting plugin CharacterAI
LogPluginManager: Mounting plugin GeometryCache
LogPluginManager: Mounting plugin GeometryCollectionPlugin
LogPluginManager: Mounting plugin GeometryProcessing
LogPluginManager: Mounting plugin PlanarCut
LogPluginManager: Mounting plugin PlatformCrypto
LogPluginManager: Mounting plugin ProxyLODPlugin
LogPluginManager: Mounting plugin SkeletalReduction
LogPluginManager: Mounting plugin Niagara
LogPluginManager: Mounting plugin MagicLeap
LogPluginManager: Mounting plugin MagicLeapLightEstimation
LogPluginManager: Mounting plugin MagicLeapMedia
LogPluginManager: Mounting plugin MagicLeapPassableWorld
LogPluginManager: Mounting plugin MLSDK
LogPluginManager: Mounting plugin AndroidMedia
LogPluginManager: Mounting plugin AvfMedia
LogPluginManager: Mounting plugin ImgMedia
LogPluginManager: Mounting plugin MediaCompositing
LogPluginManager: Mounting plugin MediaPlayerEditor
LogPluginManager: Mounting plugin WebMMedia
LogPluginManager: Mounting plugin WmfMedia
LogPluginManager: Mounting plugin MeshPainting
LogPluginManager: Mounting plugin TcpMessaging
LogPluginManager: Mounting plugin UdpMessaging
LogPluginManager: Mounting plugin ActorSequence
LogPluginManager: Mounting plugin LevelSequenceEditor
LogPluginManager: Mounting plugin MatineeToLevelSequence
LogPluginManager: Mounting plugin MovieRenderPipeline
LogPluginManager: Mounting plugin TemplateSequence
LogPluginManager: Mounting plugin NetcodeUnitTest
LogPluginManager: Mounting plugin NUTUnrealEngine4
LogPluginManager: Mounting plugin OnlineSubsystemGooglePlay
LogPluginManager: Mounting plugin OnlineSubsystemIOS
LogPluginManager: Mounting plugin OnlineSubsystem
LogPluginManager: Mounting plugin OnlineSubsystemNull
LogPluginManager: Mounting plugin OnlineSubsystemUtils
LogPluginManager: Mounting plugin LauncherChunkInstaller
LogPluginManager: Mounting plugin AndroidDeviceProfileSelector
LogPluginManager: Mounting plugin AndroidMoviePlayer
LogPluginManager: Mounting plugin AndroidPermission
LogPluginManager: Mounting plugin AppleImageUtils
LogPluginManager: Mounting plugin AppleMoviePlayer
LogPluginManager: Mounting plugin ArchVisCharacter
LogPluginManager: Mounting plugin AssetTags
LogPluginManager: Mounting plugin AudioCapture
LogPluginManager: Mounting plugin CableComponent
LogPluginManager: Mounting plugin CustomMeshComponent
LogPluginManager: Mounting plugin EditableMesh
LogPluginManager: Mounting plugin ExampleDeviceProfileSelector
LogPluginManager: Mounting plugin GoogleCloudMessaging
LogPluginManager: Mounting plugin GooglePAD
LogPluginManager: Mounting plugin IOSDeviceProfileSelector
LogPluginManager: Mounting plugin LinuxDeviceProfileSelector
LogPluginManager: Mounting plugin LocationServicesBPLibrary
LogPluginManager: Mounting plugin MobilePatchingUtils
LogPluginManager: Mounting plugin OculusVR
LogPluginManager: Mounting plugin PhysXVehicles
LogPluginManager: Mounting plugin PostSplashScreen
LogPluginManager: Mounting plugin ProceduralMeshComponent
LogPluginManager: Mounting plugin RuntimePhysXCooking
LogPluginManager: Mounting plugin SignificanceManager
LogPluginManager: Mounting plugin SoundFields
LogPluginManager: Mounting plugin SteamVR
LogPluginManager: Mounting plugin Synthesis
LogPluginManager: Mounting plugin WebMMoviePlayer
LogPluginManager: Mounting plugin WindowsMoviePlayer
LogPluginManager: Mounting plugin ScreenshotTools
LogInit: Using libcurl 7.55.1-DEV
LogInit:  - built for x86_64-pc-win32
LogInit:  - supports SSL with OpenSSL/1.1.1
LogInit:  - supports HTTP deflate (compression) using libz 1.2.8
LogInit:  - other features:
LogInit:      CURL_VERSION_SSL
LogInit:      CURL_VERSION_LIBZ
LogInit:      CURL_VERSION_IPV6
LogInit:      CURL_VERSION_ASYNCHDNS
LogInit:      CURL_VERSION_LARGEFILE
LogInit:      CURL_VERSION_IDN
LogInit:  CurlRequestOptions (configurable via config and command line):
LogInit:  - bVerifyPeer = true  - Libcurl will verify peer certificate
LogInit:  - bUseHttpProxy = false  - Libcurl will NOT use HTTP proxy
LogInit:  - bDontReuseConnections = false  - Libcurl will reuse connections
LogInit:  - MaxHostConnections = 16  - Libcurl will limit the number of connections to a host
LogInit:  - LocalHostAddr = Default
LogInit:  - BufferSize = 65536
LogOnline: OSS: Creating online subsystem instance for: NULL
LogInit: WinSock: version 1.1 (2.2), MaxSocks=32767, MaxUdp=65467
LogOnline: OSS: TryLoadSubsystemAndSetDefault: Loaded subsystem for module [NULL]
LogInit: Build: ++UE4+Release-4.25-CL-14469661
LogInit: Engine Version: 4.25.4-14469661+++UE4+Release-4.25
LogInit: Compatible Engine Version: 4.25.0-13144385+++UE4+Release-4.25
LogInit: Net CL: 13144385
LogInit: OS: Windows 10 (Release 1909) (), CPU:        Intel(R) Core(TM) i5-3570K CPU @ 3.40GHz, GPU: NVIDIA GeForce GTX 970
LogInit: Compiled (64-bit): Oct 11 2020 08:10:49
LogInit: Compiled with Visual C++: 19.24.28315.00
LogInit: Build Configuration: Development
LogInit: Branch Name: ++UE4+Release-4.25
LogInit: Command Line:  -skipcompile
LogInit: Base Directory: D:/EpicGames/UE_4.25/Engine/Binaries/Win64/
LogInit: Allocator: TBB
LogInit: Installed Engine Build: 1
LogDevObjectVersion: Number of dev versions registered: 26
LogDevObjectVersion:   Dev-Blueprints (B0D832E4-1F89-4F0D-ACCF-7EB736FD4AA2): 10
LogDevObjectVersion:   Dev-Build (E1C64328-A22C-4D53-A36C-8E866417BD8C): 0
LogDevObjectVersion:   Dev-Core (375EC13C-06E4-48FB-B500-84F0262A717E): 4
LogDevObjectVersion:   Dev-Editor (E4B068ED-F494-42E9-A231-DA0B2E46BB41): 38
LogDevObjectVersion:   Dev-Framework (CFFC743F-43B0-4480-9391-14DF171D2073): 37
LogDevObjectVersion:   Dev-Mobile (B02B49B5-BB20-44E9-A304-32B752E40360): 2
LogDevObjectVersion:   Dev-Networking (A4E4105C-59A1-49B5-A7C5-40C4547EDFEE): 0
LogDevObjectVersion:   Dev-Online (39C831C9-5AE6-47DC-9A44-9C173E1C8E7C): 0
LogDevObjectVersion:   Dev-Physics (78F01B33-EBEA-4F98-B9B4-84EACCB95AA2): 4
LogDevObjectVersion:   Dev-Platform (6631380F-2D4D-43E0-8009-CF276956A95A): 0
LogDevObjectVersion:   Dev-Rendering (12F88B9F-8875-4AFC-A67C-D90C383ABD29): 43
LogDevObjectVersion:   Dev-Sequencer (7B5AE74C-D270-4C10-A958-57980B212A5A): 12
LogDevObjectVersion:   Dev-VR (D7296918-1DD6-4BDD-9DE2-64A83CC13884): 3
LogDevObjectVersion:   Dev-LoadTimes (C2A15278-BFE7-4AFE-6C17-90FF531DF755): 1
LogDevObjectVersion:   Private-Geometry (6EACA3D4-40EC-4CC1-B786-8BED09428FC5): 3
LogDevObjectVersion:   Dev-AnimPhys (29E575DD-E0A3-4627-9D10-D276232CDCEA): 17
LogDevObjectVersion:   Dev-Anim (AF43A65D-7FD3-4947-9873-3E8ED9C1BB05): 7
LogDevObjectVersion:   Dev-ReflectionCapture (6B266CEC-1EC7-4B8F-A30B-E4D90942FC07): 1
LogDevObjectVersion:   Dev-Automation (0DF73D61-A23F-47EA-B727-89E90C41499A): 1
LogDevObjectVersion:   FortniteMain (601D1886-AC64-4F84-AA16-D3DE0DEAC7D6): 31
LogDevObjectVersion:   Dev-Enterprise (9DFFBCD6-494F-0158-E221-12823C92A888): 10
LogDevObjectVersion:   Dev-Niagara (F2AED0AC-9AFE-416F-8664-AA7FFA26D6FC): 1
LogDevObjectVersion:   Dev-Destruction (174F1F0B-B4C6-45A5-B13F-2EE8D0FB917D): 10
LogDevObjectVersion:   Dev-Physics-Ext (35F94A83-E258-406C-A318-09F59610247C): 37
LogDevObjectVersion:   Dev-PhysicsMaterial-Chaos (B68FC16E-8B1B-42E2-B453-215C058844FE): 1
LogDevObjectVersion:   Dev-CineCamera (B2E18506-4273-CFC2-A54E-F4BB758BBA07): 1
LogInit: Presizing for max 25165824 objects, including 0 objects not considered by GC, pre-allocating 0 bytes for permanent pool.
LogConfig: Applying CVar settings from Section [/Script/Engine.StreamingSettings] File [D:/Unreal Engine/Network_Assignment/Network_Assignment/Saved/Config/Windows/Engine.ini]
LogConfig: Setting CVar [[s.MinBulkDataSizeForAsyncLoading:131072]]
LogConfig: Setting CVar [[s.AsyncLoadingThreadEnabled:0]]
LogConfig: Setting CVar [[s.EventDrivenLoaderEnabled:1]]
LogConfig: Setting CVar [[s.WarnIfTimeLimitExceeded:0]]
LogConfig: Setting CVar [[s.TimeLimitExceededMultiplier:1.5]]
LogConfig: Setting CVar [[s.TimeLimitExceededMinTime:0.005]]
LogConfig: Setting CVar [[s.UseBackgroundLevelStreaming:1]]
LogConfig: Setting CVar [[s.PriorityAsyncLoadingExtraTime:15.0]]
LogConfig: Setting CVar [[s.LevelStreamingActorsUpdateTimeLimit:5.0]]
LogConfig: Setting CVar [[s.PriorityLevelStreamingActorsUpdateExtraTime:5.0]]
LogConfig: Setting CVar [[s.LevelStreamingComponentsRegistrationGranularity:10]]
LogConfig: Setting CVar [[s.UnregisterComponentsTimeLimit:1.0]]
LogConfig: Setting CVar [[s.LevelStreamingComponentsUnregistrationGranularity:5]]
LogConfig: Setting CVar [[s.FlushStreamingOnExit:1]]
LogInit: Object subsystem initialized
LogConfig: Setting CVar [[con.DebugEarlyDefault:1]]
LogConfig: Setting CVar [[r.setres:1280x720]]
[2021.01.28-12.32.55:475][  0]LogConfig: Setting CVar [[r.VSync:0]]
[2021.01.28-12.32.55:475][  0]LogConfig: Setting CVar [[r.RHICmdBypass:0]]
[2021.01.28-12.32.55:475][  0]LogConfig: Applying CVar settings from Section [/Script/Engine.RendererSettings] File [D:/Unreal Engine/Network_Assignment/Network_Assignment/Saved/Config/Windows/Engine.ini]
[2021.01.28-12.32.55:475][  0]LogConfig: Setting CVar [[r.GPUCrashDebugging:0]]
[2021.01.28-12.32.55:475][  0]LogConfig: Applying CVar settings from Section [/Script/Engine.RendererOverrideSettings] File [D:/Unreal Engine/Network_Assignment/Network_Assignment/Saved/Config/Windows/Engine.ini]
[2021.01.28-12.32.55:475][  0]LogConfig: Applying CVar settings from Section [/Script/Engine.StreamingSettings] File [D:/Unreal Engine/Network_Assignment/Network_Assignment/Saved/Config/Windows/Engine.ini]
[2021.01.28-12.32.55:475][  0]LogConfig: Setting CVar [[s.MinBulkDataSizeForAsyncLoading:131072]]
[2021.01.28-12.32.55:475][  0]LogConfig: Setting CVar [[s.AsyncLoadingThreadEnabled:0]]
[2021.01.28-12.32.55:475][  0]LogConfig: Setting CVar [[s.EventDrivenLoaderEnabled:1]]
[2021.01.28-12.32.55:475][  0]LogConfig: Setting CVar [[s.WarnIfTimeLimitExceeded:0]]
[2021.01.28-12.32.55:476][  0]LogConfig: Setting CVar [[s.TimeLimitExceededMultiplier:1.5]]
[2021.01.28-12.32.55:476][  0]LogConfig: Setting CVar [[s.TimeLimitExceededMinTime:0.005]]
[2021.01.28-12.32.55:476][  0]LogConfig: Setting CVar [[s.UseBackgroundLevelStreaming:1]]
[2021.01.28-12.32.55:476][  0]LogConfig: Setting CVar [[s.PriorityAsyncLoadingExtraTime:15.0]]
[2021.01.28-12.32.55:476][  0]LogConfig: Setting CVar [[s.LevelStreamingActorsUpdateTimeLimit:5.0]]
[2021.01.28-12.32.55:476][  0]LogConfig: Setting CVar [[s.PriorityLevelStreamingActorsUpdateExtraTime:5.0]]
[2021.01.28-12.32.55:476][  0]LogConfig: Setting CVar [[s.LevelStreamingComponentsRegistrationGranularity:10]]
[2021.01.28-12.32.55:476][  0]LogConfig: Setting CVar [[s.UnregisterComponentsTimeLimit:1.0]]
[2021.01.28-12.32.55:476][  0]LogConfig: Setting CVar [[s.LevelStreamingComponentsUnregistrationGranularity:5]]
[2021.01.28-12.32.55:476][  0]LogConfig: Setting CVar [[s.FlushStreamingOnExit:1]]
[2021.01.28-12.32.55:476][  0]LogConfig: Applying CVar settings from Section [/Script/Engine.GarbageCollectionSettings] File [D:/Unreal Engine/Network_Assignment/Network_Assignment/Saved/Config/Windows/Engine.ini]
[2021.01.28-12.32.55:477][  0]LogConfig: Setting CVar [[gc.MaxObjectsNotConsideredByGC:1]]
[2021.01.28-12.32.55:477][  0]LogConfig: Setting CVar [[gc.SizeOfPermanentObjectPool:0]]
[2021.01.28-12.32.55:477][  0]LogConfig: Setting CVar [[gc.FlushStreamingOnGC:0]]
[2021.01.28-12.32.55:477][  0]LogConfig: Setting CVar [[gc.NumRetriesBeforeForcingGC:10]]
[2021.01.28-12.32.55:477][  0]LogConfig: Setting CVar [[gc.AllowParallelGC:1]]
[2021.01.28-12.32.55:477][  0]LogConfig: Setting CVar [[gc.TimeBetweenPurgingPendingKillObjects:61.1]]
[2021.01.28-12.32.55:477][  0]LogConfig: Setting CVar [[gc.MaxObjectsInEditor:25165824]]
[2021.01.28-12.32.55:477][  0]LogConfig: Setting CVar [[gc.IncrementalBeginDestroyEnabled:1]]
[2021.01.28-12.32.55:477][  0]LogConfig: Setting CVar [[gc.CreateGCClusters:1]]
[2021.01.28-12.32.55:477][  0]LogConfig: Setting CVar [[gc.MinGCClusterSize:5]]
[2021.01.28-12.32.55:477][  0]LogConfig: Setting CVar [[gc.ActorClusteringEnabled:0]]
[2021.01.28-12.32.55:477][  0]LogConfig: Setting CVar [[gc.BlueprintClusteringEnabled:0]]
[2021.01.28-12.32.55:477][  0]LogConfig: Setting CVar [[gc.UseDisregardForGCOnDedicatedServers:0]]
[2021.01.28-12.32.55:477][  0]LogConfig: Applying CVar settings from Section [/Script/Engine.NetworkSettings] File [D:/Unreal Engine/Network_Assignment/Network_Assignment/Saved/Config/Windows/Engine.ini]
[2021.01.28-12.32.55:477][  0]LogConfig: Applying CVar settings from Section [/Script/UnrealEd.CookerSettings] File [D:/Unreal Engine/Network_Assignment/Network_Assignment/Saved/Config/Windows/Engine.ini]
[2021.01.28-12.32.55:492][  0]LogConfig: Applying CVar settings from Section [ViewDistanceQuality@3] File [D:/Unreal Engine/Network_Assignment/Network_Assignment/Saved/Config/Windows/Scalability.ini]
[2021.01.28-12.32.55:492][  0]LogConfig: Setting CVar [[r.SkeletalMeshLODBias:0]]
[2021.01.28-12.32.55:492][  0]LogConfig: Setting CVar [[r.ViewDistanceScale:1.0]]
[2021.01.28-12.32.55:492][  0]LogConfig: Applying CVar settings from Section [AntiAliasingQuality@3] File [D:/Unreal Engine/Network_Assignment/Network_Assignment/Saved/Config/Windows/Scalability.ini]
[2021.01.28-12.32.55:492][  0]LogConfig: Setting CVar [[r.PostProcessAAQuality:4]]
[2021.01.28-12.32.55:492][  0]LogConfig: Applying CVar settings from Section [ShadowQuality@3] File [D:/Unreal Engine/Network_Assignment/Network_Assignment/Saved/Config/Windows/Scalability.ini]
[2021.01.28-12.32.55:492][  0]LogConfig: Setting CVar [[r.LightFunctionQuality:1]]
[2021.01.28-12.32.55:492][  0]LogConfig: Setting CVar [[r.ShadowQuality:5]]
[2021.01.28-12.32.55:492][  0]LogConfig: Setting CVar [[r.Shadow.CSM.MaxCascades:10]]
[2021.01.28-12.32.55:492][  0]LogConfig: Setting CVar [[r.Shadow.MaxResolution:2048]]
[2021.01.28-12.32.55:492][  0]LogConfig: Setting CVar [[r.Shadow.MaxCSMResolution:2048]]
[2021.01.28-12.32.55:492][  0]LogConfig: Setting CVar [[r.Shadow.RadiusThreshold:0.01]]
[2021.01.28-12.32.55:492][  0]LogConfig: Setting CVar [[r.Shadow.DistanceScale:1.0]]
[2021.01.28-12.32.55:492][  0]LogConfig: Setting CVar [[r.Shadow.CSM.TransitionScale:1.0]]
[2021.01.28-12.32.55:492][  0]LogConfig: Setting CVar [[r.Shadow.PreShadowResolutionFactor:1.0]]
[2021.01.28-12.32.55:492][  0]LogConfig: Setting CVar [[r.DistanceFieldShadowing:1]]
[2021.01.28-12.32.55:492][  0]LogConfig: Setting CVar [[r.DistanceFieldAO:1]]
[2021.01.28-12.32.55:492][  0]LogConfig: Setting CVar [[r.AOQuality:2]]
[2021.01.28-12.32.55:492][  0]LogConfig: Setting CVar [[r.VolumetricFog:1]]
[2021.01.28-12.32.55:493][  0]LogConfig: Setting CVar [[r.VolumetricFog.GridPixelSize:8]]
[2021.01.28-12.32.55:493][  0]LogConfig: Setting CVar [[r.VolumetricFog.GridSizeZ:128]]
[2021.01.28-12.32.55:493][  0]LogConfig: Setting CVar [[r.VolumetricFog.HistoryMissSupersampleCount:4]]
[2021.01.28-12.32.55:493][  0]LogConfig: Setting CVar [[r.LightMaxDrawDistanceScale:1]]
[2021.01.28-12.32.55:493][  0]LogConfig: Setting CVar [[r.CapsuleShadows:1]]
[2021.01.28-12.32.55:493][  0]LogConfig: Applying CVar settings from Section [PostProcessQuality@3] File [D:/Unreal Engine/Network_Assignment/Network_Assignment/Saved/Config/Windows/Scalability.ini]
[2021.01.28-12.32.55:493][  0]LogConfig: Setting CVar [[r.MotionBlurQuality:4]]
[2021.01.28-12.32.55:493][  0]LogConfig: Setting CVar [[r.AmbientOcclusionMipLevelFactor:0.4]]
[2021.01.28-12.32.55:493][  0]LogConfig: Setting CVar [[r.AmbientOcclusionMaxQuality:100]]
[2021.01.28-12.32.55:493][  0]LogConfig: Setting CVar [[r.AmbientOcclusionLevels:-1]]
[2021.01.28-12.32.55:493][  0]LogConfig: Setting CVar [[r.AmbientOcclusionRadiusScale:1.0]]
[2021.01.28-12.32.55:493][  0]LogConfig: Setting CVar [[r.DepthOfFieldQuality:2]]
[2021.01.28-12.32.55:493][  0]LogConfig: Setting CVar [[r.RenderTargetPoolMin:400]]
[2021.01.28-12.32.55:493][  0]LogConfig: Setting CVar [[r.LensFlareQuality:2]]
[2021.01.28-12.32.55:493][  0]LogConfig: Setting CVar [[r.SceneColorFringeQuality:1]]
[2021.01.28-12.32.55:493][  0]LogConfig: Setting CVar [[r.EyeAdaptationQuality:2]]
[2021.01.28-12.32.55:493][  0]LogConfig: Setting CVar [[r.BloomQuality:5]]
[2021.01.28-12.32.55:493][  0]LogConfig: Setting CVar [[r.FastBlurThreshold:100]]
[2021.01.28-12.32.55:493][  0]LogConfig: Setting CVar [[r.Upscale.Quality:3]]
[2021.01.28-12.32.55:493][  0]LogConfig: Setting CVar [[r.Tonemapper.GrainQuantization:1]]
[2021.01.28-12.32.55:493][  0]LogConfig: Setting CVar [[r.LightShaftQuality:1]]
[2021.01.28-12.32.55:493][  0]LogConfig: Setting CVar [[r.Filter.SizeScale:1]]
[2021.01.28-12.32.55:493][  0]LogConfig: Setting CVar [[r.Tonemapper.Quality:5]]
[2021.01.28-12.32.55:493][  0]LogConfig: Setting CVar [[r.DOF.Gather.AccumulatorQuality:1        ; higher gathering accumulator quality]]
[2021.01.28-12.32.55:493][  0]LogConfig: Setting CVar [[r.DOF.Gather.PostfilterMethod:1          ; Median3x3 postfilering method]]
[2021.01.28-12.32.55:494][  0]LogConfig: Setting CVar [[r.DOF.Gather.EnableBokehSettings:0       ; no bokeh simulation when gathering]]
[2021.01.28-12.32.55:494][  0]LogConfig: Setting CVar [[r.DOF.Gather.RingCount:4                 ; medium number of samples when gathering]]
[2021.01.28-12.32.55:494][  0]LogConfig: Setting CVar [[r.DOF.Scatter.ForegroundCompositing:1    ; additive foreground scattering]]
[2021.01.28-12.32.55:494][  0]LogConfig: Setting CVar [[r.DOF.Scatter.BackgroundCompositing:2    ; additive background scattering]]
[2021.01.28-12.32.55:494][  0]LogConfig: Setting CVar [[r.DOF.Scatter.EnableBokehSettings:1      ; bokeh simulation when scattering]]
[2021.01.28-12.32.55:494][  0]LogConfig: Setting CVar [[r.DOF.Scatter.MaxSpriteRatio:0.1         ; only a maximum of 10% of scattered bokeh]]
[2021.01.28-12.32.55:494][  0]LogConfig: Setting CVar [[r.DOF.Recombine.Quality:1                ; cheap slight out of focus]]
[2021.01.28-12.32.55:494][  0]LogConfig: Setting CVar [[r.DOF.Recombine.EnableBokehSettings:0    ; no bokeh simulation on slight out of focus]]
[2021.01.28-12.32.55:494][  0]LogConfig: Setting CVar [[r.DOF.TemporalAAQuality:1                ; more stable temporal accumulation]]
[2021.01.28-12.32.55:494][  0]LogConfig: Setting CVar [[r.DOF.Kernel.MaxForegroundRadius:0.025]]
[2021.01.28-12.32.55:494][  0]LogConfig: Setting CVar [[r.DOF.Kernel.MaxBackgroundRadius:0.025]]
[2021.01.28-12.32.55:494][  0]LogConfig: Applying CVar settings from Section [TextureQuality@3] File [D:/Unreal Engine/Network_Assignment/Network_Assignment/Saved/Config/Windows/Scalability.ini]
[2021.01.28-12.32.55:494][  0]LogConfig: Setting CVar [[r.Streaming.MipBias:0]]
[2021.01.28-12.32.55:494][  0]LogConfig: Setting CVar [[r.Streaming.AmortizeCPUToGPUCopy:0]]
[2021.01.28-12.32.55:494][  0]LogConfig: Setting CVar [[r.Streaming.MaxNumTexturesToStreamPerFrame:0]]
[2021.01.28-12.32.55:494][  0]LogConfig: Setting CVar [[r.Streaming.Boost:1]]
[2021.01.28-12.32.55:494][  0]LogConfig: Setting CVar [[r.MaxAnisotropy:8]]
[2021.01.28-12.32.55:494][  0]LogConfig: Setting CVar [[r.VT.MaxAnisotropy:8]]
[2021.01.28-12.32.55:494][  0]LogConfig: Setting CVar [[r.Streaming.LimitPoolSizeToVRAM:0]]
[2021.01.28-12.32.55:494][  0]LogConfig: Setting CVar [[r.Streaming.PoolSize:1000]]
[2021.01.28-12.32.55:494][  0]LogConfig: Setting CVar [[r.Streaming.MaxEffectiveScreenSize:0]]
[2021.01.28-12.32.55:494][  0]LogConfig: Applying CVar settings from Section [EffectsQuality@3] File [D:/Unreal Engine/Network_Assignment/Network_Assignment/Saved/Config/Windows/Scalability.ini]
[2021.01.28-12.32.55:495][  0]LogConfig: Setting CVar [[r.TranslucencyLightingVolumeDim:64]]
[2021.01.28-12.32.55:495][  0]LogConfig: Setting CVar [[r.RefractionQuality:2]]
[2021.01.28-12.32.55:495][  0]LogConfig: Setting CVar [[r.SSR.Quality:3]]
[2021.01.28-12.32.55:495][  0]LogConfig: Setting CVar [[r.SSR.HalfResSceneColor:0]]
[2021.01.28-12.32.55:495][  0]LogConfig: Setting CVar [[r.SceneColorFormat:4]]
[2021.01.28-12.32.55:495][  0]LogConfig: Setting CVar [[r.DetailMode:2]]
[2021.01.28-12.32.55:495][  0]LogConfig: Setting CVar [[r.TranslucencyVolumeBlur:1]]
[2021.01.28-12.32.55:495][  0]LogConfig: Setting CVar [[r.MaterialQualityLevel:1 ; High quality]]
[2021.01.28-12.32.55:495][  0]LogConfig: Setting CVar [[r.SSS.Scale:1]]
[2021.01.28-12.32.55:495][  0]LogConfig: Setting CVar [[r.SSS.SampleSet:2]]
[2021.01.28-12.32.55:495][  0]LogConfig: Setting CVar [[r.SSS.Quality:1]]
[2021.01.28-12.32.55:495][  0]LogConfig: Setting CVar [[r.SSS.HalfRes:0]]
[2021.01.28-12.32.55:495][  0]LogConfig: Setting CVar [[r.SSGI.Quality:3]]
[2021.01.28-12.32.55:495][  0]LogConfig: Setting CVar [[r.EmitterSpawnRateScale:1.0]]
[2021.01.28-12.32.55:495][  0]LogConfig: Setting CVar [[r.ParticleLightQuality:2]]
[2021.01.28-12.32.55:495][  0]LogConfig: Setting CVar [[r.SkyAtmosphere.AerialPerspectiveLUT.FastApplyOnOpaque:1 ; Always have FastSkyLUT 1 in this case to avoid wrong sky]]
[2021.01.28-12.32.55:495][  0]LogConfig: Setting CVar [[r.SkyAtmosphere.AerialPerspectiveLUT.SampleCountPerSlice:1]]
[2021.01.28-12.32.55:495][  0]LogConfig: Setting CVar [[r.SkyAtmosphere.AerialPerspectiveLUT.DepthResolution:16.0]]
[2021.01.28-12.32.55:495][  0]LogConfig: Setting CVar [[r.SkyAtmosphere.FastSkyLUT:1]]
[2021.01.28-12.32.55:495][  0]LogConfig: Setting CVar [[r.SkyAtmosphere.FastSkyLUT.SampleCountMin:4.0]]
[2021.01.28-12.32.55:495][  0]LogConfig: Setting CVar [[r.SkyAtmosphere.FastSkyLUT.SampleCountMax:32.0]]
[2021.01.28-12.32.55:495][  0]LogConfig: Setting CVar [[r.SkyAtmosphere.SampleCountMin:4.0]]
[2021.01.28-12.32.55:496][  0]LogConfig: Setting CVar [[r.SkyAtmosphere.SampleCountMax:32.0]]
[2021.01.28-12.32.55:496][  0]LogConfig: Setting CVar [[r.SkyAtmosphere.TransmittanceLUT.UseSmallFormat:0]]
[2021.01.28-12.32.55:496][  0]LogConfig: Setting CVar [[r.SkyAtmosphere.TransmittanceLUT.SampleCount:10.0]]
[2021.01.28-12.32.55:496][  0]LogConfig: Setting CVar [[r.SkyAtmosphere.MultiScatteringLUT.SampleCount:15.0]]
[2021.01.28-12.32.55:496][  0]LogConfig: Applying CVar settings from Section [FoliageQuality@3] File [D:/Unreal Engine/Network_Assignment/Network_Assignment/Saved/Config/Windows/Scalability.ini]
[2021.01.28-12.32.55:496][  0]LogConfig: Setting CVar [[foliage.DensityScale:1.0]]
[2021.01.28-12.32.55:496][  0]LogConfig: Setting CVar [[grass.DensityScale:1.0]]
[2021.01.28-12.32.55:496][  0]LogConfig: Applying CVar settings from Section [ShadingQuality@3] File [D:/Unreal Engine/Network_Assignment/Network_Assignment/Saved/Config/Windows/Scalability.ini]
[2021.01.28-12.32.55:496][  0]LogConfig: Setting CVar [[r.HairStrands.SkyLighting.SampleCount:16]]
[2021.01.28-12.32.55:496][  0]LogConfig: Setting CVar [[r.HairStrands.SkyLighting.JitterIntegration:0]]
[2021.01.28-12.32.55:496][  0]LogConfig: Setting CVar [[r.HairStrands.SkyAO.SampleCount:16]]
[2021.01.28-12.32.55:496][  0]LogConfig: Setting CVar [[r.HairStrands.DeepShadow.SuperSampling:0]]
[2021.01.28-12.32.55:496][  0]LogConfig: Setting CVar [[r.HairStrands.VisibilityPPLL:0]]
[2021.01.28-12.32.55:496][  0]LogConfig: Setting CVar [[r.HairStrands.RasterizationScale:0.5]]
[2021.01.28-12.32.55:496][  0]LogConfig: Setting CVar [[r.HairStrands.VelocityRasterizationScale:1]]
[2021.01.28-12.32.55:496][  0]LogInit: Selected Device Profile: [Windows]
[2021.01.28-12.32.55:496][  0]LogInit: Applying CVar settings loaded from the selected device profile: [Windows]
[2021.01.28-12.32.55:496][  0]LogHAL: Display: Platform has ~ 16 GB [17109352448 / 17179869184 / 16], which maps to Larger [LargestMinGB=32, LargerMinGB=12, DefaultMinGB=8, SmallerMinGB=6, SmallestMinGB=0)
[2021.01.28-12.32.55:496][  0]LogInit: Going up to parent DeviceProfile []
[2021.01.28-12.32.55:496][  0]LogConfig: Applying CVar settings from Section [ViewDistanceQuality@3] File [D:/Unreal Engine/Network_Assignment/Network_Assignment/Saved/Config/Windows/Scalability.ini]
[2021.01.28-12.32.55:496][  0]LogConfig: Setting CVar [[r.SkeletalMeshLODBias:0]]
[2021.01.28-12.32.55:496][  0]LogConfig: Setting CVar [[r.ViewDistanceScale:1.0]]
[2021.01.28-12.32.55:497][  0]LogConfig: Applying CVar settings from Section [AntiAliasingQuality@3] File [D:/Unreal Engine/Network_Assignment/Network_Assignment/Saved/Config/Windows/Scalability.ini]
[2021.01.28-12.32.55:497][  0]LogConfig: Setting CVar [[r.PostProcessAAQuality:4]]
[2021.01.28-12.32.55:497][  0]LogConfig: Applying CVar settings from Section [ShadowQuality@3] File [D:/Unreal Engine/Network_Assignment/Network_Assignment/Saved/Config/Windows/Scalability.ini]
[2021.01.28-12.32.55:497][  0]LogConfig: Setting CVar [[r.LightFunctionQuality:1]]
[2021.01.28-12.32.55:497][  0]LogConfig: Setting CVar [[r.ShadowQuality:5]]
[2021.01.28-12.32.55:497][  0]LogConfig: Setting CVar [[r.Shadow.CSM.MaxCascades:10]]
[2021.01.28-12.32.55:497][  0]LogConfig: Setting CVar [[r.Shadow.MaxResolution:2048]]
[2021.01.28-12.32.55:497][  0]LogConfig: Setting CVar [[r.Shadow.MaxCSMResolution:2048]]
[2021.01.28-12.32.55:497][  0]LogConfig: Setting CVar [[r.Shadow.RadiusThreshold:0.01]]
[2021.01.28-12.32.55:497][  0]LogConfig: Setting CVar [[r.Shadow.DistanceScale:1.0]]
[2021.01.28-12.32.55:497][  0]LogConfig: Setting CVar [[r.Shadow.CSM.TransitionScale:1.0]]
[2021.01.28-12.32.55:498][  0]LogConfig: Setting CVar [[r.Shadow.PreShadowResolutionFactor:1.0]]
[2021.01.28-12.32.55:499][  0]LogConfig: Setting CVar [[r.DistanceFieldShadowing:1]]
[2021.01.28-12.32.55:499][  0]LogConfig: Setting CVar [[r.DistanceFieldAO:1]]
[2021.01.28-12.32.55:499][  0]LogConfig: Setting CVar [[r.AOQuality:2]]
[2021.01.28-12.32.55:499][  0]LogConfig: Setting CVar [[r.VolumetricFog:1]]
[2021.01.28-12.32.55:503][  0]LogConfig: Setting CVar [[r.VolumetricFog.GridPixelSize:8]]
[2021.01.28-12.32.55:503][  0]LogConfig: Setting CVar [[r.VolumetricFog.GridSizeZ:128]]
[2021.01.28-12.32.55:504][  0]LogConfig: Setting CVar [[r.VolumetricFog.HistoryMissSupersampleCount:4]]
[2021.01.28-12.32.55:504][  0]LogConfig: Setting CVar [[r.LightMaxDrawDistanceScale:1]]
[2021.01.28-12.32.55:504][  0]LogConfig: Setting CVar [[r.CapsuleShadows:1]]
[2021.01.28-12.32.55:504][  0]LogConfig: Applying CVar settings from Section [PostProcessQuality@3] File [D:/Unreal Engine/Network_Assignment/Network_Assignment/Saved/Config/Windows/Scalability.ini]
[2021.01.28-12.32.55:504][  0]LogConfig: Setting CVar [[r.MotionBlurQuality:4]]
[2021.01.28-12.32.55:504][  0]LogConfig: Setting CVar [[r.AmbientOcclusionMipLevelFactor:0.4]]
[2021.01.28-12.32.55:505][  0]LogConfig: Setting CVar [[r.AmbientOcclusionMaxQuality:100]]
[2021.01.28-12.32.55:505][  0]LogConfig: Setting CVar [[r.AmbientOcclusionLevels:-1]]
[2021.01.28-12.32.55:505][  0]LogConfig: Setting CVar [[r.AmbientOcclusionRadiusScale:1.0]]
[2021.01.28-12.32.55:505][  0]LogConfig: Setting CVar [[r.DepthOfFieldQuality:2]]
[2021.01.28-12.32.55:505][  0]LogConfig: Setting CVar [[r.RenderTargetPoolMin:400]]
[2021.01.28-12.32.55:505][  0]LogConfig: Setting CVar [[r.LensFlareQuality:2]]
[2021.01.28-12.32.55:506][  0]LogConfig: Setting CVar [[r.SceneColorFringeQuality:1]]
[2021.01.28-12.32.55:506][  0]LogConfig: Setting CVar [[r.EyeAdaptationQuality:2]]
[2021.01.28-12.32.55:506][  0]LogConfig: Setting CVar [[r.BloomQuality:5]]
[2021.01.28-12.32.55:506][  0]LogConfig: Setting CVar [[r.FastBlurThreshold:100]]
[2021.01.28-12.32.55:506][  0]LogConfig: Setting CVar [[r.Upscale.Quality:3]]
[2021.01.28-12.32.55:507][  0]LogConfig: Setting CVar [[r.Tonemapper.GrainQuantization:1]]
[2021.01.28-12.32.55:507][  0]LogConfig: Setting CVar [[r.LightShaftQuality:1]]
[2021.01.28-12.32.55:507][  0]LogConfig: Setting CVar [[r.Filter.SizeScale:1]]
[2021.01.28-12.32.55:507][  0]LogConfig: Setting CVar [[r.Tonemapper.Quality:5]]
[2021.01.28-12.32.55:507][  0]LogConfig: Setting CVar [[r.DOF.Gather.AccumulatorQuality:1        ; higher gathering accumulator quality]]
[2021.01.28-12.32.55:507][  0]LogConfig: Setting CVar [[r.DOF.Gather.PostfilterMethod:1          ; Median3x3 postfilering method]]
[2021.01.28-12.32.55:508][  0]LogConfig: Setting CVar [[r.DOF.Gather.EnableBokehSettings:0       ; no bokeh simulation when gathering]]
[2021.01.28-12.32.55:514][  0]LogConfig: Setting CVar [[r.DOF.Gather.RingCount:4                 ; medium number of samples when gathering]]
[2021.01.28-12.32.55:515][  0]LogConfig: Setting CVar [[r.DOF.Scatter.ForegroundCompositing:1    ; additive foreground scattering]]
[2021.01.28-12.32.55:520][  0]LogConfig: Setting CVar [[r.DOF.Scatter.BackgroundCompositing:2    ; additive background scattering]]
[2021.01.28-12.32.55:521][  0]LogConfig: Setting CVar [[r.DOF.Scatter.EnableBokehSettings:1      ; bokeh simulation when scattering]]
[2021.01.28-12.32.55:521][  0]LogConfig: Setting CVar [[r.DOF.Scatter.MaxSpriteRatio:0.1         ; only a maximum of 10% of scattered bokeh]]
[2021.01.28-12.32.55:521][  0]LogConfig: Setting CVar [[r.DOF.Recombine.Quality:1                ; cheap slight out of focus]]
[2021.01.28-12.32.55:522][  0]LogConfig: Setting CVar [[r.DOF.Recombine.EnableBokehSettings:0    ; no bokeh simulation on slight out of focus]]
[2021.01.28-12.32.55:522][  0]LogConfig: Setting CVar [[r.DOF.TemporalAAQuality:1                ; more stable temporal accumulation]]
[2021.01.28-12.32.55:522][  0]LogConfig: Setting CVar [[r.DOF.Kernel.MaxForegroundRadius:0.025]]
[2021.01.28-12.32.55:523][  0]LogConfig: Setting CVar [[r.DOF.Kernel.MaxBackgroundRadius:0.025]]
[2021.01.28-12.32.55:523][  0]LogConfig: Applying CVar settings from Section [TextureQuality@3] File [D:/Unreal Engine/Network_Assignment/Network_Assignment/Saved/Config/Windows/Scalability.ini]
[2021.01.28-12.32.55:523][  0]LogConfig: Setting CVar [[r.Streaming.MipBias:0]]
[2021.01.28-12.32.55:523][  0]LogConfig: Setting CVar [[r.Streaming.AmortizeCPUToGPUCopy:0]]
[2021.01.28-12.32.55:523][  0]LogConfig: Setting CVar [[r.Streaming.MaxNumTexturesToStreamPerFrame:0]]
[2021.01.28-12.32.55:523][  0]LogConfig: Setting CVar [[r.Streaming.Boost:1]]
[2021.01.28-12.32.55:523][  0]LogConfig: Setting CVar [[r.MaxAnisotropy:8]]
[2021.01.28-12.32.55:524][  0]LogConfig: Setting CVar [[r.VT.MaxAnisotropy:8]]
[2021.01.28-12.32.55:524][  0]LogConfig: Setting CVar [[r.Streaming.LimitPoolSizeToVRAM:0]]
[2021.01.28-12.32.55:526][  0]LogConfig: Setting CVar [[r.Streaming.PoolSize:1000]]
[2021.01.28-12.32.55:526][  0]LogConfig: Setting CVar [[r.Streaming.MaxEffectiveScreenSize:0]]
[2021.01.28-12.32.55:526][  0]LogConfig: Applying CVar settings from Section [EffectsQuality@3] File [D:/Unreal Engine/Network_Assignment/Network_Assignment/Saved/Config/Windows/Scalability.ini]
[2021.01.28-12.32.55:526][  0]LogConfig: Setting CVar [[r.TranslucencyLightingVolumeDim:64]]
[2021.01.28-12.32.55:526][  0]LogConfig: Setting CVar [[r.RefractionQuality:2]]
[2021.01.28-12.32.55:527][  0]LogConfig: Setting CVar [[r.SSR.Quality:3]]
[2021.01.28-12.32.55:528][  0]LogConfig: Setting CVar [[r.SSR.HalfResSceneColor:0]]
[2021.01.28-12.32.55:528][  0]LogConfig: Setting CVar [[r.SceneColorFormat:4]]
[2021.01.28-12.32.55:529][  0]LogConfig: Setting CVar [[r.DetailMode:2]]
[2021.01.28-12.32.55:529][  0]LogConfig: Setting CVar [[r.TranslucencyVolumeBlur:1]]
[2021.01.28-12.32.55:529][  0]LogConfig: Setting CVar [[r.MaterialQualityLevel:1 ; High quality]]
[2021.01.28-12.32.55:529][  0]LogConfig: Setting CVar [[r.SSS.Scale:1]]
[2021.01.28-12.32.55:529][  0]LogConfig: Setting CVar [[r.SSS.SampleSet:2]]
[2021.01.28-12.32.55:529][  0]LogConfig: Setting CVar [[r.SSS.Quality:1]]
[2021.01.28-12.32.55:529][  0]LogConfig: Setting CVar [[r.SSS.HalfRes:0]]
[2021.01.28-12.32.55:529][  0]LogConfig: Setting CVar [[r.SSGI.Quality:3]]
[2021.01.28-12.32.55:529][  0]LogConfig: Setting CVar [[r.EmitterSpawnRateScale:1.0]]
[2021.01.28-12.32.55:529][  0]LogConfig: Setting CVar [[r.ParticleLightQuality:2]]
[2021.01.28-12.32.55:529][  0]LogConfig: Setting CVar [[r.SkyAtmosphere.AerialPerspectiveLUT.FastApplyOnOpaque:1 ; Always have FastSkyLUT 1 in this case to avoid wrong sky]]
[2021.01.28-12.32.55:529][  0]LogConfig: Setting CVar [[r.SkyAtmosphere.AerialPerspectiveLUT.SampleCountPerSlice:1]]
[2021.01.28-12.32.55:529][  0]LogConfig: Setting CVar [[r.SkyAtmosphere.AerialPerspectiveLUT.DepthResolution:16.0]]
[2021.01.28-12.32.55:529][  0]LogConfig: Setting CVar [[r.SkyAtmosphere.FastSkyLUT:1]]
[2021.01.28-12.32.55:530][  0]LogConfig: Setting CVar [[r.SkyAtmosphere.FastSkyLUT.SampleCountMin:4.0]]
[2021.01.28-12.32.55:530][  0]LogConfig: Setting CVar [[r.SkyAtmosphere.FastSkyLUT.SampleCountMax:32.0]]
[2021.01.28-12.32.55:530][  0]LogConfig: Setting CVar [[r.SkyAtmosphere.SampleCountMin:4.0]]
[2021.01.28-12.32.55:530][  0]LogConfig: Setting CVar [[r.SkyAtmosphere.SampleCountMax:32.0]]
[2021.01.28-12.32.55:530][  0]LogConfig: Setting CVar [[r.SkyAtmosphere.TransmittanceLUT.UseSmallFormat:0]]
[2021.01.28-12.32.55:530][  0]LogConfig: Setting CVar [[r.SkyAtmosphere.TransmittanceLUT.SampleCount:10.0]]
[2021.01.28-12.32.55:530][  0]LogConfig: Setting CVar [[r.SkyAtmosphere.MultiScatteringLUT.SampleCount:15.0]]
[2021.01.28-12.32.55:530][  0]LogConfig: Applying CVar settings from Section [FoliageQuality@3] File [D:/Unreal Engine/Network_Assignment/Network_Assignment/Saved/Config/Windows/Scalability.ini]
[2021.01.28-12.32.55:531][  0]LogConfig: Setting CVar [[foliage.DensityScale:1.0]]
[2021.01.28-12.32.55:531][  0]LogConfig: Setting CVar [[grass.DensityScale:1.0]]
[2021.01.28-12.32.55:531][  0]LogConfig: Applying CVar settings from Section [ShadingQuality@3] File [D:/Unreal Engine/Network_Assignment/Network_Assignment/Saved/Config/Windows/Scalability.ini]
[2021.01.28-12.32.55:531][  0]LogConfig: Setting CVar [[r.HairStrands.SkyLighting.SampleCount:16]]
[2021.01.28-12.32.55:531][  0]LogConfig: Setting CVar [[r.HairStrands.SkyLighting.JitterIntegration:0]]
[2021.01.28-12.32.55:531][  0]LogConfig: Setting CVar [[r.HairStrands.SkyAO.SampleCount:16]]
[2021.01.28-12.32.55:531][  0]LogConfig: Setting CVar [[r.HairStrands.DeepShadow.SuperSampling:0]]
[2021.01.28-12.32.55:531][  0]LogConfig: Setting CVar [[r.HairStrands.VisibilityPPLL:0]]
[2021.01.28-12.32.55:531][  0]LogConfig: Setting CVar [[r.HairStrands.RasterizationScale:0.5]]
[2021.01.28-12.32.55:531][  0]LogConfig: Setting CVar [[r.HairStrands.VelocityRasterizationScale:1]]
[2021.01.28-12.32.55:532][  0]LogConfig: Applying CVar settings from Section [Startup] File [../../../Engine/Config/ConsoleVariables.ini]
[2021.01.28-12.32.55:532][  0]LogConfig: Setting CVar [[net.UseAdaptiveNetUpdateFrequency:0]]
[2021.01.28-12.32.55:533][  0]LogConfig: Setting CVar [[p.chaos.AllowCreatePhysxBodies:1]]
[2021.01.28-12.32.55:533][  0]LogConfig: Setting CVar [[fx.SkipVectorVMBackendOptimizations:1]]
[2021.01.28-12.32.55:533][  0]LogConfig: Applying CVar settings from Section [ConsoleVariables] File [D:/Unreal Engine/Network_Assignment/Network_Assignment/Saved/Config/Windows/Engine.ini]
[2021.01.28-12.32.55:533][  0]LogInit: Computer: LEON-DATOR
[2021.01.28-12.32.55:533][  0]LogInit: User: Leon
[2021.01.28-12.32.55:533][  0]LogInit: CPU Page size=4096, Cores=4
[2021.01.28-12.32.55:533][  0]LogInit: High frequency timer resolution =10.000000 MHz
[2021.01.28-12.32.55:535][  0]LogMemory: Memory total: Physical=15.9GB (16GB approx)
[2021.01.28-12.32.55:535][  0]LogMemory: Platform Memory Stats for Windows
[2021.01.28-12.32.55:535][  0]LogMemory: Process Physical Memory: 116.30 MB used, 116.30 MB peak
[2021.01.28-12.32.55:536][  0]LogMemory: Process Virtual Memory: 104.40 MB used, 104.40 MB peak
[2021.01.28-12.32.55:536][  0]LogMemory: Physical Memory: 8683.06 MB used,  7633.69 MB free, 16316.75 MB total
[2021.01.28-12.32.55:537][  0]LogMemory: Virtual Memory: 5100.69 MB used,  134212624.00 MB free, 134217728.00 MB total
[2021.01.28-12.32.55:552][  0]LogWindows: WindowsPlatformFeatures enabled
[2021.01.28-12.32.58:439][  0]LogInit: Physics initialised using underlying interface: PhysX
[2021.01.28-12.32.58:450][  0]LogInit: Using OS detected language (en-US).
[2021.01.28-12.32.58:454][  0]LogInit: Using OS detected locale (sv-SE).
[2021.01.28-12.32.58:460][  0]LogTextLocalizationManager: No specific localization for 'en-US' exists, so the 'en' localization will be used.
[2021.01.28-12.32.58:689][  0]LogInit: Setting process to per monitor DPI aware
[2021.01.28-12.32.58:814][  0]LogSlate: New Slate User Created.  User Index 0, Is Virtual User: 0
[2021.01.28-12.32.58:815][  0]LogSlate: Slate User Registered.  User Index 0, Is Virtual User: 0
[2021.01.28-12.32.59:334][  0]LogHMD: Failed to initialize OpenVR with code 105
[2021.01.28-12.32.59:334][  0]LogD3D11RHI: D3D11 min allowed feature level: 11_0
[2021.01.28-12.32.59:334][  0]LogD3D11RHI: D3D11 max allowed feature level: 11_0
[2021.01.28-12.32.59:334][  0]LogD3D11RHI: D3D11 adapters:
[2021.01.28-12.32.59:490][  0]LogD3D11RHI:    0. 'NVIDIA GeForce GTX 970' (Feature Level 11_0)
[2021.01.28-12.32.59:490][  0]LogD3D11RHI:       4043/0/8158 MB DedicatedVideo/DedicatedSystem/SharedSystem, Outputs:2, VendorId:0x10de
[2021.01.28-12.32.59:531][  0]LogD3D11RHI:    1. 'Microsoft Basic Render Driver' (Feature Level 11_0)
[2021.01.28-12.32.59:531][  0]LogD3D11RHI:       0/0/8158 MB DedicatedVideo/DedicatedSystem/SharedSystem, Outputs:0, VendorId:0x1414
[2021.01.28-12.32.59:531][  0]LogD3D11RHI: Chosen D3D11 Adapter: 0
[2021.01.28-12.32.59:540][  0]LogD3D11RHI: Creating new Direct3DDevice
[2021.01.28-12.32.59:540][  0]LogD3D11RHI:     GPU DeviceId: 0x13c2 (for the marketing name, search the web for "GPU Device Id")
[2021.01.28-12.32.59:540][  0]LogWindows: EnumDisplayDevices:
[2021.01.28-12.32.59:541][  0]LogWindows:    0. 'NVIDIA GeForce GTX 970' (P:0 D:1)
[2021.01.28-12.32.59:541][  0]LogWindows:    1. 'NVIDIA GeForce GTX 970' (P:1 D:1)
[2021.01.28-12.32.59:542][  0]LogWindows:    2. 'NVIDIA GeForce GTX 970' (P:0 D:0)
[2021.01.28-12.32.59:543][  0]LogWindows:    3. 'NVIDIA GeForce GTX 970' (P:0 D:0)
[2021.01.28-12.32.59:543][  0]LogWindows: DebugString: FoundDriverCount:4 
[2021.01.28-12.32.59:543][  0]LogD3D11RHI:     Adapter Name: NVIDIA GeForce GTX 970
[2021.01.28-12.32.59:543][  0]LogD3D11RHI:   Driver Version: 456.71 (internal:27.21.14.5671, unified:456.71)
[2021.01.28-12.32.59:544][  0]LogD3D11RHI:      Driver Date: 9-30-2020
[2021.01.28-12.32.59:544][  0]LogRHI: Texture pool is 2830 MB (70% of 4043 MB)
[2021.01.28-12.32.59:620][  0]LogD3D11RHI: RHI has support for 64 bit atomics
[2021.01.28-12.32.59:620][  0]LogD3D11RHI: Async texture creation enabled
[2021.01.28-12.32.59:620][  0]LogD3D11RHI: Array index from any shader is supported
[2021.01.28-12.32.59:655][  0]LogD3D11RHI: GPU Timing Frequency: 1000.000000 (Debug: 2 1)
[2021.01.28-12.33.00:768][  0]LogTargetPlatformManager: Display: Loaded TargetPlatform 'AllDesktop'
[2021.01.28-12.33.00:804][  0]LogTargetPlatformManager: Display: Loaded TargetPlatform 'Android'
[2021.01.28-12.33.00:804][  0]LogTargetPlatformManager: Display: Loaded TargetPlatform 'Android_ASTC'
[2021.01.28-12.33.00:805][  0]LogTargetPlatformManager: Display: Loaded TargetPlatform 'Android_DXT'
[2021.01.28-12.33.00:805][  0]LogTargetPlatformManager: Display: Loaded TargetPlatform 'Android_ETC2'
[2021.01.28-12.33.00:805][  0]LogTargetPlatformManager: Display: Loaded TargetPlatform 'AndroidClient'
[2021.01.28-12.33.00:805][  0]LogTargetPlatformManager: Display: Loaded TargetPlatform 'Android_ASTCClient'
[2021.01.28-12.33.00:805][  0]LogTargetPlatformManager: Display: Loaded TargetPlatform 'Android_DXTClient'
[2021.01.28-12.33.00:805][  0]LogTargetPlatformManager: Display: Loaded TargetPlatform 'Android_ETC2Client'
[2021.01.28-12.33.00:805][  0]LogTargetPlatformManager: Display: Loaded TargetPlatform 'Android_Multi'
[2021.01.28-12.33.00:805][  0]LogTargetPlatformManager: Display: Loaded TargetPlatform 'Android_MultiClient'
[2021.01.28-12.33.00:852][  0]LogTargetPlatformManager: Display: Loaded TargetPlatform 'IOSClient'
[2021.01.28-12.33.00:852][  0]LogTargetPlatformManager: Display: Loaded TargetPlatform 'IOS'
[2021.01.28-12.33.00:871][  0]LogTargetPlatformManager: Display: Loaded TargetPlatform 'Linux'
[2021.01.28-12.33.00:887][  0]LogTargetPlatformManager: Display: Loaded TargetPlatform 'LinuxNoEditor'
[2021.01.28-12.33.00:903][  0]LogTargetPlatformManager: Display: Loaded TargetPlatform 'LinuxClient'
[2021.01.28-12.33.00:919][  0]LogTargetPlatformManager: Display: Loaded TargetPlatform 'LinuxServer'
[2021.01.28-12.33.00:936][  0]LogTargetPlatformManager: Display: Loaded TargetPlatform 'LinuxAArch64NoEditor'
[2021.01.28-12.33.00:952][  0]LogTargetPlatformManager: Display: Loaded TargetPlatform 'LinuxAArch64Client'
[2021.01.28-12.33.00:968][  0]LogTargetPlatformManager: Display: Loaded TargetPlatform 'LinuxAArch64Server'
[2021.01.28-12.33.01:011][  0]LogTargetPlatformManager: Display: Loaded TargetPlatform 'Lumin'
[2021.01.28-12.33.01:016][  0]LogTargetPlatformManager: Display: Loaded TargetPlatform 'LuminClient'
[2021.01.28-12.33.01:045][  0]LogTargetPlatformManager: Display: Loaded TargetPlatform 'TVOSClient'
[2021.01.28-12.33.01:045][  0]LogTargetPlatformManager: Display: Loaded TargetPlatform 'TVOS'
[2021.01.28-12.33.01:070][  0]LogTargetPlatformManager: Display: Loaded TargetPlatform 'WindowsNoEditor'
[2021.01.28-12.33.01:088][  0]LogTargetPlatformManager: Display: Loaded TargetPlatform 'Windows'
[2021.01.28-12.33.01:105][  0]LogTargetPlatformManager: Display: Loaded TargetPlatform 'WindowsClient'
[2021.01.28-12.33.01:121][  0]LogTargetPlatformManager: Display: Loaded TargetPlatform 'WindowsServer'
[2021.01.28-12.33.01:121][  0]LogTargetPlatformManager: Display: Building Assets For Windows
[2021.01.28-12.33.01:150][  0]LogAudioDebug: Display: Lib vorbis DLL was dynamically loaded.
[2021.01.28-12.33.01:371][  0]LogShaderCompilers: Guid format shader working directory is -22 characters bigger than the processId version (../../../../../Unreal Engine/Network_Assignment/Network_Assignment/Intermediate/Shaders/WorkingDirectory/17264/).
[2021.01.28-12.33.01:372][  0]LogShaderCompilers: Cleaned the shader compiler working directory 'C:/Users/Leon/AppData/Local/Temp/UnrealShaderWorkingDir/E2EA221349A9EAF506B137BA4E9B1CAB/'.
[2021.01.28-12.33.01:373][  0]LogXGEController: Cannot use XGE Controller as Incredibuild is not installed on this machine.
[2021.01.28-12.33.01:373][  0]LogShaderCompilers: Cannot use XGE Shader Compiler as Incredibuild is not installed on this machine.
[2021.01.28-12.33.01:373][  0]LogShaderCompilers: Display: Using Local Shader Compiler.
[2021.01.28-12.33.02:460][  0]LogDerivedDataCache: Display: Max Cache Size: 512 MB
[2021.01.28-12.33.02:548][  0]LogDerivedDataCache: Loaded boot cache 0.06s 76MB C:/Users/Leon/AppData/Local/UnrealEngine/4.25/DerivedDataCache/Boot.ddc.
[2021.01.28-12.33.02:552][  0]LogDerivedDataCache: Display: Loaded Boot cache: C:/Users/Leon/AppData/Local/UnrealEngine/4.25/DerivedDataCache/Boot.ddc
[2021.01.28-12.33.02:552][  0]LogDerivedDataCache: FDerivedDataBackendGraph:  Pak pak cache file ../../../../../Unreal Engine/Network_Assignment/Network_Assignment/DerivedDataCache/DDC.ddp not found, will not use a pak cache.
[2021.01.28-12.33.02:552][  0]LogDerivedDataCache: Unable to find inner node Pak for hierarchical cache Hierarchy.
[2021.01.28-12.33.02:553][  0]LogDerivedDataCache: FDerivedDataBackendGraph:  CompressedPak pak cache file ../../../../../Unreal Engine/Network_Assignment/Network_Assignment/DerivedDataCache/Compressed.ddp not found, will not use a pak cache.
[2021.01.28-12.33.02:553][  0]LogDerivedDataCache: Unable to find inner node CompressedPak for hierarchical cache Hierarchy.
[2021.01.28-12.33.02:565][  0]LogDerivedDataCache: Display: Pak cache opened for reading ../../../Engine/DerivedDataCache/Compressed.ddp.
[2021.01.28-12.33.02:573][  0]LogDerivedDataCache: FDerivedDataBackendGraph:  EnterprisePak pak cache file ../../../Enterprise/DerivedDataCache/Compressed.ddp not found, will not use a pak cache.
[2021.01.28-12.33.02:573][  0]LogDerivedDataCache: Unable to find inner node EnterprisePak for hierarchical cache Hierarchy.
[2021.01.28-12.33.02:603][  0]LogDerivedDataCache: Using Local data cache path C:/Users/Leon/AppData/Local/UnrealEngine/Common/DerivedDataCache: Writable
[2021.01.28-12.33.02:603][  0]LogDerivedDataCache: Shared data cache path not found in *engine.ini, will not use an Shared cache.
[2021.01.28-12.33.02:603][  0]LogDerivedDataCache: Unable to find inner node Shared for hierarchical cache Hierarchy.
[2021.01.28-12.33.02:694][  0]LogSlate: Using FreeType 2.10.0
[2021.01.28-12.33.02:716][  0]LogSlate: SlateFontServices - WITH_FREETYPE: 1, WITH_HARFBUZZ: 1
[2021.01.28-12.33.02:828][  0]LogAssetRegistry: FAssetRegistry took 0.0206 seconds to start up
[2021.01.28-12.33.03:177][  0]LogInit: Selected Device Profile: [Windows]
[2021.01.28-12.33.03:420][  0]LogMeshReduction: Using QuadricMeshReduction for automatic static mesh reduction
[2021.01.28-12.33.03:420][  0]LogMeshReduction: Using SimplygonMeshReduction for automatic skeletal mesh reduction
[2021.01.28-12.33.03:420][  0]LogMeshReduction: Using ProxyLODMeshReduction for automatic mesh merging
[2021.01.28-12.33.03:420][  0]LogMeshReduction: No distributed automatic mesh merging module available
[2021.01.28-12.33.03:420][  0]LogMeshMerging: No distributed automatic mesh merging module available
[2021.01.28-12.33.03:462][  0]LogNetVersion: Network_Assignment 1.0.0, NetCL: 13144385, EngineNetVer: 14, GameNetVer: 0 (Checksum: 1997309246)
[2021.01.28-12.33.04:215][  0]LogAISub: UAISubsystem::UAISubsystem AISubsystem (000001E0FB5F8280), frame # 0
[2021.01.28-12.33.04:216][  0]LogAISub: UAISubsystem::UAISubsystem AIPerceptionSystem (000001E0FC52DE40), frame # 0
[2021.01.28-12.33.04:218][  0]LogAISub: UAISubsystem::UAISubsystem EnvQueryManager (000001E0FB585E00), frame # 0
[2021.01.28-12.33.04:303][  0]LogPackageLocalizationCache: Processed 19 localized package path(s) for 1 prioritized culture(s) in 0.063640 seconds
[2021.01.28-12.33.04:309][  0]LogUObjectArray: 15917 objects as part of root set at end of initial load.
[2021.01.28-12.33.04:309][  0]LogUObjectAllocator: 3965568 out of 0 bytes used by permanent object pool.
[2021.01.28-12.33.04:309][  0]LogUObjectArray: CloseDisregardForGC: 0/0 objects in disregard for GC pool
[2021.01.28-12.33.05:201][  0]LogTcpMessaging: Initializing TcpMessaging bridge
[2021.01.28-12.33.05:216][  0]LogUdpMessaging: Initializing bridge on interface 0.0.0.0:0 to multicast group 230.0.0.1:6666.
[2021.01.28-12.33.05:766][  0]SourceControl: Source control is disabled
[2021.01.28-12.33.05:766][  0]SourceControl: Source control is disabled
[2021.01.28-12.33.05:775][  0]SourceControl: Source control is disabled
[2021.01.28-12.33.05:782][  0]SourceControl: Source control is disabled
[2021.01.28-12.33.05:802][  0]SourceControl: Source control is disabled
[2021.01.28-12.33.06:342][  0]LogAndroidPermission: UAndroidPermissionCallbackProxy::GetInstance
[2021.01.28-12.33.06:391][  0]LogAudioCaptureCore: Display: No Audio Capture implementations found. Audio input will be silent.
[2021.01.28-12.33.06:392][  0]LogAudioCaptureCore: Display: No Audio Capture implementations found. Audio input will be silent.
[2021.01.28-12.33.06:489][  0]LogOcInput: OculusInput pre-init called
[2021.01.28-12.33.06:511][  0]LogWindows: Failed to load 'OVRPlugin.dll' (GetLastError=126)
[2021.01.28-12.33.06:511][  0]LogWindows: File 'OVRPlugin.dll' does not exist
[2021.01.28-12.33.06:623][  0]LogEngine: Initializing Engine...
[2021.01.28-12.33.06:641][  0]LogHMD: Failed to initialize OpenVR with code 105
[2021.01.28-12.33.06:641][  0]LogMagicLeap: Warning: VR disabled because ZI is not enabled.  To enable, in the editor, Edit -> Project Settings -> Plugins -> Magic Leap Plugin -> Enable Zero Iteration
[2021.01.28-12.33.06:642][  0]LogStats: UGameplayTagsManager::InitializeManager -  0.000 s
[2021.01.28-12.33.06:813][  0]LogInit: Initializing FReadOnlyCVARCache
[2021.01.28-12.33.06:836][  0]LogAIModule: Creating AISystem for world Untitled
[2021.01.28-12.33.06:836][  0]LogAISub: UAISubsystem::UAISubsystem EnvQueryManager (000001E082C49600), frame # 0
[2021.01.28-12.33.06:836][  0]LogAISub: UAISubsystem::UAISubsystem AIPerceptionSystem (000001E082C7AFC0), frame # 0
[2021.01.28-12.33.06:858][  0]LogAudioMixer: Display: Audio Mixer Platform Settings:
[2021.01.28-12.33.06:858][  0]LogAudioMixer: Display: 	Sample Rate:						  48000
[2021.01.28-12.33.06:859][  0]LogAudioMixer: Display: 	Callback Buffer Frame Size Requested: 1024
[2021.01.28-12.33.06:859][  0]LogAudioMixer: Display: 	Callback Buffer Frame Size To Use:	  1024
[2021.01.28-12.33.06:859][  0]LogAudioMixer: Display: 	Number of buffers to queue:			  2
[2021.01.28-12.33.06:859][  0]LogAudioMixer: Display: 	Max Channels (voices):				  32
[2021.01.28-12.33.06:859][  0]LogAudioMixer: Display: 	Number of Async Source Workers:		  0
[2021.01.28-12.33.06:859][  0]LogAudio: Display: AudioDevice MaxSources: 32
[2021.01.28-12.33.06:860][  0]LogAudio: Display: Using built-in audio occlusion.
[2021.01.28-12.33.06:860][  0]LogAudioMixer: Display: Initializing audio mixer.
[2021.01.28-12.33.06:896][  0]LogAudioMixer: Display: 0: FrontLeft
[2021.01.28-12.33.06:897][  0]LogAudioMixer: Display: 1: FrontRight
[2021.01.28-12.33.06:897][  0]LogAudioMixer: Display: 2: FrontCenter
[2021.01.28-12.33.06:897][  0]LogAudioMixer: Display: 3: LowFrequency
[2021.01.28-12.33.06:897][  0]LogAudioMixer: Display: 4: BackLeft
[2021.01.28-12.33.06:897][  0]LogAudioMixer: Display: 5: BackRight
[2021.01.28-12.33.06:897][  0]LogAudioMixer: Display: 6: SideLeft
[2021.01.28-12.33.06:897][  0]LogAudioMixer: Display: 7: SideRight
[2021.01.28-12.33.07:009][  0]LogAudioMixer: Display: Using Audio Device Högtalare (Realtek High Definition Audio)
[2021.01.28-12.33.07:013][  0]LogAudioMixer: Display: Initializing Sound Submixes...
[2021.01.28-12.33.07:017][  0]LogAudioMixer: Display: Creating Master Submix 'MasterSubmixDefault'
[2021.01.28-12.33.07:017][  0]LogAudioMixer: Display: Creating Master Submix 'MasterReverbSubmixDefault'
[2021.01.28-12.33.07:019][  0]LogAudioMixer: Display: Creating Master Submix 'MasterEQSubmixDefault'
[2021.01.28-12.33.07:024][  0]LogInit: FAudioDevice initialized.
[2021.01.28-12.33.07:024][  0]LogNetVersion: Set ProjectVersion to 1.0.0.0. Version Checksum will be recalculated on next use.
[2021.01.28-12.33.07:281][  0]LogDerivedDataCache: Saved boot cache 0.26s 76MB C:/Users/Leon/AppData/Local/UnrealEngine/4.25/DerivedDataCache/Boot.ddc.
[2021.01.28-12.33.07:283][  0]LogInit: Texture streaming: Enabled
[2021.01.28-12.33.07:324][  0]LogEngineSessionManager: EngineSessionManager initialized
[2021.01.28-12.33.07:324][  0]LogEditorSessionSummary: Verbose: Initializing EditorSessionSummaryWriter for editor session tracking
[2021.01.28-12.33.07:344][  0]LogEditorSessionSummary: EditorSessionSummaryWriter initialized
[2021.01.28-12.33.07:403][  0]LogInit: Transaction tracking system initialized
[2021.01.28-12.33.07:452][  0]BlueprintLog: New page: Editor Load
[2021.01.28-12.33.07:606][  0]LocalizationService: Localization service is disabled
[2021.01.28-12.33.07:913][  0]LogCook: Display: Max memory allowance for cook 16384mb min free memory 0mb
[2021.01.28-12.33.07:913][  0]LogCook: Display: Mobile HDR setting 1
[2021.01.28-12.33.08:047][  0]LogFileCache: Scanning file cache for directory 'D:/Unreal Engine/Network_Assignment/Network_Assignment/Content/' took 0.01s
[2021.01.28-12.33.08:795][  0]SourceControl: Source control is disabled
[2021.01.28-12.33.08:797][  0]LogUnrealEdMisc: Loading editor; pre map load, took 23.478
[2021.01.28-12.33.08:797][  0]Cmd: MAP LOAD FILE="../../../../../Unreal Engine/Network_Assignment/Network_Assignment/Content/Maps/MY_Map.umap" TEMPLATE=0 SHOWPROGRESS=1 FEATURELEVEL=3
[2021.01.28-12.33.08:798][  0]LightingResults: New page: Lighting Build
[2021.01.28-12.33.08:799][  0]LogWorld: UWorld::CleanupWorld for Untitled, bSessionEnded=true, bCleanupResources=true
[2021.01.28-12.33.08:800][  0]LogSlate: InvalidateAllWidgets triggered.  All widgets were invalidated
[2021.01.28-12.33.08:800][  0]MapCheck: New page: Map Check
[2021.01.28-12.33.08:800][  0]LightingResults: New page: Lighting Build
[2021.01.28-12.33.08:907][  0]LogAISub: UAISubsystem::~UAISubsystem EnvQueryManager (000001E082C49600), frame # 0
[2021.01.28-12.33.08:908][  0]LogAISub: UAISubsystem::~UAISubsystem AIPerceptionSystem (000001E082C7AFC0), frame # 0
[2021.01.28-12.33.08:909][  0]LogUObjectHash: Compacting FUObjectHashTables data took   1.02ms
[2021.01.28-12.33.09:091][  0]LogAIModule: Creating AISystem for world My_Map
[2021.01.28-12.33.09:100][  0]LogAISub: UAISubsystem::UAISubsystem EnvQueryManager (000001E08BEF2400), frame # 0
[2021.01.28-12.33.09:100][  0]LogAISub: UAISubsystem::UAISubsystem AIPerceptionSystem (000001E091BB5A80), frame # 0
[2021.01.28-12.33.09:108][  0]LogEditorServer: Finished looking for orphan Actors (0.000 secs)
[2021.01.28-12.33.09:154][  0]LogUObjectHash: Compacting FUObjectHashTables data took   0.95ms
[2021.01.28-12.33.09:155][  0]Cmd: MAP CHECKDEP NOCLEARLOG
[2021.01.28-12.33.09:155][  0]MapCheck: Map check complete: 0 Error(s), 0 Warning(s), took 0,087ms to complete.
[2021.01.28-12.33.09:155][  0]LogFileHelpers: Loading map 'MY_Map' took 0.358
[2021.01.28-12.33.09:158][  0]LogUnrealEdMisc: Total Editor Startup Time, took 23.839
[2021.01.28-12.33.09:335][  0]LogSlate: Updating window title bar state: overlay mode, drag disabled, window buttons hidden, title bar hidden
[2021.01.28-12.33.09:344][  0]LogSlate: Updating window title bar state: overlay mode, drag disabled, window buttons hidden, title bar hidden
[2021.01.28-12.33.09:353][  0]LogSlate: Updating window title bar state: overlay mode, drag disabled, window buttons hidden, title bar hidden
[2021.01.28-12.33.09:362][  0]LogSlate: Updating window title bar state: overlay mode, drag disabled, window buttons hidden, title bar hidden
[2021.01.28-12.33.09:383][  0]LogCollectionManager: Loaded 0 collections in 0.001882 seconds
[2021.01.28-12.33.09:412][  0]LogFileCache: Scanning file cache for directory 'D:/Unreal Engine/Network_Assignment/Network_Assignment/Saved/Collections/' took 0.00s
[2021.01.28-12.33.09:412][  0]LogFileCache: Scanning file cache for directory 'D:/Unreal Engine/Network_Assignment/Network_Assignment/Content/Developers/Leon/Collections/' took 0.00s
[2021.01.28-12.33.09:412][  0]LogFileCache: Scanning file cache for directory 'D:/Unreal Engine/Network_Assignment/Network_Assignment/Content/Collections/' took 0.00s
[2021.01.28-12.33.09:412][  0]LogContentBrowser: Native class hierarchy populated in 0.0136 seconds. Added 3434 classes and 823 folders.
[2021.01.28-12.33.09:417][  0]LogContentBrowser: Native class hierarchy updated for 'WidgetCarousel' in 0.0007 seconds. Added 0 classes and 0 folders.
[2021.01.28-12.33.09:634][  0]LogContentBrowser: Native class hierarchy updated for 'AddContentDialog' in 0.0007 seconds. Added 0 classes and 0 folders.
[2021.01.28-12.33.09:640][  0]LogContentBrowser: Native class hierarchy updated for 'SceneOutliner' in 0.0007 seconds. Added 2 classes and 0 folders.
[2021.01.28-12.33.09:776][  0]LogSlate: Took 0.000395 seconds to synchronously load lazily loaded font '../../../Engine/Content/Slate/Fonts/Roboto-Regular.ttf' (155K)
[2021.01.28-12.33.09:788][  0]LogSlate: Took 0.000491 seconds to synchronously load lazily loaded font '../../../Engine/Content/Slate/Fonts/Roboto-Bold.ttf' (160K)
[2021.01.28-12.33.09:795][  0]LogSlate: Took 0.000361 seconds to synchronously load lazily loaded font '../../../Engine/Content/Editor/Slate/Fonts/FontAwesome.ttf' (139K)
[2021.01.28-12.33.09:894][  0]LogRenderer: Reallocating scene render targets to support 1096x584 Format 10 NumSamples 1 (Frame:1).
[2021.01.28-12.33.10:069][  0]LogContentBrowser: Native class hierarchy updated for 'HierarchicalLODOutliner' in 0.0010 seconds. Added 0 classes and 0 folders.
[2021.01.28-12.33.10:069][  0]LogLoad: (Engine Initialization) Total time: 24.75 seconds
[2021.01.28-12.33.10:069][  0]LogLoad: (Engine Initialization) Total Blueprint compile time: 0.00 seconds
[2021.01.28-12.33.10:155][  0]LogAssetRegistry: Asset discovery search completed in 7.3457 seconds
[2021.01.28-12.33.10:173][  0]LogCollectionManager: Fixed up redirectors for 0 collections in 0.000002 seconds (updated 0 objects)
[2021.01.28-12.33.10:175][  0]LogContentStreaming: Texture pool size now 1000 MB
[2021.01.28-12.33.10:212][  0]LogSlate: Took 0.000334 seconds to synchronously load lazily loaded font '../../../Engine/Content/Slate/Fonts/Roboto-Light.ttf' (167K)
[2021.01.28-12.39.21:446][732]LogTemp: Repeating last play command: New Editor Window (PIE)
[2021.01.28-12.39.21:473][732]LogPlayLevel: PlayLevel: No blueprints needed recompiling
[2021.01.28-12.39.21:474][732]PIE: New page: PIE session: MY_Map (28 jan. 2021 14:39:21)
[2021.01.28-12.39.21:476][732]LogOnline: OSS: Creating online subsystem instance for: NULL
[2021.01.28-12.39.21:478][732]LogOnline: OSS: TryLoadSubsystemAndSetDefault: Loaded subsystem for module [NULL]
[2021.01.28-12.39.21:479][732]LogPlayLevel: Creating play world package: /Game/Maps/UEDPIE_0_MY_Map
[2021.01.28-12.39.21:486][732]LogPlayLevel: PIE: StaticDuplicateObject took: (0.007192s)
[2021.01.28-12.39.21:488][732]LogAIModule: Creating AISystem for world My_Map
[2021.01.28-12.39.21:488][732]LogAISub: UAISubsystem::UAISubsystem EnvQueryManager (000001E0A34AD800), frame # 32732
[2021.01.28-12.39.21:488][732]LogAISub: UAISubsystem::UAISubsystem AIPerceptionSystem (000001E091BB7D80), frame # 32732
[2021.01.28-12.39.21:489][732]LogPlayLevel: PIE: World Init took: (0.002413s)
[2021.01.28-12.39.21:489][732]LogPlayLevel: PIE: Created PIE world by copying editor world from /Game/Maps/MY_Map.My_Map to /Game/Maps/UEDPIE_0_MY_Map.My_Map (0.010145s)
[2021.01.28-12.39.21:497][732]LogUObjectHash: Compacting FUObjectHashTables data took   0.84ms
[2021.01.28-12.39.21:500][732]LogAudioMixer: Display: Audio Mixer Platform Settings:
[2021.01.28-12.39.21:500][732]LogAudioMixer: Display: 	Sample Rate:						  48000
[2021.01.28-12.39.21:500][732]LogAudioMixer: Display: 	Callback Buffer Frame Size Requested: 1024
[2021.01.28-12.39.21:500][732]LogAudioMixer: Display: 	Callback Buffer Frame Size To Use:	  1024
[2021.01.28-12.39.21:500][732]LogAudioMixer: Display: 	Number of buffers to queue:			  2
[2021.01.28-12.39.21:500][732]LogAudioMixer: Display: 	Max Channels (voices):				  32
[2021.01.28-12.39.21:500][732]LogAudioMixer: Display: 	Number of Async Source Workers:		  0
[2021.01.28-12.39.21:500][732]LogAudio: Display: AudioDevice MaxSources: 32
[2021.01.28-12.39.21:501][732]LogAudio: Display: Using built-in audio occlusion.
[2021.01.28-12.39.21:501][732]LogAudioMixer: Display: Initializing audio mixer.
[2021.01.28-12.39.21:511][732]LogAudioMixer: Display: 0: FrontLeft
[2021.01.28-12.39.21:511][732]LogAudioMixer: Display: 1: FrontRight
[2021.01.28-12.39.21:511][732]LogAudioMixer: Display: 2: FrontCenter
[2021.01.28-12.39.21:511][732]LogAudioMixer: Display: 3: LowFrequency
[2021.01.28-12.39.21:511][732]LogAudioMixer: Display: 4: BackLeft
[2021.01.28-12.39.21:511][732]LogAudioMixer: Display: 5: BackRight
[2021.01.28-12.39.21:512][732]LogAudioMixer: Display: 6: SideLeft
[2021.01.28-12.39.21:512][732]LogAudioMixer: Display: 7: SideRight
[2021.01.28-12.39.21:568][732]LogAudioMixer: Display: Using Audio Device Högtalare (Realtek High Definition Audio)
[2021.01.28-12.39.21:568][732]LogAudioMixer: Display: Initializing Sound Submixes...
[2021.01.28-12.39.21:569][732]LogAudioMixer: Display: Creating Master Submix 'MasterSubmixDefault'
[2021.01.28-12.39.21:569][732]LogAudioMixer: Display: Creating Master Submix 'MasterReverbSubmixDefault'
[2021.01.28-12.39.21:569][732]LogAudioMixer: Display: Creating Master Submix 'MasterEQSubmixDefault'
[2021.01.28-12.39.21:582][732]LogInit: FAudioDevice initialized.
[2021.01.28-12.39.21:615][732]LogSlate: Updating window title bar state: overlay mode, drag disabled, window buttons hidden, title bar hidden
[2021.01.28-12.39.21:616][732]LogLoad: Game class is 'BP_Network_AssignmentGameMode_C'
[2021.01.28-12.39.21:618][732]LogWorld: Bringing World /Game/Maps/UEDPIE_0_MY_Map.My_Map up for play (max tick rate 0) at 2021.01.28-13.39.21
[2021.01.28-12.39.21:619][732]LogWorld: Bringing up level for play took: 0.001503
[2021.01.28-12.39.21:619][732]LogOnline: OSS: Creating online subsystem instance for: :Context_1
[2021.01.28-12.39.21:628][732]LogContentBrowser: Native class hierarchy updated for 'MovieSceneCapture' in 0.0009 seconds. Added 20 classes and 0 folders.
[2021.01.28-12.39.21:629][732]LogNet: ReplicationDriverClass is null! Not using ReplicationDriver.
[2021.01.28-12.39.21:630][732]LogNetCore: DDoS detection status: detection enabled: 0 analytics enabled: 0
[2021.01.28-12.39.21:630][732]LogInit: WinSock: Socket queue. Rx: 131072 (config 131072) Tx: 131072 (config 131072)
[2021.01.28-12.39.21:630][732]LogNet: Created socket for bind address: 0.0.0.0 on port 17777
[2021.01.28-12.39.21:630][732]PacketHandlerLog: Loaded PacketHandler component: Engine.EngineHandlerComponentFactory (StatelessConnectHandlerComponent)
[2021.01.28-12.39.21:630][732]LogNet: GameNetDriver IpNetDriver_0 IpNetDriver listening on port 17777
[2021.01.28-12.39.21:636][732]PIE: Server logged in
[2021.01.28-12.39.21:637][732]PIE: Play in editor total start time 0,173 seconds.
[2021.01.28-12.39.21:639][732]LogAudioMixer: Display: Audio Mixer Platform Settings:
[2021.01.28-12.39.21:640][732]LogAudioMixer: Display: 	Sample Rate:						  48000
[2021.01.28-12.39.21:640][732]LogAudioMixer: Display: 	Callback Buffer Frame Size Requested: 1024
[2021.01.28-12.39.21:640][732]LogAudioMixer: Display: 	Callback Buffer Frame Size To Use:	  1024
[2021.01.28-12.39.21:640][732]LogAudioMixer: Display: 	Number of buffers to queue:			  2
[2021.01.28-12.39.21:640][732]LogAudioMixer: Display: 	Max Channels (voices):				  32
[2021.01.28-12.39.21:640][732]LogAudioMixer: Display: 	Number of Async Source Workers:		  0
[2021.01.28-12.39.21:640][732]LogAudio: Display: AudioDevice MaxSources: 32
[2021.01.28-12.39.21:641][732]LogAudio: Display: Using built-in audio occlusion.
[2021.01.28-12.39.21:641][732]LogAudioMixer: Display: Initializing audio mixer.
[2021.01.28-12.39.21:650][732]LogAudioMixer: Display: 0: FrontLeft
[2021.01.28-12.39.21:650][732]LogAudioMixer: Display: 1: FrontRight
[2021.01.28-12.39.21:650][732]LogAudioMixer: Display: 2: FrontCenter
[2021.01.28-12.39.21:650][732]LogAudioMixer: Display: 3: LowFrequency
[2021.01.28-12.39.21:650][732]LogAudioMixer: Display: 4: BackLeft
[2021.01.28-12.39.21:650][732]LogAudioMixer: Display: 5: BackRight
[2021.01.28-12.39.21:650][732]LogAudioMixer: Display: 6: SideLeft
[2021.01.28-12.39.21:650][732]LogAudioMixer: Display: 7: SideRight
[2021.01.28-12.39.21:700][732]LogAudioMixer: Display: Using Audio Device Högtalare (Realtek High Definition Audio)
[2021.01.28-12.39.21:701][732]LogAudioMixer: Display: Initializing Sound Submixes...
[2021.01.28-12.39.21:701][732]LogAudioMixer: Display: Creating Master Submix 'MasterSubmixDefault'
[2021.01.28-12.39.21:701][732]LogAudioMixer: Display: Creating Master Submix 'MasterReverbSubmixDefault'
[2021.01.28-12.39.21:702][732]LogAudioMixer: Display: Creating Master Submix 'MasterEQSubmixDefault'
[2021.01.28-12.39.21:716][732]LogInit: FAudioDevice initialized.
[2021.01.28-12.39.21:750][732]LogSlate: Updating window title bar state: overlay mode, drag disabled, window buttons hidden, title bar hidden
[2021.01.28-12.39.21:750][732]LogNet: Browse: 127.0.0.1:17777/Game/StarterContent/Maps/Minimal_Default
[2021.01.28-12.39.21:752][732]LogInit: WinSock: Socket queue. Rx: 32768 (config 32768) Tx: 32768 (config 32768)
[2021.01.28-12.39.21:754][732]LogNet: Created socket for bind address: 0.0.0.0 on port 0
[2021.01.28-12.39.21:754][732]PacketHandlerLog: Loaded PacketHandler component: Engine.EngineHandlerComponentFactory (StatelessConnectHandlerComponent)
[2021.01.28-12.39.21:754][732]LogNet: Game client on port 17777, rate 10000
[2021.01.28-12.39.21:756][732]PIE: Client logged in
[2021.01.28-12.39.21:758][732]PIE: Play in editor total start time 0,293 seconds.
[2021.01.28-12.39.21:762][732]LogAudioMixer: Display: Audio Mixer Platform Settings:
[2021.01.28-12.39.21:766][732]LogAudioMixer: Display: 	Sample Rate:						  48000
[2021.01.28-12.39.21:767][732]LogAudioMixer: Display: 	Callback Buffer Frame Size Requested: 1024
[2021.01.28-12.39.21:767][732]LogAudioMixer: Display: 	Callback Buffer Frame Size To Use:	  1024
[2021.01.28-12.39.21:769][732]LogAudioMixer: Display: 	Number of buffers to queue:			  2
[2021.01.28-12.39.21:769][732]LogAudioMixer: Display: 	Max Channels (voices):				  32
[2021.01.28-12.39.21:769][732]LogAudioMixer: Display: 	Number of Async Source Workers:		  0
[2021.01.28-12.39.21:769][732]LogAudio: Display: AudioDevice MaxSources: 32
[2021.01.28-12.39.21:770][732]LogAudio: Display: Using built-in audio occlusion.
[2021.01.28-12.39.21:771][732]LogAudioMixer: Display: Initializing audio mixer.
[2021.01.28-12.39.21:780][732]LogAudioMixer: Display: 0: FrontLeft
[2021.01.28-12.39.21:780][732]LogAudioMixer: Display: 1: FrontRight
[2021.01.28-12.39.21:780][732]LogAudioMixer: Display: 2: FrontCenter
[2021.01.28-12.39.21:780][732]LogAudioMixer: Display: 3: LowFrequency
[2021.01.28-12.39.21:780][732]LogAudioMixer: Display: 4: BackLeft
[2021.01.28-12.39.21:781][732]LogAudioMixer: Display: 5: BackRight
[2021.01.28-12.39.21:781][732]LogAudioMixer: Display: 6: SideLeft
[2021.01.28-12.39.21:781][732]LogAudioMixer: Display: 7: SideRight
[2021.01.28-12.39.21:832][732]LogAudioMixer: Display: Using Audio Device Högtalare (Realtek High Definition Audio)
[2021.01.28-12.39.21:832][732]LogAudioMixer: Display: Initializing Sound Submixes...
[2021.01.28-12.39.21:833][732]LogAudioMixer: Display: Creating Master Submix 'MasterSubmixDefault'
[2021.01.28-12.39.21:833][732]LogAudioMixer: Display: Creating Master Submix 'MasterReverbSubmixDefault'
[2021.01.28-12.39.21:834][732]LogAudioMixer: Display: Creating Master Submix 'MasterEQSubmixDefault'
[2021.01.28-12.39.21:847][732]LogInit: FAudioDevice initialized.
[2021.01.28-12.39.21:882][732]LogSlate: Updating window title bar state: overlay mode, drag disabled, window buttons hidden, title bar hidden
[2021.01.28-12.39.21:882][732]LogNet: Browse: 127.0.0.1:17777/Game/StarterContent/Maps/Minimal_Default
[2021.01.28-12.39.21:885][732]LogInit: WinSock: Socket queue. Rx: 32768 (config 32768) Tx: 32768 (config 32768)
[2021.01.28-12.39.21:885][732]LogNet: Created socket for bind address: 0.0.0.0 on port 0
[2021.01.28-12.39.21:885][732]PacketHandlerLog: Loaded PacketHandler component: Engine.EngineHandlerComponentFactory (StatelessConnectHandlerComponent)
[2021.01.28-12.39.21:886][732]LogNet: Game client on port 17777, rate 10000
[2021.01.28-12.39.21:888][732]PIE: Client logged in
[2021.01.28-12.39.21:890][732]PIE: Play in editor total start time 0,426 seconds.
[2021.01.28-12.39.21:892][732]LogAudioMixer: Display: Audio Mixer Platform Settings:
[2021.01.28-12.39.21:893][732]LogAudioMixer: Display: 	Sample Rate:						  48000
[2021.01.28-12.39.21:894][732]LogAudioMixer: Display: 	Callback Buffer Frame Size Requested: 1024
[2021.01.28-12.39.21:894][732]LogAudioMixer: Display: 	Callback Buffer Frame Size To Use:	  1024
[2021.01.28-12.39.21:894][732]LogAudioMixer: Display: 	Number of buffers to queue:			  2
[2021.01.28-12.39.21:895][732]LogAudioMixer: Display: 	Max Channels (voices):				  32
[2021.01.28-12.39.21:896][732]LogAudioMixer: Display: 	Number of Async Source Workers:		  0
[2021.01.28-12.39.21:896][732]LogAudio: Display: AudioDevice MaxSources: 32
[2021.01.28-12.39.21:897][732]LogAudio: Display: Using built-in audio occlusion.
[2021.01.28-12.39.21:898][732]LogAudioMixer: Display: Initializing audio mixer.
[2021.01.28-12.39.21:907][732]LogAudioMixer: Display: 0: FrontLeft
[2021.01.28-12.39.21:907][732]LogAudioMixer: Display: 1: FrontRight
[2021.01.28-12.39.21:907][732]LogAudioMixer: Display: 2: FrontCenter
[2021.01.28-12.39.21:907][732]LogAudioMixer: Display: 3: LowFrequency
[2021.01.28-12.39.21:907][732]LogAudioMixer: Display: 4: BackLeft
[2021.01.28-12.39.21:907][732]LogAudioMixer: Display: 5: BackRight
[2021.01.28-12.39.21:907][732]LogAudioMixer: Display: 6: SideLeft
[2021.01.28-12.39.21:907][732]LogAudioMixer: Display: 7: SideRight
[2021.01.28-12.39.21:958][732]LogAudioMixer: Display: Using Audio Device Högtalare (Realtek High Definition Audio)
[2021.01.28-12.39.21:959][732]LogAudioMixer: Display: Initializing Sound Submixes...
[2021.01.28-12.39.21:959][732]LogAudioMixer: Display: Creating Master Submix 'MasterSubmixDefault'
[2021.01.28-12.39.21:959][732]LogAudioMixer: Display: Creating Master Submix 'MasterReverbSubmixDefault'
[2021.01.28-12.39.21:960][732]LogAudioMixer: Display: Creating Master Submix 'MasterEQSubmixDefault'
[2021.01.28-12.39.21:972][732]LogInit: FAudioDevice initialized.
[2021.01.28-12.39.21:999][732]LogSlate: Updating window title bar state: overlay mode, drag disabled, window buttons hidden, title bar hidden
[2021.01.28-12.39.21:999][732]LogNet: Browse: 127.0.0.1:17777/Game/StarterContent/Maps/Minimal_Default
[2021.01.28-12.39.22:001][732]LogInit: WinSock: Socket queue. Rx: 32768 (config 32768) Tx: 32768 (config 32768)
[2021.01.28-12.39.22:001][732]LogNet: Created socket for bind address: 0.0.0.0 on port 0
[2021.01.28-12.39.22:002][732]PacketHandlerLog: Loaded PacketHandler component: Engine.EngineHandlerComponentFactory (StatelessConnectHandlerComponent)
[2021.01.28-12.39.22:002][732]LogNet: Game client on port 17777, rate 10000
[2021.01.28-12.39.22:004][732]PIE: Client logged in
[2021.01.28-12.39.22:006][732]PIE: Play in editor total start time 0,542 seconds.
[2021.01.28-12.39.22:769][776]LogNet: NotifyAcceptingConnection accepted from: 127.0.0.1:58283
[2021.01.28-12.39.22:769][776]LogHandshake: SendConnectChallenge. Timestamp: 1.657569, Cookie: 064006248032020019057198201034224105155115119172036213145200
[2021.01.28-12.39.22:770][776]LogHandshake: SendChallengeResponse. Timestamp: 1.657569, Cookie: 064006248032020019057198201034224105155115119172036213145200
[2021.01.28-12.39.22:780][777]LogNet: NotifyAcceptingConnection accepted from: 127.0.0.1:58283
[2021.01.28-12.39.22:780][777]LogHandshake: SendChallengeAck. InCookie: 064006248032020019057198201034224105155115119172036213145200
[2021.01.28-12.39.22:780][777]LogNet: Server accepting post-challenge connection from: 127.0.0.1:58283
[2021.01.28-12.39.22:781][777]PacketHandlerLog: Loaded PacketHandler component: Engine.EngineHandlerComponentFactory (StatelessConnectHandlerComponent)
[2021.01.28-12.39.22:781][777]LogNet: NotifyAcceptedConnection: Name: My_Map, TimeStamp: 01/28/21 13:39:22, [UNetConnection] RemoteAddr: 127.0.0.1:58283, Name: IpConnection_3, Driver: GameNetDriver IpNetDriver_0, IsServer: YES, PC: NULL, Owner: NULL, UniqueId: INVALID
[2021.01.28-12.39.22:781][777]LogNet: AddClientConnection: Added client connection: [UNetConnection] RemoteAddr: 127.0.0.1:58283, Name: IpConnection_3, Driver: GameNetDriver IpNetDriver_0, IsServer: YES, PC: NULL, Owner: NULL, UniqueId: INVALID
[2021.01.28-12.39.22:782][777]LogNetVersion: Network_Assignment 1.0.0.0, NetCL: 13144385, EngineNetVer: 14, GameNetVer: 0 (Checksum: 1736288989)
[2021.01.28-12.39.22:782][777]LogNet: UPendingNetGame::SendInitialJoin: Sending hello. [UNetConnection] RemoteAddr: 127.0.0.1:17777, Name: IpConnection_0, Driver: PendingNetDriver IpNetDriver_1, IsServer: NO, PC: NULL, Owner: NULL, UniqueId: INVALID
[2021.01.28-12.39.22:906][789]LogNet: NotifyAcceptingConnection accepted from: 127.0.0.1:58284
[2021.01.28-12.39.22:906][789]LogHandshake: SendConnectChallenge. Timestamp: 1.794285, Cookie: 231219043008221252189195036061076111065190019001072001061039
[2021.01.28-12.39.22:907][789]LogHandshake: SendChallengeResponse. Timestamp: 1.794285, Cookie: 231219043008221252189195036061076111065190019001072001061039
[2021.01.28-12.39.22:918][790]LogNet: NotifyAcceptingConnection accepted from: 127.0.0.1:58284
[2021.01.28-12.39.22:918][790]LogHandshake: SendChallengeAck. InCookie: 231219043008221252189195036061076111065190019001072001061039
[2021.01.28-12.39.22:919][790]LogNet: Server accepting post-challenge connection from: 127.0.0.1:58284
[2021.01.28-12.39.22:920][790]PacketHandlerLog: Loaded PacketHandler component: Engine.EngineHandlerComponentFactory (StatelessConnectHandlerComponent)
[2021.01.28-12.39.22:920][790]LogNet: NotifyAcceptedConnection: Name: My_Map, TimeStamp: 01/28/21 13:39:22, [UNetConnection] RemoteAddr: 127.0.0.1:58284, Name: IpConnection_4, Driver: GameNetDriver IpNetDriver_0, IsServer: YES, PC: NULL, Owner: NULL, UniqueId: INVALID
[2021.01.28-12.39.22:921][790]LogNet: AddClientConnection: Added client connection: [UNetConnection] RemoteAddr: 127.0.0.1:58284, Name: IpConnection_4, Driver: GameNetDriver IpNetDriver_0, IsServer: YES, PC: NULL, Owner: NULL, UniqueId: INVALID
[2021.01.28-12.39.22:922][790]LogNet: UPendingNetGame::SendInitialJoin: Sending hello. [UNetConnection] RemoteAddr: 127.0.0.1:17777, Name: IpConnection_1, Driver: PendingNetDriver IpNetDriver_2, IsServer: NO, PC: NULL, Owner: NULL, UniqueId: INVALID
[2021.01.28-12.39.22:944][792]LogNet: NotifyAcceptingChannel Control 0 server World /Game/Maps/UEDPIE_0_MY_Map.My_Map: Accepted
[2021.01.28-12.39.22:944][792]LogNet: Remote platform little endian=1
[2021.01.28-12.39.22:944][792]LogNet: This platform little endian=1
[2021.01.28-12.39.23:019][799]LogNet: NotifyAcceptingConnection accepted from: 127.0.0.1:58285
[2021.01.28-12.39.23:019][799]LogHandshake: SendConnectChallenge. Timestamp: 1.907530, Cookie: 186203219036142004042246163135065145099047194133132198130215
[2021.01.28-12.39.23:020][799]LogHandshake: SendChallengeResponse. Timestamp: 1.907530, Cookie: 186203219036142004042246163135065145099047194133132198130215
[2021.01.28-12.39.23:030][800]LogNet: NotifyAcceptingConnection accepted from: 127.0.0.1:58285
[2021.01.28-12.39.23:030][800]LogHandshake: SendChallengeAck. InCookie: 186203219036142004042246163135065145099047194133132198130215
[2021.01.28-12.39.23:031][800]LogNet: Server accepting post-challenge connection from: 127.0.0.1:58285
[2021.01.28-12.39.23:031][800]PacketHandlerLog: Loaded PacketHandler component: Engine.EngineHandlerComponentFactory (StatelessConnectHandlerComponent)
[2021.01.28-12.39.23:031][800]LogNet: NotifyAcceptedConnection: Name: My_Map, TimeStamp: 01/28/21 13:39:23, [UNetConnection] RemoteAddr: 127.0.0.1:58285, Name: IpConnection_5, Driver: GameNetDriver IpNetDriver_0, IsServer: YES, PC: NULL, Owner: NULL, UniqueId: INVALID
[2021.01.28-12.39.23:032][800]LogNet: AddClientConnection: Added client connection: [UNetConnection] RemoteAddr: 127.0.0.1:58285, Name: IpConnection_5, Driver: GameNetDriver IpNetDriver_0, IsServer: YES, PC: NULL, Owner: NULL, UniqueId: INVALID
[2021.01.28-12.39.23:033][800]LogNet: UPendingNetGame::SendInitialJoin: Sending hello. [UNetConnection] RemoteAddr: 127.0.0.1:17777, Name: IpConnection_2, Driver: PendingNetDriver IpNetDriver_3, IsServer: NO, PC: NULL, Owner: NULL, UniqueId: INVALID
[2021.01.28-12.39.23:081][805]LogOnline: OSS: Creating online subsystem instance for: :Context_2
[2021.01.28-12.39.23:091][806]LogNet: NotifyAcceptingChannel Control 0 server World /Game/Maps/UEDPIE_0_MY_Map.My_Map: Accepted
[2021.01.28-12.39.23:091][806]LogNet: Remote platform little endian=1
[2021.01.28-12.39.23:091][806]LogNet: This platform little endian=1
[2021.01.28-12.39.23:189][817]LogNet: NotifyAcceptingChannel Control 0 server World /Game/Maps/UEDPIE_0_MY_Map.My_Map: Accepted
[2021.01.28-12.39.23:189][817]LogNet: Remote platform little endian=1
[2021.01.28-12.39.23:189][817]LogNet: This platform little endian=1
[2021.01.28-12.39.23:207][819]LogNet: Login request: ?Name=LEON-DATOR-46156EB54552F0890BBF37BEC2616ADD userId: NULL:LEON-DATOR-46156EB54552F0890BBF37BEC2616ADD platform: NULL
[2021.01.28-12.39.23:243][823]LogOnline: OSS: Creating online subsystem instance for: :Context_3
[2021.01.28-12.39.23:323][832]LogOnline: OSS: Creating online subsystem instance for: :Context_4
[2021.01.28-12.39.23:354][835]LogNet: Login request: ?Name=LEON-DATOR-9404FB8B4F9E7DCE606B8C92175CBFB4 userId: NULL:LEON-DATOR-9404FB8B4F9E7DCE606B8C92175CBFB4 platform: NULL
[2021.01.28-12.39.23:355][835]LogNet: Welcomed by server (Level: /Game/Maps/UEDPIE_0_MY_Map, Game: /Game/Blueprints/BP_Network_AssignmentGameMode.BP_Network_AssignmentGameMode_C)
[2021.01.28-12.39.23:357][835]LogLoad: LoadMap: 127.0.0.1:17777/Game/Maps/UEDPIE_0_MY_Map?game=/Game/Blueprints/BP_Network_AssignmentGameMode.BP_Network_AssignmentGameMode_C
[2021.01.28-12.39.23:357][835]LogWorld: BeginTearingDown for /Temp/Untitled_1
[2021.01.28-12.39.23:359][835]LogWorld: UWorld::CleanupWorld for Untitled, bSessionEnded=true, bCleanupResources=true
[2021.01.28-12.39.23:360][835]LogSlate: InvalidateAllWidgets triggered.  All widgets were invalidated
[2021.01.28-12.39.23:370][835]LogUObjectHash: Compacting FUObjectHashTables data took   0.74ms
[2021.01.28-12.39.23:381][835]LogAIModule: Creating AISystem for world My_Map
[2021.01.28-12.39.23:381][835]LogAISub: UAISubsystem::UAISubsystem EnvQueryManager (000001E0A2C38600), frame # 32835
[2021.01.28-12.39.23:381][835]LogAISub: UAISubsystem::UAISubsystem AIPerceptionSystem (000001E0A3462FC0), frame # 32835
[2021.01.28-12.39.23:383][835]LogWorld: Bringing World /Game/Maps/UEDPIE_1_MY_Map.My_Map up for play (max tick rate 0) at 2021.01.28-13.39.23
[2021.01.28-12.39.23:383][835]LogWorld: Bringing up level for play took: 0.000823
[2021.01.28-12.39.23:384][835]LogLoad: Took 0.027164 seconds to LoadMap(/Game/Maps/UEDPIE_0_MY_Map)
[2021.01.28-12.39.23:458][839]LogNet: Login request: ?Name=LEON-DATOR-AC77BC52498CCFEFA8C5AEBF4E19AE69 userId: NULL:LEON-DATOR-AC77BC52498CCFEFA8C5AEBF4E19AE69 platform: NULL
[2021.01.28-12.39.23:470][840]LogNet: Welcomed by server (Level: /Game/Maps/UEDPIE_0_MY_Map, Game: /Game/Blueprints/BP_Network_AssignmentGameMode.BP_Network_AssignmentGameMode_C)
[2021.01.28-12.39.23:470][840]LogLoad: LoadMap: 127.0.0.1:17777/Game/Maps/UEDPIE_0_MY_Map?game=/Game/Blueprints/BP_Network_AssignmentGameMode.BP_Network_AssignmentGameMode_C
[2021.01.28-12.39.23:471][840]LogWorld: BeginTearingDown for /Temp/Untitled_2
[2021.01.28-12.39.23:471][840]LogWorld: UWorld::CleanupWorld for Untitled, bSessionEnded=true, bCleanupResources=true
[2021.01.28-12.39.23:471][840]LogSlate: InvalidateAllWidgets triggered.  All widgets were invalidated
[2021.01.28-12.39.23:481][840]LogUObjectHash: Compacting FUObjectHashTables data took   0.76ms
[2021.01.28-12.39.23:491][840]LogAIModule: Creating AISystem for world My_Map
[2021.01.28-12.39.23:491][840]LogAISub: UAISubsystem::UAISubsystem EnvQueryManager (000001E09A3FDC00), frame # 32840
[2021.01.28-12.39.23:491][840]LogAISub: UAISubsystem::UAISubsystem AIPerceptionSystem (000001E0A3462840), frame # 32840
[2021.01.28-12.39.23:493][840]LogWorld: Bringing World /Game/Maps/UEDPIE_2_MY_Map.My_Map up for play (max tick rate 0) at 2021.01.28-13.39.23
[2021.01.28-12.39.23:493][840]LogWorld: Bringing up level for play took: 0.000914
[2021.01.28-12.39.23:493][840]LogLoad: Took 0.023089 seconds to LoadMap(/Game/Maps/UEDPIE_0_MY_Map)
[2021.01.28-12.39.23:538][842]LogNet: Client netspeed is 10000
[2021.01.28-12.39.23:538][842]LogNet: Join request: /Game/StarterContent/Maps/Minimal_Default?Name=LEON-DATOR-46156EB54552F0890BBF37BEC2616ADD?SplitscreenCount=1
[2021.01.28-12.39.23:539][842]LogOnlineSession: Warning: OSS: No game present to join for session (GameSession)
[2021.01.28-12.39.23:543][842]LogNet: Join succeeded: LEON-DATOR-46156EB54
[2021.01.28-12.39.23:609][847]LogNet: Welcomed by server (Level: /Game/Maps/UEDPIE_0_MY_Map, Game: /Game/Blueprints/BP_Network_AssignmentGameMode.BP_Network_AssignmentGameMode_C)
[2021.01.28-12.39.23:610][847]LogLoad: LoadMap: 127.0.0.1:17777/Game/Maps/UEDPIE_0_MY_Map?game=/Game/Blueprints/BP_Network_AssignmentGameMode.BP_Network_AssignmentGameMode_C
[2021.01.28-12.39.23:610][847]LogWorld: BeginTearingDown for /Temp/Untitled_3
[2021.01.28-12.39.23:611][847]LogWorld: UWorld::CleanupWorld for Untitled, bSessionEnded=true, bCleanupResources=true
[2021.01.28-12.39.23:611][847]LogSlate: InvalidateAllWidgets triggered.  All widgets were invalidated
[2021.01.28-12.39.23:622][847]LogUObjectHash: Compacting FUObjectHashTables data took   0.81ms
[2021.01.28-12.39.23:632][847]LogAIModule: Creating AISystem for world My_Map
[2021.01.28-12.39.23:633][847]LogAISub: UAISubsystem::UAISubsystem EnvQueryManager (000001E0BC958E00), frame # 32847
[2021.01.28-12.39.23:633][847]LogAISub: UAISubsystem::UAISubsystem AIPerceptionSystem (000001E0BCA49BC0), frame # 32847
[2021.01.28-12.39.23:635][847]LogWorld: Bringing World /Game/Maps/UEDPIE_3_MY_Map.My_Map up for play (max tick rate 0) at 2021.01.28-13.39.23
[2021.01.28-12.39.23:635][847]LogWorld: Bringing up level for play took: 0.000907
[2021.01.28-12.39.23:635][847]LogLoad: Took 0.025594 seconds to LoadMap(/Game/Maps/UEDPIE_0_MY_Map)
[2021.01.28-12.39.23:648][848]LogNet: Client netspeed is 10000
[2021.01.28-12.39.23:682][849]LogNet: Join request: /Game/StarterContent/Maps/Minimal_Default?Name=LEON-DATOR-9404FB8B4F9E7DCE606B8C92175CBFB4?SplitscreenCount=1
[2021.01.28-12.39.23:683][849]LogOnlineSession: Warning: OSS: No game present to join for session (GameSession)
[2021.01.28-12.39.23:687][849]LogNet: Join succeeded: LEON-DATOR-9404FB8B4
[2021.01.28-12.39.23:787][857]LogNet: Client netspeed is 10000
[2021.01.28-12.39.23:799][858]LogNet: Join request: /Game/StarterContent/Maps/Minimal_Default?Name=LEON-DATOR-AC77BC52498CCFEFA8C5AEBF4E19AE69?SplitscreenCount=1
[2021.01.28-12.39.23:800][858]LogOnlineSession: Warning: OSS: No game present to join for session (GameSession)
[2021.01.28-12.39.23:804][858]LogNet: Join succeeded: LEON-DATOR-AC77BC524
[2021.01.28-12.39.24:413][898]LogOnlineSession: Warning: OSS: No game present to join for session (GameSession)
[2021.01.28-12.39.24:446][900]LogOnlineSession: Warning: OSS: No game present to join for session (GameSession)
[2021.01.28-12.39.24:535][906]LogOnlineSession: Warning: OSS: No game present to join for session (GameSession)
[2021.01.28-12.39.24:671][915]LogOnlineSession: Warning: OSS: No game present to join for session (GameSession)
[2021.01.28-12.39.24:686][916]LogOnlineSession: Warning: OSS: No game present to join for session (GameSession)
[2021.01.28-12.39.24:788][923]LogOnlineSession: Warning: OSS: No game present to join for session (GameSession)
[2021.01.28-12.39.24:802][924]LogOnlineSession: Warning: OSS: No game present to join for session (GameSession)
[2021.01.28-12.39.24:830][926]LogOnlineSession: Warning: OSS: No game present to join for session (GameSession)
[2021.01.28-12.39.24:831][926]LogOnlineSession: Warning: OSS: No game present to join for session (GameSession)
[2021.01.28-12.39.24:888][930]LogOnlineSession: Warning: OSS: No game present to join for session (GameSession)
[2021.01.28-12.39.25:110][945]LogOnlineSession: Warning: OSS: No game present to join for session (GameSession)
[2021.01.28-12.39.25:836][994]LogOnlineSession: Warning: OSS: No game present to join for session (GameSession)
