Log file open, 01/28/21 13:48:09
LogInit: Display: Running engine for game: Network_Assignment
LogPlatformFile: Not using cached read wrapper
LogTaskGraph: Started task graph with 5 named threads and 14 total threads with 3 sets of task threads.
LogStats: Stats thread started at 0.389928
LogD3D11RHI: Loaded GFSDK_Aftermath_Lib.x64.dll
LogICUInternationalization: ICU TimeZone Detection - Raw Offset: +1:00, Platform Override: ''
LogPluginManager: Mounting plugin Paper2D
LogPluginManager: Mounting plugin AISupport
LogPluginManager: Mounting plugin LightPropagationVolume
LogPluginManager: Mounting plugin CameraShakePreviewer
LogPluginManager: Mounting plugin ActorLayerUtilities
LogPluginManager: Mounting plugin AnimationSharing
LogPluginManager: Mounting plugin CLionSourceCodeAccess
LogPluginManager: Mounting plugin CodeLiteSourceCodeAccess
LogPluginManager: Mounting plugin GitSourceControl
LogPluginManager: Mounting plugin KDevelopSourceCodeAccess
LogPluginManager: Mounting plugin NullSourceCodeAccess
LogPluginManager: Mounting plugin PerforceSourceControl
LogPluginManager: Mounting plugin PlasticSourceControl
LogPluginManager: Mounting plugin RiderSourceCodeAccess
LogPluginManager: Mounting plugin SubversionSourceControl
LogPluginManager: Mounting plugin UObjectPlugin
LogPluginManager: Mounting plugin VisualStudioCodeSourceCodeAccess
LogPluginManager: Mounting plugin VisualStudioSourceCodeAccess
LogPluginManager: Mounting plugin XCodeSourceCodeAccess
LogPluginManager: Mounting plugin AssetManagerEditor
LogPluginManager: Mounting plugin CryptoKeys
LogPluginManager: Mounting plugin CurveEditorTools
LogPluginManager: Mounting plugin DataValidation
LogPluginManager: Mounting plugin EditorScriptingUtilities
LogPluginManager: Mounting plugin FacialAnimation
LogPluginManager: Mounting plugin GameplayTagsEditor
LogPluginManager: Mounting plugin GeometryMode
LogPluginManager: Mounting plugin MacGraphicsSwitching
LogPluginManager: Mounting plugin MaterialAnalyzer
LogPluginManager: Mounting plugin MobileLauncherProfileWizard
LogPluginManager: Mounting plugin PluginBrowser
LogPluginManager: Mounting plugin SpeedTreeImporter
LogPluginManager: Mounting plugin DatasmithContent
LogPluginManager: Mounting plugin VariantManagerContent
LogPluginManager: Mounting plugin AlembicImporter
LogPluginManager: Mounting plugin AutomationUtils
LogPluginManager: Mounting plugin BackChannel
LogPluginManager: Mounting plugin ChaosCloth
LogPluginManager: Mounting plugin ChaosClothEditor
LogPluginManager: Mounting plugin ChaosEditor
LogPluginManager: Mounting plugin ChaosNiagara
LogPluginManager: Mounting plugin ChaosSolverPlugin
LogPluginManager: Mounting plugin CharacterAI
LogPluginManager: Mounting plugin GeometryCache
LogPluginManager: Mounting plugin GeometryCollectionPlugin
LogPluginManager: Mounting plugin GeometryProcessing
LogPluginManager: Mounting plugin PlanarCut
LogPluginManager: Mounting plugin PlatformCrypto
LogPluginManager: Mounting plugin ProxyLODPlugin
LogPluginManager: Mounting plugin SkeletalReduction
LogPluginManager: Mounting plugin Niagara
LogPluginManager: Mounting plugin MagicLeap
LogPluginManager: Mounting plugin MagicLeapLightEstimation
LogPluginManager: Mounting plugin MagicLeapMedia
LogPluginManager: Mounting plugin MagicLeapPassableWorld
LogPluginManager: Mounting plugin MLSDK
LogPluginManager: Mounting plugin AndroidMedia
LogPluginManager: Mounting plugin AvfMedia
LogPluginManager: Mounting plugin ImgMedia
LogPluginManager: Mounting plugin MediaCompositing
LogPluginManager: Mounting plugin MediaPlayerEditor
LogPluginManager: Mounting plugin WebMMedia
LogPluginManager: Mounting plugin WmfMedia
LogPluginManager: Mounting plugin MeshPainting
LogPluginManager: Mounting plugin TcpMessaging
LogPluginManager: Mounting plugin UdpMessaging
LogPluginManager: Mounting plugin ActorSequence
LogPluginManager: Mounting plugin LevelSequenceEditor
LogPluginManager: Mounting plugin MatineeToLevelSequence
LogPluginManager: Mounting plugin MovieRenderPipeline
LogPluginManager: Mounting plugin TemplateSequence
LogPluginManager: Mounting plugin NetcodeUnitTest
LogPluginManager: Mounting plugin NUTUnrealEngine4
LogPluginManager: Mounting plugin OnlineSubsystemGooglePlay
LogPluginManager: Mounting plugin OnlineSubsystemIOS
LogPluginManager: Mounting plugin OnlineSubsystem
LogPluginManager: Mounting plugin OnlineSubsystemNull
LogPluginManager: Mounting plugin OnlineSubsystemUtils
LogPluginManager: Mounting plugin LauncherChunkInstaller
LogPluginManager: Mounting plugin AndroidDeviceProfileSelector
LogPluginManager: Mounting plugin AndroidMoviePlayer
LogPluginManager: Mounting plugin AndroidPermission
LogPluginManager: Mounting plugin AppleImageUtils
LogPluginManager: Mounting plugin AppleMoviePlayer
LogPluginManager: Mounting plugin ArchVisCharacter
LogPluginManager: Mounting plugin AssetTags
LogPluginManager: Mounting plugin AudioCapture
LogPluginManager: Mounting plugin CableComponent
LogPluginManager: Mounting plugin CustomMeshComponent
LogPluginManager: Mounting plugin EditableMesh
LogPluginManager: Mounting plugin ExampleDeviceProfileSelector
LogPluginManager: Mounting plugin GoogleCloudMessaging
LogPluginManager: Mounting plugin GooglePAD
LogPluginManager: Mounting plugin IOSDeviceProfileSelector
LogPluginManager: Mounting plugin LinuxDeviceProfileSelector
LogPluginManager: Mounting plugin LocationServicesBPLibrary
LogPluginManager: Mounting plugin MobilePatchingUtils
LogPluginManager: Mounting plugin OculusVR
LogPluginManager: Mounting plugin PhysXVehicles
LogPluginManager: Mounting plugin PostSplashScreen
LogPluginManager: Mounting plugin ProceduralMeshComponent
LogPluginManager: Mounting plugin RuntimePhysXCooking
LogPluginManager: Mounting plugin SignificanceManager
LogPluginManager: Mounting plugin SoundFields
LogPluginManager: Mounting plugin SteamVR
LogPluginManager: Mounting plugin Synthesis
LogPluginManager: Mounting plugin WebMMoviePlayer
LogPluginManager: Mounting plugin WindowsMoviePlayer
LogPluginManager: Mounting plugin ScreenshotTools
LogInit: Using libcurl 7.55.1-DEV
LogInit:  - built for x86_64-pc-win32
LogInit:  - supports SSL with OpenSSL/1.1.1
LogInit:  - supports HTTP deflate (compression) using libz 1.2.8
LogInit:  - other features:
LogInit:      CURL_VERSION_SSL
LogInit:      CURL_VERSION_LIBZ
LogInit:      CURL_VERSION_IPV6
LogInit:      CURL_VERSION_ASYNCHDNS
LogInit:      CURL_VERSION_LARGEFILE
LogInit:      CURL_VERSION_IDN
LogInit:  CurlRequestOptions (configurable via config and command line):
LogInit:  - bVerifyPeer = true  - Libcurl will verify peer certificate
LogInit:  - bUseHttpProxy = false  - Libcurl will NOT use HTTP proxy
LogInit:  - bDontReuseConnections = false  - Libcurl will reuse connections
LogInit:  - MaxHostConnections = 16  - Libcurl will limit the number of connections to a host
LogInit:  - LocalHostAddr = Default
LogInit:  - BufferSize = 65536
LogOnline: OSS: Creating online subsystem instance for: NULL
LogInit: WinSock: version 1.1 (2.2), MaxSocks=32767, MaxUdp=65467
LogOnline: OSS: TryLoadSubsystemAndSetDefault: Loaded subsystem for module [NULL]
LogInit: Build: ++UE4+Release-4.25-CL-14469661
LogInit: Engine Version: 4.25.4-14469661+++UE4+Release-4.25
LogInit: Compatible Engine Version: 4.25.0-13144385+++UE4+Release-4.25
LogInit: Net CL: 13144385
LogInit: OS: Windows 10 (Release 1909) (), CPU:        Intel(R) Core(TM) i5-3570K CPU @ 3.40GHz, GPU: NVIDIA GeForce GTX 970
LogInit: Compiled (64-bit): Oct 11 2020 08:10:49
LogInit: Compiled with Visual C++: 19.24.28315.00
LogInit: Build Configuration: Development
LogInit: Branch Name: ++UE4+Release-4.25
LogInit: Command Line:  -skipcompile
LogInit: Base Directory: D:/EpicGames/UE_4.25/Engine/Binaries/Win64/
LogInit: Allocator: TBB
LogInit: Installed Engine Build: 1
LogDevObjectVersion: Number of dev versions registered: 26
LogDevObjectVersion:   Dev-Blueprints (B0D832E4-1F89-4F0D-ACCF-7EB736FD4AA2): 10
LogDevObjectVersion:   Dev-Build (E1C64328-A22C-4D53-A36C-8E866417BD8C): 0
LogDevObjectVersion:   Dev-Core (375EC13C-06E4-48FB-B500-84F0262A717E): 4
LogDevObjectVersion:   Dev-Editor (E4B068ED-F494-42E9-A231-DA0B2E46BB41): 38
LogDevObjectVersion:   Dev-Framework (CFFC743F-43B0-4480-9391-14DF171D2073): 37
LogDevObjectVersion:   Dev-Mobile (B02B49B5-BB20-44E9-A304-32B752E40360): 2
LogDevObjectVersion:   Dev-Networking (A4E4105C-59A1-49B5-A7C5-40C4547EDFEE): 0
LogDevObjectVersion:   Dev-Online (39C831C9-5AE6-47DC-9A44-9C173E1C8E7C): 0
LogDevObjectVersion:   Dev-Physics (78F01B33-EBEA-4F98-B9B4-84EACCB95AA2): 4
LogDevObjectVersion:   Dev-Platform (6631380F-2D4D-43E0-8009-CF276956A95A): 0
LogDevObjectVersion:   Dev-Rendering (12F88B9F-8875-4AFC-A67C-D90C383ABD29): 43
LogDevObjectVersion:   Dev-Sequencer (7B5AE74C-D270-4C10-A958-57980B212A5A): 12
LogDevObjectVersion:   Dev-VR (D7296918-1DD6-4BDD-9DE2-64A83CC13884): 3
LogDevObjectVersion:   Dev-LoadTimes (C2A15278-BFE7-4AFE-6C17-90FF531DF755): 1
LogDevObjectVersion:   Private-Geometry (6EACA3D4-40EC-4CC1-B786-8BED09428FC5): 3
LogDevObjectVersion:   Dev-AnimPhys (29E575DD-E0A3-4627-9D10-D276232CDCEA): 17
LogDevObjectVersion:   Dev-Anim (AF43A65D-7FD3-4947-9873-3E8ED9C1BB05): 7
LogDevObjectVersion:   Dev-ReflectionCapture (6B266CEC-1EC7-4B8F-A30B-E4D90942FC07): 1
LogDevObjectVersion:   Dev-Automation (0DF73D61-A23F-47EA-B727-89E90C41499A): 1
LogDevObjectVersion:   FortniteMain (601D1886-AC64-4F84-AA16-D3DE0DEAC7D6): 31
LogDevObjectVersion:   Dev-Enterprise (9DFFBCD6-494F-0158-E221-12823C92A888): 10
LogDevObjectVersion:   Dev-Niagara (F2AED0AC-9AFE-416F-8664-AA7FFA26D6FC): 1
LogDevObjectVersion:   Dev-Destruction (174F1F0B-B4C6-45A5-B13F-2EE8D0FB917D): 10
LogDevObjectVersion:   Dev-Physics-Ext (35F94A83-E258-406C-A318-09F59610247C): 37
LogDevObjectVersion:   Dev-PhysicsMaterial-Chaos (B68FC16E-8B1B-42E2-B453-215C058844FE): 1
LogDevObjectVersion:   Dev-CineCamera (B2E18506-4273-CFC2-A54E-F4BB758BBA07): 1
LogInit: Presizing for max 25165824 objects, including 0 objects not considered by GC, pre-allocating 0 bytes for permanent pool.
LogConfig: Applying CVar settings from Section [/Script/Engine.StreamingSettings] File [D:/Unreal Engine/Network_Assignment/Network_Assignment/Saved/Config/Windows/Engine.ini]
LogConfig: Setting CVar [[s.MinBulkDataSizeForAsyncLoading:131072]]
LogConfig: Setting CVar [[s.AsyncLoadingThreadEnabled:0]]
LogConfig: Setting CVar [[s.EventDrivenLoaderEnabled:1]]
LogConfig: Setting CVar [[s.WarnIfTimeLimitExceeded:0]]
LogConfig: Setting CVar [[s.TimeLimitExceededMultiplier:1.5]]
LogConfig: Setting CVar [[s.TimeLimitExceededMinTime:0.005]]
LogConfig: Setting CVar [[s.UseBackgroundLevelStreaming:1]]
LogConfig: Setting CVar [[s.PriorityAsyncLoadingExtraTime:15.0]]
LogConfig: Setting CVar [[s.LevelStreamingActorsUpdateTimeLimit:5.0]]
LogConfig: Setting CVar [[s.PriorityLevelStreamingActorsUpdateExtraTime:5.0]]
LogConfig: Setting CVar [[s.LevelStreamingComponentsRegistrationGranularity:10]]
LogConfig: Setting CVar [[s.UnregisterComponentsTimeLimit:1.0]]
LogConfig: Setting CVar [[s.LevelStreamingComponentsUnregistrationGranularity:5]]
LogConfig: Setting CVar [[s.FlushStreamingOnExit:1]]
LogInit: Object subsystem initialized
LogConfig: Setting CVar [[con.DebugEarlyDefault:1]]
LogConfig: Setting CVar [[r.setres:1280x720]]
[2021.01.28-12.48.10:113][  0]LogConfig: Setting CVar [[r.VSync:0]]
[2021.01.28-12.48.10:113][  0]LogConfig: Setting CVar [[r.RHICmdBypass:0]]
[2021.01.28-12.48.10:113][  0]LogConfig: Applying CVar settings from Section [/Script/Engine.RendererSettings] File [D:/Unreal Engine/Network_Assignment/Network_Assignment/Saved/Config/Windows/Engine.ini]
[2021.01.28-12.48.10:113][  0]LogConfig: Setting CVar [[r.GPUCrashDebugging:0]]
[2021.01.28-12.48.10:113][  0]LogConfig: Applying CVar settings from Section [/Script/Engine.RendererOverrideSettings] File [D:/Unreal Engine/Network_Assignment/Network_Assignment/Saved/Config/Windows/Engine.ini]
[2021.01.28-12.48.10:113][  0]LogConfig: Applying CVar settings from Section [/Script/Engine.StreamingSettings] File [D:/Unreal Engine/Network_Assignment/Network_Assignment/Saved/Config/Windows/Engine.ini]
[2021.01.28-12.48.10:113][  0]LogConfig: Setting CVar [[s.MinBulkDataSizeForAsyncLoading:131072]]
[2021.01.28-12.48.10:113][  0]LogConfig: Setting CVar [[s.AsyncLoadingThreadEnabled:0]]
[2021.01.28-12.48.10:113][  0]LogConfig: Setting CVar [[s.EventDrivenLoaderEnabled:1]]
[2021.01.28-12.48.10:114][  0]LogConfig: Setting CVar [[s.WarnIfTimeLimitExceeded:0]]
[2021.01.28-12.48.10:114][  0]LogConfig: Setting CVar [[s.TimeLimitExceededMultiplier:1.5]]
[2021.01.28-12.48.10:114][  0]LogConfig: Setting CVar [[s.TimeLimitExceededMinTime:0.005]]
[2021.01.28-12.48.10:114][  0]LogConfig: Setting CVar [[s.UseBackgroundLevelStreaming:1]]
[2021.01.28-12.48.10:114][  0]LogConfig: Setting CVar [[s.PriorityAsyncLoadingExtraTime:15.0]]
[2021.01.28-12.48.10:114][  0]LogConfig: Setting CVar [[s.LevelStreamingActorsUpdateTimeLimit:5.0]]
[2021.01.28-12.48.10:114][  0]LogConfig: Setting CVar [[s.PriorityLevelStreamingActorsUpdateExtraTime:5.0]]
[2021.01.28-12.48.10:114][  0]LogConfig: Setting CVar [[s.LevelStreamingComponentsRegistrationGranularity:10]]
[2021.01.28-12.48.10:114][  0]LogConfig: Setting CVar [[s.UnregisterComponentsTimeLimit:1.0]]
[2021.01.28-12.48.10:114][  0]LogConfig: Setting CVar [[s.LevelStreamingComponentsUnregistrationGranularity:5]]
[2021.01.28-12.48.10:114][  0]LogConfig: Setting CVar [[s.FlushStreamingOnExit:1]]
[2021.01.28-12.48.10:114][  0]LogConfig: Applying CVar settings from Section [/Script/Engine.GarbageCollectionSettings] File [D:/Unreal Engine/Network_Assignment/Network_Assignment/Saved/Config/Windows/Engine.ini]
[2021.01.28-12.48.10:114][  0]LogConfig: Setting CVar [[gc.MaxObjectsNotConsideredByGC:1]]
[2021.01.28-12.48.10:114][  0]LogConfig: Setting CVar [[gc.SizeOfPermanentObjectPool:0]]
[2021.01.28-12.48.10:114][  0]LogConfig: Setting CVar [[gc.FlushStreamingOnGC:0]]
[2021.01.28-12.48.10:114][  0]LogConfig: Setting CVar [[gc.NumRetriesBeforeForcingGC:10]]
[2021.01.28-12.48.10:115][  0]LogConfig: Setting CVar [[gc.AllowParallelGC:1]]
[2021.01.28-12.48.10:115][  0]LogConfig: Setting CVar [[gc.TimeBetweenPurgingPendingKillObjects:61.1]]
[2021.01.28-12.48.10:115][  0]LogConfig: Setting CVar [[gc.MaxObjectsInEditor:25165824]]
[2021.01.28-12.48.10:115][  0]LogConfig: Setting CVar [[gc.IncrementalBeginDestroyEnabled:1]]
[2021.01.28-12.48.10:115][  0]LogConfig: Setting CVar [[gc.CreateGCClusters:1]]
[2021.01.28-12.48.10:115][  0]LogConfig: Setting CVar [[gc.MinGCClusterSize:5]]
[2021.01.28-12.48.10:115][  0]LogConfig: Setting CVar [[gc.ActorClusteringEnabled:0]]
[2021.01.28-12.48.10:115][  0]LogConfig: Setting CVar [[gc.BlueprintClusteringEnabled:0]]
[2021.01.28-12.48.10:115][  0]LogConfig: Setting CVar [[gc.UseDisregardForGCOnDedicatedServers:0]]
[2021.01.28-12.48.10:115][  0]LogConfig: Applying CVar settings from Section [/Script/Engine.NetworkSettings] File [D:/Unreal Engine/Network_Assignment/Network_Assignment/Saved/Config/Windows/Engine.ini]
[2021.01.28-12.48.10:115][  0]LogConfig: Applying CVar settings from Section [/Script/UnrealEd.CookerSettings] File [D:/Unreal Engine/Network_Assignment/Network_Assignment/Saved/Config/Windows/Engine.ini]
[2021.01.28-12.48.10:136][  0]LogConfig: Applying CVar settings from Section [ViewDistanceQuality@3] File [D:/Unreal Engine/Network_Assignment/Network_Assignment/Saved/Config/Windows/Scalability.ini]
[2021.01.28-12.48.10:136][  0]LogConfig: Setting CVar [[r.SkeletalMeshLODBias:0]]
[2021.01.28-12.48.10:136][  0]LogConfig: Setting CVar [[r.ViewDistanceScale:1.0]]
[2021.01.28-12.48.10:136][  0]LogConfig: Applying CVar settings from Section [AntiAliasingQuality@3] File [D:/Unreal Engine/Network_Assignment/Network_Assignment/Saved/Config/Windows/Scalability.ini]
[2021.01.28-12.48.10:136][  0]LogConfig: Setting CVar [[r.PostProcessAAQuality:4]]
[2021.01.28-12.48.10:136][  0]LogConfig: Applying CVar settings from Section [ShadowQuality@3] File [D:/Unreal Engine/Network_Assignment/Network_Assignment/Saved/Config/Windows/Scalability.ini]
[2021.01.28-12.48.10:136][  0]LogConfig: Setting CVar [[r.LightFunctionQuality:1]]
[2021.01.28-12.48.10:136][  0]LogConfig: Setting CVar [[r.ShadowQuality:5]]
[2021.01.28-12.48.10:137][  0]LogConfig: Setting CVar [[r.Shadow.CSM.MaxCascades:10]]
[2021.01.28-12.48.10:137][  0]LogConfig: Setting CVar [[r.Shadow.MaxResolution:2048]]
[2021.01.28-12.48.10:137][  0]LogConfig: Setting CVar [[r.Shadow.MaxCSMResolution:2048]]
[2021.01.28-12.48.10:137][  0]LogConfig: Setting CVar [[r.Shadow.RadiusThreshold:0.01]]
[2021.01.28-12.48.10:137][  0]LogConfig: Setting CVar [[r.Shadow.DistanceScale:1.0]]
[2021.01.28-12.48.10:138][  0]LogConfig: Setting CVar [[r.Shadow.CSM.TransitionScale:1.0]]
[2021.01.28-12.48.10:138][  0]LogConfig: Setting CVar [[r.Shadow.PreShadowResolutionFactor:1.0]]
[2021.01.28-12.48.10:138][  0]LogConfig: Setting CVar [[r.DistanceFieldShadowing:1]]
[2021.01.28-12.48.10:138][  0]LogConfig: Setting CVar [[r.DistanceFieldAO:1]]
[2021.01.28-12.48.10:138][  0]LogConfig: Setting CVar [[r.AOQuality:2]]
[2021.01.28-12.48.10:139][  0]LogConfig: Setting CVar [[r.VolumetricFog:1]]
[2021.01.28-12.48.10:139][  0]LogConfig: Setting CVar [[r.VolumetricFog.GridPixelSize:8]]
[2021.01.28-12.48.10:139][  0]LogConfig: Setting CVar [[r.VolumetricFog.GridSizeZ:128]]
[2021.01.28-12.48.10:139][  0]LogConfig: Setting CVar [[r.VolumetricFog.HistoryMissSupersampleCount:4]]
[2021.01.28-12.48.10:139][  0]LogConfig: Setting CVar [[r.LightMaxDrawDistanceScale:1]]
[2021.01.28-12.48.10:139][  0]LogConfig: Setting CVar [[r.CapsuleShadows:1]]
[2021.01.28-12.48.10:139][  0]LogConfig: Applying CVar settings from Section [PostProcessQuality@3] File [D:/Unreal Engine/Network_Assignment/Network_Assignment/Saved/Config/Windows/Scalability.ini]
[2021.01.28-12.48.10:140][  0]LogConfig: Setting CVar [[r.MotionBlurQuality:4]]
[2021.01.28-12.48.10:140][  0]LogConfig: Setting CVar [[r.AmbientOcclusionMipLevelFactor:0.4]]
[2021.01.28-12.48.10:140][  0]LogConfig: Setting CVar [[r.AmbientOcclusionMaxQuality:100]]
[2021.01.28-12.48.10:140][  0]LogConfig: Setting CVar [[r.AmbientOcclusionLevels:-1]]
[2021.01.28-12.48.10:140][  0]LogConfig: Setting CVar [[r.AmbientOcclusionRadiusScale:1.0]]
[2021.01.28-12.48.10:140][  0]LogConfig: Setting CVar [[r.DepthOfFieldQuality:2]]
[2021.01.28-12.48.10:140][  0]LogConfig: Setting CVar [[r.RenderTargetPoolMin:400]]
[2021.01.28-12.48.10:140][  0]LogConfig: Setting CVar [[r.LensFlareQuality:2]]
[2021.01.28-12.48.10:140][  0]LogConfig: Setting CVar [[r.SceneColorFringeQuality:1]]
[2021.01.28-12.48.10:140][  0]LogConfig: Setting CVar [[r.EyeAdaptationQuality:2]]
[2021.01.28-12.48.10:140][  0]LogConfig: Setting CVar [[r.BloomQuality:5]]
[2021.01.28-12.48.10:140][  0]LogConfig: Setting CVar [[r.FastBlurThreshold:100]]
[2021.01.28-12.48.10:140][  0]LogConfig: Setting CVar [[r.Upscale.Quality:3]]
[2021.01.28-12.48.10:140][  0]LogConfig: Setting CVar [[r.Tonemapper.GrainQuantization:1]]
[2021.01.28-12.48.10:140][  0]LogConfig: Setting CVar [[r.LightShaftQuality:1]]
[2021.01.28-12.48.10:140][  0]LogConfig: Setting CVar [[r.Filter.SizeScale:1]]
[2021.01.28-12.48.10:140][  0]LogConfig: Setting CVar [[r.Tonemapper.Quality:5]]
[2021.01.28-12.48.10:140][  0]LogConfig: Setting CVar [[r.DOF.Gather.AccumulatorQuality:1        ; higher gathering accumulator quality]]
[2021.01.28-12.48.10:140][  0]LogConfig: Setting CVar [[r.DOF.Gather.PostfilterMethod:1          ; Median3x3 postfilering method]]
[2021.01.28-12.48.10:140][  0]LogConfig: Setting CVar [[r.DOF.Gather.EnableBokehSettings:0       ; no bokeh simulation when gathering]]
[2021.01.28-12.48.10:140][  0]LogConfig: Setting CVar [[r.DOF.Gather.RingCount:4                 ; medium number of samples when gathering]]
[2021.01.28-12.48.10:140][  0]LogConfig: Setting CVar [[r.DOF.Scatter.ForegroundCompositing:1    ; additive foreground scattering]]
[2021.01.28-12.48.10:141][  0]LogConfig: Setting CVar [[r.DOF.Scatter.BackgroundCompositing:2    ; additive background scattering]]
[2021.01.28-12.48.10:141][  0]LogConfig: Setting CVar [[r.DOF.Scatter.EnableBokehSettings:1      ; bokeh simulation when scattering]]
[2021.01.28-12.48.10:141][  0]LogConfig: Setting CVar [[r.DOF.Scatter.MaxSpriteRatio:0.1         ; only a maximum of 10% of scattered bokeh]]
[2021.01.28-12.48.10:141][  0]LogConfig: Setting CVar [[r.DOF.Recombine.Quality:1                ; cheap slight out of focus]]
[2021.01.28-12.48.10:141][  0]LogConfig: Setting CVar [[r.DOF.Recombine.EnableBokehSettings:0    ; no bokeh simulation on slight out of focus]]
[2021.01.28-12.48.10:141][  0]LogConfig: Setting CVar [[r.DOF.TemporalAAQuality:1                ; more stable temporal accumulation]]
[2021.01.28-12.48.10:141][  0]LogConfig: Setting CVar [[r.DOF.Kernel.MaxForegroundRadius:0.025]]
[2021.01.28-12.48.10:141][  0]LogConfig: Setting CVar [[r.DOF.Kernel.MaxBackgroundRadius:0.025]]
[2021.01.28-12.48.10:141][  0]LogConfig: Applying CVar settings from Section [TextureQuality@3] File [D:/Unreal Engine/Network_Assignment/Network_Assignment/Saved/Config/Windows/Scalability.ini]
[2021.01.28-12.48.10:141][  0]LogConfig: Setting CVar [[r.Streaming.MipBias:0]]
[2021.01.28-12.48.10:141][  0]LogConfig: Setting CVar [[r.Streaming.AmortizeCPUToGPUCopy:0]]
[2021.01.28-12.48.10:141][  0]LogConfig: Setting CVar [[r.Streaming.MaxNumTexturesToStreamPerFrame:0]]
[2021.01.28-12.48.10:141][  0]LogConfig: Setting CVar [[r.Streaming.Boost:1]]
[2021.01.28-12.48.10:141][  0]LogConfig: Setting CVar [[r.MaxAnisotropy:8]]
[2021.01.28-12.48.10:141][  0]LogConfig: Setting CVar [[r.VT.MaxAnisotropy:8]]
[2021.01.28-12.48.10:141][  0]LogConfig: Setting CVar [[r.Streaming.LimitPoolSizeToVRAM:0]]
[2021.01.28-12.48.10:141][  0]LogConfig: Setting CVar [[r.Streaming.PoolSize:1000]]
[2021.01.28-12.48.10:141][  0]LogConfig: Setting CVar [[r.Streaming.MaxEffectiveScreenSize:0]]
[2021.01.28-12.48.10:141][  0]LogConfig: Applying CVar settings from Section [EffectsQuality@3] File [D:/Unreal Engine/Network_Assignment/Network_Assignment/Saved/Config/Windows/Scalability.ini]
[2021.01.28-12.48.10:141][  0]LogConfig: Setting CVar [[r.TranslucencyLightingVolumeDim:64]]
[2021.01.28-12.48.10:141][  0]LogConfig: Setting CVar [[r.RefractionQuality:2]]
[2021.01.28-12.48.10:141][  0]LogConfig: Setting CVar [[r.SSR.Quality:3]]
[2021.01.28-12.48.10:141][  0]LogConfig: Setting CVar [[r.SSR.HalfResSceneColor:0]]
[2021.01.28-12.48.10:141][  0]LogConfig: Setting CVar [[r.SceneColorFormat:4]]
[2021.01.28-12.48.10:142][  0]LogConfig: Setting CVar [[r.DetailMode:2]]
[2021.01.28-12.48.10:142][  0]LogConfig: Setting CVar [[r.TranslucencyVolumeBlur:1]]
[2021.01.28-12.48.10:142][  0]LogConfig: Setting CVar [[r.MaterialQualityLevel:1 ; High quality]]
[2021.01.28-12.48.10:142][  0]LogConfig: Setting CVar [[r.SSS.Scale:1]]
[2021.01.28-12.48.10:142][  0]LogConfig: Setting CVar [[r.SSS.SampleSet:2]]
[2021.01.28-12.48.10:142][  0]LogConfig: Setting CVar [[r.SSS.Quality:1]]
[2021.01.28-12.48.10:142][  0]LogConfig: Setting CVar [[r.SSS.HalfRes:0]]
[2021.01.28-12.48.10:142][  0]LogConfig: Setting CVar [[r.SSGI.Quality:3]]
[2021.01.28-12.48.10:142][  0]LogConfig: Setting CVar [[r.EmitterSpawnRateScale:1.0]]
[2021.01.28-12.48.10:142][  0]LogConfig: Setting CVar [[r.ParticleLightQuality:2]]
[2021.01.28-12.48.10:142][  0]LogConfig: Setting CVar [[r.SkyAtmosphere.AerialPerspectiveLUT.FastApplyOnOpaque:1 ; Always have FastSkyLUT 1 in this case to avoid wrong sky]]
[2021.01.28-12.48.10:142][  0]LogConfig: Setting CVar [[r.SkyAtmosphere.AerialPerspectiveLUT.SampleCountPerSlice:1]]
[2021.01.28-12.48.10:142][  0]LogConfig: Setting CVar [[r.SkyAtmosphere.AerialPerspectiveLUT.DepthResolution:16.0]]
[2021.01.28-12.48.10:142][  0]LogConfig: Setting CVar [[r.SkyAtmosphere.FastSkyLUT:1]]
[2021.01.28-12.48.10:142][  0]LogConfig: Setting CVar [[r.SkyAtmosphere.FastSkyLUT.SampleCountMin:4.0]]
[2021.01.28-12.48.10:142][  0]LogConfig: Setting CVar [[r.SkyAtmosphere.FastSkyLUT.SampleCountMax:32.0]]
[2021.01.28-12.48.10:142][  0]LogConfig: Setting CVar [[r.SkyAtmosphere.SampleCountMin:4.0]]
[2021.01.28-12.48.10:143][  0]LogConfig: Setting CVar [[r.SkyAtmosphere.SampleCountMax:32.0]]
[2021.01.28-12.48.10:143][  0]LogConfig: Setting CVar [[r.SkyAtmosphere.TransmittanceLUT.UseSmallFormat:0]]
[2021.01.28-12.48.10:143][  0]LogConfig: Setting CVar [[r.SkyAtmosphere.TransmittanceLUT.SampleCount:10.0]]
[2021.01.28-12.48.10:143][  0]LogConfig: Setting CVar [[r.SkyAtmosphere.MultiScatteringLUT.SampleCount:15.0]]
[2021.01.28-12.48.10:143][  0]LogConfig: Applying CVar settings from Section [FoliageQuality@3] File [D:/Unreal Engine/Network_Assignment/Network_Assignment/Saved/Config/Windows/Scalability.ini]
[2021.01.28-12.48.10:143][  0]LogConfig: Setting CVar [[foliage.DensityScale:1.0]]
[2021.01.28-12.48.10:143][  0]LogConfig: Setting CVar [[grass.DensityScale:1.0]]
[2021.01.28-12.48.10:143][  0]LogConfig: Applying CVar settings from Section [ShadingQuality@3] File [D:/Unreal Engine/Network_Assignment/Network_Assignment/Saved/Config/Windows/Scalability.ini]
[2021.01.28-12.48.10:143][  0]LogConfig: Setting CVar [[r.HairStrands.SkyLighting.SampleCount:16]]
[2021.01.28-12.48.10:143][  0]LogConfig: Setting CVar [[r.HairStrands.SkyLighting.JitterIntegration:0]]
[2021.01.28-12.48.10:143][  0]LogConfig: Setting CVar [[r.HairStrands.SkyAO.SampleCount:16]]
[2021.01.28-12.48.10:143][  0]LogConfig: Setting CVar [[r.HairStrands.DeepShadow.SuperSampling:0]]
[2021.01.28-12.48.10:143][  0]LogConfig: Setting CVar [[r.HairStrands.VisibilityPPLL:0]]
[2021.01.28-12.48.10:143][  0]LogConfig: Setting CVar [[r.HairStrands.RasterizationScale:0.5]]
[2021.01.28-12.48.10:143][  0]LogConfig: Setting CVar [[r.HairStrands.VelocityRasterizationScale:1]]
[2021.01.28-12.48.10:143][  0]LogInit: Selected Device Profile: [Windows]
[2021.01.28-12.48.10:143][  0]LogInit: Applying CVar settings loaded from the selected device profile: [Windows]
[2021.01.28-12.48.10:143][  0]LogHAL: Display: Platform has ~ 16 GB [17109352448 / 17179869184 / 16], which maps to Larger [LargestMinGB=32, LargerMinGB=12, DefaultMinGB=8, SmallerMinGB=6, SmallestMinGB=0)
[2021.01.28-12.48.10:143][  0]LogInit: Going up to parent DeviceProfile []
[2021.01.28-12.48.10:143][  0]LogConfig: Applying CVar settings from Section [ViewDistanceQuality@3] File [D:/Unreal Engine/Network_Assignment/Network_Assignment/Saved/Config/Windows/Scalability.ini]
[2021.01.28-12.48.10:144][  0]LogConfig: Setting CVar [[r.SkeletalMeshLODBias:0]]
[2021.01.28-12.48.10:144][  0]LogConfig: Setting CVar [[r.ViewDistanceScale:1.0]]
[2021.01.28-12.48.10:144][  0]LogConfig: Applying CVar settings from Section [AntiAliasingQuality@3] File [D:/Unreal Engine/Network_Assignment/Network_Assignment/Saved/Config/Windows/Scalability.ini]
[2021.01.28-12.48.10:144][  0]LogConfig: Setting CVar [[r.PostProcessAAQuality:4]]
[2021.01.28-12.48.10:144][  0]LogConfig: Applying CVar settings from Section [ShadowQuality@3] File [D:/Unreal Engine/Network_Assignment/Network_Assignment/Saved/Config/Windows/Scalability.ini]
[2021.01.28-12.48.10:144][  0]LogConfig: Setting CVar [[r.LightFunctionQuality:1]]
[2021.01.28-12.48.10:144][  0]LogConfig: Setting CVar [[r.ShadowQuality:5]]
[2021.01.28-12.48.10:144][  0]LogConfig: Setting CVar [[r.Shadow.CSM.MaxCascades:10]]
[2021.01.28-12.48.10:144][  0]LogConfig: Setting CVar [[r.Shadow.MaxResolution:2048]]
[2021.01.28-12.48.10:144][  0]LogConfig: Setting CVar [[r.Shadow.MaxCSMResolution:2048]]
[2021.01.28-12.48.10:144][  0]LogConfig: Setting CVar [[r.Shadow.RadiusThreshold:0.01]]
[2021.01.28-12.48.10:144][  0]LogConfig: Setting CVar [[r.Shadow.DistanceScale:1.0]]
[2021.01.28-12.48.10:144][  0]LogConfig: Setting CVar [[r.Shadow.CSM.TransitionScale:1.0]]
[2021.01.28-12.48.10:144][  0]LogConfig: Setting CVar [[r.Shadow.PreShadowResolutionFactor:1.0]]
[2021.01.28-12.48.10:144][  0]LogConfig: Setting CVar [[r.DistanceFieldShadowing:1]]
[2021.01.28-12.48.10:144][  0]LogConfig: Setting CVar [[r.DistanceFieldAO:1]]
[2021.01.28-12.48.10:144][  0]LogConfig: Setting CVar [[r.AOQuality:2]]
[2021.01.28-12.48.10:144][  0]LogConfig: Setting CVar [[r.VolumetricFog:1]]
[2021.01.28-12.48.10:144][  0]LogConfig: Setting CVar [[r.VolumetricFog.GridPixelSize:8]]
[2021.01.28-12.48.10:144][  0]LogConfig: Setting CVar [[r.VolumetricFog.GridSizeZ:128]]
[2021.01.28-12.48.10:145][  0]LogConfig: Setting CVar [[r.VolumetricFog.HistoryMissSupersampleCount:4]]
[2021.01.28-12.48.10:145][  0]LogConfig: Setting CVar [[r.LightMaxDrawDistanceScale:1]]
[2021.01.28-12.48.10:145][  0]LogConfig: Setting CVar [[r.CapsuleShadows:1]]
[2021.01.28-12.48.10:145][  0]LogConfig: Applying CVar settings from Section [PostProcessQuality@3] File [D:/Unreal Engine/Network_Assignment/Network_Assignment/Saved/Config/Windows/Scalability.ini]
[2021.01.28-12.48.10:145][  0]LogConfig: Setting CVar [[r.MotionBlurQuality:4]]
[2021.01.28-12.48.10:145][  0]LogConfig: Setting CVar [[r.AmbientOcclusionMipLevelFactor:0.4]]
[2021.01.28-12.48.10:145][  0]LogConfig: Setting CVar [[r.AmbientOcclusionMaxQuality:100]]
[2021.01.28-12.48.10:145][  0]LogConfig: Setting CVar [[r.AmbientOcclusionLevels:-1]]
[2021.01.28-12.48.10:145][  0]LogConfig: Setting CVar [[r.AmbientOcclusionRadiusScale:1.0]]
[2021.01.28-12.48.10:145][  0]LogConfig: Setting CVar [[r.DepthOfFieldQuality:2]]
[2021.01.28-12.48.10:146][  0]LogConfig: Setting CVar [[r.RenderTargetPoolMin:400]]
[2021.01.28-12.48.10:146][  0]LogConfig: Setting CVar [[r.LensFlareQuality:2]]
[2021.01.28-12.48.10:146][  0]LogConfig: Setting CVar [[r.SceneColorFringeQuality:1]]
[2021.01.28-12.48.10:146][  0]LogConfig: Setting CVar [[r.EyeAdaptationQuality:2]]
[2021.01.28-12.48.10:146][  0]LogConfig: Setting CVar [[r.BloomQuality:5]]
[2021.01.28-12.48.10:146][  0]LogConfig: Setting CVar [[r.FastBlurThreshold:100]]
[2021.01.28-12.48.10:146][  0]LogConfig: Setting CVar [[r.Upscale.Quality:3]]
[2021.01.28-12.48.10:146][  0]LogConfig: Setting CVar [[r.Tonemapper.GrainQuantization:1]]
[2021.01.28-12.48.10:146][  0]LogConfig: Setting CVar [[r.LightShaftQuality:1]]
[2021.01.28-12.48.10:146][  0]LogConfig: Setting CVar [[r.Filter.SizeScale:1]]
[2021.01.28-12.48.10:147][  0]LogConfig: Setting CVar [[r.Tonemapper.Quality:5]]
[2021.01.28-12.48.10:147][  0]LogConfig: Setting CVar [[r.DOF.Gather.AccumulatorQuality:1        ; higher gathering accumulator quality]]
[2021.01.28-12.48.10:147][  0]LogConfig: Setting CVar [[r.DOF.Gather.PostfilterMethod:1          ; Median3x3 postfilering method]]
[2021.01.28-12.48.10:147][  0]LogConfig: Setting CVar [[r.DOF.Gather.EnableBokehSettings:0       ; no bokeh simulation when gathering]]
[2021.01.28-12.48.10:147][  0]LogConfig: Setting CVar [[r.DOF.Gather.RingCount:4                 ; medium number of samples when gathering]]
[2021.01.28-12.48.10:147][  0]LogConfig: Setting CVar [[r.DOF.Scatter.ForegroundCompositing:1    ; additive foreground scattering]]
[2021.01.28-12.48.10:147][  0]LogConfig: Setting CVar [[r.DOF.Scatter.BackgroundCompositing:2    ; additive background scattering]]
[2021.01.28-12.48.10:147][  0]LogConfig: Setting CVar [[r.DOF.Scatter.EnableBokehSettings:1      ; bokeh simulation when scattering]]
[2021.01.28-12.48.10:147][  0]LogConfig: Setting CVar [[r.DOF.Scatter.MaxSpriteRatio:0.1         ; only a maximum of 10% of scattered bokeh]]
[2021.01.28-12.48.10:147][  0]LogConfig: Setting CVar [[r.DOF.Recombine.Quality:1                ; cheap slight out of focus]]
[2021.01.28-12.48.10:148][  0]LogConfig: Setting CVar [[r.DOF.Recombine.EnableBokehSettings:0    ; no bokeh simulation on slight out of focus]]
[2021.01.28-12.48.10:148][  0]LogConfig: Setting CVar [[r.DOF.TemporalAAQuality:1                ; more stable temporal accumulation]]
[2021.01.28-12.48.10:148][  0]LogConfig: Setting CVar [[r.DOF.Kernel.MaxForegroundRadius:0.025]]
[2021.01.28-12.48.10:148][  0]LogConfig: Setting CVar [[r.DOF.Kernel.MaxBackgroundRadius:0.025]]
[2021.01.28-12.48.10:148][  0]LogConfig: Applying CVar settings from Section [TextureQuality@3] File [D:/Unreal Engine/Network_Assignment/Network_Assignment/Saved/Config/Windows/Scalability.ini]
[2021.01.28-12.48.10:148][  0]LogConfig: Setting CVar [[r.Streaming.MipBias:0]]
[2021.01.28-12.48.10:148][  0]LogConfig: Setting CVar [[r.Streaming.AmortizeCPUToGPUCopy:0]]
[2021.01.28-12.48.10:148][  0]LogConfig: Setting CVar [[r.Streaming.MaxNumTexturesToStreamPerFrame:0]]
[2021.01.28-12.48.10:148][  0]LogConfig: Setting CVar [[r.Streaming.Boost:1]]
[2021.01.28-12.48.10:148][  0]LogConfig: Setting CVar [[r.MaxAnisotropy:8]]
[2021.01.28-12.48.10:148][  0]LogConfig: Setting CVar [[r.VT.MaxAnisotropy:8]]
[2021.01.28-12.48.10:148][  0]LogConfig: Setting CVar [[r.Streaming.LimitPoolSizeToVRAM:0]]
[2021.01.28-12.48.10:149][  0]LogConfig: Setting CVar [[r.Streaming.PoolSize:1000]]
[2021.01.28-12.48.10:149][  0]LogConfig: Setting CVar [[r.Streaming.MaxEffectiveScreenSize:0]]
[2021.01.28-12.48.10:149][  0]LogConfig: Applying CVar settings from Section [EffectsQuality@3] File [D:/Unreal Engine/Network_Assignment/Network_Assignment/Saved/Config/Windows/Scalability.ini]
[2021.01.28-12.48.10:149][  0]LogConfig: Setting CVar [[r.TranslucencyLightingVolumeDim:64]]
[2021.01.28-12.48.10:149][  0]LogConfig: Setting CVar [[r.RefractionQuality:2]]
[2021.01.28-12.48.10:149][  0]LogConfig: Setting CVar [[r.SSR.Quality:3]]
[2021.01.28-12.48.10:149][  0]LogConfig: Setting CVar [[r.SSR.HalfResSceneColor:0]]
[2021.01.28-12.48.10:149][  0]LogConfig: Setting CVar [[r.SceneColorFormat:4]]
[2021.01.28-12.48.10:149][  0]LogConfig: Setting CVar [[r.DetailMode:2]]
[2021.01.28-12.48.10:149][  0]LogConfig: Setting CVar [[r.TranslucencyVolumeBlur:1]]
[2021.01.28-12.48.10:149][  0]LogConfig: Setting CVar [[r.MaterialQualityLevel:1 ; High quality]]
[2021.01.28-12.48.10:149][  0]LogConfig: Setting CVar [[r.SSS.Scale:1]]
[2021.01.28-12.48.10:150][  0]LogConfig: Setting CVar [[r.SSS.SampleSet:2]]
[2021.01.28-12.48.10:150][  0]LogConfig: Setting CVar [[r.SSS.Quality:1]]
[2021.01.28-12.48.10:150][  0]LogConfig: Setting CVar [[r.SSS.HalfRes:0]]
[2021.01.28-12.48.10:150][  0]LogConfig: Setting CVar [[r.SSGI.Quality:3]]
[2021.01.28-12.48.10:151][  0]LogConfig: Setting CVar [[r.EmitterSpawnRateScale:1.0]]
[2021.01.28-12.48.10:151][  0]LogConfig: Setting CVar [[r.ParticleLightQuality:2]]
[2021.01.28-12.48.10:151][  0]LogConfig: Setting CVar [[r.SkyAtmosphere.AerialPerspectiveLUT.FastApplyOnOpaque:1 ; Always have FastSkyLUT 1 in this case to avoid wrong sky]]
[2021.01.28-12.48.10:151][  0]LogConfig: Setting CVar [[r.SkyAtmosphere.AerialPerspectiveLUT.SampleCountPerSlice:1]]
[2021.01.28-12.48.10:151][  0]LogConfig: Setting CVar [[r.SkyAtmosphere.AerialPerspectiveLUT.DepthResolution:16.0]]
[2021.01.28-12.48.10:151][  0]LogConfig: Setting CVar [[r.SkyAtmosphere.FastSkyLUT:1]]
[2021.01.28-12.48.10:151][  0]LogConfig: Setting CVar [[r.SkyAtmosphere.FastSkyLUT.SampleCountMin:4.0]]
[2021.01.28-12.48.10:151][  0]LogConfig: Setting CVar [[r.SkyAtmosphere.FastSkyLUT.SampleCountMax:32.0]]
[2021.01.28-12.48.10:151][  0]LogConfig: Setting CVar [[r.SkyAtmosphere.SampleCountMin:4.0]]
[2021.01.28-12.48.10:151][  0]LogConfig: Setting CVar [[r.SkyAtmosphere.SampleCountMax:32.0]]
[2021.01.28-12.48.10:151][  0]LogConfig: Setting CVar [[r.SkyAtmosphere.TransmittanceLUT.UseSmallFormat:0]]
[2021.01.28-12.48.10:151][  0]LogConfig: Setting CVar [[r.SkyAtmosphere.TransmittanceLUT.SampleCount:10.0]]
[2021.01.28-12.48.10:151][  0]LogConfig: Setting CVar [[r.SkyAtmosphere.MultiScatteringLUT.SampleCount:15.0]]
[2021.01.28-12.48.10:151][  0]LogConfig: Applying CVar settings from Section [FoliageQuality@3] File [D:/Unreal Engine/Network_Assignment/Network_Assignment/Saved/Config/Windows/Scalability.ini]
[2021.01.28-12.48.10:151][  0]LogConfig: Setting CVar [[foliage.DensityScale:1.0]]
[2021.01.28-12.48.10:151][  0]LogConfig: Setting CVar [[grass.DensityScale:1.0]]
[2021.01.28-12.48.10:151][  0]LogConfig: Applying CVar settings from Section [ShadingQuality@3] File [D:/Unreal Engine/Network_Assignment/Network_Assignment/Saved/Config/Windows/Scalability.ini]
[2021.01.28-12.48.10:151][  0]LogConfig: Setting CVar [[r.HairStrands.SkyLighting.SampleCount:16]]
[2021.01.28-12.48.10:152][  0]LogConfig: Setting CVar [[r.HairStrands.SkyLighting.JitterIntegration:0]]
[2021.01.28-12.48.10:152][  0]LogConfig: Setting CVar [[r.HairStrands.SkyAO.SampleCount:16]]
[2021.01.28-12.48.10:152][  0]LogConfig: Setting CVar [[r.HairStrands.DeepShadow.SuperSampling:0]]
[2021.01.28-12.48.10:152][  0]LogConfig: Setting CVar [[r.HairStrands.VisibilityPPLL:0]]
[2021.01.28-12.48.10:152][  0]LogConfig: Setting CVar [[r.HairStrands.RasterizationScale:0.5]]
[2021.01.28-12.48.10:152][  0]LogConfig: Setting CVar [[r.HairStrands.VelocityRasterizationScale:1]]
[2021.01.28-12.48.10:152][  0]LogConfig: Applying CVar settings from Section [Startup] File [../../../Engine/Config/ConsoleVariables.ini]
[2021.01.28-12.48.10:153][  0]LogConfig: Setting CVar [[net.UseAdaptiveNetUpdateFrequency:0]]
[2021.01.28-12.48.10:154][  0]LogConfig: Setting CVar [[p.chaos.AllowCreatePhysxBodies:1]]
[2021.01.28-12.48.10:155][  0]LogConfig: Setting CVar [[fx.SkipVectorVMBackendOptimizations:1]]
[2021.01.28-12.48.10:155][  0]LogConfig: Applying CVar settings from Section [ConsoleVariables] File [D:/Unreal Engine/Network_Assignment/Network_Assignment/Saved/Config/Windows/Engine.ini]
[2021.01.28-12.48.10:155][  0]LogInit: Computer: LEON-DATOR
[2021.01.28-12.48.10:155][  0]LogInit: User: Leon
[2021.01.28-12.48.10:155][  0]LogInit: CPU Page size=4096, Cores=4
[2021.01.28-12.48.10:155][  0]LogInit: High frequency timer resolution =10.000000 MHz
[2021.01.28-12.48.10:156][  0]LogMemory: Memory total: Physical=15.9GB (16GB approx)
[2021.01.28-12.48.10:156][  0]LogMemory: Platform Memory Stats for Windows
[2021.01.28-12.48.10:156][  0]LogMemory: Process Physical Memory: 116.07 MB used, 116.07 MB peak
[2021.01.28-12.48.10:156][  0]LogMemory: Process Virtual Memory: 104.23 MB used, 104.23 MB peak
[2021.01.28-12.48.10:156][  0]LogMemory: Physical Memory: 9306.61 MB used,  7010.14 MB free, 16316.75 MB total
[2021.01.28-12.48.10:156][  0]LogMemory: Virtual Memory: 5100.69 MB used,  134212624.00 MB free, 134217728.00 MB total
[2021.01.28-12.48.10:169][  0]LogWindows: WindowsPlatformFeatures enabled
[2021.01.28-12.48.10:567][  0]LogInit: Physics initialised using underlying interface: PhysX
[2021.01.28-12.48.10:568][  0]LogInit: Using OS detected language (en-US).
[2021.01.28-12.48.10:569][  0]LogInit: Using OS detected locale (sv-SE).
[2021.01.28-12.48.10:574][  0]LogTextLocalizationManager: No specific localization for 'en-US' exists, so the 'en' localization will be used.
[2021.01.28-12.48.10:807][  0]LogInit: Setting process to per monitor DPI aware
[2021.01.28-12.48.10:906][  0]LogSlate: New Slate User Created.  User Index 0, Is Virtual User: 0
[2021.01.28-12.48.10:906][  0]LogSlate: Slate User Registered.  User Index 0, Is Virtual User: 0
[2021.01.28-12.48.11:396][  0]LogHMD: Failed to initialize OpenVR with code 105
[2021.01.28-12.48.11:397][  0]LogD3D11RHI: D3D11 min allowed feature level: 11_0
[2021.01.28-12.48.11:397][  0]LogD3D11RHI: D3D11 max allowed feature level: 11_0
[2021.01.28-12.48.11:397][  0]LogD3D11RHI: D3D11 adapters:
[2021.01.28-12.48.11:516][  0]LogD3D11RHI:    0. 'NVIDIA GeForce GTX 970' (Feature Level 11_0)
[2021.01.28-12.48.11:516][  0]LogD3D11RHI:       4043/0/8158 MB DedicatedVideo/DedicatedSystem/SharedSystem, Outputs:2, VendorId:0x10de
[2021.01.28-12.48.11:526][  0]LogD3D11RHI:    1. 'Microsoft Basic Render Driver' (Feature Level 11_0)
[2021.01.28-12.48.11:526][  0]LogD3D11RHI:       0/0/8158 MB DedicatedVideo/DedicatedSystem/SharedSystem, Outputs:0, VendorId:0x1414
[2021.01.28-12.48.11:526][  0]LogD3D11RHI: Chosen D3D11 Adapter: 0
[2021.01.28-12.48.11:534][  0]LogD3D11RHI: Creating new Direct3DDevice
[2021.01.28-12.48.11:534][  0]LogD3D11RHI:     GPU DeviceId: 0x13c2 (for the marketing name, search the web for "GPU Device Id")
[2021.01.28-12.48.11:534][  0]LogWindows: EnumDisplayDevices:
[2021.01.28-12.48.11:535][  0]LogWindows:    0. 'NVIDIA GeForce GTX 970' (P:0 D:1)
[2021.01.28-12.48.11:535][  0]LogWindows:    1. 'NVIDIA GeForce GTX 970' (P:1 D:1)
[2021.01.28-12.48.11:536][  0]LogWindows:    2. 'NVIDIA GeForce GTX 970' (P:0 D:0)
[2021.01.28-12.48.11:537][  0]LogWindows:    3. 'NVIDIA GeForce GTX 970' (P:0 D:0)
[2021.01.28-12.48.11:537][  0]LogWindows: DebugString: FoundDriverCount:4 
[2021.01.28-12.48.11:538][  0]LogD3D11RHI:     Adapter Name: NVIDIA GeForce GTX 970
[2021.01.28-12.48.11:538][  0]LogD3D11RHI:   Driver Version: 456.71 (internal:27.21.14.5671, unified:456.71)
[2021.01.28-12.48.11:538][  0]LogD3D11RHI:      Driver Date: 9-30-2020
[2021.01.28-12.48.11:538][  0]LogRHI: Texture pool is 2830 MB (70% of 4043 MB)
[2021.01.28-12.48.11:604][  0]LogD3D11RHI: RHI has support for 64 bit atomics
[2021.01.28-12.48.11:604][  0]LogD3D11RHI: Async texture creation enabled
[2021.01.28-12.48.11:604][  0]LogD3D11RHI: Array index from any shader is supported
[2021.01.28-12.48.11:635][  0]LogD3D11RHI: GPU Timing Frequency: 1000.000000 (Debug: 2 1)
[2021.01.28-12.48.12:164][  0]LogTargetPlatformManager: Display: Loaded TargetPlatform 'AllDesktop'
[2021.01.28-12.48.12:195][  0]LogTargetPlatformManager: Display: Loaded TargetPlatform 'Android'
[2021.01.28-12.48.12:195][  0]LogTargetPlatformManager: Display: Loaded TargetPlatform 'Android_ASTC'
[2021.01.28-12.48.12:195][  0]LogTargetPlatformManager: Display: Loaded TargetPlatform 'Android_DXT'
[2021.01.28-12.48.12:195][  0]LogTargetPlatformManager: Display: Loaded TargetPlatform 'Android_ETC2'
[2021.01.28-12.48.12:195][  0]LogTargetPlatformManager: Display: Loaded TargetPlatform 'AndroidClient'
[2021.01.28-12.48.12:195][  0]LogTargetPlatformManager: Display: Loaded TargetPlatform 'Android_ASTCClient'
[2021.01.28-12.48.12:196][  0]LogTargetPlatformManager: Display: Loaded TargetPlatform 'Android_DXTClient'
[2021.01.28-12.48.12:196][  0]LogTargetPlatformManager: Display: Loaded TargetPlatform 'Android_ETC2Client'
[2021.01.28-12.48.12:196][  0]LogTargetPlatformManager: Display: Loaded TargetPlatform 'Android_Multi'
[2021.01.28-12.48.12:196][  0]LogTargetPlatformManager: Display: Loaded TargetPlatform 'Android_MultiClient'
[2021.01.28-12.48.12:242][  0]LogTargetPlatformManager: Display: Loaded TargetPlatform 'IOSClient'
[2021.01.28-12.48.12:242][  0]LogTargetPlatformManager: Display: Loaded TargetPlatform 'IOS'
[2021.01.28-12.48.12:261][  0]LogTargetPlatformManager: Display: Loaded TargetPlatform 'Linux'
[2021.01.28-12.48.12:279][  0]LogTargetPlatformManager: Display: Loaded TargetPlatform 'LinuxNoEditor'
[2021.01.28-12.48.12:296][  0]LogTargetPlatformManager: Display: Loaded TargetPlatform 'LinuxClient'
[2021.01.28-12.48.12:314][  0]LogTargetPlatformManager: Display: Loaded TargetPlatform 'LinuxServer'
[2021.01.28-12.48.12:331][  0]LogTargetPlatformManager: Display: Loaded TargetPlatform 'LinuxAArch64NoEditor'
[2021.01.28-12.48.12:349][  0]LogTargetPlatformManager: Display: Loaded TargetPlatform 'LinuxAArch64Client'
[2021.01.28-12.48.12:366][  0]LogTargetPlatformManager: Display: Loaded TargetPlatform 'LinuxAArch64Server'
[2021.01.28-12.48.12:410][  0]LogTargetPlatformManager: Display: Loaded TargetPlatform 'Lumin'
[2021.01.28-12.48.12:410][  0]LogTargetPlatformManager: Display: Loaded TargetPlatform 'LuminClient'
[2021.01.28-12.48.12:437][  0]LogTargetPlatformManager: Display: Loaded TargetPlatform 'TVOSClient'
[2021.01.28-12.48.12:437][  0]LogTargetPlatformManager: Display: Loaded TargetPlatform 'TVOS'
[2021.01.28-12.48.12:454][  0]LogTargetPlatformManager: Display: Loaded TargetPlatform 'WindowsNoEditor'
[2021.01.28-12.48.12:471][  0]LogTargetPlatformManager: Display: Loaded TargetPlatform 'Windows'
[2021.01.28-12.48.12:486][  0]LogTargetPlatformManager: Display: Loaded TargetPlatform 'WindowsClient'
[2021.01.28-12.48.12:501][  0]LogTargetPlatformManager: Display: Loaded TargetPlatform 'WindowsServer'
[2021.01.28-12.48.12:502][  0]LogTargetPlatformManager: Display: Building Assets For Windows
[2021.01.28-12.48.12:529][  0]LogAudioDebug: Display: Lib vorbis DLL was dynamically loaded.
[2021.01.28-12.48.12:688][  0]LogShaderCompilers: Guid format shader working directory is -21 characters bigger than the processId version (../../../../../Unreal Engine/Network_Assignment/Network_Assignment/Intermediate/Shaders/WorkingDirectory/7988/).
[2021.01.28-12.48.12:688][  0]LogShaderCompilers: Cleaned the shader compiler working directory 'C:/Users/Leon/AppData/Local/Temp/UnrealShaderWorkingDir/D06CBA92401E327D98E0A2AF90CA29BF/'.
[2021.01.28-12.48.12:689][  0]LogXGEController: Cannot use XGE Controller as Incredibuild is not installed on this machine.
[2021.01.28-12.48.12:689][  0]LogShaderCompilers: Cannot use XGE Shader Compiler as Incredibuild is not installed on this machine.
[2021.01.28-12.48.12:689][  0]LogShaderCompilers: Display: Using Local Shader Compiler.
[2021.01.28-12.48.13:715][  0]LogDerivedDataCache: Display: Max Cache Size: 512 MB
[2021.01.28-12.48.13:775][  0]LogDerivedDataCache: Loaded boot cache 0.06s 76MB C:/Users/Leon/AppData/Local/UnrealEngine/4.25/DerivedDataCache/Boot.ddc.
[2021.01.28-12.48.13:775][  0]LogDerivedDataCache: Display: Loaded Boot cache: C:/Users/Leon/AppData/Local/UnrealEngine/4.25/DerivedDataCache/Boot.ddc
[2021.01.28-12.48.13:775][  0]LogDerivedDataCache: FDerivedDataBackendGraph:  Pak pak cache file ../../../../../Unreal Engine/Network_Assignment/Network_Assignment/DerivedDataCache/DDC.ddp not found, will not use a pak cache.
[2021.01.28-12.48.13:775][  0]LogDerivedDataCache: Unable to find inner node Pak for hierarchical cache Hierarchy.
[2021.01.28-12.48.13:775][  0]LogDerivedDataCache: FDerivedDataBackendGraph:  CompressedPak pak cache file ../../../../../Unreal Engine/Network_Assignment/Network_Assignment/DerivedDataCache/Compressed.ddp not found, will not use a pak cache.
[2021.01.28-12.48.13:775][  0]LogDerivedDataCache: Unable to find inner node CompressedPak for hierarchical cache Hierarchy.
[2021.01.28-12.48.13:787][  0]LogDerivedDataCache: Display: Pak cache opened for reading ../../../Engine/DerivedDataCache/Compressed.ddp.
[2021.01.28-12.48.13:787][  0]LogDerivedDataCache: FDerivedDataBackendGraph:  EnterprisePak pak cache file ../../../Enterprise/DerivedDataCache/Compressed.ddp not found, will not use a pak cache.
[2021.01.28-12.48.13:788][  0]LogDerivedDataCache: Unable to find inner node EnterprisePak for hierarchical cache Hierarchy.
[2021.01.28-12.48.13:790][  0]LogDerivedDataCache: Using Local data cache path C:/Users/Leon/AppData/Local/UnrealEngine/Common/DerivedDataCache: Writable
[2021.01.28-12.48.13:790][  0]LogDerivedDataCache: Shared data cache path not found in *engine.ini, will not use an Shared cache.
[2021.01.28-12.48.13:790][  0]LogDerivedDataCache: Unable to find inner node Shared for hierarchical cache Hierarchy.
[2021.01.28-12.48.13:856][  0]LogSlate: Using FreeType 2.10.0
[2021.01.28-12.48.13:858][  0]LogSlate: SlateFontServices - WITH_FREETYPE: 1, WITH_HARFBUZZ: 1
[2021.01.28-12.48.13:909][  0]LogAssetRegistry: FAssetRegistry took 0.0059 seconds to start up
[2021.01.28-12.48.14:151][  0]LogCollisionProfile: Warning: Profile (Pawn) - Custom Channel Name = 'Player' hasn't been found
[2021.01.28-12.48.14:151][  0]LogCollisionProfile: Warning: Profile (Pawn) - Custom Channel Name = 'Player' hasn't been found
[2021.01.28-12.48.14:228][  0]LogInit: Selected Device Profile: [Windows]
[2021.01.28-12.48.14:425][  0]LogMeshReduction: Using QuadricMeshReduction for automatic static mesh reduction
[2021.01.28-12.48.14:425][  0]LogMeshReduction: Using SimplygonMeshReduction for automatic skeletal mesh reduction
[2021.01.28-12.48.14:425][  0]LogMeshReduction: Using ProxyLODMeshReduction for automatic mesh merging
[2021.01.28-12.48.14:425][  0]LogMeshReduction: No distributed automatic mesh merging module available
[2021.01.28-12.48.14:425][  0]LogMeshMerging: No distributed automatic mesh merging module available
[2021.01.28-12.48.14:455][  0]LogNetVersion: Network_Assignment 1.0.0, NetCL: 13144385, EngineNetVer: 14, GameNetVer: 0 (Checksum: 1997309246)
[2021.01.28-12.48.15:202][  0]LogAISub: UAISubsystem::UAISubsystem AISubsystem (00000205F5BC01C0), frame # 0
[2021.01.28-12.48.15:202][  0]LogAISub: UAISubsystem::UAISubsystem AIPerceptionSystem (00000205F5AEDE40), frame # 0
[2021.01.28-12.48.15:204][  0]LogAISub: UAISubsystem::UAISubsystem EnvQueryManager (00000205F5B0B200), frame # 0
[2021.01.28-12.48.15:276][  0]LogPackageLocalizationCache: Processed 19 localized package path(s) for 1 prioritized culture(s) in 0.063255 seconds
[2021.01.28-12.48.15:282][  0]LogUObjectArray: 15917 objects as part of root set at end of initial load.
[2021.01.28-12.48.15:282][  0]LogUObjectAllocator: 3965568 out of 0 bytes used by permanent object pool.
[2021.01.28-12.48.15:282][  0]LogUObjectArray: CloseDisregardForGC: 0/0 objects in disregard for GC pool
[2021.01.28-12.48.16:024][  0]LogTcpMessaging: Initializing TcpMessaging bridge
[2021.01.28-12.48.16:033][  0]LogUdpMessaging: Initializing bridge on interface 0.0.0.0:0 to multicast group 230.0.0.1:6666.
[2021.01.28-12.48.16:444][  0]SourceControl: Source control is disabled
[2021.01.28-12.48.16:444][  0]SourceControl: Source control is disabled
[2021.01.28-12.48.16:453][  0]SourceControl: Source control is disabled
[2021.01.28-12.48.16:461][  0]SourceControl: Source control is disabled
[2021.01.28-12.48.16:481][  0]SourceControl: Source control is disabled
[2021.01.28-12.48.16:992][  0]LogAndroidPermission: UAndroidPermissionCallbackProxy::GetInstance
[2021.01.28-12.48.17:037][  0]LogAudioCaptureCore: Display: No Audio Capture implementations found. Audio input will be silent.
[2021.01.28-12.48.17:037][  0]LogAudioCaptureCore: Display: No Audio Capture implementations found. Audio input will be silent.
[2021.01.28-12.48.17:128][  0]LogOcInput: OculusInput pre-init called
[2021.01.28-12.48.17:149][  0]LogWindows: Failed to load 'OVRPlugin.dll' (GetLastError=126)
[2021.01.28-12.48.17:149][  0]LogWindows: File 'OVRPlugin.dll' does not exist
[2021.01.28-12.48.17:262][  0]LogEngine: Initializing Engine...
[2021.01.28-12.48.17:278][  0]LogHMD: Failed to initialize OpenVR with code 105
[2021.01.28-12.48.17:278][  0]LogMagicLeap: Warning: VR disabled because ZI is not enabled.  To enable, in the editor, Edit -> Project Settings -> Plugins -> Magic Leap Plugin -> Enable Zero Iteration
[2021.01.28-12.48.17:280][  0]LogStats: UGameplayTagsManager::InitializeManager -  0.000 s
[2021.01.28-12.48.17:438][  0]LogInit: Initializing FReadOnlyCVARCache
[2021.01.28-12.48.17:451][  0]LogAIModule: Creating AISystem for world Untitled
[2021.01.28-12.48.17:451][  0]LogAISub: UAISubsystem::UAISubsystem EnvQueryManager (00000205FB7EFC00), frame # 0
[2021.01.28-12.48.17:451][  0]LogAISub: UAISubsystem::UAISubsystem AIPerceptionSystem (00000205FB7FBB00), frame # 0
[2021.01.28-12.48.17:471][  0]LogAudioMixer: Display: Audio Mixer Platform Settings:
[2021.01.28-12.48.17:471][  0]LogAudioMixer: Display: 	Sample Rate:						  48000
[2021.01.28-12.48.17:472][  0]LogAudioMixer: Display: 	Callback Buffer Frame Size Requested: 1024
[2021.01.28-12.48.17:472][  0]LogAudioMixer: Display: 	Callback Buffer Frame Size To Use:	  1024
[2021.01.28-12.48.17:472][  0]LogAudioMixer: Display: 	Number of buffers to queue:			  2
[2021.01.28-12.48.17:472][  0]LogAudioMixer: Display: 	Max Channels (voices):				  32
[2021.01.28-12.48.17:472][  0]LogAudioMixer: Display: 	Number of Async Source Workers:		  0
[2021.01.28-12.48.17:472][  0]LogAudio: Display: AudioDevice MaxSources: 32
[2021.01.28-12.48.17:473][  0]LogAudio: Display: Using built-in audio occlusion.
[2021.01.28-12.48.17:473][  0]LogAudioMixer: Display: Initializing audio mixer.
[2021.01.28-12.48.17:509][  0]LogAudioMixer: Display: 0: FrontLeft
[2021.01.28-12.48.17:509][  0]LogAudioMixer: Display: 1: FrontRight
[2021.01.28-12.48.17:509][  0]LogAudioMixer: Display: 2: FrontCenter
[2021.01.28-12.48.17:509][  0]LogAudioMixer: Display: 3: LowFrequency
[2021.01.28-12.48.17:509][  0]LogAudioMixer: Display: 4: BackLeft
[2021.01.28-12.48.17:509][  0]LogAudioMixer: Display: 5: BackRight
[2021.01.28-12.48.17:509][  0]LogAudioMixer: Display: 6: SideLeft
[2021.01.28-12.48.17:509][  0]LogAudioMixer: Display: 7: SideRight
[2021.01.28-12.48.17:604][  0]LogAudioMixer: Display: Using Audio Device Högtalare (Realtek High Definition Audio)
[2021.01.28-12.48.17:607][  0]LogAudioMixer: Display: Initializing Sound Submixes...
[2021.01.28-12.48.17:611][  0]LogAudioMixer: Display: Creating Master Submix 'MasterSubmixDefault'
[2021.01.28-12.48.17:612][  0]LogAudioMixer: Display: Creating Master Submix 'MasterReverbSubmixDefault'
[2021.01.28-12.48.17:613][  0]LogAudioMixer: Display: Creating Master Submix 'MasterEQSubmixDefault'
[2021.01.28-12.48.17:615][  0]LogInit: FAudioDevice initialized.
[2021.01.28-12.48.17:616][  0]LogNetVersion: Set ProjectVersion to 1.0.0.0. Version Checksum will be recalculated on next use.
[2021.01.28-12.48.17:840][  0]LogDerivedDataCache: Saved boot cache 0.22s 76MB C:/Users/Leon/AppData/Local/UnrealEngine/4.25/DerivedDataCache/Boot.ddc.
[2021.01.28-12.48.17:841][  0]LogInit: Texture streaming: Enabled
[2021.01.28-12.48.17:882][  0]LogEngineSessionManager: EngineSessionManager initialized
[2021.01.28-12.48.17:882][  0]LogEngineSessionManager: EngineSessionManager sent abnormal shutdown report. Type=Debugger, SessionId={BE56ED32-4C30-6ED5-69AA-2FBB46844640}
[2021.01.28-12.48.17:882][  0]LogEditorSessionSummary: Verbose: Initializing EditorSessionSummaryWriter for editor session tracking
[2021.01.28-12.48.17:902][  0]LogEditorSessionSummary: EditorSessionSummaryWriter initialized
[2021.01.28-12.48.17:960][  0]LogInit: Transaction tracking system initialized
[2021.01.28-12.48.18:029][  0]BlueprintLog: New page: Editor Load
[2021.01.28-12.48.18:191][  0]LocalizationService: Localization service is disabled
[2021.01.28-12.48.18:454][  0]LogCook: Display: Max memory allowance for cook 16384mb min free memory 0mb
[2021.01.28-12.48.18:455][  0]LogCook: Display: Mobile HDR setting 1
[2021.01.28-12.48.18:722][  0]LogFileCache: Scanning file cache for directory 'D:/Unreal Engine/Network_Assignment/Network_Assignment/Content/' took 0.01s
[2021.01.28-12.48.19:228][  0]SourceControl: Source control is disabled
[2021.01.28-12.48.19:229][  0]LogUnrealEdMisc: Loading editor; pre map load, took 14.412
[2021.01.28-12.48.19:229][  0]Cmd: MAP LOAD FILE="../../../../../Unreal Engine/Network_Assignment/Network_Assignment/Content/Maps/MY_Map.umap" TEMPLATE=0 SHOWPROGRESS=1 FEATURELEVEL=3
[2021.01.28-12.48.19:229][  0]LightingResults: New page: Lighting Build
[2021.01.28-12.48.19:230][  0]LogWorld: UWorld::CleanupWorld for Untitled, bSessionEnded=true, bCleanupResources=true
[2021.01.28-12.48.19:231][  0]LogSlate: InvalidateAllWidgets triggered.  All widgets were invalidated
[2021.01.28-12.48.19:231][  0]MapCheck: New page: Map Check
[2021.01.28-12.48.19:231][  0]LightingResults: New page: Lighting Build
[2021.01.28-12.48.19:240][  0]LogAISub: UAISubsystem::~UAISubsystem EnvQueryManager (00000205FB7EFC00), frame # 0
[2021.01.28-12.48.19:241][  0]LogAISub: UAISubsystem::~UAISubsystem AIPerceptionSystem (00000205FB7FBB00), frame # 0
[2021.01.28-12.48.19:242][  0]LogUObjectHash: Compacting FUObjectHashTables data took   0.91ms
[2021.01.28-12.48.19:432][  0]LogAIModule: Creating AISystem for world My_Map
[2021.01.28-12.48.19:462][  0]LogAISub: UAISubsystem::UAISubsystem EnvQueryManager (0000020584ED4C00), frame # 0
[2021.01.28-12.48.19:462][  0]LogAISub: UAISubsystem::UAISubsystem AIPerceptionSystem (000002058A505A80), frame # 0
[2021.01.28-12.48.19:470][  0]LogEditorServer: Finished looking for orphan Actors (0.000 secs)
[2021.01.28-12.48.19:593][  0]LogUObjectHash: Compacting FUObjectHashTables data took   0.95ms
[2021.01.28-12.48.19:593][  0]Cmd: MAP CHECKDEP NOCLEARLOG
[2021.01.28-12.48.19:593][  0]MapCheck: Map check complete: 0 Error(s), 0 Warning(s), took 0,086ms to complete.
[2021.01.28-12.48.19:593][  0]LogFileHelpers: Loading map 'MY_Map' took 0.366
[2021.01.28-12.48.19:596][  0]LogUnrealEdMisc: Total Editor Startup Time, took 14.780
[2021.01.28-12.48.19:801][  0]LogSlate: Updating window title bar state: overlay mode, drag disabled, window buttons hidden, title bar hidden
[2021.01.28-12.48.19:810][  0]LogSlate: Updating window title bar state: overlay mode, drag disabled, window buttons hidden, title bar hidden
[2021.01.28-12.48.19:820][  0]LogSlate: Updating window title bar state: overlay mode, drag disabled, window buttons hidden, title bar hidden
[2021.01.28-12.48.19:829][  0]LogSlate: Updating window title bar state: overlay mode, drag disabled, window buttons hidden, title bar hidden
[2021.01.28-12.48.19:848][  0]LogCollectionManager: Loaded 0 collections in 0.001901 seconds
[2021.01.28-12.48.19:876][  0]LogFileCache: Scanning file cache for directory 'D:/Unreal Engine/Network_Assignment/Network_Assignment/Saved/Collections/' took 0.00s
[2021.01.28-12.48.19:876][  0]LogFileCache: Scanning file cache for directory 'D:/Unreal Engine/Network_Assignment/Network_Assignment/Content/Developers/Leon/Collections/' took 0.00s
[2021.01.28-12.48.19:876][  0]LogFileCache: Scanning file cache for directory 'D:/Unreal Engine/Network_Assignment/Network_Assignment/Content/Collections/' took 0.00s
[2021.01.28-12.48.19:876][  0]LogContentBrowser: Native class hierarchy populated in 0.0131 seconds. Added 3434 classes and 823 folders.
[2021.01.28-12.48.19:881][  0]LogContentBrowser: Native class hierarchy updated for 'WidgetCarousel' in 0.0007 seconds. Added 0 classes and 0 folders.
[2021.01.28-12.48.20:085][  0]LogContentBrowser: Native class hierarchy updated for 'AddContentDialog' in 0.0008 seconds. Added 0 classes and 0 folders.
[2021.01.28-12.48.20:091][  0]LogContentBrowser: Native class hierarchy updated for 'SceneOutliner' in 0.0007 seconds. Added 2 classes and 0 folders.
[2021.01.28-12.48.20:230][  0]LogSlate: Took 0.000429 seconds to synchronously load lazily loaded font '../../../Engine/Content/Slate/Fonts/Roboto-Regular.ttf' (155K)
[2021.01.28-12.48.20:235][  0]LogSlate: Took 0.000462 seconds to synchronously load lazily loaded font '../../../Engine/Content/Slate/Fonts/Roboto-Bold.ttf' (160K)
[2021.01.28-12.48.20:251][  0]LogSlate: Took 0.000437 seconds to synchronously load lazily loaded font '../../../Engine/Content/Editor/Slate/Fonts/FontAwesome.ttf' (139K)
[2021.01.28-12.48.20:348][  0]LogRenderer: Reallocating scene render targets to support 1096x584 Format 10 NumSamples 1 (Frame:1).
[2021.01.28-12.48.20:546][  0]LogContentBrowser: Native class hierarchy updated for 'HierarchicalLODOutliner' in 0.0008 seconds. Added 0 classes and 0 folders.
[2021.01.28-12.48.20:546][  0]LogLoad: (Engine Initialization) Total time: 15.73 seconds
[2021.01.28-12.48.20:546][  0]LogLoad: (Engine Initialization) Total Blueprint compile time: 0.00 seconds
[2021.01.28-12.48.20:593][  0]LogAssetRegistry: Asset discovery search completed in 6.6881 seconds
[2021.01.28-12.48.20:598][  0]LogCollectionManager: Fixed up redirectors for 0 collections in 0.000002 seconds (updated 0 objects)
[2021.01.28-12.48.20:604][  0]LogContentStreaming: Texture pool size now 1000 MB
[2021.01.28-12.48.20:645][  0]LogSlate: Took 0.000349 seconds to synchronously load lazily loaded font '../../../Engine/Content/Slate/Fonts/Roboto-Light.ttf' (167K)
[2021.01.28-12.48.21:590][ 94]LogSlate: Took 0.000512 seconds to synchronously load lazily loaded font '../../../Engine/Content/Slate/Fonts/Roboto-Light.ttf' (167K)
[2021.01.28-12.48.36:876][847]LogTemp: Repeating last play command: New Editor Window (PIE)
[2021.01.28-12.48.36:900][847]LogPlayLevel: PlayLevel: No blueprints needed recompiling
[2021.01.28-12.48.36:901][847]PIE: New page: PIE session: MY_Map (28 jan. 2021 14:48:36)
[2021.01.28-12.48.36:904][847]LogOnline: OSS: Creating online subsystem instance for: NULL
[2021.01.28-12.48.36:906][847]LogOnline: OSS: TryLoadSubsystemAndSetDefault: Loaded subsystem for module [NULL]
[2021.01.28-12.48.36:906][847]LogPlayLevel: Creating play world package: /Game/Maps/UEDPIE_0_MY_Map
[2021.01.28-12.48.36:913][847]LogPlayLevel: PIE: StaticDuplicateObject took: (0.006791s)
[2021.01.28-12.48.36:915][847]LogAIModule: Creating AISystem for world My_Map
[2021.01.28-12.48.36:915][847]LogAISub: UAISubsystem::UAISubsystem EnvQueryManager (00000205A18ABE00), frame # 1847
[2021.01.28-12.48.36:915][847]LogAISub: UAISubsystem::UAISubsystem AIPerceptionSystem (000002058A60BD80), frame # 1847
[2021.01.28-12.48.36:915][847]LogPlayLevel: PIE: World Init took: (0.001726s)
[2021.01.28-12.48.36:915][847]LogPlayLevel: PIE: Created PIE world by copying editor world from /Game/Maps/MY_Map.My_Map to /Game/Maps/UEDPIE_0_MY_Map.My_Map (0.008853s)
[2021.01.28-12.48.36:944][847]LogUObjectHash: Compacting FUObjectHashTables data took   0.68ms
[2021.01.28-12.48.36:945][847]LogAudioMixer: Display: Audio Mixer Platform Settings:
[2021.01.28-12.48.36:945][847]LogAudioMixer: Display: 	Sample Rate:						  48000
[2021.01.28-12.48.36:945][847]LogAudioMixer: Display: 	Callback Buffer Frame Size Requested: 1024
[2021.01.28-12.48.36:945][847]LogAudioMixer: Display: 	Callback Buffer Frame Size To Use:	  1024
[2021.01.28-12.48.36:946][847]LogAudioMixer: Display: 	Number of buffers to queue:			  2
[2021.01.28-12.48.36:946][847]LogAudioMixer: Display: 	Max Channels (voices):				  32
[2021.01.28-12.48.36:946][847]LogAudioMixer: Display: 	Number of Async Source Workers:		  0
[2021.01.28-12.48.36:946][847]LogAudio: Display: AudioDevice MaxSources: 32
[2021.01.28-12.48.36:947][847]LogAudio: Display: Using built-in audio occlusion.
[2021.01.28-12.48.36:947][847]LogAudioMixer: Display: Initializing audio mixer.
[2021.01.28-12.48.36:957][847]LogAudioMixer: Display: 0: FrontLeft
[2021.01.28-12.48.36:957][847]LogAudioMixer: Display: 1: FrontRight
[2021.01.28-12.48.36:958][847]LogAudioMixer: Display: 2: FrontCenter
[2021.01.28-12.48.36:958][847]LogAudioMixer: Display: 3: LowFrequency
[2021.01.28-12.48.36:958][847]LogAudioMixer: Display: 4: BackLeft
[2021.01.28-12.48.36:958][847]LogAudioMixer: Display: 5: BackRight
[2021.01.28-12.48.36:958][847]LogAudioMixer: Display: 6: SideLeft
[2021.01.28-12.48.36:958][847]LogAudioMixer: Display: 7: SideRight
[2021.01.28-12.48.37:029][847]LogAudioMixer: Display: Using Audio Device Högtalare (Realtek High Definition Audio)
[2021.01.28-12.48.37:030][847]LogAudioMixer: Display: Initializing Sound Submixes...
[2021.01.28-12.48.37:030][847]LogAudioMixer: Display: Creating Master Submix 'MasterSubmixDefault'
[2021.01.28-12.48.37:030][847]LogAudioMixer: Display: Creating Master Submix 'MasterReverbSubmixDefault'
[2021.01.28-12.48.37:030][847]LogAudioMixer: Display: Creating Master Submix 'MasterEQSubmixDefault'
[2021.01.28-12.48.37:048][847]LogInit: FAudioDevice initialized.
[2021.01.28-12.48.37:079][847]LogSlate: Updating window title bar state: overlay mode, drag disabled, window buttons hidden, title bar hidden
[2021.01.28-12.48.37:084][847]LogLoad: Game class is 'BP_Network_AssignmentGameMode_C'
[2021.01.28-12.48.37:086][847]LogWorld: Bringing World /Game/Maps/UEDPIE_0_MY_Map.My_Map up for play (max tick rate 0) at 2021.01.28-13.48.37
[2021.01.28-12.48.37:088][847]LogWorld: Bringing up level for play took: 0.002688
[2021.01.28-12.48.37:089][847]LogOnline: OSS: Creating online subsystem instance for: :Context_1
[2021.01.28-12.48.37:166][847]LogContentBrowser: Native class hierarchy updated for 'MovieSceneCapture' in 0.0688 seconds. Added 20 classes and 0 folders.
[2021.01.28-12.48.37:168][847]LogNet: ReplicationDriverClass is null! Not using ReplicationDriver.
[2021.01.28-12.48.37:168][847]LogNetCore: DDoS detection status: detection enabled: 0 analytics enabled: 0
[2021.01.28-12.48.37:168][847]LogInit: WinSock: Socket queue. Rx: 131072 (config 131072) Tx: 131072 (config 131072)
[2021.01.28-12.48.37:168][847]LogNet: Created socket for bind address: 0.0.0.0 on port 17777
[2021.01.28-12.48.37:169][847]PacketHandlerLog: Loaded PacketHandler component: Engine.EngineHandlerComponentFactory (StatelessConnectHandlerComponent)
[2021.01.28-12.48.37:169][847]LogNet: GameNetDriver IpNetDriver_0 IpNetDriver listening on port 17777
[2021.01.28-12.48.37:175][847]PIE: Server logged in
[2021.01.28-12.48.37:177][847]PIE: Play in editor total start time 0,285 seconds.
[2021.01.28-12.48.37:179][847]LogAudioMixer: Display: Audio Mixer Platform Settings:
[2021.01.28-12.48.37:179][847]LogAudioMixer: Display: 	Sample Rate:						  48000
[2021.01.28-12.48.37:179][847]LogAudioMixer: Display: 	Callback Buffer Frame Size Requested: 1024
[2021.01.28-12.48.37:179][847]LogAudioMixer: Display: 	Callback Buffer Frame Size To Use:	  1024
[2021.01.28-12.48.37:180][847]LogAudioMixer: Display: 	Number of buffers to queue:			  2
[2021.01.28-12.48.37:180][847]LogAudioMixer: Display: 	Max Channels (voices):				  32
[2021.01.28-12.48.37:180][847]LogAudioMixer: Display: 	Number of Async Source Workers:		  0
[2021.01.28-12.48.37:181][847]LogAudio: Display: AudioDevice MaxSources: 32
[2021.01.28-12.48.37:182][847]LogAudio: Display: Using built-in audio occlusion.
[2021.01.28-12.48.37:183][847]LogAudioMixer: Display: Initializing audio mixer.
[2021.01.28-12.48.37:195][847]LogAudioMixer: Display: 0: FrontLeft
[2021.01.28-12.48.37:195][847]LogAudioMixer: Display: 1: FrontRight
[2021.01.28-12.48.37:195][847]LogAudioMixer: Display: 2: FrontCenter
[2021.01.28-12.48.37:196][847]LogAudioMixer: Display: 3: LowFrequency
[2021.01.28-12.48.37:196][847]LogAudioMixer: Display: 4: BackLeft
[2021.01.28-12.48.37:196][847]LogAudioMixer: Display: 5: BackRight
[2021.01.28-12.48.37:197][847]LogAudioMixer: Display: 6: SideLeft
[2021.01.28-12.48.37:197][847]LogAudioMixer: Display: 7: SideRight
[2021.01.28-12.48.37:254][847]LogAudioMixer: Display: Using Audio Device Högtalare (Realtek High Definition Audio)
[2021.01.28-12.48.37:255][847]LogAudioMixer: Display: Initializing Sound Submixes...
[2021.01.28-12.48.37:255][847]LogAudioMixer: Display: Creating Master Submix 'MasterSubmixDefault'
[2021.01.28-12.48.37:255][847]LogAudioMixer: Display: Creating Master Submix 'MasterReverbSubmixDefault'
[2021.01.28-12.48.37:256][847]LogAudioMixer: Display: Creating Master Submix 'MasterEQSubmixDefault'
[2021.01.28-12.48.37:270][847]LogInit: FAudioDevice initialized.
[2021.01.28-12.48.37:305][847]LogSlate: Updating window title bar state: overlay mode, drag disabled, window buttons hidden, title bar hidden
[2021.01.28-12.48.37:312][847]LogNet: Browse: 127.0.0.1:17777/Game/StarterContent/Maps/Minimal_Default
[2021.01.28-12.48.37:313][847]LogInit: WinSock: Socket queue. Rx: 32768 (config 32768) Tx: 32768 (config 32768)
[2021.01.28-12.48.37:314][847]LogNet: Created socket for bind address: 0.0.0.0 on port 0
[2021.01.28-12.48.37:316][847]PacketHandlerLog: Loaded PacketHandler component: Engine.EngineHandlerComponentFactory (StatelessConnectHandlerComponent)
[2021.01.28-12.48.37:317][847]LogNet: Game client on port 17777, rate 10000
[2021.01.28-12.48.37:318][847]PIE: Client logged in
[2021.01.28-12.48.37:322][847]PIE: Play in editor total start time 0,431 seconds.
[2021.01.28-12.48.37:327][847]LogAudioMixer: Display: Audio Mixer Platform Settings:
[2021.01.28-12.48.37:329][847]LogAudioMixer: Display: 	Sample Rate:						  48000
[2021.01.28-12.48.37:329][847]LogAudioMixer: Display: 	Callback Buffer Frame Size Requested: 1024
[2021.01.28-12.48.37:329][847]LogAudioMixer: Display: 	Callback Buffer Frame Size To Use:	  1024
[2021.01.28-12.48.37:330][847]LogAudioMixer: Display: 	Number of buffers to queue:			  2
[2021.01.28-12.48.37:330][847]LogAudioMixer: Display: 	Max Channels (voices):				  32
[2021.01.28-12.48.37:330][847]LogAudioMixer: Display: 	Number of Async Source Workers:		  0
[2021.01.28-12.48.37:331][847]LogAudio: Display: AudioDevice MaxSources: 32
[2021.01.28-12.48.37:332][847]LogAudio: Display: Using built-in audio occlusion.
[2021.01.28-12.48.37:332][847]LogAudioMixer: Display: Initializing audio mixer.
[2021.01.28-12.48.37:342][847]LogAudioMixer: Display: 0: FrontLeft
[2021.01.28-12.48.37:342][847]LogAudioMixer: Display: 1: FrontRight
[2021.01.28-12.48.37:342][847]LogAudioMixer: Display: 2: FrontCenter
[2021.01.28-12.48.37:342][847]LogAudioMixer: Display: 3: LowFrequency
[2021.01.28-12.48.37:342][847]LogAudioMixer: Display: 4: BackLeft
[2021.01.28-12.48.37:342][847]LogAudioMixer: Display: 5: BackRight
[2021.01.28-12.48.37:342][847]LogAudioMixer: Display: 6: SideLeft
[2021.01.28-12.48.37:342][847]LogAudioMixer: Display: 7: SideRight
[2021.01.28-12.48.37:396][847]LogAudioMixer: Display: Using Audio Device Högtalare (Realtek High Definition Audio)
[2021.01.28-12.48.37:397][847]LogAudioMixer: Display: Initializing Sound Submixes...
[2021.01.28-12.48.37:397][847]LogAudioMixer: Display: Creating Master Submix 'MasterSubmixDefault'
[2021.01.28-12.48.37:397][847]LogAudioMixer: Display: Creating Master Submix 'MasterReverbSubmixDefault'
[2021.01.28-12.48.37:398][847]LogAudioMixer: Display: Creating Master Submix 'MasterEQSubmixDefault'
[2021.01.28-12.48.37:412][847]LogInit: FAudioDevice initialized.
[2021.01.28-12.48.37:448][847]LogSlate: Updating window title bar state: overlay mode, drag disabled, window buttons hidden, title bar hidden
[2021.01.28-12.48.37:455][847]LogNet: Browse: 127.0.0.1:17777/Game/StarterContent/Maps/Minimal_Default
[2021.01.28-12.48.37:456][847]LogInit: WinSock: Socket queue. Rx: 32768 (config 32768) Tx: 32768 (config 32768)
[2021.01.28-12.48.37:456][847]LogNet: Created socket for bind address: 0.0.0.0 on port 0
[2021.01.28-12.48.37:457][847]PacketHandlerLog: Loaded PacketHandler component: Engine.EngineHandlerComponentFactory (StatelessConnectHandlerComponent)
[2021.01.28-12.48.37:458][847]LogNet: Game client on port 17777, rate 10000
[2021.01.28-12.48.37:459][847]PIE: Client logged in
[2021.01.28-12.48.37:460][847]PIE: Play in editor total start time 0,57 seconds.
[2021.01.28-12.48.37:463][847]LogAudioMixer: Display: Audio Mixer Platform Settings:
[2021.01.28-12.48.37:463][847]LogAudioMixer: Display: 	Sample Rate:						  48000
[2021.01.28-12.48.37:465][847]LogAudioMixer: Display: 	Callback Buffer Frame Size Requested: 1024
[2021.01.28-12.48.37:466][847]LogAudioMixer: Display: 	Callback Buffer Frame Size To Use:	  1024
[2021.01.28-12.48.37:467][847]LogAudioMixer: Display: 	Number of buffers to queue:			  2
[2021.01.28-12.48.37:467][847]LogAudioMixer: Display: 	Max Channels (voices):				  32
[2021.01.28-12.48.37:468][847]LogAudioMixer: Display: 	Number of Async Source Workers:		  0
[2021.01.28-12.48.37:468][847]LogAudio: Display: AudioDevice MaxSources: 32
[2021.01.28-12.48.37:469][847]LogAudio: Display: Using built-in audio occlusion.
[2021.01.28-12.48.37:469][847]LogAudioMixer: Display: Initializing audio mixer.
[2021.01.28-12.48.37:478][847]LogAudioMixer: Display: 0: FrontLeft
[2021.01.28-12.48.37:479][847]LogAudioMixer: Display: 1: FrontRight
[2021.01.28-12.48.37:479][847]LogAudioMixer: Display: 2: FrontCenter
[2021.01.28-12.48.37:479][847]LogAudioMixer: Display: 3: LowFrequency
[2021.01.28-12.48.37:479][847]LogAudioMixer: Display: 4: BackLeft
[2021.01.28-12.48.37:480][847]LogAudioMixer: Display: 5: BackRight
[2021.01.28-12.48.37:480][847]LogAudioMixer: Display: 6: SideLeft
[2021.01.28-12.48.37:480][847]LogAudioMixer: Display: 7: SideRight
[2021.01.28-12.48.37:544][847]LogAudioMixer: Display: Using Audio Device Högtalare (Realtek High Definition Audio)
[2021.01.28-12.48.37:545][847]LogAudioMixer: Display: Initializing Sound Submixes...
[2021.01.28-12.48.37:545][847]LogAudioMixer: Display: Creating Master Submix 'MasterSubmixDefault'
[2021.01.28-12.48.37:545][847]LogAudioMixer: Display: Creating Master Submix 'MasterReverbSubmixDefault'
[2021.01.28-12.48.37:546][847]LogAudioMixer: Display: Creating Master Submix 'MasterEQSubmixDefault'
[2021.01.28-12.48.37:556][847]LogInit: FAudioDevice initialized.
[2021.01.28-12.48.37:587][847]LogSlate: Updating window title bar state: overlay mode, drag disabled, window buttons hidden, title bar hidden
[2021.01.28-12.48.37:595][847]LogNet: Browse: 127.0.0.1:17777/Game/StarterContent/Maps/Minimal_Default
[2021.01.28-12.48.37:596][847]LogInit: WinSock: Socket queue. Rx: 32768 (config 32768) Tx: 32768 (config 32768)
[2021.01.28-12.48.37:597][847]LogNet: Created socket for bind address: 0.0.0.0 on port 0
[2021.01.28-12.48.37:598][847]PacketHandlerLog: Loaded PacketHandler component: Engine.EngineHandlerComponentFactory (StatelessConnectHandlerComponent)
[2021.01.28-12.48.37:598][847]LogNet: Game client on port 17777, rate 10000
[2021.01.28-12.48.37:600][847]PIE: Client logged in
[2021.01.28-12.48.37:604][847]PIE: Play in editor total start time 0,713 seconds.
[2021.01.28-12.48.38:339][884]LogNet: NotifyAcceptingConnection accepted from: 127.0.0.1:61160
[2021.01.28-12.48.38:342][884]LogHandshake: SendConnectChallenge. Timestamp: 1.471513, Cookie: 178046246021082067079157112074101042075047116127228144090100
[2021.01.28-12.48.38:345][884]LogHandshake: SendChallengeResponse. Timestamp: 1.471513, Cookie: 178046246021082067079157112074101042075047116127228144090100
[2021.01.28-12.48.38:355][885]LogNet: NotifyAcceptingConnection accepted from: 127.0.0.1:61160
[2021.01.28-12.48.38:356][885]LogHandshake: SendChallengeAck. InCookie: 178046246021082067079157112074101042075047116127228144090100
[2021.01.28-12.48.38:357][885]LogNet: Server accepting post-challenge connection from: 127.0.0.1:61160
[2021.01.28-12.48.38:358][885]PacketHandlerLog: Loaded PacketHandler component: Engine.EngineHandlerComponentFactory (StatelessConnectHandlerComponent)
[2021.01.28-12.48.38:358][885]LogNet: NotifyAcceptedConnection: Name: My_Map, TimeStamp: 01/28/21 13:48:38, [UNetConnection] RemoteAddr: 127.0.0.1:61160, Name: IpConnection_3, Driver: GameNetDriver IpNetDriver_0, IsServer: YES, PC: NULL, Owner: NULL, UniqueId: INVALID
[2021.01.28-12.48.38:358][885]LogNet: AddClientConnection: Added client connection: [UNetConnection] RemoteAddr: 127.0.0.1:61160, Name: IpConnection_3, Driver: GameNetDriver IpNetDriver_0, IsServer: YES, PC: NULL, Owner: NULL, UniqueId: INVALID
[2021.01.28-12.48.38:360][885]LogNetVersion: Network_Assignment 1.0.0.0, NetCL: 13144385, EngineNetVer: 14, GameNetVer: 0 (Checksum: 1736288989)
[2021.01.28-12.48.38:360][885]LogNet: UPendingNetGame::SendInitialJoin: Sending hello. [UNetConnection] RemoteAddr: 127.0.0.1:17777, Name: IpConnection_0, Driver: PendingNetDriver IpNetDriver_1, IsServer: NO, PC: NULL, Owner: NULL, UniqueId: INVALID
[2021.01.28-12.48.38:468][895]LogNet: NotifyAcceptingConnection accepted from: 127.0.0.1:61161
[2021.01.28-12.48.38:471][895]LogHandshake: SendConnectChallenge. Timestamp: 1.600823, Cookie: 212157068244090096172164193024055005050206002023091124116227
[2021.01.28-12.48.38:474][895]LogHandshake: SendChallengeResponse. Timestamp: 1.600823, Cookie: 212157068244090096172164193024055005050206002023091124116227
[2021.01.28-12.48.38:484][896]LogNet: NotifyAcceptingConnection accepted from: 127.0.0.1:61161
[2021.01.28-12.48.38:489][896]LogHandshake: SendChallengeAck. InCookie: 212157068244090096172164193024055005050206002023091124116227
[2021.01.28-12.48.38:489][896]LogNet: Server accepting post-challenge connection from: 127.0.0.1:61161
[2021.01.28-12.48.38:494][896]PacketHandlerLog: Loaded PacketHandler component: Engine.EngineHandlerComponentFactory (StatelessConnectHandlerComponent)
[2021.01.28-12.48.38:495][896]LogNet: NotifyAcceptedConnection: Name: My_Map, TimeStamp: 01/28/21 13:48:38, [UNetConnection] RemoteAddr: 127.0.0.1:61161, Name: IpConnection_4, Driver: GameNetDriver IpNetDriver_0, IsServer: YES, PC: NULL, Owner: NULL, UniqueId: INVALID
[2021.01.28-12.48.38:495][896]LogNet: AddClientConnection: Added client connection: [UNetConnection] RemoteAddr: 127.0.0.1:61161, Name: IpConnection_4, Driver: GameNetDriver IpNetDriver_0, IsServer: YES, PC: NULL, Owner: NULL, UniqueId: INVALID
[2021.01.28-12.48.38:496][896]LogNet: UPendingNetGame::SendInitialJoin: Sending hello. [UNetConnection] RemoteAddr: 127.0.0.1:17777, Name: IpConnection_1, Driver: PendingNetDriver IpNetDriver_2, IsServer: NO, PC: NULL, Owner: NULL, UniqueId: INVALID
[2021.01.28-12.48.38:507][897]LogNet: NotifyAcceptingChannel Control 0 server World /Game/Maps/UEDPIE_0_MY_Map.My_Map: Accepted
[2021.01.28-12.48.38:513][897]LogNet: Remote platform little endian=1
[2021.01.28-12.48.38:514][897]LogNet: This platform little endian=1
[2021.01.28-12.48.38:618][906]LogNet: NotifyAcceptingConnection accepted from: 127.0.0.1:61162
[2021.01.28-12.48.38:618][906]LogHandshake: SendConnectChallenge. Timestamp: 1.750270, Cookie: 218095072107114077050017153247031093027081014069106195188088
[2021.01.28-12.48.38:618][906]LogNet: NotifyAcceptingChannel Control 0 server World /Game/Maps/UEDPIE_0_MY_Map.My_Map: Accepted
[2021.01.28-12.48.38:619][906]LogNet: Remote platform little endian=1
[2021.01.28-12.48.38:619][906]LogNet: This platform little endian=1
[2021.01.28-12.48.38:621][906]LogHandshake: SendChallengeResponse. Timestamp: 1.750270, Cookie: 218095072107114077050017153247031093027081014069106195188088
[2021.01.28-12.48.38:630][907]LogNet: NotifyAcceptingConnection accepted from: 127.0.0.1:61162
[2021.01.28-12.48.38:630][907]LogHandshake: SendChallengeAck. InCookie: 218095072107114077050017153247031093027081014069106195188088
[2021.01.28-12.48.38:630][907]LogNet: Server accepting post-challenge connection from: 127.0.0.1:61162
[2021.01.28-12.48.38:630][907]PacketHandlerLog: Loaded PacketHandler component: Engine.EngineHandlerComponentFactory (StatelessConnectHandlerComponent)
[2021.01.28-12.48.38:631][907]LogNet: NotifyAcceptedConnection: Name: My_Map, TimeStamp: 01/28/21 13:48:38, [UNetConnection] RemoteAddr: 127.0.0.1:61162, Name: IpConnection_5, Driver: GameNetDriver IpNetDriver_0, IsServer: YES, PC: NULL, Owner: NULL, UniqueId: INVALID
[2021.01.28-12.48.38:631][907]LogNet: AddClientConnection: Added client connection: [UNetConnection] RemoteAddr: 127.0.0.1:61162, Name: IpConnection_5, Driver: GameNetDriver IpNetDriver_0, IsServer: YES, PC: NULL, Owner: NULL, UniqueId: INVALID
[2021.01.28-12.48.38:632][907]LogNet: UPendingNetGame::SendInitialJoin: Sending hello. [UNetConnection] RemoteAddr: 127.0.0.1:17777, Name: IpConnection_2, Driver: PendingNetDriver IpNetDriver_3, IsServer: NO, PC: NULL, Owner: NULL, UniqueId: INVALID
[2021.01.28-12.48.38:655][909]LogOnline: OSS: Creating online subsystem instance for: :Context_2
[2021.01.28-12.48.38:750][917]LogNet: NotifyAcceptingChannel Control 0 server World /Game/Maps/UEDPIE_0_MY_Map.My_Map: Accepted
[2021.01.28-12.48.38:754][917]LogNet: Remote platform little endian=1
[2021.01.28-12.48.38:755][917]LogNet: This platform little endian=1
[2021.01.28-12.48.38:762][917]LogOnline: OSS: Creating online subsystem instance for: :Context_3
[2021.01.28-12.48.38:808][920]LogNet: Login request: ?Name=LEON-DATOR-60EF79CA4B3C76727B1BB8B71723379E userId: NULL:LEON-DATOR-60EF79CA4B3C76727B1BB8B71723379E platform: NULL
[2021.01.28-12.48.38:911][929]LogNet: Login request: ?Name=LEON-DATOR-CCB46EAB4A64240E656AA1B3F37DBF34 userId: NULL:LEON-DATOR-CCB46EAB4A64240E656AA1B3F37DBF34 platform: NULL
[2021.01.28-12.48.38:912][929]LogOnline: OSS: Creating online subsystem instance for: :Context_4
[2021.01.28-12.48.38:957][933]LogNet: Welcomed by server (Level: /Game/Maps/UEDPIE_0_MY_Map, Game: /Game/Blueprints/BP_Network_AssignmentGameMode.BP_Network_AssignmentGameMode_C)
[2021.01.28-12.48.38:958][933]LogLoad: LoadMap: 127.0.0.1:17777/Game/Maps/UEDPIE_0_MY_Map?game=/Game/Blueprints/BP_Network_AssignmentGameMode.BP_Network_AssignmentGameMode_C
[2021.01.28-12.48.38:958][933]LogWorld: BeginTearingDown for /Temp/Untitled_1
[2021.01.28-12.48.38:959][933]LogWorld: UWorld::CleanupWorld for Untitled, bSessionEnded=true, bCleanupResources=true
[2021.01.28-12.48.38:959][933]LogSlate: InvalidateAllWidgets triggered.  All widgets were invalidated
[2021.01.28-12.48.38:971][933]LogUObjectHash: Compacting FUObjectHashTables data took   0.76ms
[2021.01.28-12.48.38:982][933]LogAIModule: Creating AISystem for world My_Map
[2021.01.28-12.48.38:985][933]LogAISub: UAISubsystem::UAISubsystem EnvQueryManager (00000205932FF800), frame # 1933
[2021.01.28-12.48.38:988][933]LogAISub: UAISubsystem::UAISubsystem AIPerceptionSystem (000002058A751580), frame # 1933
[2021.01.28-12.48.38:990][933]LogWorld: Bringing World /Game/Maps/UEDPIE_1_MY_Map.My_Map up for play (max tick rate 0) at 2021.01.28-13.48.38
[2021.01.28-12.48.38:992][933]LogWorld: Bringing up level for play took: 0.002383
[2021.01.28-12.48.38:993][933]LogLoad: Took 0.034353 seconds to LoadMap(/Game/Maps/UEDPIE_0_MY_Map)
[2021.01.28-12.48.39:052][935]LogNet: Login request: ?Name=LEON-DATOR-2D9F2B534E1ED43467FF75A6372168CA userId: NULL:LEON-DATOR-2D9F2B534E1ED43467FF75A6372168CA platform: NULL
[2021.01.28-12.48.39:062][935]LogNet: Welcomed by server (Level: /Game/Maps/UEDPIE_0_MY_Map, Game: /Game/Blueprints/BP_Network_AssignmentGameMode.BP_Network_AssignmentGameMode_C)
[2021.01.28-12.48.39:062][935]LogLoad: LoadMap: 127.0.0.1:17777/Game/Maps/UEDPIE_0_MY_Map?game=/Game/Blueprints/BP_Network_AssignmentGameMode.BP_Network_AssignmentGameMode_C
[2021.01.28-12.48.39:063][935]LogWorld: BeginTearingDown for /Temp/Untitled_2
[2021.01.28-12.48.39:071][935]LogWorld: UWorld::CleanupWorld for Untitled, bSessionEnded=true, bCleanupResources=true
[2021.01.28-12.48.39:072][935]LogSlate: InvalidateAllWidgets triggered.  All widgets were invalidated
[2021.01.28-12.48.39:087][935]LogUObjectHash: Compacting FUObjectHashTables data took   0.76ms
[2021.01.28-12.48.39:102][935]LogAIModule: Creating AISystem for world My_Map
[2021.01.28-12.48.39:108][935]LogAISub: UAISubsystem::UAISubsystem EnvQueryManager (00000205A176AA00), frame # 1935
[2021.01.28-12.48.39:109][935]LogAISub: UAISubsystem::UAISubsystem AIPerceptionSystem (000002058A7502C0), frame # 1935
[2021.01.28-12.48.39:112][935]LogWorld: Bringing World /Game/Maps/UEDPIE_2_MY_Map.My_Map up for play (max tick rate 0) at 2021.01.28-13.48.39
[2021.01.28-12.48.39:113][935]LogWorld: Bringing up level for play took: 0.001259
[2021.01.28-12.48.39:113][935]LogLoad: Took 0.051085 seconds to LoadMap(/Game/Maps/UEDPIE_0_MY_Map)
[2021.01.28-12.48.39:168][937]LogNet: Client netspeed is 10000
[2021.01.28-12.48.39:172][937]LogNet: Join request: /Game/StarterContent/Maps/Minimal_Default?Name=LEON-DATOR-60EF79CA4B3C76727B1BB8B71723379E?SplitscreenCount=1
[2021.01.28-12.48.39:173][937]LogOnlineSession: Warning: OSS: No game present to join for session (GameSession)
[2021.01.28-12.48.39:177][937]LogNet: Join succeeded: LEON-DATOR-60EF79CA4
[2021.01.28-12.48.39:223][940]LogNet: Welcomed by server (Level: /Game/Maps/UEDPIE_0_MY_Map, Game: /Game/Blueprints/BP_Network_AssignmentGameMode.BP_Network_AssignmentGameMode_C)
[2021.01.28-12.48.39:228][940]LogLoad: LoadMap: 127.0.0.1:17777/Game/Maps/UEDPIE_0_MY_Map?game=/Game/Blueprints/BP_Network_AssignmentGameMode.BP_Network_AssignmentGameMode_C
[2021.01.28-12.48.39:234][940]LogWorld: BeginTearingDown for /Temp/Untitled_3
[2021.01.28-12.48.39:238][940]LogWorld: UWorld::CleanupWorld for Untitled, bSessionEnded=true, bCleanupResources=true
[2021.01.28-12.48.39:240][940]LogSlate: InvalidateAllWidgets triggered.  All widgets were invalidated
[2021.01.28-12.48.39:251][940]LogUObjectHash: Compacting FUObjectHashTables data took   0.77ms
[2021.01.28-12.48.39:263][940]LogAIModule: Creating AISystem for world My_Map
[2021.01.28-12.48.39:265][940]LogAISub: UAISubsystem::UAISubsystem EnvQueryManager (00000205B3CB7E00), frame # 1940
[2021.01.28-12.48.39:266][940]LogAISub: UAISubsystem::UAISubsystem AIPerceptionSystem (0000020593482FC0), frame # 1940
[2021.01.28-12.48.39:268][940]LogWorld: Bringing World /Game/Maps/UEDPIE_3_MY_Map.My_Map up for play (max tick rate 0) at 2021.01.28-13.48.39
[2021.01.28-12.48.39:269][940]LogWorld: Bringing up level for play took: 0.001225
[2021.01.28-12.48.39:269][940]LogLoad: Took 0.041725 seconds to LoadMap(/Game/Maps/UEDPIE_0_MY_Map)
[2021.01.28-12.48.39:287][941]LogNet: Client netspeed is 10000
[2021.01.28-12.48.39:289][941]LogNet: Join request: /Game/StarterContent/Maps/Minimal_Default?Name=LEON-DATOR-CCB46EAB4A64240E656AA1B3F37DBF34?SplitscreenCount=1
[2021.01.28-12.48.39:290][941]LogOnlineSession: Warning: OSS: No game present to join for session (GameSession)
[2021.01.28-12.48.39:293][941]LogNet: Join succeeded: LEON-DATOR-CCB46EAB4
[2021.01.28-12.48.39:408][947]LogNet: Client netspeed is 10000
[2021.01.28-12.48.39:409][947]LogNet: Join request: /Game/StarterContent/Maps/Minimal_Default?Name=LEON-DATOR-2D9F2B534E1ED43467FF75A6372168CA?SplitscreenCount=1
[2021.01.28-12.48.39:409][947]LogOnlineSession: Warning: OSS: No game present to join for session (GameSession)
[2021.01.28-12.48.39:414][947]LogNet: Join succeeded: LEON-DATOR-2D9F2B534
[2021.01.28-12.48.39:849][975]LogOnlineSession: Warning: OSS: No game present to join for session (GameSession)
[2021.01.28-12.48.39:879][977]LogOnlineSession: Warning: OSS: No game present to join for session (GameSession)
[2021.01.28-12.48.39:922][979]LogOnlineSession: Warning: OSS: No game present to join for session (GameSession)
[2021.01.28-12.48.40:297][999]LogOnlineSession: Warning: OSS: No game present to join for session (GameSession)
[2021.01.28-12.48.40:337][  1]LogOnlineSession: Warning: OSS: No game present to join for session (GameSession)
[2021.01.28-12.48.40:401][  4]LogOnlineSession: Warning: OSS: No game present to join for session (GameSession)
[2021.01.28-12.48.40:404][  4]LogOnlineSession: Warning: OSS: No game present to join for session (GameSession)
[2021.01.28-12.48.40:493][  9]LogOnlineSession: Warning: OSS: No game present to join for session (GameSession)
[2021.01.28-12.48.40:514][ 10]LogOnlineSession: Warning: OSS: No game present to join for session (GameSession)
[2021.01.28-12.48.40:559][ 12]LogOnlineSession: Warning: OSS: No game present to join for session (GameSession)
[2021.01.28-12.48.40:847][ 28]LogOnlineSession: Warning: OSS: No game present to join for session (GameSession)
[2021.01.28-12.48.40:926][ 31]LogOnlineSession: Warning: OSS: No game present to join for session (GameSession)
