Log file open, 01/28/21 13:43:58
LogInit: Display: Running engine for game: Network_Assignment
LogPlatformFile: Not using cached read wrapper
LogTaskGraph: Started task graph with 5 named threads and 14 total threads with 3 sets of task threads.
LogStats: Stats thread started at 0.349214
LogD3D11RHI: Loaded GFSDK_Aftermath_Lib.x64.dll
LogICUInternationalization: ICU TimeZone Detection - Raw Offset: +1:00, Platform Override: ''
LogPluginManager: Mounting plugin Paper2D
LogPluginManager: Mounting plugin AISupport
LogPluginManager: Mounting plugin LightPropagationVolume
LogPluginManager: Mounting plugin CameraShakePreviewer
LogPluginManager: Mounting plugin ActorLayerUtilities
LogPluginManager: Mounting plugin AnimationSharing
LogPluginManager: Mounting plugin CLionSourceCodeAccess
LogPluginManager: Mounting plugin CodeLiteSourceCodeAccess
LogPluginManager: Mounting plugin GitSourceControl
LogPluginManager: Mounting plugin KDevelopSourceCodeAccess
LogPluginManager: Mounting plugin NullSourceCodeAccess
LogPluginManager: Mounting plugin PerforceSourceControl
LogPluginManager: Mounting plugin PlasticSourceControl
LogPluginManager: Mounting plugin RiderSourceCodeAccess
LogPluginManager: Mounting plugin SubversionSourceControl
LogPluginManager: Mounting plugin UObjectPlugin
LogPluginManager: Mounting plugin VisualStudioCodeSourceCodeAccess
LogPluginManager: Mounting plugin VisualStudioSourceCodeAccess
LogPluginManager: Mounting plugin XCodeSourceCodeAccess
LogPluginManager: Mounting plugin AssetManagerEditor
LogPluginManager: Mounting plugin CryptoKeys
LogPluginManager: Mounting plugin CurveEditorTools
LogPluginManager: Mounting plugin DataValidation
LogPluginManager: Mounting plugin EditorScriptingUtilities
LogPluginManager: Mounting plugin FacialAnimation
LogPluginManager: Mounting plugin GameplayTagsEditor
LogPluginManager: Mounting plugin GeometryMode
LogPluginManager: Mounting plugin MacGraphicsSwitching
LogPluginManager: Mounting plugin MaterialAnalyzer
LogPluginManager: Mounting plugin MobileLauncherProfileWizard
LogPluginManager: Mounting plugin PluginBrowser
LogPluginManager: Mounting plugin SpeedTreeImporter
LogPluginManager: Mounting plugin DatasmithContent
LogPluginManager: Mounting plugin VariantManagerContent
LogPluginManager: Mounting plugin AlembicImporter
LogPluginManager: Mounting plugin AutomationUtils
LogPluginManager: Mounting plugin BackChannel
LogPluginManager: Mounting plugin ChaosCloth
LogPluginManager: Mounting plugin ChaosClothEditor
LogPluginManager: Mounting plugin ChaosEditor
LogPluginManager: Mounting plugin ChaosNiagara
LogPluginManager: Mounting plugin ChaosSolverPlugin
LogPluginManager: Mounting plugin CharacterAI
LogPluginManager: Mounting plugin GeometryCache
LogPluginManager: Mounting plugin GeometryCollectionPlugin
LogPluginManager: Mounting plugin GeometryProcessing
LogPluginManager: Mounting plugin PlanarCut
LogPluginManager: Mounting plugin PlatformCrypto
LogPluginManager: Mounting plugin ProxyLODPlugin
LogPluginManager: Mounting plugin SkeletalReduction
LogPluginManager: Mounting plugin Niagara
LogPluginManager: Mounting plugin MagicLeap
LogPluginManager: Mounting plugin MagicLeapLightEstimation
LogPluginManager: Mounting plugin MagicLeapMedia
LogPluginManager: Mounting plugin MagicLeapPassableWorld
LogPluginManager: Mounting plugin MLSDK
LogPluginManager: Mounting plugin AndroidMedia
LogPluginManager: Mounting plugin AvfMedia
LogPluginManager: Mounting plugin ImgMedia
LogPluginManager: Mounting plugin MediaCompositing
LogPluginManager: Mounting plugin MediaPlayerEditor
LogPluginManager: Mounting plugin WebMMedia
LogPluginManager: Mounting plugin WmfMedia
LogPluginManager: Mounting plugin MeshPainting
LogPluginManager: Mounting plugin TcpMessaging
LogPluginManager: Mounting plugin UdpMessaging
LogPluginManager: Mounting plugin ActorSequence
LogPluginManager: Mounting plugin LevelSequenceEditor
LogPluginManager: Mounting plugin MatineeToLevelSequence
LogPluginManager: Mounting plugin MovieRenderPipeline
LogPluginManager: Mounting plugin TemplateSequence
LogPluginManager: Mounting plugin NetcodeUnitTest
LogPluginManager: Mounting plugin NUTUnrealEngine4
LogPluginManager: Mounting plugin OnlineSubsystemGooglePlay
LogPluginManager: Mounting plugin OnlineSubsystemIOS
LogPluginManager: Mounting plugin OnlineSubsystem
LogPluginManager: Mounting plugin OnlineSubsystemNull
LogPluginManager: Mounting plugin OnlineSubsystemUtils
LogPluginManager: Mounting plugin LauncherChunkInstaller
LogPluginManager: Mounting plugin AndroidDeviceProfileSelector
LogPluginManager: Mounting plugin AndroidMoviePlayer
LogPluginManager: Mounting plugin AndroidPermission
LogPluginManager: Mounting plugin AppleImageUtils
LogPluginManager: Mounting plugin AppleMoviePlayer
LogPluginManager: Mounting plugin ArchVisCharacter
LogPluginManager: Mounting plugin AssetTags
LogPluginManager: Mounting plugin AudioCapture
LogPluginManager: Mounting plugin CableComponent
LogPluginManager: Mounting plugin CustomMeshComponent
LogPluginManager: Mounting plugin EditableMesh
LogPluginManager: Mounting plugin ExampleDeviceProfileSelector
LogPluginManager: Mounting plugin GoogleCloudMessaging
LogPluginManager: Mounting plugin GooglePAD
LogPluginManager: Mounting plugin IOSDeviceProfileSelector
LogPluginManager: Mounting plugin LinuxDeviceProfileSelector
LogPluginManager: Mounting plugin LocationServicesBPLibrary
LogPluginManager: Mounting plugin MobilePatchingUtils
LogPluginManager: Mounting plugin OculusVR
LogPluginManager: Mounting plugin PhysXVehicles
LogPluginManager: Mounting plugin PostSplashScreen
LogPluginManager: Mounting plugin ProceduralMeshComponent
LogPluginManager: Mounting plugin RuntimePhysXCooking
LogPluginManager: Mounting plugin SignificanceManager
LogPluginManager: Mounting plugin SoundFields
LogPluginManager: Mounting plugin SteamVR
LogPluginManager: Mounting plugin Synthesis
LogPluginManager: Mounting plugin WebMMoviePlayer
LogPluginManager: Mounting plugin WindowsMoviePlayer
LogPluginManager: Mounting plugin ScreenshotTools
LogInit: Using libcurl 7.55.1-DEV
LogInit:  - built for x86_64-pc-win32
LogInit:  - supports SSL with OpenSSL/1.1.1
LogInit:  - supports HTTP deflate (compression) using libz 1.2.8
LogInit:  - other features:
LogInit:      CURL_VERSION_SSL
LogInit:      CURL_VERSION_LIBZ
LogInit:      CURL_VERSION_IPV6
LogInit:      CURL_VERSION_ASYNCHDNS
LogInit:      CURL_VERSION_LARGEFILE
LogInit:      CURL_VERSION_IDN
LogInit:  CurlRequestOptions (configurable via config and command line):
LogInit:  - bVerifyPeer = true  - Libcurl will verify peer certificate
LogInit:  - bUseHttpProxy = false  - Libcurl will NOT use HTTP proxy
LogInit:  - bDontReuseConnections = false  - Libcurl will reuse connections
LogInit:  - MaxHostConnections = 16  - Libcurl will limit the number of connections to a host
LogInit:  - LocalHostAddr = Default
LogInit:  - BufferSize = 65536
LogOnline: OSS: Creating online subsystem instance for: NULL
LogInit: WinSock: version 1.1 (2.2), MaxSocks=32767, MaxUdp=65467
LogOnline: OSS: TryLoadSubsystemAndSetDefault: Loaded subsystem for module [NULL]
LogInit: Build: ++UE4+Release-4.25-CL-14469661
LogInit: Engine Version: 4.25.4-14469661+++UE4+Release-4.25
LogInit: Compatible Engine Version: 4.25.0-13144385+++UE4+Release-4.25
LogInit: Net CL: 13144385
LogInit: OS: Windows 10 (Release 1909) (), CPU:        Intel(R) Core(TM) i5-3570K CPU @ 3.40GHz, GPU: NVIDIA GeForce GTX 970
LogInit: Compiled (64-bit): Oct 11 2020 08:10:49
LogInit: Compiled with Visual C++: 19.24.28315.00
LogInit: Build Configuration: Development
LogInit: Branch Name: ++UE4+Release-4.25
LogInit: Command Line:  -skipcompile
LogInit: Base Directory: D:/EpicGames/UE_4.25/Engine/Binaries/Win64/
LogInit: Allocator: TBB
LogInit: Installed Engine Build: 1
LogDevObjectVersion: Number of dev versions registered: 26
LogDevObjectVersion:   Dev-Blueprints (B0D832E4-1F89-4F0D-ACCF-7EB736FD4AA2): 10
LogDevObjectVersion:   Dev-Build (E1C64328-A22C-4D53-A36C-8E866417BD8C): 0
LogDevObjectVersion:   Dev-Core (375EC13C-06E4-48FB-B500-84F0262A717E): 4
LogDevObjectVersion:   Dev-Editor (E4B068ED-F494-42E9-A231-DA0B2E46BB41): 38
LogDevObjectVersion:   Dev-Framework (CFFC743F-43B0-4480-9391-14DF171D2073): 37
LogDevObjectVersion:   Dev-Mobile (B02B49B5-BB20-44E9-A304-32B752E40360): 2
LogDevObjectVersion:   Dev-Networking (A4E4105C-59A1-49B5-A7C5-40C4547EDFEE): 0
LogDevObjectVersion:   Dev-Online (39C831C9-5AE6-47DC-9A44-9C173E1C8E7C): 0
LogDevObjectVersion:   Dev-Physics (78F01B33-EBEA-4F98-B9B4-84EACCB95AA2): 4
LogDevObjectVersion:   Dev-Platform (6631380F-2D4D-43E0-8009-CF276956A95A): 0
LogDevObjectVersion:   Dev-Rendering (12F88B9F-8875-4AFC-A67C-D90C383ABD29): 43
LogDevObjectVersion:   Dev-Sequencer (7B5AE74C-D270-4C10-A958-57980B212A5A): 12
LogDevObjectVersion:   Dev-VR (D7296918-1DD6-4BDD-9DE2-64A83CC13884): 3
LogDevObjectVersion:   Dev-LoadTimes (C2A15278-BFE7-4AFE-6C17-90FF531DF755): 1
LogDevObjectVersion:   Private-Geometry (6EACA3D4-40EC-4CC1-B786-8BED09428FC5): 3
LogDevObjectVersion:   Dev-AnimPhys (29E575DD-E0A3-4627-9D10-D276232CDCEA): 17
LogDevObjectVersion:   Dev-Anim (AF43A65D-7FD3-4947-9873-3E8ED9C1BB05): 7
LogDevObjectVersion:   Dev-ReflectionCapture (6B266CEC-1EC7-4B8F-A30B-E4D90942FC07): 1
LogDevObjectVersion:   Dev-Automation (0DF73D61-A23F-47EA-B727-89E90C41499A): 1
LogDevObjectVersion:   FortniteMain (601D1886-AC64-4F84-AA16-D3DE0DEAC7D6): 31
LogDevObjectVersion:   Dev-Enterprise (9DFFBCD6-494F-0158-E221-12823C92A888): 10
LogDevObjectVersion:   Dev-Niagara (F2AED0AC-9AFE-416F-8664-AA7FFA26D6FC): 1
LogDevObjectVersion:   Dev-Destruction (174F1F0B-B4C6-45A5-B13F-2EE8D0FB917D): 10
LogDevObjectVersion:   Dev-Physics-Ext (35F94A83-E258-406C-A318-09F59610247C): 37
LogDevObjectVersion:   Dev-PhysicsMaterial-Chaos (B68FC16E-8B1B-42E2-B453-215C058844FE): 1
LogDevObjectVersion:   Dev-CineCamera (B2E18506-4273-CFC2-A54E-F4BB758BBA07): 1
LogInit: Presizing for max 25165824 objects, including 0 objects not considered by GC, pre-allocating 0 bytes for permanent pool.
LogConfig: Applying CVar settings from Section [/Script/Engine.StreamingSettings] File [D:/Unreal Engine/Network_Assignment/Network_Assignment/Saved/Config/Windows/Engine.ini]
LogConfig: Setting CVar [[s.MinBulkDataSizeForAsyncLoading:131072]]
LogConfig: Setting CVar [[s.AsyncLoadingThreadEnabled:0]]
LogConfig: Setting CVar [[s.EventDrivenLoaderEnabled:1]]
LogConfig: Setting CVar [[s.WarnIfTimeLimitExceeded:0]]
LogConfig: Setting CVar [[s.TimeLimitExceededMultiplier:1.5]]
LogConfig: Setting CVar [[s.TimeLimitExceededMinTime:0.005]]
LogConfig: Setting CVar [[s.UseBackgroundLevelStreaming:1]]
LogConfig: Setting CVar [[s.PriorityAsyncLoadingExtraTime:15.0]]
LogConfig: Setting CVar [[s.LevelStreamingActorsUpdateTimeLimit:5.0]]
LogConfig: Setting CVar [[s.PriorityLevelStreamingActorsUpdateExtraTime:5.0]]
LogConfig: Setting CVar [[s.LevelStreamingComponentsRegistrationGranularity:10]]
LogConfig: Setting CVar [[s.UnregisterComponentsTimeLimit:1.0]]
LogConfig: Setting CVar [[s.LevelStreamingComponentsUnregistrationGranularity:5]]
LogConfig: Setting CVar [[s.FlushStreamingOnExit:1]]
LogInit: Object subsystem initialized
LogConfig: Setting CVar [[con.DebugEarlyDefault:1]]
LogConfig: Setting CVar [[r.setres:1280x720]]
[2021.01.28-12.43.59:484][  0]LogConfig: Setting CVar [[r.VSync:0]]
[2021.01.28-12.43.59:484][  0]LogConfig: Setting CVar [[r.RHICmdBypass:0]]
[2021.01.28-12.43.59:484][  0]LogConfig: Applying CVar settings from Section [/Script/Engine.RendererSettings] File [D:/Unreal Engine/Network_Assignment/Network_Assignment/Saved/Config/Windows/Engine.ini]
[2021.01.28-12.43.59:484][  0]LogConfig: Setting CVar [[r.GPUCrashDebugging:0]]
[2021.01.28-12.43.59:484][  0]LogConfig: Applying CVar settings from Section [/Script/Engine.RendererOverrideSettings] File [D:/Unreal Engine/Network_Assignment/Network_Assignment/Saved/Config/Windows/Engine.ini]
[2021.01.28-12.43.59:484][  0]LogConfig: Applying CVar settings from Section [/Script/Engine.StreamingSettings] File [D:/Unreal Engine/Network_Assignment/Network_Assignment/Saved/Config/Windows/Engine.ini]
[2021.01.28-12.43.59:484][  0]LogConfig: Setting CVar [[s.MinBulkDataSizeForAsyncLoading:131072]]
[2021.01.28-12.43.59:484][  0]LogConfig: Setting CVar [[s.AsyncLoadingThreadEnabled:0]]
[2021.01.28-12.43.59:484][  0]LogConfig: Setting CVar [[s.EventDrivenLoaderEnabled:1]]
[2021.01.28-12.43.59:484][  0]LogConfig: Setting CVar [[s.WarnIfTimeLimitExceeded:0]]
[2021.01.28-12.43.59:484][  0]LogConfig: Setting CVar [[s.TimeLimitExceededMultiplier:1.5]]
[2021.01.28-12.43.59:485][  0]LogConfig: Setting CVar [[s.TimeLimitExceededMinTime:0.005]]
[2021.01.28-12.43.59:485][  0]LogConfig: Setting CVar [[s.UseBackgroundLevelStreaming:1]]
[2021.01.28-12.43.59:485][  0]LogConfig: Setting CVar [[s.PriorityAsyncLoadingExtraTime:15.0]]
[2021.01.28-12.43.59:485][  0]LogConfig: Setting CVar [[s.LevelStreamingActorsUpdateTimeLimit:5.0]]
[2021.01.28-12.43.59:485][  0]LogConfig: Setting CVar [[s.PriorityLevelStreamingActorsUpdateExtraTime:5.0]]
[2021.01.28-12.43.59:485][  0]LogConfig: Setting CVar [[s.LevelStreamingComponentsRegistrationGranularity:10]]
[2021.01.28-12.43.59:485][  0]LogConfig: Setting CVar [[s.UnregisterComponentsTimeLimit:1.0]]
[2021.01.28-12.43.59:485][  0]LogConfig: Setting CVar [[s.LevelStreamingComponentsUnregistrationGranularity:5]]
[2021.01.28-12.43.59:485][  0]LogConfig: Setting CVar [[s.FlushStreamingOnExit:1]]
[2021.01.28-12.43.59:485][  0]LogConfig: Applying CVar settings from Section [/Script/Engine.GarbageCollectionSettings] File [D:/Unreal Engine/Network_Assignment/Network_Assignment/Saved/Config/Windows/Engine.ini]
[2021.01.28-12.43.59:485][  0]LogConfig: Setting CVar [[gc.MaxObjectsNotConsideredByGC:1]]
[2021.01.28-12.43.59:485][  0]LogConfig: Setting CVar [[gc.SizeOfPermanentObjectPool:0]]
[2021.01.28-12.43.59:485][  0]LogConfig: Setting CVar [[gc.FlushStreamingOnGC:0]]
[2021.01.28-12.43.59:485][  0]LogConfig: Setting CVar [[gc.NumRetriesBeforeForcingGC:10]]
[2021.01.28-12.43.59:485][  0]LogConfig: Setting CVar [[gc.AllowParallelGC:1]]
[2021.01.28-12.43.59:485][  0]LogConfig: Setting CVar [[gc.TimeBetweenPurgingPendingKillObjects:61.1]]
[2021.01.28-12.43.59:485][  0]LogConfig: Setting CVar [[gc.MaxObjectsInEditor:25165824]]
[2021.01.28-12.43.59:485][  0]LogConfig: Setting CVar [[gc.IncrementalBeginDestroyEnabled:1]]
[2021.01.28-12.43.59:485][  0]LogConfig: Setting CVar [[gc.CreateGCClusters:1]]
[2021.01.28-12.43.59:485][  0]LogConfig: Setting CVar [[gc.MinGCClusterSize:5]]
[2021.01.28-12.43.59:485][  0]LogConfig: Setting CVar [[gc.ActorClusteringEnabled:0]]
[2021.01.28-12.43.59:485][  0]LogConfig: Setting CVar [[gc.BlueprintClusteringEnabled:0]]
[2021.01.28-12.43.59:486][  0]LogConfig: Setting CVar [[gc.UseDisregardForGCOnDedicatedServers:0]]
[2021.01.28-12.43.59:486][  0]LogConfig: Applying CVar settings from Section [/Script/Engine.NetworkSettings] File [D:/Unreal Engine/Network_Assignment/Network_Assignment/Saved/Config/Windows/Engine.ini]
[2021.01.28-12.43.59:486][  0]LogConfig: Applying CVar settings from Section [/Script/UnrealEd.CookerSettings] File [D:/Unreal Engine/Network_Assignment/Network_Assignment/Saved/Config/Windows/Engine.ini]
[2021.01.28-12.43.59:498][  0]LogConfig: Applying CVar settings from Section [ViewDistanceQuality@3] File [D:/Unreal Engine/Network_Assignment/Network_Assignment/Saved/Config/Windows/Scalability.ini]
[2021.01.28-12.43.59:498][  0]LogConfig: Setting CVar [[r.SkeletalMeshLODBias:0]]
[2021.01.28-12.43.59:498][  0]LogConfig: Setting CVar [[r.ViewDistanceScale:1.0]]
[2021.01.28-12.43.59:498][  0]LogConfig: Applying CVar settings from Section [AntiAliasingQuality@3] File [D:/Unreal Engine/Network_Assignment/Network_Assignment/Saved/Config/Windows/Scalability.ini]
[2021.01.28-12.43.59:498][  0]LogConfig: Setting CVar [[r.PostProcessAAQuality:4]]
[2021.01.28-12.43.59:498][  0]LogConfig: Applying CVar settings from Section [ShadowQuality@3] File [D:/Unreal Engine/Network_Assignment/Network_Assignment/Saved/Config/Windows/Scalability.ini]
[2021.01.28-12.43.59:498][  0]LogConfig: Setting CVar [[r.LightFunctionQuality:1]]
[2021.01.28-12.43.59:498][  0]LogConfig: Setting CVar [[r.ShadowQuality:5]]
[2021.01.28-12.43.59:498][  0]LogConfig: Setting CVar [[r.Shadow.CSM.MaxCascades:10]]
[2021.01.28-12.43.59:498][  0]LogConfig: Setting CVar [[r.Shadow.MaxResolution:2048]]
[2021.01.28-12.43.59:498][  0]LogConfig: Setting CVar [[r.Shadow.MaxCSMResolution:2048]]
[2021.01.28-12.43.59:498][  0]LogConfig: Setting CVar [[r.Shadow.RadiusThreshold:0.01]]
[2021.01.28-12.43.59:499][  0]LogConfig: Setting CVar [[r.Shadow.DistanceScale:1.0]]
[2021.01.28-12.43.59:499][  0]LogConfig: Setting CVar [[r.Shadow.CSM.TransitionScale:1.0]]
[2021.01.28-12.43.59:499][  0]LogConfig: Setting CVar [[r.Shadow.PreShadowResolutionFactor:1.0]]
[2021.01.28-12.43.59:499][  0]LogConfig: Setting CVar [[r.DistanceFieldShadowing:1]]
[2021.01.28-12.43.59:499][  0]LogConfig: Setting CVar [[r.DistanceFieldAO:1]]
[2021.01.28-12.43.59:499][  0]LogConfig: Setting CVar [[r.AOQuality:2]]
[2021.01.28-12.43.59:499][  0]LogConfig: Setting CVar [[r.VolumetricFog:1]]
[2021.01.28-12.43.59:499][  0]LogConfig: Setting CVar [[r.VolumetricFog.GridPixelSize:8]]
[2021.01.28-12.43.59:499][  0]LogConfig: Setting CVar [[r.VolumetricFog.GridSizeZ:128]]
[2021.01.28-12.43.59:499][  0]LogConfig: Setting CVar [[r.VolumetricFog.HistoryMissSupersampleCount:4]]
[2021.01.28-12.43.59:499][  0]LogConfig: Setting CVar [[r.LightMaxDrawDistanceScale:1]]
[2021.01.28-12.43.59:499][  0]LogConfig: Setting CVar [[r.CapsuleShadows:1]]
[2021.01.28-12.43.59:499][  0]LogConfig: Applying CVar settings from Section [PostProcessQuality@3] File [D:/Unreal Engine/Network_Assignment/Network_Assignment/Saved/Config/Windows/Scalability.ini]
[2021.01.28-12.43.59:499][  0]LogConfig: Setting CVar [[r.MotionBlurQuality:4]]
[2021.01.28-12.43.59:499][  0]LogConfig: Setting CVar [[r.AmbientOcclusionMipLevelFactor:0.4]]
[2021.01.28-12.43.59:499][  0]LogConfig: Setting CVar [[r.AmbientOcclusionMaxQuality:100]]
[2021.01.28-12.43.59:499][  0]LogConfig: Setting CVar [[r.AmbientOcclusionLevels:-1]]
[2021.01.28-12.43.59:499][  0]LogConfig: Setting CVar [[r.AmbientOcclusionRadiusScale:1.0]]
[2021.01.28-12.43.59:499][  0]LogConfig: Setting CVar [[r.DepthOfFieldQuality:2]]
[2021.01.28-12.43.59:499][  0]LogConfig: Setting CVar [[r.RenderTargetPoolMin:400]]
[2021.01.28-12.43.59:499][  0]LogConfig: Setting CVar [[r.LensFlareQuality:2]]
[2021.01.28-12.43.59:499][  0]LogConfig: Setting CVar [[r.SceneColorFringeQuality:1]]
[2021.01.28-12.43.59:500][  0]LogConfig: Setting CVar [[r.EyeAdaptationQuality:2]]
[2021.01.28-12.43.59:500][  0]LogConfig: Setting CVar [[r.BloomQuality:5]]
[2021.01.28-12.43.59:500][  0]LogConfig: Setting CVar [[r.FastBlurThreshold:100]]
[2021.01.28-12.43.59:500][  0]LogConfig: Setting CVar [[r.Upscale.Quality:3]]
[2021.01.28-12.43.59:500][  0]LogConfig: Setting CVar [[r.Tonemapper.GrainQuantization:1]]
[2021.01.28-12.43.59:500][  0]LogConfig: Setting CVar [[r.LightShaftQuality:1]]
[2021.01.28-12.43.59:500][  0]LogConfig: Setting CVar [[r.Filter.SizeScale:1]]
[2021.01.28-12.43.59:500][  0]LogConfig: Setting CVar [[r.Tonemapper.Quality:5]]
[2021.01.28-12.43.59:500][  0]LogConfig: Setting CVar [[r.DOF.Gather.AccumulatorQuality:1        ; higher gathering accumulator quality]]
[2021.01.28-12.43.59:500][  0]LogConfig: Setting CVar [[r.DOF.Gather.PostfilterMethod:1          ; Median3x3 postfilering method]]
[2021.01.28-12.43.59:500][  0]LogConfig: Setting CVar [[r.DOF.Gather.EnableBokehSettings:0       ; no bokeh simulation when gathering]]
[2021.01.28-12.43.59:500][  0]LogConfig: Setting CVar [[r.DOF.Gather.RingCount:4                 ; medium number of samples when gathering]]
[2021.01.28-12.43.59:500][  0]LogConfig: Setting CVar [[r.DOF.Scatter.ForegroundCompositing:1    ; additive foreground scattering]]
[2021.01.28-12.43.59:500][  0]LogConfig: Setting CVar [[r.DOF.Scatter.BackgroundCompositing:2    ; additive background scattering]]
[2021.01.28-12.43.59:500][  0]LogConfig: Setting CVar [[r.DOF.Scatter.EnableBokehSettings:1      ; bokeh simulation when scattering]]
[2021.01.28-12.43.59:500][  0]LogConfig: Setting CVar [[r.DOF.Scatter.MaxSpriteRatio:0.1         ; only a maximum of 10% of scattered bokeh]]
[2021.01.28-12.43.59:500][  0]LogConfig: Setting CVar [[r.DOF.Recombine.Quality:1                ; cheap slight out of focus]]
[2021.01.28-12.43.59:500][  0]LogConfig: Setting CVar [[r.DOF.Recombine.EnableBokehSettings:0    ; no bokeh simulation on slight out of focus]]
[2021.01.28-12.43.59:500][  0]LogConfig: Setting CVar [[r.DOF.TemporalAAQuality:1                ; more stable temporal accumulation]]
[2021.01.28-12.43.59:500][  0]LogConfig: Setting CVar [[r.DOF.Kernel.MaxForegroundRadius:0.025]]
[2021.01.28-12.43.59:500][  0]LogConfig: Setting CVar [[r.DOF.Kernel.MaxBackgroundRadius:0.025]]
[2021.01.28-12.43.59:500][  0]LogConfig: Applying CVar settings from Section [TextureQuality@3] File [D:/Unreal Engine/Network_Assignment/Network_Assignment/Saved/Config/Windows/Scalability.ini]
[2021.01.28-12.43.59:501][  0]LogConfig: Setting CVar [[r.Streaming.MipBias:0]]
[2021.01.28-12.43.59:501][  0]LogConfig: Setting CVar [[r.Streaming.AmortizeCPUToGPUCopy:0]]
[2021.01.28-12.43.59:501][  0]LogConfig: Setting CVar [[r.Streaming.MaxNumTexturesToStreamPerFrame:0]]
[2021.01.28-12.43.59:501][  0]LogConfig: Setting CVar [[r.Streaming.Boost:1]]
[2021.01.28-12.43.59:501][  0]LogConfig: Setting CVar [[r.MaxAnisotropy:8]]
[2021.01.28-12.43.59:501][  0]LogConfig: Setting CVar [[r.VT.MaxAnisotropy:8]]
[2021.01.28-12.43.59:501][  0]LogConfig: Setting CVar [[r.Streaming.LimitPoolSizeToVRAM:0]]
[2021.01.28-12.43.59:501][  0]LogConfig: Setting CVar [[r.Streaming.PoolSize:1000]]
[2021.01.28-12.43.59:501][  0]LogConfig: Setting CVar [[r.Streaming.MaxEffectiveScreenSize:0]]
[2021.01.28-12.43.59:501][  0]LogConfig: Applying CVar settings from Section [EffectsQuality@3] File [D:/Unreal Engine/Network_Assignment/Network_Assignment/Saved/Config/Windows/Scalability.ini]
[2021.01.28-12.43.59:501][  0]LogConfig: Setting CVar [[r.TranslucencyLightingVolumeDim:64]]
[2021.01.28-12.43.59:501][  0]LogConfig: Setting CVar [[r.RefractionQuality:2]]
[2021.01.28-12.43.59:501][  0]LogConfig: Setting CVar [[r.SSR.Quality:3]]
[2021.01.28-12.43.59:501][  0]LogConfig: Setting CVar [[r.SSR.HalfResSceneColor:0]]
[2021.01.28-12.43.59:501][  0]LogConfig: Setting CVar [[r.SceneColorFormat:4]]
[2021.01.28-12.43.59:501][  0]LogConfig: Setting CVar [[r.DetailMode:2]]
[2021.01.28-12.43.59:501][  0]LogConfig: Setting CVar [[r.TranslucencyVolumeBlur:1]]
[2021.01.28-12.43.59:501][  0]LogConfig: Setting CVar [[r.MaterialQualityLevel:1 ; High quality]]
[2021.01.28-12.43.59:501][  0]LogConfig: Setting CVar [[r.SSS.Scale:1]]
[2021.01.28-12.43.59:501][  0]LogConfig: Setting CVar [[r.SSS.SampleSet:2]]
[2021.01.28-12.43.59:501][  0]LogConfig: Setting CVar [[r.SSS.Quality:1]]
[2021.01.28-12.43.59:501][  0]LogConfig: Setting CVar [[r.SSS.HalfRes:0]]
[2021.01.28-12.43.59:501][  0]LogConfig: Setting CVar [[r.SSGI.Quality:3]]
[2021.01.28-12.43.59:502][  0]LogConfig: Setting CVar [[r.EmitterSpawnRateScale:1.0]]
[2021.01.28-12.43.59:502][  0]LogConfig: Setting CVar [[r.ParticleLightQuality:2]]
[2021.01.28-12.43.59:502][  0]LogConfig: Setting CVar [[r.SkyAtmosphere.AerialPerspectiveLUT.FastApplyOnOpaque:1 ; Always have FastSkyLUT 1 in this case to avoid wrong sky]]
[2021.01.28-12.43.59:502][  0]LogConfig: Setting CVar [[r.SkyAtmosphere.AerialPerspectiveLUT.SampleCountPerSlice:1]]
[2021.01.28-12.43.59:502][  0]LogConfig: Setting CVar [[r.SkyAtmosphere.AerialPerspectiveLUT.DepthResolution:16.0]]
[2021.01.28-12.43.59:502][  0]LogConfig: Setting CVar [[r.SkyAtmosphere.FastSkyLUT:1]]
[2021.01.28-12.43.59:502][  0]LogConfig: Setting CVar [[r.SkyAtmosphere.FastSkyLUT.SampleCountMin:4.0]]
[2021.01.28-12.43.59:502][  0]LogConfig: Setting CVar [[r.SkyAtmosphere.FastSkyLUT.SampleCountMax:32.0]]
[2021.01.28-12.43.59:502][  0]LogConfig: Setting CVar [[r.SkyAtmosphere.SampleCountMin:4.0]]
[2021.01.28-12.43.59:502][  0]LogConfig: Setting CVar [[r.SkyAtmosphere.SampleCountMax:32.0]]
[2021.01.28-12.43.59:502][  0]LogConfig: Setting CVar [[r.SkyAtmosphere.TransmittanceLUT.UseSmallFormat:0]]
[2021.01.28-12.43.59:502][  0]LogConfig: Setting CVar [[r.SkyAtmosphere.TransmittanceLUT.SampleCount:10.0]]
[2021.01.28-12.43.59:502][  0]LogConfig: Setting CVar [[r.SkyAtmosphere.MultiScatteringLUT.SampleCount:15.0]]
[2021.01.28-12.43.59:502][  0]LogConfig: Applying CVar settings from Section [FoliageQuality@3] File [D:/Unreal Engine/Network_Assignment/Network_Assignment/Saved/Config/Windows/Scalability.ini]
[2021.01.28-12.43.59:502][  0]LogConfig: Setting CVar [[foliage.DensityScale:1.0]]
[2021.01.28-12.43.59:502][  0]LogConfig: Setting CVar [[grass.DensityScale:1.0]]
[2021.01.28-12.43.59:502][  0]LogConfig: Applying CVar settings from Section [ShadingQuality@3] File [D:/Unreal Engine/Network_Assignment/Network_Assignment/Saved/Config/Windows/Scalability.ini]
[2021.01.28-12.43.59:502][  0]LogConfig: Setting CVar [[r.HairStrands.SkyLighting.SampleCount:16]]
[2021.01.28-12.43.59:503][  0]LogConfig: Setting CVar [[r.HairStrands.SkyLighting.JitterIntegration:0]]
[2021.01.28-12.43.59:503][  0]LogConfig: Setting CVar [[r.HairStrands.SkyAO.SampleCount:16]]
[2021.01.28-12.43.59:503][  0]LogConfig: Setting CVar [[r.HairStrands.DeepShadow.SuperSampling:0]]
[2021.01.28-12.43.59:503][  0]LogConfig: Setting CVar [[r.HairStrands.VisibilityPPLL:0]]
[2021.01.28-12.43.59:503][  0]LogConfig: Setting CVar [[r.HairStrands.RasterizationScale:0.5]]
[2021.01.28-12.43.59:503][  0]LogConfig: Setting CVar [[r.HairStrands.VelocityRasterizationScale:1]]
[2021.01.28-12.43.59:503][  0]LogInit: Selected Device Profile: [Windows]
[2021.01.28-12.43.59:503][  0]LogInit: Applying CVar settings loaded from the selected device profile: [Windows]
[2021.01.28-12.43.59:503][  0]LogHAL: Display: Platform has ~ 16 GB [17109352448 / 17179869184 / 16], which maps to Larger [LargestMinGB=32, LargerMinGB=12, DefaultMinGB=8, SmallerMinGB=6, SmallestMinGB=0)
[2021.01.28-12.43.59:503][  0]LogInit: Going up to parent DeviceProfile []
[2021.01.28-12.43.59:503][  0]LogConfig: Applying CVar settings from Section [ViewDistanceQuality@3] File [D:/Unreal Engine/Network_Assignment/Network_Assignment/Saved/Config/Windows/Scalability.ini]
[2021.01.28-12.43.59:503][  0]LogConfig: Setting CVar [[r.SkeletalMeshLODBias:0]]
[2021.01.28-12.43.59:503][  0]LogConfig: Setting CVar [[r.ViewDistanceScale:1.0]]
[2021.01.28-12.43.59:503][  0]LogConfig: Applying CVar settings from Section [AntiAliasingQuality@3] File [D:/Unreal Engine/Network_Assignment/Network_Assignment/Saved/Config/Windows/Scalability.ini]
[2021.01.28-12.43.59:503][  0]LogConfig: Setting CVar [[r.PostProcessAAQuality:4]]
[2021.01.28-12.43.59:503][  0]LogConfig: Applying CVar settings from Section [ShadowQuality@3] File [D:/Unreal Engine/Network_Assignment/Network_Assignment/Saved/Config/Windows/Scalability.ini]
[2021.01.28-12.43.59:503][  0]LogConfig: Setting CVar [[r.LightFunctionQuality:1]]
[2021.01.28-12.43.59:503][  0]LogConfig: Setting CVar [[r.ShadowQuality:5]]
[2021.01.28-12.43.59:503][  0]LogConfig: Setting CVar [[r.Shadow.CSM.MaxCascades:10]]
[2021.01.28-12.43.59:503][  0]LogConfig: Setting CVar [[r.Shadow.MaxResolution:2048]]
[2021.01.28-12.43.59:504][  0]LogConfig: Setting CVar [[r.Shadow.MaxCSMResolution:2048]]
[2021.01.28-12.43.59:504][  0]LogConfig: Setting CVar [[r.Shadow.RadiusThreshold:0.01]]
[2021.01.28-12.43.59:504][  0]LogConfig: Setting CVar [[r.Shadow.DistanceScale:1.0]]
[2021.01.28-12.43.59:504][  0]LogConfig: Setting CVar [[r.Shadow.CSM.TransitionScale:1.0]]
[2021.01.28-12.43.59:504][  0]LogConfig: Setting CVar [[r.Shadow.PreShadowResolutionFactor:1.0]]
[2021.01.28-12.43.59:504][  0]LogConfig: Setting CVar [[r.DistanceFieldShadowing:1]]
[2021.01.28-12.43.59:504][  0]LogConfig: Setting CVar [[r.DistanceFieldAO:1]]
[2021.01.28-12.43.59:504][  0]LogConfig: Setting CVar [[r.AOQuality:2]]
[2021.01.28-12.43.59:504][  0]LogConfig: Setting CVar [[r.VolumetricFog:1]]
[2021.01.28-12.43.59:504][  0]LogConfig: Setting CVar [[r.VolumetricFog.GridPixelSize:8]]
[2021.01.28-12.43.59:504][  0]LogConfig: Setting CVar [[r.VolumetricFog.GridSizeZ:128]]
[2021.01.28-12.43.59:504][  0]LogConfig: Setting CVar [[r.VolumetricFog.HistoryMissSupersampleCount:4]]
[2021.01.28-12.43.59:504][  0]LogConfig: Setting CVar [[r.LightMaxDrawDistanceScale:1]]
[2021.01.28-12.43.59:504][  0]LogConfig: Setting CVar [[r.CapsuleShadows:1]]
[2021.01.28-12.43.59:504][  0]LogConfig: Applying CVar settings from Section [PostProcessQuality@3] File [D:/Unreal Engine/Network_Assignment/Network_Assignment/Saved/Config/Windows/Scalability.ini]
[2021.01.28-12.43.59:504][  0]LogConfig: Setting CVar [[r.MotionBlurQuality:4]]
[2021.01.28-12.43.59:504][  0]LogConfig: Setting CVar [[r.AmbientOcclusionMipLevelFactor:0.4]]
[2021.01.28-12.43.59:504][  0]LogConfig: Setting CVar [[r.AmbientOcclusionMaxQuality:100]]
[2021.01.28-12.43.59:504][  0]LogConfig: Setting CVar [[r.AmbientOcclusionLevels:-1]]
[2021.01.28-12.43.59:505][  0]LogConfig: Setting CVar [[r.AmbientOcclusionRadiusScale:1.0]]
[2021.01.28-12.43.59:505][  0]LogConfig: Setting CVar [[r.DepthOfFieldQuality:2]]
[2021.01.28-12.43.59:505][  0]LogConfig: Setting CVar [[r.RenderTargetPoolMin:400]]
[2021.01.28-12.43.59:505][  0]LogConfig: Setting CVar [[r.LensFlareQuality:2]]
[2021.01.28-12.43.59:505][  0]LogConfig: Setting CVar [[r.SceneColorFringeQuality:1]]
[2021.01.28-12.43.59:505][  0]LogConfig: Setting CVar [[r.EyeAdaptationQuality:2]]
[2021.01.28-12.43.59:505][  0]LogConfig: Setting CVar [[r.BloomQuality:5]]
[2021.01.28-12.43.59:505][  0]LogConfig: Setting CVar [[r.FastBlurThreshold:100]]
[2021.01.28-12.43.59:505][  0]LogConfig: Setting CVar [[r.Upscale.Quality:3]]
[2021.01.28-12.43.59:505][  0]LogConfig: Setting CVar [[r.Tonemapper.GrainQuantization:1]]
[2021.01.28-12.43.59:505][  0]LogConfig: Setting CVar [[r.LightShaftQuality:1]]
[2021.01.28-12.43.59:505][  0]LogConfig: Setting CVar [[r.Filter.SizeScale:1]]
[2021.01.28-12.43.59:505][  0]LogConfig: Setting CVar [[r.Tonemapper.Quality:5]]
[2021.01.28-12.43.59:505][  0]LogConfig: Setting CVar [[r.DOF.Gather.AccumulatorQuality:1        ; higher gathering accumulator quality]]
[2021.01.28-12.43.59:505][  0]LogConfig: Setting CVar [[r.DOF.Gather.PostfilterMethod:1          ; Median3x3 postfilering method]]
[2021.01.28-12.43.59:505][  0]LogConfig: Setting CVar [[r.DOF.Gather.EnableBokehSettings:0       ; no bokeh simulation when gathering]]
[2021.01.28-12.43.59:505][  0]LogConfig: Setting CVar [[r.DOF.Gather.RingCount:4                 ; medium number of samples when gathering]]
[2021.01.28-12.43.59:505][  0]LogConfig: Setting CVar [[r.DOF.Scatter.ForegroundCompositing:1    ; additive foreground scattering]]
[2021.01.28-12.43.59:505][  0]LogConfig: Setting CVar [[r.DOF.Scatter.BackgroundCompositing:2    ; additive background scattering]]
[2021.01.28-12.43.59:505][  0]LogConfig: Setting CVar [[r.DOF.Scatter.EnableBokehSettings:1      ; bokeh simulation when scattering]]
[2021.01.28-12.43.59:506][  0]LogConfig: Setting CVar [[r.DOF.Scatter.MaxSpriteRatio:0.1         ; only a maximum of 10% of scattered bokeh]]
[2021.01.28-12.43.59:506][  0]LogConfig: Setting CVar [[r.DOF.Recombine.Quality:1                ; cheap slight out of focus]]
[2021.01.28-12.43.59:506][  0]LogConfig: Setting CVar [[r.DOF.Recombine.EnableBokehSettings:0    ; no bokeh simulation on slight out of focus]]
[2021.01.28-12.43.59:506][  0]LogConfig: Setting CVar [[r.DOF.TemporalAAQuality:1                ; more stable temporal accumulation]]
[2021.01.28-12.43.59:506][  0]LogConfig: Setting CVar [[r.DOF.Kernel.MaxForegroundRadius:0.025]]
[2021.01.28-12.43.59:506][  0]LogConfig: Setting CVar [[r.DOF.Kernel.MaxBackgroundRadius:0.025]]
[2021.01.28-12.43.59:506][  0]LogConfig: Applying CVar settings from Section [TextureQuality@3] File [D:/Unreal Engine/Network_Assignment/Network_Assignment/Saved/Config/Windows/Scalability.ini]
[2021.01.28-12.43.59:506][  0]LogConfig: Setting CVar [[r.Streaming.MipBias:0]]
[2021.01.28-12.43.59:506][  0]LogConfig: Setting CVar [[r.Streaming.AmortizeCPUToGPUCopy:0]]
[2021.01.28-12.43.59:506][  0]LogConfig: Setting CVar [[r.Streaming.MaxNumTexturesToStreamPerFrame:0]]
[2021.01.28-12.43.59:506][  0]LogConfig: Setting CVar [[r.Streaming.Boost:1]]
[2021.01.28-12.43.59:506][  0]LogConfig: Setting CVar [[r.MaxAnisotropy:8]]
[2021.01.28-12.43.59:506][  0]LogConfig: Setting CVar [[r.VT.MaxAnisotropy:8]]
[2021.01.28-12.43.59:506][  0]LogConfig: Setting CVar [[r.Streaming.LimitPoolSizeToVRAM:0]]
[2021.01.28-12.43.59:506][  0]LogConfig: Setting CVar [[r.Streaming.PoolSize:1000]]
[2021.01.28-12.43.59:506][  0]LogConfig: Setting CVar [[r.Streaming.MaxEffectiveScreenSize:0]]
[2021.01.28-12.43.59:506][  0]LogConfig: Applying CVar settings from Section [EffectsQuality@3] File [D:/Unreal Engine/Network_Assignment/Network_Assignment/Saved/Config/Windows/Scalability.ini]
[2021.01.28-12.43.59:506][  0]LogConfig: Setting CVar [[r.TranslucencyLightingVolumeDim:64]]
[2021.01.28-12.43.59:506][  0]LogConfig: Setting CVar [[r.RefractionQuality:2]]
[2021.01.28-12.43.59:506][  0]LogConfig: Setting CVar [[r.SSR.Quality:3]]
[2021.01.28-12.43.59:506][  0]LogConfig: Setting CVar [[r.SSR.HalfResSceneColor:0]]
[2021.01.28-12.43.59:506][  0]LogConfig: Setting CVar [[r.SceneColorFormat:4]]
[2021.01.28-12.43.59:507][  0]LogConfig: Setting CVar [[r.DetailMode:2]]
[2021.01.28-12.43.59:507][  0]LogConfig: Setting CVar [[r.TranslucencyVolumeBlur:1]]
[2021.01.28-12.43.59:507][  0]LogConfig: Setting CVar [[r.MaterialQualityLevel:1 ; High quality]]
[2021.01.28-12.43.59:507][  0]LogConfig: Setting CVar [[r.SSS.Scale:1]]
[2021.01.28-12.43.59:507][  0]LogConfig: Setting CVar [[r.SSS.SampleSet:2]]
[2021.01.28-12.43.59:507][  0]LogConfig: Setting CVar [[r.SSS.Quality:1]]
[2021.01.28-12.43.59:507][  0]LogConfig: Setting CVar [[r.SSS.HalfRes:0]]
[2021.01.28-12.43.59:507][  0]LogConfig: Setting CVar [[r.SSGI.Quality:3]]
[2021.01.28-12.43.59:507][  0]LogConfig: Setting CVar [[r.EmitterSpawnRateScale:1.0]]
[2021.01.28-12.43.59:507][  0]LogConfig: Setting CVar [[r.ParticleLightQuality:2]]
[2021.01.28-12.43.59:507][  0]LogConfig: Setting CVar [[r.SkyAtmosphere.AerialPerspectiveLUT.FastApplyOnOpaque:1 ; Always have FastSkyLUT 1 in this case to avoid wrong sky]]
[2021.01.28-12.43.59:507][  0]LogConfig: Setting CVar [[r.SkyAtmosphere.AerialPerspectiveLUT.SampleCountPerSlice:1]]
[2021.01.28-12.43.59:507][  0]LogConfig: Setting CVar [[r.SkyAtmosphere.AerialPerspectiveLUT.DepthResolution:16.0]]
[2021.01.28-12.43.59:507][  0]LogConfig: Setting CVar [[r.SkyAtmosphere.FastSkyLUT:1]]
[2021.01.28-12.43.59:507][  0]LogConfig: Setting CVar [[r.SkyAtmosphere.FastSkyLUT.SampleCountMin:4.0]]
[2021.01.28-12.43.59:507][  0]LogConfig: Setting CVar [[r.SkyAtmosphere.FastSkyLUT.SampleCountMax:32.0]]
[2021.01.28-12.43.59:507][  0]LogConfig: Setting CVar [[r.SkyAtmosphere.SampleCountMin:4.0]]
[2021.01.28-12.43.59:507][  0]LogConfig: Setting CVar [[r.SkyAtmosphere.SampleCountMax:32.0]]
[2021.01.28-12.43.59:508][  0]LogConfig: Setting CVar [[r.SkyAtmosphere.TransmittanceLUT.UseSmallFormat:0]]
[2021.01.28-12.43.59:508][  0]LogConfig: Setting CVar [[r.SkyAtmosphere.TransmittanceLUT.SampleCount:10.0]]
[2021.01.28-12.43.59:508][  0]LogConfig: Setting CVar [[r.SkyAtmosphere.MultiScatteringLUT.SampleCount:15.0]]
[2021.01.28-12.43.59:508][  0]LogConfig: Applying CVar settings from Section [FoliageQuality@3] File [D:/Unreal Engine/Network_Assignment/Network_Assignment/Saved/Config/Windows/Scalability.ini]
[2021.01.28-12.43.59:508][  0]LogConfig: Setting CVar [[foliage.DensityScale:1.0]]
[2021.01.28-12.43.59:508][  0]LogConfig: Setting CVar [[grass.DensityScale:1.0]]
[2021.01.28-12.43.59:508][  0]LogConfig: Applying CVar settings from Section [ShadingQuality@3] File [D:/Unreal Engine/Network_Assignment/Network_Assignment/Saved/Config/Windows/Scalability.ini]
[2021.01.28-12.43.59:508][  0]LogConfig: Setting CVar [[r.HairStrands.SkyLighting.SampleCount:16]]
[2021.01.28-12.43.59:508][  0]LogConfig: Setting CVar [[r.HairStrands.SkyLighting.JitterIntegration:0]]
[2021.01.28-12.43.59:508][  0]LogConfig: Setting CVar [[r.HairStrands.SkyAO.SampleCount:16]]
[2021.01.28-12.43.59:508][  0]LogConfig: Setting CVar [[r.HairStrands.DeepShadow.SuperSampling:0]]
[2021.01.28-12.43.59:508][  0]LogConfig: Setting CVar [[r.HairStrands.VisibilityPPLL:0]]
[2021.01.28-12.43.59:508][  0]LogConfig: Setting CVar [[r.HairStrands.RasterizationScale:0.5]]
[2021.01.28-12.43.59:508][  0]LogConfig: Setting CVar [[r.HairStrands.VelocityRasterizationScale:1]]
[2021.01.28-12.43.59:508][  0]LogConfig: Applying CVar settings from Section [Startup] File [../../../Engine/Config/ConsoleVariables.ini]
[2021.01.28-12.43.59:509][  0]LogConfig: Setting CVar [[net.UseAdaptiveNetUpdateFrequency:0]]
[2021.01.28-12.43.59:509][  0]LogConfig: Setting CVar [[p.chaos.AllowCreatePhysxBodies:1]]
[2021.01.28-12.43.59:509][  0]LogConfig: Setting CVar [[fx.SkipVectorVMBackendOptimizations:1]]
[2021.01.28-12.43.59:509][  0]LogConfig: Applying CVar settings from Section [ConsoleVariables] File [D:/Unreal Engine/Network_Assignment/Network_Assignment/Saved/Config/Windows/Engine.ini]
[2021.01.28-12.43.59:509][  0]LogInit: Computer: LEON-DATOR
[2021.01.28-12.43.59:509][  0]LogInit: User: Leon
[2021.01.28-12.43.59:509][  0]LogInit: CPU Page size=4096, Cores=4
[2021.01.28-12.43.59:509][  0]LogInit: High frequency timer resolution =10.000000 MHz
[2021.01.28-12.43.59:509][  0]LogMemory: Memory total: Physical=15.9GB (16GB approx)
[2021.01.28-12.43.59:509][  0]LogMemory: Platform Memory Stats for Windows
[2021.01.28-12.43.59:509][  0]LogMemory: Process Physical Memory: 116.10 MB used, 116.10 MB peak
[2021.01.28-12.43.59:510][  0]LogMemory: Process Virtual Memory: 104.46 MB used, 104.46 MB peak
[2021.01.28-12.43.59:510][  0]LogMemory: Physical Memory: 9934.46 MB used,  6382.29 MB free, 16316.75 MB total
[2021.01.28-12.43.59:510][  0]LogMemory: Virtual Memory: 5100.69 MB used,  134212624.00 MB free, 134217728.00 MB total
[2021.01.28-12.43.59:527][  0]LogWindows: WindowsPlatformFeatures enabled
[2021.01.28-12.43.59:887][  0]LogInit: Physics initialised using underlying interface: PhysX
[2021.01.28-12.43.59:889][  0]LogInit: Using OS detected language (en-US).
[2021.01.28-12.43.59:889][  0]LogInit: Using OS detected locale (sv-SE).
[2021.01.28-12.43.59:894][  0]LogTextLocalizationManager: No specific localization for 'en-US' exists, so the 'en' localization will be used.
[2021.01.28-12.44.00:096][  0]LogInit: Setting process to per monitor DPI aware
[2021.01.28-12.44.00:164][  0]LogSlate: New Slate User Created.  User Index 0, Is Virtual User: 0
[2021.01.28-12.44.00:164][  0]LogSlate: Slate User Registered.  User Index 0, Is Virtual User: 0
[2021.01.28-12.44.00:637][  0]LogHMD: Failed to initialize OpenVR with code 105
[2021.01.28-12.44.00:638][  0]LogD3D11RHI: D3D11 min allowed feature level: 11_0
[2021.01.28-12.44.00:638][  0]LogD3D11RHI: D3D11 max allowed feature level: 11_0
[2021.01.28-12.44.00:638][  0]LogD3D11RHI: D3D11 adapters:
[2021.01.28-12.44.00:739][  0]LogD3D11RHI:    0. 'NVIDIA GeForce GTX 970' (Feature Level 11_0)
[2021.01.28-12.44.00:739][  0]LogD3D11RHI:       4043/0/8158 MB DedicatedVideo/DedicatedSystem/SharedSystem, Outputs:2, VendorId:0x10de
[2021.01.28-12.44.00:749][  0]LogD3D11RHI:    1. 'Microsoft Basic Render Driver' (Feature Level 11_0)
[2021.01.28-12.44.00:749][  0]LogD3D11RHI:       0/0/8158 MB DedicatedVideo/DedicatedSystem/SharedSystem, Outputs:0, VendorId:0x1414
[2021.01.28-12.44.00:749][  0]LogD3D11RHI: Chosen D3D11 Adapter: 0
[2021.01.28-12.44.00:758][  0]LogD3D11RHI: Creating new Direct3DDevice
[2021.01.28-12.44.00:758][  0]LogD3D11RHI:     GPU DeviceId: 0x13c2 (for the marketing name, search the web for "GPU Device Id")
[2021.01.28-12.44.00:758][  0]LogWindows: EnumDisplayDevices:
[2021.01.28-12.44.00:758][  0]LogWindows:    0. 'NVIDIA GeForce GTX 970' (P:0 D:1)
[2021.01.28-12.44.00:759][  0]LogWindows:    1. 'NVIDIA GeForce GTX 970' (P:1 D:1)
[2021.01.28-12.44.00:760][  0]LogWindows:    2. 'NVIDIA GeForce GTX 970' (P:0 D:0)
[2021.01.28-12.44.00:760][  0]LogWindows:    3. 'NVIDIA GeForce GTX 970' (P:0 D:0)
[2021.01.28-12.44.00:761][  0]LogWindows: DebugString: FoundDriverCount:4 
[2021.01.28-12.44.00:761][  0]LogD3D11RHI:     Adapter Name: NVIDIA GeForce GTX 970
[2021.01.28-12.44.00:761][  0]LogD3D11RHI:   Driver Version: 456.71 (internal:27.21.14.5671, unified:456.71)
[2021.01.28-12.44.00:761][  0]LogD3D11RHI:      Driver Date: 9-30-2020
[2021.01.28-12.44.00:761][  0]LogRHI: Texture pool is 2830 MB (70% of 4043 MB)
[2021.01.28-12.44.00:826][  0]LogD3D11RHI: RHI has support for 64 bit atomics
[2021.01.28-12.44.00:826][  0]LogD3D11RHI: Async texture creation enabled
[2021.01.28-12.44.00:826][  0]LogD3D11RHI: Array index from any shader is supported
[2021.01.28-12.44.00:856][  0]LogD3D11RHI: GPU Timing Frequency: 1000.000000 (Debug: 2 1)
[2021.01.28-12.44.01:360][  0]LogTargetPlatformManager: Display: Loaded TargetPlatform 'AllDesktop'
[2021.01.28-12.44.01:388][  0]LogTargetPlatformManager: Display: Loaded TargetPlatform 'Android'
[2021.01.28-12.44.01:389][  0]LogTargetPlatformManager: Display: Loaded TargetPlatform 'Android_ASTC'
[2021.01.28-12.44.01:389][  0]LogTargetPlatformManager: Display: Loaded TargetPlatform 'Android_DXT'
[2021.01.28-12.44.01:389][  0]LogTargetPlatformManager: Display: Loaded TargetPlatform 'Android_ETC2'
[2021.01.28-12.44.01:389][  0]LogTargetPlatformManager: Display: Loaded TargetPlatform 'AndroidClient'
[2021.01.28-12.44.01:389][  0]LogTargetPlatformManager: Display: Loaded TargetPlatform 'Android_ASTCClient'
[2021.01.28-12.44.01:389][  0]LogTargetPlatformManager: Display: Loaded TargetPlatform 'Android_DXTClient'
[2021.01.28-12.44.01:389][  0]LogTargetPlatformManager: Display: Loaded TargetPlatform 'Android_ETC2Client'
[2021.01.28-12.44.01:389][  0]LogTargetPlatformManager: Display: Loaded TargetPlatform 'Android_Multi'
[2021.01.28-12.44.01:389][  0]LogTargetPlatformManager: Display: Loaded TargetPlatform 'Android_MultiClient'
[2021.01.28-12.44.01:432][  0]LogTargetPlatformManager: Display: Loaded TargetPlatform 'IOSClient'
[2021.01.28-12.44.01:432][  0]LogTargetPlatformManager: Display: Loaded TargetPlatform 'IOS'
[2021.01.28-12.44.01:449][  0]LogTargetPlatformManager: Display: Loaded TargetPlatform 'Linux'
[2021.01.28-12.44.01:466][  0]LogTargetPlatformManager: Display: Loaded TargetPlatform 'LinuxNoEditor'
[2021.01.28-12.44.01:483][  0]LogTargetPlatformManager: Display: Loaded TargetPlatform 'LinuxClient'
[2021.01.28-12.44.01:501][  0]LogTargetPlatformManager: Display: Loaded TargetPlatform 'LinuxServer'
[2021.01.28-12.44.01:519][  0]LogTargetPlatformManager: Display: Loaded TargetPlatform 'LinuxAArch64NoEditor'
[2021.01.28-12.44.01:534][  0]LogTargetPlatformManager: Display: Loaded TargetPlatform 'LinuxAArch64Client'
[2021.01.28-12.44.01:551][  0]LogTargetPlatformManager: Display: Loaded TargetPlatform 'LinuxAArch64Server'
[2021.01.28-12.44.01:591][  0]LogTargetPlatformManager: Display: Loaded TargetPlatform 'Lumin'
[2021.01.28-12.44.01:591][  0]LogTargetPlatformManager: Display: Loaded TargetPlatform 'LuminClient'
[2021.01.28-12.44.01:616][  0]LogTargetPlatformManager: Display: Loaded TargetPlatform 'TVOSClient'
[2021.01.28-12.44.01:616][  0]LogTargetPlatformManager: Display: Loaded TargetPlatform 'TVOS'
[2021.01.28-12.44.01:633][  0]LogTargetPlatformManager: Display: Loaded TargetPlatform 'WindowsNoEditor'
[2021.01.28-12.44.01:650][  0]LogTargetPlatformManager: Display: Loaded TargetPlatform 'Windows'
[2021.01.28-12.44.01:666][  0]LogTargetPlatformManager: Display: Loaded TargetPlatform 'WindowsClient'
[2021.01.28-12.44.01:682][  0]LogTargetPlatformManager: Display: Loaded TargetPlatform 'WindowsServer'
[2021.01.28-12.44.01:683][  0]LogTargetPlatformManager: Display: Building Assets For Windows
[2021.01.28-12.44.01:715][  0]LogAudioDebug: Display: Lib vorbis DLL was dynamically loaded.
[2021.01.28-12.44.01:862][  0]LogShaderCompilers: Guid format shader working directory is -22 characters bigger than the processId version (../../../../../Unreal Engine/Network_Assignment/Network_Assignment/Intermediate/Shaders/WorkingDirectory/13300/).
[2021.01.28-12.44.01:862][  0]LogShaderCompilers: Cleaned the shader compiler working directory 'C:/Users/Leon/AppData/Local/Temp/UnrealShaderWorkingDir/93B8193049543C867C47509CB65F9ADB/'.
[2021.01.28-12.44.01:863][  0]LogXGEController: Cannot use XGE Controller as Incredibuild is not installed on this machine.
[2021.01.28-12.44.01:863][  0]LogShaderCompilers: Cannot use XGE Shader Compiler as Incredibuild is not installed on this machine.
[2021.01.28-12.44.01:863][  0]LogShaderCompilers: Display: Using Local Shader Compiler.
[2021.01.28-12.44.02:883][  0]LogDerivedDataCache: Display: Max Cache Size: 512 MB
[2021.01.28-12.44.02:942][  0]LogDerivedDataCache: Loaded boot cache 0.06s 76MB C:/Users/Leon/AppData/Local/UnrealEngine/4.25/DerivedDataCache/Boot.ddc.
[2021.01.28-12.44.02:942][  0]LogDerivedDataCache: Display: Loaded Boot cache: C:/Users/Leon/AppData/Local/UnrealEngine/4.25/DerivedDataCache/Boot.ddc
[2021.01.28-12.44.02:943][  0]LogDerivedDataCache: FDerivedDataBackendGraph:  Pak pak cache file ../../../../../Unreal Engine/Network_Assignment/Network_Assignment/DerivedDataCache/DDC.ddp not found, will not use a pak cache.
[2021.01.28-12.44.02:944][  0]LogDerivedDataCache: Unable to find inner node Pak for hierarchical cache Hierarchy.
[2021.01.28-12.44.02:944][  0]LogDerivedDataCache: FDerivedDataBackendGraph:  CompressedPak pak cache file ../../../../../Unreal Engine/Network_Assignment/Network_Assignment/DerivedDataCache/Compressed.ddp not found, will not use a pak cache.
[2021.01.28-12.44.02:945][  0]LogDerivedDataCache: Unable to find inner node CompressedPak for hierarchical cache Hierarchy.
[2021.01.28-12.44.02:959][  0]LogDerivedDataCache: Display: Pak cache opened for reading ../../../Engine/DerivedDataCache/Compressed.ddp.
[2021.01.28-12.44.02:964][  0]LogDerivedDataCache: FDerivedDataBackendGraph:  EnterprisePak pak cache file ../../../Enterprise/DerivedDataCache/Compressed.ddp not found, will not use a pak cache.
[2021.01.28-12.44.02:972][  0]LogDerivedDataCache: Unable to find inner node EnterprisePak for hierarchical cache Hierarchy.
[2021.01.28-12.44.02:976][  0]LogDerivedDataCache: Using Local data cache path C:/Users/Leon/AppData/Local/UnrealEngine/Common/DerivedDataCache: Writable
[2021.01.28-12.44.02:976][  0]LogDerivedDataCache: Shared data cache path not found in *engine.ini, will not use an Shared cache.
[2021.01.28-12.44.02:976][  0]LogDerivedDataCache: Unable to find inner node Shared for hierarchical cache Hierarchy.
[2021.01.28-12.44.03:042][  0]LogSlate: Using FreeType 2.10.0
[2021.01.28-12.44.03:044][  0]LogSlate: SlateFontServices - WITH_FREETYPE: 1, WITH_HARFBUZZ: 1
[2021.01.28-12.44.03:099][  0]LogAssetRegistry: FAssetRegistry took 0.0056 seconds to start up
[2021.01.28-12.44.03:414][  0]LogInit: Selected Device Profile: [Windows]
[2021.01.28-12.44.03:606][  0]LogMeshReduction: Using QuadricMeshReduction for automatic static mesh reduction
[2021.01.28-12.44.03:606][  0]LogMeshReduction: Using SimplygonMeshReduction for automatic skeletal mesh reduction
[2021.01.28-12.44.03:606][  0]LogMeshReduction: Using ProxyLODMeshReduction for automatic mesh merging
[2021.01.28-12.44.03:606][  0]LogMeshReduction: No distributed automatic mesh merging module available
[2021.01.28-12.44.03:606][  0]LogMeshMerging: No distributed automatic mesh merging module available
[2021.01.28-12.44.03:638][  0]LogNetVersion: Network_Assignment 1.0.0, NetCL: 13144385, EngineNetVer: 14, GameNetVer: 0 (Checksum: 1997309246)
[2021.01.28-12.44.04:325][  0]LogAISub: UAISubsystem::UAISubsystem AISubsystem (0000028C2C308280), frame # 0
[2021.01.28-12.44.04:325][  0]LogAISub: UAISubsystem::UAISubsystem AIPerceptionSystem (0000028C2C245E40), frame # 0
[2021.01.28-12.44.04:327][  0]LogAISub: UAISubsystem::UAISubsystem EnvQueryManager (0000028C2C2A1E00), frame # 0
[2021.01.28-12.44.04:394][  0]LogPackageLocalizationCache: Processed 19 localized package path(s) for 1 prioritized culture(s) in 0.059466 seconds
[2021.01.28-12.44.04:400][  0]LogUObjectArray: 15917 objects as part of root set at end of initial load.
[2021.01.28-12.44.04:400][  0]LogUObjectAllocator: 3965568 out of 0 bytes used by permanent object pool.
[2021.01.28-12.44.04:400][  0]LogUObjectArray: CloseDisregardForGC: 0/0 objects in disregard for GC pool
[2021.01.28-12.44.05:174][  0]LogTcpMessaging: Initializing TcpMessaging bridge
[2021.01.28-12.44.05:184][  0]LogUdpMessaging: Initializing bridge on interface 0.0.0.0:0 to multicast group 230.0.0.1:6666.
[2021.01.28-12.44.05:569][  0]SourceControl: Source control is disabled
[2021.01.28-12.44.05:569][  0]SourceControl: Source control is disabled
[2021.01.28-12.44.05:577][  0]SourceControl: Source control is disabled
[2021.01.28-12.44.05:583][  0]SourceControl: Source control is disabled
[2021.01.28-12.44.05:602][  0]SourceControl: Source control is disabled
[2021.01.28-12.44.06:091][  0]LogAndroidPermission: UAndroidPermissionCallbackProxy::GetInstance
[2021.01.28-12.44.06:135][  0]LogAudioCaptureCore: Display: No Audio Capture implementations found. Audio input will be silent.
[2021.01.28-12.44.06:135][  0]LogAudioCaptureCore: Display: No Audio Capture implementations found. Audio input will be silent.
[2021.01.28-12.44.06:223][  0]LogOcInput: OculusInput pre-init called
[2021.01.28-12.44.06:243][  0]LogWindows: Failed to load 'OVRPlugin.dll' (GetLastError=126)
[2021.01.28-12.44.06:243][  0]LogWindows: File 'OVRPlugin.dll' does not exist
[2021.01.28-12.44.06:342][  0]LogEngine: Initializing Engine...
[2021.01.28-12.44.06:357][  0]LogHMD: Failed to initialize OpenVR with code 105
[2021.01.28-12.44.06:357][  0]LogMagicLeap: Warning: VR disabled because ZI is not enabled.  To enable, in the editor, Edit -> Project Settings -> Plugins -> Magic Leap Plugin -> Enable Zero Iteration
[2021.01.28-12.44.06:358][  0]LogStats: UGameplayTagsManager::InitializeManager -  0.000 s
[2021.01.28-12.44.06:511][  0]LogInit: Initializing FReadOnlyCVARCache
[2021.01.28-12.44.06:525][  0]LogAIModule: Creating AISystem for world Untitled
[2021.01.28-12.44.06:525][  0]LogAISub: UAISubsystem::UAISubsystem EnvQueryManager (0000028C3216D600), frame # 0
[2021.01.28-12.44.06:525][  0]LogAISub: UAISubsystem::UAISubsystem AIPerceptionSystem (0000028C3214FB00), frame # 0
[2021.01.28-12.44.06:546][  0]LogAudioMixer: Display: Audio Mixer Platform Settings:
[2021.01.28-12.44.06:546][  0]LogAudioMixer: Display: 	Sample Rate:						  48000
[2021.01.28-12.44.06:546][  0]LogAudioMixer: Display: 	Callback Buffer Frame Size Requested: 1024
[2021.01.28-12.44.06:547][  0]LogAudioMixer: Display: 	Callback Buffer Frame Size To Use:	  1024
[2021.01.28-12.44.06:547][  0]LogAudioMixer: Display: 	Number of buffers to queue:			  2
[2021.01.28-12.44.06:547][  0]LogAudioMixer: Display: 	Max Channels (voices):				  32
[2021.01.28-12.44.06:547][  0]LogAudioMixer: Display: 	Number of Async Source Workers:		  0
[2021.01.28-12.44.06:547][  0]LogAudio: Display: AudioDevice MaxSources: 32
[2021.01.28-12.44.06:547][  0]LogAudio: Display: Using built-in audio occlusion.
[2021.01.28-12.44.06:547][  0]LogAudioMixer: Display: Initializing audio mixer.
[2021.01.28-12.44.06:581][  0]LogAudioMixer: Display: 0: FrontLeft
[2021.01.28-12.44.06:581][  0]LogAudioMixer: Display: 1: FrontRight
[2021.01.28-12.44.06:581][  0]LogAudioMixer: Display: 2: FrontCenter
[2021.01.28-12.44.06:581][  0]LogAudioMixer: Display: 3: LowFrequency
[2021.01.28-12.44.06:581][  0]LogAudioMixer: Display: 4: BackLeft
[2021.01.28-12.44.06:581][  0]LogAudioMixer: Display: 5: BackRight
[2021.01.28-12.44.06:581][  0]LogAudioMixer: Display: 6: SideLeft
[2021.01.28-12.44.06:581][  0]LogAudioMixer: Display: 7: SideRight
[2021.01.28-12.44.06:667][  0]LogAudioMixer: Display: Using Audio Device Högtalare (Realtek High Definition Audio)
[2021.01.28-12.44.06:670][  0]LogAudioMixer: Display: Initializing Sound Submixes...
[2021.01.28-12.44.06:675][  0]LogAudioMixer: Display: Creating Master Submix 'MasterSubmixDefault'
[2021.01.28-12.44.06:675][  0]LogAudioMixer: Display: Creating Master Submix 'MasterReverbSubmixDefault'
[2021.01.28-12.44.06:676][  0]LogAudioMixer: Display: Creating Master Submix 'MasterEQSubmixDefault'
[2021.01.28-12.44.06:678][  0]LogInit: FAudioDevice initialized.
[2021.01.28-12.44.06:678][  0]LogNetVersion: Set ProjectVersion to 1.0.0.0. Version Checksum will be recalculated on next use.
[2021.01.28-12.44.06:920][  0]LogDerivedDataCache: Saved boot cache 0.24s 76MB C:/Users/Leon/AppData/Local/UnrealEngine/4.25/DerivedDataCache/Boot.ddc.
[2021.01.28-12.44.06:922][  0]LogInit: Texture streaming: Enabled
[2021.01.28-12.44.06:966][  0]LogEngineSessionManager: EngineSessionManager initialized
[2021.01.28-12.44.06:966][  0]LogEngineSessionManager: EngineSessionManager sent abnormal shutdown report. Type=Debugger, SessionId={26CDB2A3-49E3-66F2-A655-AC96C7CD51E1}
[2021.01.28-12.44.06:966][  0]LogEditorSessionSummary: Verbose: Initializing EditorSessionSummaryWriter for editor session tracking
[2021.01.28-12.44.06:987][  0]LogEditorSessionSummary: EditorSessionSummaryWriter initialized
[2021.01.28-12.44.07:042][  0]LogInit: Transaction tracking system initialized
[2021.01.28-12.44.07:087][  0]BlueprintLog: New page: Editor Load
[2021.01.28-12.44.07:242][  0]LocalizationService: Localization service is disabled
[2021.01.28-12.44.07:489][  0]LogCook: Display: Max memory allowance for cook 16384mb min free memory 0mb
[2021.01.28-12.44.07:490][  0]LogCook: Display: Mobile HDR setting 1
[2021.01.28-12.44.07:742][  0]LogFileCache: Scanning file cache for directory 'D:/Unreal Engine/Network_Assignment/Network_Assignment/Content/' took 0.01s
[2021.01.28-12.44.08:236][  0]SourceControl: Source control is disabled
[2021.01.28-12.44.08:237][  0]LogUnrealEdMisc: Loading editor; pre map load, took 13.673
[2021.01.28-12.44.08:237][  0]Cmd: MAP LOAD FILE="../../../../../Unreal Engine/Network_Assignment/Network_Assignment/Content/Maps/MY_Map.umap" TEMPLATE=0 SHOWPROGRESS=1 FEATURELEVEL=3
[2021.01.28-12.44.08:237][  0]LightingResults: New page: Lighting Build
[2021.01.28-12.44.08:239][  0]LogWorld: UWorld::CleanupWorld for Untitled, bSessionEnded=true, bCleanupResources=true
[2021.01.28-12.44.08:239][  0]LogSlate: InvalidateAllWidgets triggered.  All widgets were invalidated
[2021.01.28-12.44.08:239][  0]MapCheck: New page: Map Check
[2021.01.28-12.44.08:239][  0]LightingResults: New page: Lighting Build
[2021.01.28-12.44.08:248][  0]LogAISub: UAISubsystem::~UAISubsystem EnvQueryManager (0000028C3216D600), frame # 0
[2021.01.28-12.44.08:248][  0]LogAISub: UAISubsystem::~UAISubsystem AIPerceptionSystem (0000028C3214FB00), frame # 0
[2021.01.28-12.44.08:249][  0]LogUObjectHash: Compacting FUObjectHashTables data took   0.89ms
[2021.01.28-12.44.08:421][  0]LogAIModule: Creating AISystem for world My_Map
[2021.01.28-12.44.08:421][  0]LogAISub: UAISubsystem::UAISubsystem EnvQueryManager (0000028C23F4E400), frame # 0
[2021.01.28-12.44.08:421][  0]LogAISub: UAISubsystem::UAISubsystem AIPerceptionSystem (0000028C245A9A80), frame # 0
[2021.01.28-12.44.08:426][  0]LogEditorServer: Finished looking for orphan Actors (0.000 secs)
[2021.01.28-12.44.08:442][  0]LogUObjectHash: Compacting FUObjectHashTables data took   0.94ms
[2021.01.28-12.44.08:442][  0]Cmd: MAP CHECKDEP NOCLEARLOG
[2021.01.28-12.44.08:442][  0]MapCheck: Map check complete: 0 Error(s), 0 Warning(s), took 0,088ms to complete.
[2021.01.28-12.44.08:442][  0]LogFileHelpers: Loading map 'MY_Map' took 0.205
[2021.01.28-12.44.08:446][  0]LogUnrealEdMisc: Total Editor Startup Time, took 13.882
[2021.01.28-12.44.08:603][  0]LogSlate: Updating window title bar state: overlay mode, drag disabled, window buttons hidden, title bar hidden
[2021.01.28-12.44.08:612][  0]LogSlate: Updating window title bar state: overlay mode, drag disabled, window buttons hidden, title bar hidden
[2021.01.28-12.44.08:621][  0]LogSlate: Updating window title bar state: overlay mode, drag disabled, window buttons hidden, title bar hidden
[2021.01.28-12.44.08:629][  0]LogSlate: Updating window title bar state: overlay mode, drag disabled, window buttons hidden, title bar hidden
[2021.01.28-12.44.08:648][  0]LogCollectionManager: Loaded 0 collections in 0.001872 seconds
[2021.01.28-12.44.08:675][  0]LogFileCache: Scanning file cache for directory 'D:/Unreal Engine/Network_Assignment/Network_Assignment/Saved/Collections/' took 0.00s
[2021.01.28-12.44.08:675][  0]LogFileCache: Scanning file cache for directory 'D:/Unreal Engine/Network_Assignment/Network_Assignment/Content/Developers/Leon/Collections/' took 0.00s
[2021.01.28-12.44.08:675][  0]LogFileCache: Scanning file cache for directory 'D:/Unreal Engine/Network_Assignment/Network_Assignment/Content/Collections/' took 0.00s
[2021.01.28-12.44.08:675][  0]LogContentBrowser: Native class hierarchy populated in 0.0134 seconds. Added 3434 classes and 823 folders.
[2021.01.28-12.44.08:680][  0]LogContentBrowser: Native class hierarchy updated for 'WidgetCarousel' in 0.0007 seconds. Added 0 classes and 0 folders.
[2021.01.28-12.44.08:869][  0]LogContentBrowser: Native class hierarchy updated for 'AddContentDialog' in 0.0007 seconds. Added 0 classes and 0 folders.
[2021.01.28-12.44.08:875][  0]LogContentBrowser: Native class hierarchy updated for 'SceneOutliner' in 0.0008 seconds. Added 2 classes and 0 folders.
[2021.01.28-12.44.08:996][  0]LogSlate: Took 0.000407 seconds to synchronously load lazily loaded font '../../../Engine/Content/Slate/Fonts/Roboto-Regular.ttf' (155K)
[2021.01.28-12.44.08:999][  0]LogSlate: Took 0.000408 seconds to synchronously load lazily loaded font '../../../Engine/Content/Slate/Fonts/Roboto-Bold.ttf' (160K)
[2021.01.28-12.44.09:005][  0]LogSlate: Took 0.000460 seconds to synchronously load lazily loaded font '../../../Engine/Content/Editor/Slate/Fonts/FontAwesome.ttf' (139K)
[2021.01.28-12.44.09:099][  0]LogRenderer: Reallocating scene render targets to support 1096x584 Format 10 NumSamples 1 (Frame:1).
[2021.01.28-12.44.09:240][  0]LogContentBrowser: Native class hierarchy updated for 'HierarchicalLODOutliner' in 0.0008 seconds. Added 0 classes and 0 folders.
[2021.01.28-12.44.09:240][  0]LogLoad: (Engine Initialization) Total time: 14.68 seconds
[2021.01.28-12.44.09:240][  0]LogLoad: (Engine Initialization) Total Blueprint compile time: 0.00 seconds
[2021.01.28-12.44.09:283][  0]LogAssetRegistry: Asset discovery search completed in 6.1876 seconds
[2021.01.28-12.44.09:287][  0]LogCollectionManager: Fixed up redirectors for 0 collections in 0.000002 seconds (updated 0 objects)
[2021.01.28-12.44.09:289][  0]LogContentStreaming: Texture pool size now 1000 MB
[2021.01.28-12.44.09:324][  0]LogSlate: Took 0.000365 seconds to synchronously load lazily loaded font '../../../Engine/Content/Slate/Fonts/Roboto-Light.ttf' (167K)
[2021.01.28-12.44.10:279][103]LogSlate: Took 0.000430 seconds to synchronously load lazily loaded font '../../../Engine/Content/Slate/Fonts/Roboto-Light.ttf' (167K)
[2021.01.28-12.44.19:029][102]LogTemp: Repeating last play command: New Editor Window (PIE)
[2021.01.28-12.44.19:053][102]LogPlayLevel: PlayLevel: No blueprints needed recompiling
[2021.01.28-12.44.19:053][102]PIE: New page: PIE session: MY_Map (28 jan. 2021 14:44:19)
[2021.01.28-12.44.19:056][102]LogOnline: OSS: Creating online subsystem instance for: NULL
[2021.01.28-12.44.19:058][102]LogOnline: OSS: TryLoadSubsystemAndSetDefault: Loaded subsystem for module [NULL]
[2021.01.28-12.44.19:058][102]LogPlayLevel: Creating play world package: /Game/Maps/UEDPIE_0_MY_Map
[2021.01.28-12.44.19:065][102]LogPlayLevel: PIE: StaticDuplicateObject took: (0.006539s)
[2021.01.28-12.44.19:066][102]LogAIModule: Creating AISystem for world My_Map
[2021.01.28-12.44.19:066][102]LogAISub: UAISubsystem::UAISubsystem EnvQueryManager (0000028C4D57BE00), frame # 1102
[2021.01.28-12.44.19:066][102]LogAISub: UAISubsystem::UAISubsystem AIPerceptionSystem (0000028C246DF600), frame # 1102
[2021.01.28-12.44.19:066][102]LogPlayLevel: PIE: World Init took: (0.001583s)
[2021.01.28-12.44.19:066][102]LogPlayLevel: PIE: Created PIE world by copying editor world from /Game/Maps/MY_Map.My_Map to /Game/Maps/UEDPIE_0_MY_Map.My_Map (0.008479s)
[2021.01.28-12.44.19:075][102]LogUObjectHash: Compacting FUObjectHashTables data took   0.68ms
[2021.01.28-12.44.19:076][102]LogAudioMixer: Display: Audio Mixer Platform Settings:
[2021.01.28-12.44.19:076][102]LogAudioMixer: Display: 	Sample Rate:						  48000
[2021.01.28-12.44.19:076][102]LogAudioMixer: Display: 	Callback Buffer Frame Size Requested: 1024
[2021.01.28-12.44.19:076][102]LogAudioMixer: Display: 	Callback Buffer Frame Size To Use:	  1024
[2021.01.28-12.44.19:076][102]LogAudioMixer: Display: 	Number of buffers to queue:			  2
[2021.01.28-12.44.19:077][102]LogAudioMixer: Display: 	Max Channels (voices):				  32
[2021.01.28-12.44.19:077][102]LogAudioMixer: Display: 	Number of Async Source Workers:		  0
[2021.01.28-12.44.19:077][102]LogAudio: Display: AudioDevice MaxSources: 32
[2021.01.28-12.44.19:077][102]LogAudio: Display: Using built-in audio occlusion.
[2021.01.28-12.44.19:077][102]LogAudioMixer: Display: Initializing audio mixer.
[2021.01.28-12.44.19:086][102]LogAudioMixer: Display: 0: FrontLeft
[2021.01.28-12.44.19:087][102]LogAudioMixer: Display: 1: FrontRight
[2021.01.28-12.44.19:087][102]LogAudioMixer: Display: 2: FrontCenter
[2021.01.28-12.44.19:087][102]LogAudioMixer: Display: 3: LowFrequency
[2021.01.28-12.44.19:087][102]LogAudioMixer: Display: 4: BackLeft
[2021.01.28-12.44.19:088][102]LogAudioMixer: Display: 5: BackRight
[2021.01.28-12.44.19:088][102]LogAudioMixer: Display: 6: SideLeft
[2021.01.28-12.44.19:088][102]LogAudioMixer: Display: 7: SideRight
[2021.01.28-12.44.19:152][102]LogAudioMixer: Display: Using Audio Device Högtalare (Realtek High Definition Audio)
[2021.01.28-12.44.19:153][102]LogAudioMixer: Display: Initializing Sound Submixes...
[2021.01.28-12.44.19:153][102]LogAudioMixer: Display: Creating Master Submix 'MasterSubmixDefault'
[2021.01.28-12.44.19:153][102]LogAudioMixer: Display: Creating Master Submix 'MasterReverbSubmixDefault'
[2021.01.28-12.44.19:154][102]LogAudioMixer: Display: Creating Master Submix 'MasterEQSubmixDefault'
[2021.01.28-12.44.19:167][102]LogInit: FAudioDevice initialized.
[2021.01.28-12.44.19:194][102]LogSlate: Updating window title bar state: overlay mode, drag disabled, window buttons hidden, title bar hidden
[2021.01.28-12.44.19:195][102]LogLoad: Game class is 'BP_Network_AssignmentGameMode_C'
[2021.01.28-12.44.19:197][102]LogWorld: Bringing World /Game/Maps/UEDPIE_0_MY_Map.My_Map up for play (max tick rate 0) at 2021.01.28-13.44.19
[2021.01.28-12.44.19:199][102]LogWorld: Bringing up level for play took: 0.002530
[2021.01.28-12.44.19:200][102]LogOnline: OSS: Creating online subsystem instance for: :Context_1
[2021.01.28-12.44.19:206][102]LogContentBrowser: Native class hierarchy updated for 'MovieSceneCapture' in 0.0008 seconds. Added 20 classes and 0 folders.
[2021.01.28-12.44.19:207][102]LogNet: ReplicationDriverClass is null! Not using ReplicationDriver.
[2021.01.28-12.44.19:207][102]LogNetCore: DDoS detection status: detection enabled: 0 analytics enabled: 0
[2021.01.28-12.44.19:208][102]LogInit: WinSock: Socket queue. Rx: 131072 (config 131072) Tx: 131072 (config 131072)
[2021.01.28-12.44.19:208][102]LogNet: Created socket for bind address: 0.0.0.0 on port 17777
[2021.01.28-12.44.19:208][102]PacketHandlerLog: Loaded PacketHandler component: Engine.EngineHandlerComponentFactory (StatelessConnectHandlerComponent)
[2021.01.28-12.44.19:208][102]LogNet: GameNetDriver IpNetDriver_0 IpNetDriver listening on port 17777
[2021.01.28-12.44.19:213][102]PIE: Server logged in
[2021.01.28-12.44.19:215][102]PIE: Play in editor total start time 0,17 seconds.
[2021.01.28-12.44.19:217][102]LogAudioMixer: Display: Audio Mixer Platform Settings:
[2021.01.28-12.44.19:217][102]LogAudioMixer: Display: 	Sample Rate:						  48000
[2021.01.28-12.44.19:217][102]LogAudioMixer: Display: 	Callback Buffer Frame Size Requested: 1024
[2021.01.28-12.44.19:217][102]LogAudioMixer: Display: 	Callback Buffer Frame Size To Use:	  1024
[2021.01.28-12.44.19:217][102]LogAudioMixer: Display: 	Number of buffers to queue:			  2
[2021.01.28-12.44.19:217][102]LogAudioMixer: Display: 	Max Channels (voices):				  32
[2021.01.28-12.44.19:217][102]LogAudioMixer: Display: 	Number of Async Source Workers:		  0
[2021.01.28-12.44.19:217][102]LogAudio: Display: AudioDevice MaxSources: 32
[2021.01.28-12.44.19:218][102]LogAudio: Display: Using built-in audio occlusion.
[2021.01.28-12.44.19:218][102]LogAudioMixer: Display: Initializing audio mixer.
[2021.01.28-12.44.19:227][102]LogAudioMixer: Display: 0: FrontLeft
[2021.01.28-12.44.19:227][102]LogAudioMixer: Display: 1: FrontRight
[2021.01.28-12.44.19:227][102]LogAudioMixer: Display: 2: FrontCenter
[2021.01.28-12.44.19:227][102]LogAudioMixer: Display: 3: LowFrequency
[2021.01.28-12.44.19:227][102]LogAudioMixer: Display: 4: BackLeft
[2021.01.28-12.44.19:228][102]LogAudioMixer: Display: 5: BackRight
[2021.01.28-12.44.19:228][102]LogAudioMixer: Display: 6: SideLeft
[2021.01.28-12.44.19:228][102]LogAudioMixer: Display: 7: SideRight
[2021.01.28-12.44.19:277][102]LogAudioMixer: Display: Using Audio Device Högtalare (Realtek High Definition Audio)
[2021.01.28-12.44.19:277][102]LogAudioMixer: Display: Initializing Sound Submixes...
[2021.01.28-12.44.19:278][102]LogAudioMixer: Display: Creating Master Submix 'MasterSubmixDefault'
[2021.01.28-12.44.19:278][102]LogAudioMixer: Display: Creating Master Submix 'MasterReverbSubmixDefault'
[2021.01.28-12.44.19:280][102]LogAudioMixer: Display: Creating Master Submix 'MasterEQSubmixDefault'
[2021.01.28-12.44.19:295][102]LogInit: FAudioDevice initialized.
[2021.01.28-12.44.19:328][102]LogSlate: Updating window title bar state: overlay mode, drag disabled, window buttons hidden, title bar hidden
[2021.01.28-12.44.19:332][102]LogNet: Browse: 127.0.0.1:17777/Game/StarterContent/Maps/Minimal_Default
[2021.01.28-12.44.19:332][102]LogInit: WinSock: Socket queue. Rx: 32768 (config 32768) Tx: 32768 (config 32768)
[2021.01.28-12.44.19:333][102]LogNet: Created socket for bind address: 0.0.0.0 on port 0
[2021.01.28-12.44.19:333][102]PacketHandlerLog: Loaded PacketHandler component: Engine.EngineHandlerComponentFactory (StatelessConnectHandlerComponent)
[2021.01.28-12.44.19:335][102]LogNet: Game client on port 17777, rate 10000
[2021.01.28-12.44.19:337][102]PIE: Client logged in
[2021.01.28-12.44.19:339][102]PIE: Play in editor total start time 0,294 seconds.
[2021.01.28-12.44.19:341][102]LogAudioMixer: Display: Audio Mixer Platform Settings:
[2021.01.28-12.44.19:341][102]LogAudioMixer: Display: 	Sample Rate:						  48000
[2021.01.28-12.44.19:342][102]LogAudioMixer: Display: 	Callback Buffer Frame Size Requested: 1024
[2021.01.28-12.44.19:342][102]LogAudioMixer: Display: 	Callback Buffer Frame Size To Use:	  1024
[2021.01.28-12.44.19:342][102]LogAudioMixer: Display: 	Number of buffers to queue:			  2
[2021.01.28-12.44.19:343][102]LogAudioMixer: Display: 	Max Channels (voices):				  32
[2021.01.28-12.44.19:343][102]LogAudioMixer: Display: 	Number of Async Source Workers:		  0
[2021.01.28-12.44.19:344][102]LogAudio: Display: AudioDevice MaxSources: 32
[2021.01.28-12.44.19:344][102]LogAudio: Display: Using built-in audio occlusion.
[2021.01.28-12.44.19:345][102]LogAudioMixer: Display: Initializing audio mixer.
[2021.01.28-12.44.19:354][102]LogAudioMixer: Display: 0: FrontLeft
[2021.01.28-12.44.19:354][102]LogAudioMixer: Display: 1: FrontRight
[2021.01.28-12.44.19:354][102]LogAudioMixer: Display: 2: FrontCenter
[2021.01.28-12.44.19:354][102]LogAudioMixer: Display: 3: LowFrequency
[2021.01.28-12.44.19:354][102]LogAudioMixer: Display: 4: BackLeft
[2021.01.28-12.44.19:354][102]LogAudioMixer: Display: 5: BackRight
[2021.01.28-12.44.19:354][102]LogAudioMixer: Display: 6: SideLeft
[2021.01.28-12.44.19:355][102]LogAudioMixer: Display: 7: SideRight
[2021.01.28-12.44.19:406][102]LogAudioMixer: Display: Using Audio Device Högtalare (Realtek High Definition Audio)
[2021.01.28-12.44.19:407][102]LogAudioMixer: Display: Initializing Sound Submixes...
[2021.01.28-12.44.19:407][102]LogAudioMixer: Display: Creating Master Submix 'MasterSubmixDefault'
[2021.01.28-12.44.19:407][102]LogAudioMixer: Display: Creating Master Submix 'MasterReverbSubmixDefault'
[2021.01.28-12.44.19:408][102]LogAudioMixer: Display: Creating Master Submix 'MasterEQSubmixDefault'
[2021.01.28-12.44.19:421][102]LogInit: FAudioDevice initialized.
[2021.01.28-12.44.19:454][102]LogSlate: Updating window title bar state: overlay mode, drag disabled, window buttons hidden, title bar hidden
[2021.01.28-12.44.19:455][102]LogNet: Browse: 127.0.0.1:17777/Game/StarterContent/Maps/Minimal_Default
[2021.01.28-12.44.19:457][102]LogInit: WinSock: Socket queue. Rx: 32768 (config 32768) Tx: 32768 (config 32768)
[2021.01.28-12.44.19:458][102]LogNet: Created socket for bind address: 0.0.0.0 on port 0
[2021.01.28-12.44.19:458][102]PacketHandlerLog: Loaded PacketHandler component: Engine.EngineHandlerComponentFactory (StatelessConnectHandlerComponent)
[2021.01.28-12.44.19:458][102]LogNet: Game client on port 17777, rate 10000
[2021.01.28-12.44.19:460][102]PIE: Client logged in
[2021.01.28-12.44.19:464][102]PIE: Play in editor total start time 0,42 seconds.
[2021.01.28-12.44.19:467][102]LogAudioMixer: Display: Audio Mixer Platform Settings:
[2021.01.28-12.44.19:467][102]LogAudioMixer: Display: 	Sample Rate:						  48000
[2021.01.28-12.44.19:467][102]LogAudioMixer: Display: 	Callback Buffer Frame Size Requested: 1024
[2021.01.28-12.44.19:468][102]LogAudioMixer: Display: 	Callback Buffer Frame Size To Use:	  1024
[2021.01.28-12.44.19:468][102]LogAudioMixer: Display: 	Number of buffers to queue:			  2
[2021.01.28-12.44.19:468][102]LogAudioMixer: Display: 	Max Channels (voices):				  32
[2021.01.28-12.44.19:469][102]LogAudioMixer: Display: 	Number of Async Source Workers:		  0
[2021.01.28-12.44.19:469][102]LogAudio: Display: AudioDevice MaxSources: 32
[2021.01.28-12.44.19:469][102]LogAudio: Display: Using built-in audio occlusion.
[2021.01.28-12.44.19:470][102]LogAudioMixer: Display: Initializing audio mixer.
[2021.01.28-12.44.19:479][102]LogAudioMixer: Display: 0: FrontLeft
[2021.01.28-12.44.19:479][102]LogAudioMixer: Display: 1: FrontRight
[2021.01.28-12.44.19:479][102]LogAudioMixer: Display: 2: FrontCenter
[2021.01.28-12.44.19:479][102]LogAudioMixer: Display: 3: LowFrequency
[2021.01.28-12.44.19:479][102]LogAudioMixer: Display: 4: BackLeft
[2021.01.28-12.44.19:479][102]LogAudioMixer: Display: 5: BackRight
[2021.01.28-12.44.19:479][102]LogAudioMixer: Display: 6: SideLeft
[2021.01.28-12.44.19:479][102]LogAudioMixer: Display: 7: SideRight
[2021.01.28-12.44.19:528][102]LogAudioMixer: Display: Using Audio Device Högtalare (Realtek High Definition Audio)
[2021.01.28-12.44.19:528][102]LogAudioMixer: Display: Initializing Sound Submixes...
[2021.01.28-12.44.19:529][102]LogAudioMixer: Display: Creating Master Submix 'MasterSubmixDefault'
[2021.01.28-12.44.19:529][102]LogAudioMixer: Display: Creating Master Submix 'MasterReverbSubmixDefault'
[2021.01.28-12.44.19:530][102]LogAudioMixer: Display: Creating Master Submix 'MasterEQSubmixDefault'
[2021.01.28-12.44.19:543][102]LogInit: FAudioDevice initialized.
[2021.01.28-12.44.19:570][102]LogSlate: Updating window title bar state: overlay mode, drag disabled, window buttons hidden, title bar hidden
[2021.01.28-12.44.19:570][102]LogNet: Browse: 127.0.0.1:17777/Game/StarterContent/Maps/Minimal_Default
[2021.01.28-12.44.19:572][102]LogInit: WinSock: Socket queue. Rx: 32768 (config 32768) Tx: 32768 (config 32768)
[2021.01.28-12.44.19:573][102]LogNet: Created socket for bind address: 0.0.0.0 on port 0
[2021.01.28-12.44.19:574][102]PacketHandlerLog: Loaded PacketHandler component: Engine.EngineHandlerComponentFactory (StatelessConnectHandlerComponent)
[2021.01.28-12.44.19:575][102]LogNet: Game client on port 17777, rate 10000
[2021.01.28-12.44.19:577][102]PIE: Client logged in
[2021.01.28-12.44.19:579][102]PIE: Play in editor total start time 0,535 seconds.
[2021.01.28-12.44.20:349][156]LogNet: NotifyAcceptingConnection accepted from: 127.0.0.1:51203
[2021.01.28-12.44.20:349][156]LogHandshake: SendConnectChallenge. Timestamp: 1.327885, Cookie: 127017070100132114240141248060147110185157250100246080078174
[2021.01.28-12.44.20:350][156]LogHandshake: SendChallengeResponse. Timestamp: 1.327885, Cookie: 127017070100132114240141248060147110185157250100246080078174
[2021.01.28-12.44.20:360][157]LogNet: NotifyAcceptingConnection accepted from: 127.0.0.1:51203
[2021.01.28-12.44.20:360][157]LogHandshake: SendChallengeAck. InCookie: 127017070100132114240141248060147110185157250100246080078174
[2021.01.28-12.44.20:360][157]LogNet: Server accepting post-challenge connection from: 127.0.0.1:51203
[2021.01.28-12.44.20:361][157]PacketHandlerLog: Loaded PacketHandler component: Engine.EngineHandlerComponentFactory (StatelessConnectHandlerComponent)
[2021.01.28-12.44.20:361][157]LogNet: NotifyAcceptedConnection: Name: My_Map, TimeStamp: 01/28/21 13:44:20, [UNetConnection] RemoteAddr: 127.0.0.1:51203, Name: IpConnection_3, Driver: GameNetDriver IpNetDriver_0, IsServer: YES, PC: NULL, Owner: NULL, UniqueId: INVALID
[2021.01.28-12.44.20:362][157]LogNet: AddClientConnection: Added client connection: [UNetConnection] RemoteAddr: 127.0.0.1:51203, Name: IpConnection_3, Driver: GameNetDriver IpNetDriver_0, IsServer: YES, PC: NULL, Owner: NULL, UniqueId: INVALID
[2021.01.28-12.44.20:363][157]LogNetVersion: Network_Assignment 1.0.0.0, NetCL: 13144385, EngineNetVer: 14, GameNetVer: 0 (Checksum: 1736288989)
[2021.01.28-12.44.20:363][157]LogNet: UPendingNetGame::SendInitialJoin: Sending hello. [UNetConnection] RemoteAddr: 127.0.0.1:17777, Name: IpConnection_0, Driver: PendingNetDriver IpNetDriver_1, IsServer: NO, PC: NULL, Owner: NULL, UniqueId: INVALID
[2021.01.28-12.44.20:471][168]LogNet: NotifyAcceptingConnection accepted from: 127.0.0.1:51204
[2021.01.28-12.44.20:471][168]LogHandshake: SendConnectChallenge. Timestamp: 1.449292, Cookie: 090031251101248049150214021025104118164014143238056231094159
[2021.01.28-12.44.20:472][168]LogHandshake: SendChallengeResponse. Timestamp: 1.449292, Cookie: 090031251101248049150214021025104118164014143238056231094159
[2021.01.28-12.44.20:485][169]LogNet: NotifyAcceptingConnection accepted from: 127.0.0.1:51204
[2021.01.28-12.44.20:486][169]LogHandshake: SendChallengeAck. InCookie: 090031251101248049150214021025104118164014143238056231094159
[2021.01.28-12.44.20:487][169]LogNet: Server accepting post-challenge connection from: 127.0.0.1:51204
[2021.01.28-12.44.20:487][169]PacketHandlerLog: Loaded PacketHandler component: Engine.EngineHandlerComponentFactory (StatelessConnectHandlerComponent)
[2021.01.28-12.44.20:488][169]LogNet: NotifyAcceptedConnection: Name: My_Map, TimeStamp: 01/28/21 13:44:20, [UNetConnection] RemoteAddr: 127.0.0.1:51204, Name: IpConnection_4, Driver: GameNetDriver IpNetDriver_0, IsServer: YES, PC: NULL, Owner: NULL, UniqueId: INVALID
[2021.01.28-12.44.20:489][169]LogNet: AddClientConnection: Added client connection: [UNetConnection] RemoteAddr: 127.0.0.1:51204, Name: IpConnection_4, Driver: GameNetDriver IpNetDriver_0, IsServer: YES, PC: NULL, Owner: NULL, UniqueId: INVALID
[2021.01.28-12.44.20:490][169]LogNet: NotifyAcceptingChannel Control 0 server World /Game/Maps/UEDPIE_0_MY_Map.My_Map: Accepted
[2021.01.28-12.44.20:491][169]LogNet: Remote platform little endian=1
[2021.01.28-12.44.20:491][169]LogNet: This platform little endian=1
[2021.01.28-12.44.20:493][169]LogNet: UPendingNetGame::SendInitialJoin: Sending hello. [UNetConnection] RemoteAddr: 127.0.0.1:17777, Name: IpConnection_1, Driver: PendingNetDriver IpNetDriver_2, IsServer: NO, PC: NULL, Owner: NULL, UniqueId: INVALID
[2021.01.28-12.44.20:590][179]LogNet: NotifyAcceptingConnection accepted from: 127.0.0.1:51205
[2021.01.28-12.44.20:590][179]LogHandshake: SendConnectChallenge. Timestamp: 1.568370, Cookie: 134059212137084074191166059133115185042035252015097154041005
[2021.01.28-12.44.20:591][179]LogHandshake: SendChallengeResponse. Timestamp: 1.568370, Cookie: 134059212137084074191166059133115185042035252015097154041005
[2021.01.28-12.44.20:600][180]LogNet: NotifyAcceptingConnection accepted from: 127.0.0.1:51205
[2021.01.28-12.44.20:600][180]LogHandshake: SendChallengeAck. InCookie: 134059212137084074191166059133115185042035252015097154041005
[2021.01.28-12.44.20:600][180]LogNet: Server accepting post-challenge connection from: 127.0.0.1:51205
[2021.01.28-12.44.20:600][180]PacketHandlerLog: Loaded PacketHandler component: Engine.EngineHandlerComponentFactory (StatelessConnectHandlerComponent)
[2021.01.28-12.44.20:601][180]LogNet: NotifyAcceptedConnection: Name: My_Map, TimeStamp: 01/28/21 13:44:20, [UNetConnection] RemoteAddr: 127.0.0.1:51205, Name: IpConnection_5, Driver: GameNetDriver IpNetDriver_0, IsServer: YES, PC: NULL, Owner: NULL, UniqueId: INVALID
[2021.01.28-12.44.20:601][180]LogNet: AddClientConnection: Added client connection: [UNetConnection] RemoteAddr: 127.0.0.1:51205, Name: IpConnection_5, Driver: GameNetDriver IpNetDriver_0, IsServer: YES, PC: NULL, Owner: NULL, UniqueId: INVALID
[2021.01.28-12.44.20:602][180]LogOnline: OSS: Creating online subsystem instance for: :Context_2
[2021.01.28-12.44.20:606][180]LogNet: UPendingNetGame::SendInitialJoin: Sending hello. [UNetConnection] RemoteAddr: 127.0.0.1:17777, Name: IpConnection_2, Driver: PendingNetDriver IpNetDriver_3, IsServer: NO, PC: NULL, Owner: NULL, UniqueId: INVALID
[2021.01.28-12.44.20:650][185]LogNet: NotifyAcceptingChannel Control 0 server World /Game/Maps/UEDPIE_0_MY_Map.My_Map: Accepted
[2021.01.28-12.44.20:650][185]LogNet: Remote platform little endian=1
[2021.01.28-12.44.20:650][185]LogNet: This platform little endian=1
[2021.01.28-12.44.20:727][193]LogNet: Login request: ?Name=LEON-DATOR-1666C7A643C72DC4CF4B5CBD1E267DF1 userId: NULL:LEON-DATOR-1666C7A643C72DC4CF4B5CBD1E267DF1 platform: NULL
[2021.01.28-12.44.20:728][193]LogNet: NotifyAcceptingChannel Control 0 server World /Game/Maps/UEDPIE_0_MY_Map.My_Map: Accepted
[2021.01.28-12.44.20:728][193]LogNet: Remote platform little endian=1
[2021.01.28-12.44.20:728][193]LogNet: This platform little endian=1
[2021.01.28-12.44.20:806][201]LogOnline: OSS: Creating online subsystem instance for: :Context_3
[2021.01.28-12.44.20:866][205]LogNet: Welcomed by server (Level: /Game/Maps/UEDPIE_0_MY_Map, Game: /Game/Blueprints/BP_Network_AssignmentGameMode.BP_Network_AssignmentGameMode_C)
[2021.01.28-12.44.20:868][205]LogLoad: LoadMap: 127.0.0.1:17777/Game/Maps/UEDPIE_0_MY_Map?game=/Game/Blueprints/BP_Network_AssignmentGameMode.BP_Network_AssignmentGameMode_C
[2021.01.28-12.44.20:868][205]LogWorld: BeginTearingDown for /Temp/Untitled_1
[2021.01.28-12.44.20:868][205]LogWorld: UWorld::CleanupWorld for Untitled, bSessionEnded=true, bCleanupResources=true
[2021.01.28-12.44.20:869][205]LogSlate: InvalidateAllWidgets triggered.  All widgets were invalidated
[2021.01.28-12.44.20:879][205]LogUObjectHash: Compacting FUObjectHashTables data took   0.74ms
[2021.01.28-12.44.20:889][205]LogAIModule: Creating AISystem for world My_Map
[2021.01.28-12.44.20:890][205]LogAISub: UAISubsystem::UAISubsystem EnvQueryManager (0000028C4D7A5A00), frame # 1205
[2021.01.28-12.44.20:890][205]LogAISub: UAISubsystem::UAISubsystem AIPerceptionSystem (0000028C4CD62340), frame # 1205
[2021.01.28-12.44.20:892][205]LogWorld: Bringing World /Game/Maps/UEDPIE_1_MY_Map.My_Map up for play (max tick rate 0) at 2021.01.28-13.44.20
[2021.01.28-12.44.20:893][205]LogWorld: Bringing up level for play took: 0.000993
[2021.01.28-12.44.20:893][205]LogLoad: Took 0.025401 seconds to LoadMap(/Game/Maps/UEDPIE_0_MY_Map)
[2021.01.28-12.44.20:894][205]LogOnline: OSS: Creating online subsystem instance for: :Context_4
[2021.01.28-12.44.20:961][209]LogNet: Login request: ?Name=LEON-DATOR-ADBB3A7A4A274F10ECCD6EB31425B1BD userId: NULL:LEON-DATOR-ADBB3A7A4A274F10ECCD6EB31425B1BD platform: NULL
[2021.01.28-12.44.21:031][216]LogNet: Client netspeed is 10000
[2021.01.28-12.44.21:031][216]LogNet: Join request: /Game/StarterContent/Maps/Minimal_Default?Name=LEON-DATOR-1666C7A643C72DC4CF4B5CBD1E267DF1?SplitscreenCount=1
[2021.01.28-12.44.21:032][216]LogOnlineSession: Warning: OSS: No game present to join for session (GameSession)
[2021.01.28-12.44.21:037][216]LogNet: Join succeeded: LEON-DATOR-1666C7A64
[2021.01.28-12.44.21:057][218]LogNet: Login request: ?Name=LEON-DATOR-B5DDFE104642F30C3D120EAD63DCF8FE userId: NULL:LEON-DATOR-B5DDFE104642F30C3D120EAD63DCF8FE platform: NULL
[2021.01.28-12.44.21:069][219]LogNet: Welcomed by server (Level: /Game/Maps/UEDPIE_0_MY_Map, Game: /Game/Blueprints/BP_Network_AssignmentGameMode.BP_Network_AssignmentGameMode_C)
[2021.01.28-12.44.21:069][219]LogLoad: LoadMap: 127.0.0.1:17777/Game/Maps/UEDPIE_0_MY_Map?game=/Game/Blueprints/BP_Network_AssignmentGameMode.BP_Network_AssignmentGameMode_C
[2021.01.28-12.44.21:069][219]LogWorld: BeginTearingDown for /Temp/Untitled_2
[2021.01.28-12.44.21:069][219]LogWorld: UWorld::CleanupWorld for Untitled, bSessionEnded=true, bCleanupResources=true
[2021.01.28-12.44.21:070][219]LogSlate: InvalidateAllWidgets triggered.  All widgets were invalidated
[2021.01.28-12.44.21:081][219]LogUObjectHash: Compacting FUObjectHashTables data took   0.78ms
[2021.01.28-12.44.21:090][219]LogAIModule: Creating AISystem for world My_Map
[2021.01.28-12.44.21:090][219]LogAISub: UAISubsystem::UAISubsystem EnvQueryManager (0000028C4CFD9000), frame # 1219
[2021.01.28-12.44.21:090][219]LogAISub: UAISubsystem::UAISubsystem AIPerceptionSystem (0000028C4CFB3B00), frame # 1219
[2021.01.28-12.44.21:092][219]LogWorld: Bringing World /Game/Maps/UEDPIE_2_MY_Map.My_Map up for play (max tick rate 0) at 2021.01.28-13.44.21
[2021.01.28-12.44.21:093][219]LogWorld: Bringing up level for play took: 0.000927
[2021.01.28-12.44.21:093][219]LogLoad: Took 0.024126 seconds to LoadMap(/Game/Maps/UEDPIE_0_MY_Map)
[2021.01.28-12.44.21:179][224]LogNet: Welcomed by server (Level: /Game/Maps/UEDPIE_0_MY_Map, Game: /Game/Blueprints/BP_Network_AssignmentGameMode.BP_Network_AssignmentGameMode_C)
[2021.01.28-12.44.21:179][224]LogLoad: LoadMap: 127.0.0.1:17777/Game/Maps/UEDPIE_0_MY_Map?game=/Game/Blueprints/BP_Network_AssignmentGameMode.BP_Network_AssignmentGameMode_C
[2021.01.28-12.44.21:179][224]LogWorld: BeginTearingDown for /Temp/Untitled_3
[2021.01.28-12.44.21:180][224]LogWorld: UWorld::CleanupWorld for Untitled, bSessionEnded=true, bCleanupResources=true
[2021.01.28-12.44.21:181][224]LogSlate: InvalidateAllWidgets triggered.  All widgets were invalidated
[2021.01.28-12.44.21:194][224]LogUObjectHash: Compacting FUObjectHashTables data took   1.16ms
[2021.01.28-12.44.21:204][224]LogAIModule: Creating AISystem for world My_Map
[2021.01.28-12.44.21:204][224]LogAISub: UAISubsystem::UAISubsystem EnvQueryManager (0000028C6BA74C00), frame # 1224
[2021.01.28-12.44.21:204][224]LogAISub: UAISubsystem::UAISubsystem AIPerceptionSystem (0000028C6BA9CA40), frame # 1224
[2021.01.28-12.44.21:206][224]LogWorld: Bringing World /Game/Maps/UEDPIE_3_MY_Map.My_Map up for play (max tick rate 0) at 2021.01.28-13.44.21
[2021.01.28-12.44.21:206][224]LogWorld: Bringing up level for play took: 0.000914
[2021.01.28-12.44.21:207][224]LogLoad: Took 0.027498 seconds to LoadMap(/Game/Maps/UEDPIE_0_MY_Map)
[2021.01.28-12.44.21:250][226]LogNet: Client netspeed is 10000
[2021.01.28-12.44.21:250][226]LogNet: Join request: /Game/StarterContent/Maps/Minimal_Default?Name=LEON-DATOR-ADBB3A7A4A274F10ECCD6EB31425B1BD?SplitscreenCount=1
[2021.01.28-12.44.21:251][226]LogOnlineSession: Warning: OSS: No game present to join for session (GameSession)
[2021.01.28-12.44.21:255][226]LogNet: Join succeeded: LEON-DATOR-ADBB3A7A4
[2021.01.28-12.44.21:349][233]LogNet: Client netspeed is 10000
[2021.01.28-12.44.21:363][234]LogNet: Join request: /Game/StarterContent/Maps/Minimal_Default?Name=LEON-DATOR-B5DDFE104642F30C3D120EAD63DCF8FE?SplitscreenCount=1
[2021.01.28-12.44.21:364][234]LogOnlineSession: Warning: OSS: No game present to join for session (GameSession)
[2021.01.28-12.44.21:369][234]LogNet: Join succeeded: LEON-DATOR-B5DDFE104
[2021.01.28-12.44.21:933][273]LogOnlineSession: Warning: OSS: No game present to join for session (GameSession)
[2021.01.28-12.44.21:995][277]LogOnlineSession: Warning: OSS: No game present to join for session (GameSession)
[2021.01.28-12.44.22:081][282]LogOnlineSession: Warning: OSS: No game present to join for session (GameSession)
[2021.01.28-12.44.22:173][288]LogOnlineSession: Warning: OSS: No game present to join for session (GameSession)
[2021.01.28-12.44.22:195][289]LogOnlineSession: Warning: OSS: No game present to join for session (GameSession)
[2021.01.28-12.44.22:308][296]LogOnlineSession: Warning: OSS: No game present to join for session (GameSession)
[2021.01.28-12.44.22:322][297]LogOnlineSession: Warning: OSS: No game present to join for session (GameSession)
[2021.01.28-12.44.22:337][298]LogOnlineSession: Warning: OSS: No game present to join for session (GameSession)
[2021.01.28-12.44.22:337][298]LogOnlineSession: Warning: OSS: No game present to join for session (GameSession)
[2021.01.28-12.44.22:340][298]LogOnlineSession: Warning: OSS: No game present to join for session (GameSession)
[2021.01.28-12.44.22:354][299]LogOnlineSession: Warning: OSS: No game present to join for session (GameSession)
[2021.01.28-12.44.22:446][305]LogOnlineSession: Warning: OSS: No game present to join for session (GameSession)
[2021.01.28-12.44.23:839][393]LogSlate: Updating window title bar state: overlay mode, drag disabled, window buttons hidden, title bar hidden
[2021.01.28-12.44.23:848][393]LogWorld: BeginTearingDown for /Game/Maps/UEDPIE_3_MY_Map
[2021.01.28-12.44.23:848][393]LogSlate: Window 'Network_Assignment Preview [NetMode: Client 4] (64-bit/Windows) ' being destroyed
[2021.01.28-12.44.23:855][393]LogWorld: UWorld::CleanupWorld for My_Map, bSessionEnded=true, bCleanupResources=true
[2021.01.28-12.44.23:858][393]LogSlate: InvalidateAllWidgets triggered.  All widgets were invalidated
[2021.01.28-12.44.23:893][393]LogNet: World NetDriver shutdown IpNetDriver_3 [GameNetDriver]
[2021.01.28-12.44.23:893][393]LogNet: DestroyNamedNetDriver IpNetDriver_3 [GameNetDriver]
[2021.01.28-12.44.23:903][393]LogNet: UNetConnection::Close: [UNetConnection] RemoteAddr: 127.0.0.1:17777, Name: IpConnection_2, Driver: GameNetDriver IpNetDriver_3, IsServer: NO, PC: PlayerController_1, Owner: PlayerController_1, UniqueId: NULL:LEON-DATOR-B5DDFE104642F30C3D120EAD63DCF8FE, Channels: 46, Time: 2021.01.28-12.44.23
[2021.01.28-12.44.23:903][393]LogNet: UChannel::Close: Sending CloseBunch. ChIndex == 0. Name: [UChannel] ChIndex: 0, Closing: 0 [UNetConnection] RemoteAddr: 127.0.0.1:17777, Name: IpConnection_2, Driver: GameNetDriver IpNetDriver_3, IsServer: NO, PC: PlayerController_1, Owner: PlayerController_1, UniqueId: NULL:LEON-DATOR-B5DDFE104642F30C3D120EAD63DCF8FE
[2021.01.28-12.44.23:918][393]LogExit: GameNetDriver IpNetDriver_3 shut down
[2021.01.28-12.44.23:930][393]LogWorld: BeginTearingDown for /Game/Maps/UEDPIE_2_MY_Map
[2021.01.28-12.44.23:930][393]LogSlate: Updating window title bar state: overlay mode, drag disabled, window buttons hidden, title bar hidden
[2021.01.28-12.44.23:931][393]LogSlate: Window 'Network_Assignment Preview [NetMode: Client 3] (64-bit/Windows) ' being destroyed
[2021.01.28-12.44.23:936][393]LogWorld: UWorld::CleanupWorld for My_Map, bSessionEnded=true, bCleanupResources=true
[2021.01.28-12.44.23:937][393]LogSlate: InvalidateAllWidgets triggered.  All widgets were invalidated
[2021.01.28-12.44.23:952][393]LogNet: World NetDriver shutdown IpNetDriver_2 [GameNetDriver]
[2021.01.28-12.44.23:952][393]LogNet: DestroyNamedNetDriver IpNetDriver_2 [GameNetDriver]
[2021.01.28-12.44.23:952][393]LogNet: UNetConnection::Close: [UNetConnection] RemoteAddr: 127.0.0.1:17777, Name: IpConnection_1, Driver: GameNetDriver IpNetDriver_2, IsServer: NO, PC: PlayerController_1, Owner: PlayerController_1, UniqueId: NULL:LEON-DATOR-ADBB3A7A4A274F10ECCD6EB31425B1BD, Channels: 46, Time: 2021.01.28-12.44.23
[2021.01.28-12.44.23:952][393]LogNet: UChannel::Close: Sending CloseBunch. ChIndex == 0. Name: [UChannel] ChIndex: 0, Closing: 0 [UNetConnection] RemoteAddr: 127.0.0.1:17777, Name: IpConnection_1, Driver: GameNetDriver IpNetDriver_2, IsServer: NO, PC: PlayerController_1, Owner: PlayerController_1, UniqueId: NULL:LEON-DATOR-ADBB3A7A4A274F10ECCD6EB31425B1BD
[2021.01.28-12.44.23:953][393]LogExit: GameNetDriver IpNetDriver_2 shut down
[2021.01.28-12.44.23:955][393]LogWorld: BeginTearingDown for /Game/Maps/UEDPIE_1_MY_Map
[2021.01.28-12.44.23:955][393]LogSlate: Updating window title bar state: overlay mode, drag disabled, window buttons hidden, title bar hidden
[2021.01.28-12.44.23:955][393]LogSlate: Window 'Network_Assignment Preview [NetMode: Client 2] (64-bit/Windows) ' being destroyed
[2021.01.28-12.44.23:961][393]LogWorld: UWorld::CleanupWorld for My_Map, bSessionEnded=true, bCleanupResources=true
[2021.01.28-12.44.23:962][393]LogSlate: InvalidateAllWidgets triggered.  All widgets were invalidated
[2021.01.28-12.44.23:975][393]LogNet: World NetDriver shutdown IpNetDriver_1 [GameNetDriver]
[2021.01.28-12.44.23:975][393]LogNet: DestroyNamedNetDriver IpNetDriver_1 [GameNetDriver]
[2021.01.28-12.44.23:976][393]LogNet: UNetConnection::Close: [UNetConnection] RemoteAddr: 127.0.0.1:17777, Name: IpConnection_0, Driver: GameNetDriver IpNetDriver_1, IsServer: NO, PC: PlayerController_1, Owner: PlayerController_1, UniqueId: NULL:LEON-DATOR-1666C7A643C72DC4CF4B5CBD1E267DF1, Channels: 46, Time: 2021.01.28-12.44.23
[2021.01.28-12.44.23:976][393]LogNet: UChannel::Close: Sending CloseBunch. ChIndex == 0. Name: [UChannel] ChIndex: 0, Closing: 0 [UNetConnection] RemoteAddr: 127.0.0.1:17777, Name: IpConnection_0, Driver: GameNetDriver IpNetDriver_1, IsServer: NO, PC: PlayerController_1, Owner: PlayerController_1, UniqueId: NULL:LEON-DATOR-1666C7A643C72DC4CF4B5CBD1E267DF1
[2021.01.28-12.44.23:976][393]LogExit: GameNetDriver IpNetDriver_1 shut down
[2021.01.28-12.44.23:978][393]LogWorld: BeginTearingDown for /Game/Maps/UEDPIE_0_MY_Map
[2021.01.28-12.44.23:983][393]LogOnlineSession: Warning: OSS: No game present to leave for session (GameSession)
[2021.01.28-12.44.23:984][393]LogSlate: Updating window title bar state: overlay mode, drag disabled, window buttons hidden, title bar hidden
[2021.01.28-12.44.23:984][393]LogSlate: Window 'Network_Assignment Preview [NetMode: Server] (64-bit/Windows) ' being destroyed
[2021.01.28-12.44.23:991][393]LogWorld: UWorld::CleanupWorld for My_Map, bSessionEnded=true, bCleanupResources=true
[2021.01.28-12.44.23:992][393]LogSlate: InvalidateAllWidgets triggered.  All widgets were invalidated
[2021.01.28-12.44.24:009][393]LogNet: World NetDriver shutdown IpNetDriver_0 [GameNetDriver]
[2021.01.28-12.44.24:009][393]LogNet: DestroyNamedNetDriver IpNetDriver_0 [GameNetDriver]
[2021.01.28-12.44.24:009][393]LogNet: UNetConnection::Cleanup: Closing open connection. [UNetConnection] RemoteAddr: 127.0.0.1:51204, Name: IpConnection_4, Driver: GameNetDriver IpNetDriver_0, IsServer: YES, PC: PlayerController_2, Owner: PlayerController_2, UniqueId: NULL:LEON-DATOR-ADBB3A7A4A274F10ECCD6EB31425B1BD
[2021.01.28-12.44.24:009][393]LogNet: UNetConnection::Close: [UNetConnection] RemoteAddr: 127.0.0.1:51204, Name: IpConnection_4, Driver: GameNetDriver IpNetDriver_0, IsServer: YES, PC: PlayerController_2, Owner: PlayerController_2, UniqueId: NULL:LEON-DATOR-ADBB3A7A4A274F10ECCD6EB31425B1BD, Channels: 46, Time: 2021.01.28-12.44.24
[2021.01.28-12.44.24:009][393]LogNet: UChannel::Close: Sending CloseBunch. ChIndex == 0. Name: [UChannel] ChIndex: 0, Closing: 0 [UNetConnection] RemoteAddr: 127.0.0.1:51204, Name: IpConnection_4, Driver: GameNetDriver IpNetDriver_0, IsServer: YES, PC: PlayerController_2, Owner: PlayerController_2, UniqueId: NULL:LEON-DATOR-ADBB3A7A4A274F10ECCD6EB31425B1BD
[2021.01.28-12.44.24:023][393]LogNet: UNetConnection::Cleanup: Closing open connection. [UNetConnection] RemoteAddr: 127.0.0.1:51203, Name: IpConnection_3, Driver: GameNetDriver IpNetDriver_0, IsServer: YES, PC: PlayerController_1, Owner: PlayerController_1, UniqueId: NULL:LEON-DATOR-1666C7A643C72DC4CF4B5CBD1E267DF1
[2021.01.28-12.44.24:023][393]LogNet: UNetConnection::Close: [UNetConnection] RemoteAddr: 127.0.0.1:51203, Name: IpConnection_3, Driver: GameNetDriver IpNetDriver_0, IsServer: YES, PC: PlayerController_1, Owner: PlayerController_1, UniqueId: NULL:LEON-DATOR-1666C7A643C72DC4CF4B5CBD1E267DF1, Channels: 46, Time: 2021.01.28-12.44.24
[2021.01.28-12.44.24:023][393]LogNet: UChannel::Close: Sending CloseBunch. ChIndex == 0. Name: [UChannel] ChIndex: 0, Closing: 0 [UNetConnection] RemoteAddr: 127.0.0.1:51203, Name: IpConnection_3, Driver: GameNetDriver IpNetDriver_0, IsServer: YES, PC: PlayerController_1, Owner: PlayerController_1, UniqueId: NULL:LEON-DATOR-1666C7A643C72DC4CF4B5CBD1E267DF1
[2021.01.28-12.44.24:023][393]LogNet: UNetConnection::Cleanup: Closing open connection. [UNetConnection] RemoteAddr: 127.0.0.1:51205, Name: IpConnection_5, Driver: GameNetDriver IpNetDriver_0, IsServer: YES, PC: PlayerController_3, Owner: PlayerController_3, UniqueId: NULL:LEON-DATOR-B5DDFE104642F30C3D120EAD63DCF8FE
[2021.01.28-12.44.24:024][393]LogNet: UNetConnection::Close: [UNetConnection] RemoteAddr: 127.0.0.1:51205, Name: IpConnection_5, Driver: GameNetDriver IpNetDriver_0, IsServer: YES, PC: PlayerController_3, Owner: PlayerController_3, UniqueId: NULL:LEON-DATOR-B5DDFE104642F30C3D120EAD63DCF8FE, Channels: 46, Time: 2021.01.28-12.44.24
[2021.01.28-12.44.24:024][393]LogNet: UChannel::Close: Sending CloseBunch. ChIndex == 0. Name: [UChannel] ChIndex: 0, Closing: 0 [UNetConnection] RemoteAddr: 127.0.0.1:51205, Name: IpConnection_5, Driver: GameNetDriver IpNetDriver_0, IsServer: YES, PC: PlayerController_3, Owner: PlayerController_3, UniqueId: NULL:LEON-DATOR-B5DDFE104642F30C3D120EAD63DCF8FE
[2021.01.28-12.44.24:025][393]LogExit: GameNetDriver IpNetDriver_0 shut down
[2021.01.28-12.44.24:026][393]LogPlayLevel: Display: Shutting down PIE online subsystems
[2021.01.28-12.44.24:041][393]LogSlate: InvalidateAllWidgets triggered.  All widgets were invalidated
[2021.01.28-12.44.24:395][393]LogAISub: UAISubsystem::~UAISubsystem AIPerceptionSystem (0000028C246DF600), frame # 1393
[2021.01.28-12.44.24:395][393]LogAISub: UAISubsystem::~UAISubsystem EnvQueryManager (0000028C4D57BE00), frame # 1393
[2021.01.28-12.44.24:446][393]LogAISub: UAISubsystem::~UAISubsystem EnvQueryManager (0000028C4D7A5A00), frame # 1393
[2021.01.28-12.44.24:446][393]LogAISub: UAISubsystem::~UAISubsystem AIPerceptionSystem (0000028C4CD62340), frame # 1393
[2021.01.28-12.44.24:447][393]LogAISub: UAISubsystem::~UAISubsystem EnvQueryManager (0000028C4CFD9000), frame # 1393
[2021.01.28-12.44.24:447][393]LogAISub: UAISubsystem::~UAISubsystem AIPerceptionSystem (0000028C4CFB3B00), frame # 1393
[2021.01.28-12.44.24:447][393]LogAISub: UAISubsystem::~UAISubsystem EnvQueryManager (0000028C6BA74C00), frame # 1393
[2021.01.28-12.44.24:447][393]LogAISub: UAISubsystem::~UAISubsystem AIPerceptionSystem (0000028C6BA9CA40), frame # 1393
[2021.01.28-12.44.24:449][393]LogUObjectHash: Compacting FUObjectHashTables data took   0.78ms
[2021.01.28-12.44.24:503][394]LogPlayLevel: Display: Destroying online subsystem :Context_4
[2021.01.28-12.44.24:503][394]LogPlayLevel: Display: Destroying online subsystem :Context_3
[2021.01.28-12.44.24:503][394]LogPlayLevel: Display: Destroying online subsystem :Context_2
[2021.01.28-12.44.24:503][394]LogPlayLevel: Display: Destroying online subsystem :Context_1
[2021.01.28-12.44.41:799][919]LogSlate: Window 'Edit Channel' being destroyed
[2021.01.28-12.44.43:908][125]LogSlate: Window 'Project Settings' being destroyed
[2021.01.28-12.44.43:914][125]LogSlate: Window 'Project Settings' being destroyed
