Log file open, 12/16/20 16:48:22
LogInit: Display: Running engine for game: Network_Assignment
LogPlatformFile: Not using cached read wrapper
LogTaskGraph: Started task graph with 5 named threads and 14 total threads with 3 sets of task threads.
LogStats: Stats thread started at 0.443222
LogD3D11RHI: Loaded GFSDK_Aftermath_Lib.x64.dll
LogICUInternationalization: ICU TimeZone Detection - Raw Offset: +1:00, Platform Override: ''
LogPluginManager: Mounting plugin Paper2D
LogPluginManager: Mounting plugin AISupport
LogPluginManager: Mounting plugin LightPropagationVolume
LogPluginManager: Mounting plugin CameraShakePreviewer
LogPluginManager: Mounting plugin ActorLayerUtilities
LogPluginManager: Mounting plugin AnimationSharing
LogPluginManager: Mounting plugin CLionSourceCodeAccess
LogPluginManager: Mounting plugin CodeLiteSourceCodeAccess
LogPluginManager: Mounting plugin GitSourceControl
LogPluginManager: Mounting plugin KDevelopSourceCodeAccess
LogPluginManager: Mounting plugin NullSourceCodeAccess
LogPluginManager: Mounting plugin PerforceSourceControl
LogPluginManager: Mounting plugin PlasticSourceControl
LogPluginManager: Mounting plugin RiderSourceCodeAccess
LogPluginManager: Mounting plugin SubversionSourceControl
LogPluginManager: Mounting plugin UObjectPlugin
LogPluginManager: Mounting plugin VisualStudioCodeSourceCodeAccess
LogPluginManager: Mounting plugin VisualStudioSourceCodeAccess
LogPluginManager: Mounting plugin XCodeSourceCodeAccess
LogPluginManager: Mounting plugin AssetManagerEditor
LogPluginManager: Mounting plugin CryptoKeys
LogPluginManager: Mounting plugin CurveEditorTools
LogPluginManager: Mounting plugin DataValidation
LogPluginManager: Mounting plugin EditorScriptingUtilities
LogPluginManager: Mounting plugin FacialAnimation
LogPluginManager: Mounting plugin GameplayTagsEditor
LogPluginManager: Mounting plugin GeometryMode
LogPluginManager: Mounting plugin MacGraphicsSwitching
LogPluginManager: Mounting plugin MaterialAnalyzer
LogPluginManager: Mounting plugin MobileLauncherProfileWizard
LogPluginManager: Mounting plugin PluginBrowser
LogPluginManager: Mounting plugin SpeedTreeImporter
LogPluginManager: Mounting plugin DatasmithContent
LogPluginManager: Mounting plugin VariantManagerContent
LogPluginManager: Mounting plugin AlembicImporter
LogPluginManager: Mounting plugin AutomationUtils
LogPluginManager: Mounting plugin BackChannel
LogPluginManager: Mounting plugin ChaosCloth
LogPluginManager: Mounting plugin ChaosClothEditor
LogPluginManager: Mounting plugin ChaosEditor
LogPluginManager: Mounting plugin ChaosNiagara
LogPluginManager: Mounting plugin ChaosSolverPlugin
LogPluginManager: Mounting plugin CharacterAI
LogPluginManager: Mounting plugin GeometryCache
LogPluginManager: Mounting plugin GeometryCollectionPlugin
LogPluginManager: Mounting plugin GeometryProcessing
LogPluginManager: Mounting plugin PlanarCut
LogPluginManager: Mounting plugin PlatformCrypto
LogPluginManager: Mounting plugin ProxyLODPlugin
LogPluginManager: Mounting plugin SkeletalReduction
LogPluginManager: Mounting plugin Niagara
LogPluginManager: Mounting plugin MagicLeap
LogPluginManager: Mounting plugin MagicLeapLightEstimation
LogPluginManager: Mounting plugin MagicLeapMedia
LogPluginManager: Mounting plugin MagicLeapPassableWorld
LogPluginManager: Mounting plugin MLSDK
LogPluginManager: Mounting plugin AndroidMedia
LogPluginManager: Mounting plugin AvfMedia
LogPluginManager: Mounting plugin ImgMedia
LogPluginManager: Mounting plugin MediaCompositing
LogPluginManager: Mounting plugin MediaPlayerEditor
LogPluginManager: Mounting plugin WebMMedia
LogPluginManager: Mounting plugin WmfMedia
LogPluginManager: Mounting plugin MeshPainting
LogPluginManager: Mounting plugin TcpMessaging
LogPluginManager: Mounting plugin UdpMessaging
LogPluginManager: Mounting plugin ActorSequence
LogPluginManager: Mounting plugin LevelSequenceEditor
LogPluginManager: Mounting plugin MatineeToLevelSequence
LogPluginManager: Mounting plugin MovieRenderPipeline
LogPluginManager: Mounting plugin TemplateSequence
LogPluginManager: Mounting plugin NetcodeUnitTest
LogPluginManager: Mounting plugin NUTUnrealEngine4
LogPluginManager: Mounting plugin OnlineSubsystemGooglePlay
LogPluginManager: Mounting plugin OnlineSubsystemIOS
LogPluginManager: Mounting plugin OnlineSubsystem
LogPluginManager: Mounting plugin OnlineSubsystemNull
LogPluginManager: Mounting plugin OnlineSubsystemUtils
LogPluginManager: Mounting plugin LauncherChunkInstaller
LogPluginManager: Mounting plugin AndroidDeviceProfileSelector
LogPluginManager: Mounting plugin AndroidMoviePlayer
LogPluginManager: Mounting plugin AndroidPermission
LogPluginManager: Mounting plugin AppleImageUtils
LogPluginManager: Mounting plugin AppleMoviePlayer
LogPluginManager: Mounting plugin ArchVisCharacter
LogPluginManager: Mounting plugin AssetTags
LogPluginManager: Mounting plugin AudioCapture
LogPluginManager: Mounting plugin CableComponent
LogPluginManager: Mounting plugin CustomMeshComponent
LogPluginManager: Mounting plugin EditableMesh
LogPluginManager: Mounting plugin ExampleDeviceProfileSelector
LogPluginManager: Mounting plugin GoogleCloudMessaging
LogPluginManager: Mounting plugin GooglePAD
LogPluginManager: Mounting plugin IOSDeviceProfileSelector
LogPluginManager: Mounting plugin LinuxDeviceProfileSelector
LogPluginManager: Mounting plugin LocationServicesBPLibrary
LogPluginManager: Mounting plugin MobilePatchingUtils
LogPluginManager: Mounting plugin OculusVR
LogPluginManager: Mounting plugin PhysXVehicles
LogPluginManager: Mounting plugin PostSplashScreen
LogPluginManager: Mounting plugin ProceduralMeshComponent
LogPluginManager: Mounting plugin RuntimePhysXCooking
LogPluginManager: Mounting plugin SignificanceManager
LogPluginManager: Mounting plugin SoundFields
LogPluginManager: Mounting plugin SteamVR
LogPluginManager: Mounting plugin Synthesis
LogPluginManager: Mounting plugin WebMMoviePlayer
LogPluginManager: Mounting plugin WindowsMoviePlayer
LogPluginManager: Mounting plugin ScreenshotTools
LogInit: Using libcurl 7.55.1-DEV
LogInit:  - built for x86_64-pc-win32
LogInit:  - supports SSL with OpenSSL/1.1.1
LogInit:  - supports HTTP deflate (compression) using libz 1.2.8
LogInit:  - other features:
LogInit:      CURL_VERSION_SSL
LogInit:      CURL_VERSION_LIBZ
LogInit:      CURL_VERSION_IPV6
LogInit:      CURL_VERSION_ASYNCHDNS
LogInit:      CURL_VERSION_LARGEFILE
LogInit:      CURL_VERSION_IDN
LogInit:  CurlRequestOptions (configurable via config and command line):
LogInit:  - bVerifyPeer = true  - Libcurl will verify peer certificate
LogInit:  - bUseHttpProxy = false  - Libcurl will NOT use HTTP proxy
LogInit:  - bDontReuseConnections = false  - Libcurl will reuse connections
LogInit:  - MaxHostConnections = 16  - Libcurl will limit the number of connections to a host
LogInit:  - LocalHostAddr = Default
LogInit:  - BufferSize = 65536
LogOnline: OSS: Creating online subsystem instance for: NULL
LogInit: WinSock: version 1.1 (2.2), MaxSocks=32767, MaxUdp=65467
LogOnline: OSS: TryLoadSubsystemAndSetDefault: Loaded subsystem for module [NULL]
LogInit: Build: ++UE4+Release-4.25-CL-14469661
LogInit: Engine Version: 4.25.4-14469661+++UE4+Release-4.25
LogInit: Compatible Engine Version: 4.25.0-13144385+++UE4+Release-4.25
LogInit: Net CL: 13144385
LogInit: OS: Windows 10 (Release 1909) (), CPU:        Intel(R) Core(TM) i5-3570K CPU @ 3.40GHz, GPU: NVIDIA GeForce GTX 970
LogInit: Compiled (64-bit): Oct 11 2020 08:10:49
LogInit: Compiled with Visual C++: 19.24.28315.00
LogInit: Build Configuration: Development
LogInit: Branch Name: ++UE4+Release-4.25
LogInit: Command Line:  -skipcompile
LogInit: Base Directory: D:/EpicGames/UE_4.25/Engine/Binaries/Win64/
LogInit: Allocator: TBB
LogInit: Installed Engine Build: 1
LogDevObjectVersion: Number of dev versions registered: 26
LogDevObjectVersion:   Dev-Blueprints (B0D832E4-1F89-4F0D-ACCF-7EB736FD4AA2): 10
LogDevObjectVersion:   Dev-Build (E1C64328-A22C-4D53-A36C-8E866417BD8C): 0
LogDevObjectVersion:   Dev-Core (375EC13C-06E4-48FB-B500-84F0262A717E): 4
LogDevObjectVersion:   Dev-Editor (E4B068ED-F494-42E9-A231-DA0B2E46BB41): 38
LogDevObjectVersion:   Dev-Framework (CFFC743F-43B0-4480-9391-14DF171D2073): 37
LogDevObjectVersion:   Dev-Mobile (B02B49B5-BB20-44E9-A304-32B752E40360): 2
LogDevObjectVersion:   Dev-Networking (A4E4105C-59A1-49B5-A7C5-40C4547EDFEE): 0
LogDevObjectVersion:   Dev-Online (39C831C9-5AE6-47DC-9A44-9C173E1C8E7C): 0
LogDevObjectVersion:   Dev-Physics (78F01B33-EBEA-4F98-B9B4-84EACCB95AA2): 4
LogDevObjectVersion:   Dev-Platform (6631380F-2D4D-43E0-8009-CF276956A95A): 0
LogDevObjectVersion:   Dev-Rendering (12F88B9F-8875-4AFC-A67C-D90C383ABD29): 43
LogDevObjectVersion:   Dev-Sequencer (7B5AE74C-D270-4C10-A958-57980B212A5A): 12
LogDevObjectVersion:   Dev-VR (D7296918-1DD6-4BDD-9DE2-64A83CC13884): 3
LogDevObjectVersion:   Dev-LoadTimes (C2A15278-BFE7-4AFE-6C17-90FF531DF755): 1
LogDevObjectVersion:   Private-Geometry (6EACA3D4-40EC-4CC1-B786-8BED09428FC5): 3
LogDevObjectVersion:   Dev-AnimPhys (29E575DD-E0A3-4627-9D10-D276232CDCEA): 17
LogDevObjectVersion:   Dev-Anim (AF43A65D-7FD3-4947-9873-3E8ED9C1BB05): 7
LogDevObjectVersion:   Dev-ReflectionCapture (6B266CEC-1EC7-4B8F-A30B-E4D90942FC07): 1
LogDevObjectVersion:   Dev-Automation (0DF73D61-A23F-47EA-B727-89E90C41499A): 1
LogDevObjectVersion:   FortniteMain (601D1886-AC64-4F84-AA16-D3DE0DEAC7D6): 31
LogDevObjectVersion:   Dev-Enterprise (9DFFBCD6-494F-0158-E221-12823C92A888): 10
LogDevObjectVersion:   Dev-Niagara (F2AED0AC-9AFE-416F-8664-AA7FFA26D6FC): 1
LogDevObjectVersion:   Dev-Destruction (174F1F0B-B4C6-45A5-B13F-2EE8D0FB917D): 10
LogDevObjectVersion:   Dev-Physics-Ext (35F94A83-E258-406C-A318-09F59610247C): 37
LogDevObjectVersion:   Dev-PhysicsMaterial-Chaos (B68FC16E-8B1B-42E2-B453-215C058844FE): 1
LogDevObjectVersion:   Dev-CineCamera (B2E18506-4273-CFC2-A54E-F4BB758BBA07): 1
LogInit: Presizing for max 25165824 objects, including 0 objects not considered by GC, pre-allocating 0 bytes for permanent pool.
LogConfig: Applying CVar settings from Section [/Script/Engine.StreamingSettings] File [D:/Unreal Engine/Network_Assignment/Network_Assignment/Saved/Config/Windows/Engine.ini]
LogConfig: Setting CVar [[s.MinBulkDataSizeForAsyncLoading:131072]]
LogConfig: Setting CVar [[s.AsyncLoadingThreadEnabled:0]]
LogConfig: Setting CVar [[s.EventDrivenLoaderEnabled:1]]
LogConfig: Setting CVar [[s.WarnIfTimeLimitExceeded:0]]
LogConfig: Setting CVar [[s.TimeLimitExceededMultiplier:1.5]]
LogConfig: Setting CVar [[s.TimeLimitExceededMinTime:0.005]]
LogConfig: Setting CVar [[s.UseBackgroundLevelStreaming:1]]
LogConfig: Setting CVar [[s.PriorityAsyncLoadingExtraTime:15.0]]
LogConfig: Setting CVar [[s.LevelStreamingActorsUpdateTimeLimit:5.0]]
LogConfig: Setting CVar [[s.PriorityLevelStreamingActorsUpdateExtraTime:5.0]]
LogConfig: Setting CVar [[s.LevelStreamingComponentsRegistrationGranularity:10]]
LogConfig: Setting CVar [[s.UnregisterComponentsTimeLimit:1.0]]
LogConfig: Setting CVar [[s.LevelStreamingComponentsUnregistrationGranularity:5]]
LogConfig: Setting CVar [[s.FlushStreamingOnExit:1]]
LogInit: Object subsystem initialized
LogConfig: Setting CVar [[con.DebugEarlyDefault:1]]
LogConfig: Setting CVar [[r.setres:1280x720]]
[2020.12.16-15.48.22:866][  0]LogConfig: Setting CVar [[r.VSync:0]]
[2020.12.16-15.48.22:866][  0]LogConfig: Setting CVar [[r.RHICmdBypass:0]]
[2020.12.16-15.48.22:866][  0]LogConfig: Applying CVar settings from Section [/Script/Engine.RendererSettings] File [D:/Unreal Engine/Network_Assignment/Network_Assignment/Saved/Config/Windows/Engine.ini]
[2020.12.16-15.48.22:867][  0]LogConfig: Setting CVar [[r.GPUCrashDebugging:0]]
[2020.12.16-15.48.22:867][  0]LogConfig: Applying CVar settings from Section [/Script/Engine.RendererOverrideSettings] File [D:/Unreal Engine/Network_Assignment/Network_Assignment/Saved/Config/Windows/Engine.ini]
[2020.12.16-15.48.22:867][  0]LogConfig: Applying CVar settings from Section [/Script/Engine.StreamingSettings] File [D:/Unreal Engine/Network_Assignment/Network_Assignment/Saved/Config/Windows/Engine.ini]
[2020.12.16-15.48.22:867][  0]LogConfig: Setting CVar [[s.MinBulkDataSizeForAsyncLoading:131072]]
[2020.12.16-15.48.22:867][  0]LogConfig: Setting CVar [[s.AsyncLoadingThreadEnabled:0]]
[2020.12.16-15.48.22:867][  0]LogConfig: Setting CVar [[s.EventDrivenLoaderEnabled:1]]
[2020.12.16-15.48.22:867][  0]LogConfig: Setting CVar [[s.WarnIfTimeLimitExceeded:0]]
[2020.12.16-15.48.22:867][  0]LogConfig: Setting CVar [[s.TimeLimitExceededMultiplier:1.5]]
[2020.12.16-15.48.22:867][  0]LogConfig: Setting CVar [[s.TimeLimitExceededMinTime:0.005]]
[2020.12.16-15.48.22:867][  0]LogConfig: Setting CVar [[s.UseBackgroundLevelStreaming:1]]
[2020.12.16-15.48.22:867][  0]LogConfig: Setting CVar [[s.PriorityAsyncLoadingExtraTime:15.0]]
[2020.12.16-15.48.22:867][  0]LogConfig: Setting CVar [[s.LevelStreamingActorsUpdateTimeLimit:5.0]]
[2020.12.16-15.48.22:867][  0]LogConfig: Setting CVar [[s.PriorityLevelStreamingActorsUpdateExtraTime:5.0]]
[2020.12.16-15.48.22:867][  0]LogConfig: Setting CVar [[s.LevelStreamingComponentsRegistrationGranularity:10]]
[2020.12.16-15.48.22:867][  0]LogConfig: Setting CVar [[s.UnregisterComponentsTimeLimit:1.0]]
[2020.12.16-15.48.22:867][  0]LogConfig: Setting CVar [[s.LevelStreamingComponentsUnregistrationGranularity:5]]
[2020.12.16-15.48.22:867][  0]LogConfig: Setting CVar [[s.FlushStreamingOnExit:1]]
[2020.12.16-15.48.22:868][  0]LogConfig: Applying CVar settings from Section [/Script/Engine.GarbageCollectionSettings] File [D:/Unreal Engine/Network_Assignment/Network_Assignment/Saved/Config/Windows/Engine.ini]
[2020.12.16-15.48.22:868][  0]LogConfig: Setting CVar [[gc.MaxObjectsNotConsideredByGC:1]]
[2020.12.16-15.48.22:868][  0]LogConfig: Setting CVar [[gc.SizeOfPermanentObjectPool:0]]
[2020.12.16-15.48.22:868][  0]LogConfig: Setting CVar [[gc.FlushStreamingOnGC:0]]
[2020.12.16-15.48.22:868][  0]LogConfig: Setting CVar [[gc.NumRetriesBeforeForcingGC:10]]
[2020.12.16-15.48.22:868][  0]LogConfig: Setting CVar [[gc.AllowParallelGC:1]]
[2020.12.16-15.48.22:868][  0]LogConfig: Setting CVar [[gc.TimeBetweenPurgingPendingKillObjects:61.1]]
[2020.12.16-15.48.22:868][  0]LogConfig: Setting CVar [[gc.MaxObjectsInEditor:25165824]]
[2020.12.16-15.48.22:868][  0]LogConfig: Setting CVar [[gc.IncrementalBeginDestroyEnabled:1]]
[2020.12.16-15.48.22:868][  0]LogConfig: Setting CVar [[gc.CreateGCClusters:1]]
[2020.12.16-15.48.22:868][  0]LogConfig: Setting CVar [[gc.MinGCClusterSize:5]]
[2020.12.16-15.48.22:868][  0]LogConfig: Setting CVar [[gc.ActorClusteringEnabled:0]]
[2020.12.16-15.48.22:868][  0]LogConfig: Setting CVar [[gc.BlueprintClusteringEnabled:0]]
[2020.12.16-15.48.22:868][  0]LogConfig: Setting CVar [[gc.UseDisregardForGCOnDedicatedServers:0]]
[2020.12.16-15.48.22:868][  0]LogConfig: Applying CVar settings from Section [/Script/Engine.NetworkSettings] File [D:/Unreal Engine/Network_Assignment/Network_Assignment/Saved/Config/Windows/Engine.ini]
[2020.12.16-15.48.22:868][  0]LogConfig: Applying CVar settings from Section [/Script/UnrealEd.CookerSettings] File [D:/Unreal Engine/Network_Assignment/Network_Assignment/Saved/Config/Windows/Engine.ini]
[2020.12.16-15.48.22:884][  0]LogConfig: Applying CVar settings from Section [ViewDistanceQuality@3] File [D:/Unreal Engine/Network_Assignment/Network_Assignment/Saved/Config/Windows/Scalability.ini]
[2020.12.16-15.48.22:885][  0]LogConfig: Setting CVar [[r.SkeletalMeshLODBias:0]]
[2020.12.16-15.48.22:885][  0]LogConfig: Setting CVar [[r.ViewDistanceScale:1.0]]
[2020.12.16-15.48.22:887][  0]LogConfig: Applying CVar settings from Section [AntiAliasingQuality@3] File [D:/Unreal Engine/Network_Assignment/Network_Assignment/Saved/Config/Windows/Scalability.ini]
[2020.12.16-15.48.22:887][  0]LogConfig: Setting CVar [[r.PostProcessAAQuality:4]]
[2020.12.16-15.48.22:887][  0]LogConfig: Applying CVar settings from Section [ShadowQuality@3] File [D:/Unreal Engine/Network_Assignment/Network_Assignment/Saved/Config/Windows/Scalability.ini]
[2020.12.16-15.48.22:887][  0]LogConfig: Setting CVar [[r.LightFunctionQuality:1]]
[2020.12.16-15.48.22:895][  0]LogConfig: Setting CVar [[r.ShadowQuality:5]]
[2020.12.16-15.48.22:895][  0]LogConfig: Setting CVar [[r.Shadow.CSM.MaxCascades:10]]
[2020.12.16-15.48.22:895][  0]LogConfig: Setting CVar [[r.Shadow.MaxResolution:2048]]
[2020.12.16-15.48.22:895][  0]LogConfig: Setting CVar [[r.Shadow.MaxCSMResolution:2048]]
[2020.12.16-15.48.22:895][  0]LogConfig: Setting CVar [[r.Shadow.RadiusThreshold:0.01]]
[2020.12.16-15.48.22:895][  0]LogConfig: Setting CVar [[r.Shadow.DistanceScale:1.0]]
[2020.12.16-15.48.22:895][  0]LogConfig: Setting CVar [[r.Shadow.CSM.TransitionScale:1.0]]
[2020.12.16-15.48.22:895][  0]LogConfig: Setting CVar [[r.Shadow.PreShadowResolutionFactor:1.0]]
[2020.12.16-15.48.22:895][  0]LogConfig: Setting CVar [[r.DistanceFieldShadowing:1]]
[2020.12.16-15.48.22:895][  0]LogConfig: Setting CVar [[r.DistanceFieldAO:1]]
[2020.12.16-15.48.22:895][  0]LogConfig: Setting CVar [[r.AOQuality:2]]
[2020.12.16-15.48.22:895][  0]LogConfig: Setting CVar [[r.VolumetricFog:1]]
[2020.12.16-15.48.22:895][  0]LogConfig: Setting CVar [[r.VolumetricFog.GridPixelSize:8]]
[2020.12.16-15.48.22:895][  0]LogConfig: Setting CVar [[r.VolumetricFog.GridSizeZ:128]]
[2020.12.16-15.48.22:895][  0]LogConfig: Setting CVar [[r.VolumetricFog.HistoryMissSupersampleCount:4]]
[2020.12.16-15.48.22:895][  0]LogConfig: Setting CVar [[r.LightMaxDrawDistanceScale:1]]
[2020.12.16-15.48.22:895][  0]LogConfig: Setting CVar [[r.CapsuleShadows:1]]
[2020.12.16-15.48.22:895][  0]LogConfig: Applying CVar settings from Section [PostProcessQuality@3] File [D:/Unreal Engine/Network_Assignment/Network_Assignment/Saved/Config/Windows/Scalability.ini]
[2020.12.16-15.48.22:895][  0]LogConfig: Setting CVar [[r.MotionBlurQuality:4]]
[2020.12.16-15.48.22:895][  0]LogConfig: Setting CVar [[r.AmbientOcclusionMipLevelFactor:0.4]]
[2020.12.16-15.48.22:895][  0]LogConfig: Setting CVar [[r.AmbientOcclusionMaxQuality:100]]
[2020.12.16-15.48.22:895][  0]LogConfig: Setting CVar [[r.AmbientOcclusionLevels:-1]]
[2020.12.16-15.48.22:896][  0]LogConfig: Setting CVar [[r.AmbientOcclusionRadiusScale:1.0]]
[2020.12.16-15.48.22:897][  0]LogConfig: Setting CVar [[r.DepthOfFieldQuality:2]]
[2020.12.16-15.48.22:897][  0]LogConfig: Setting CVar [[r.RenderTargetPoolMin:400]]
[2020.12.16-15.48.22:897][  0]LogConfig: Setting CVar [[r.LensFlareQuality:2]]
[2020.12.16-15.48.22:897][  0]LogConfig: Setting CVar [[r.SceneColorFringeQuality:1]]
[2020.12.16-15.48.22:897][  0]LogConfig: Setting CVar [[r.EyeAdaptationQuality:2]]
[2020.12.16-15.48.22:897][  0]LogConfig: Setting CVar [[r.BloomQuality:5]]
[2020.12.16-15.48.22:897][  0]LogConfig: Setting CVar [[r.FastBlurThreshold:100]]
[2020.12.16-15.48.22:898][  0]LogConfig: Setting CVar [[r.Upscale.Quality:3]]
[2020.12.16-15.48.22:898][  0]LogConfig: Setting CVar [[r.Tonemapper.GrainQuantization:1]]
[2020.12.16-15.48.22:899][  0]LogConfig: Setting CVar [[r.LightShaftQuality:1]]
[2020.12.16-15.48.22:900][  0]LogConfig: Setting CVar [[r.Filter.SizeScale:1]]
[2020.12.16-15.48.22:901][  0]LogConfig: Setting CVar [[r.Tonemapper.Quality:5]]
[2020.12.16-15.48.22:901][  0]LogConfig: Setting CVar [[r.DOF.Gather.AccumulatorQuality:1        ; higher gathering accumulator quality]]
[2020.12.16-15.48.22:901][  0]LogConfig: Setting CVar [[r.DOF.Gather.PostfilterMethod:1          ; Median3x3 postfilering method]]
[2020.12.16-15.48.22:902][  0]LogConfig: Setting CVar [[r.DOF.Gather.EnableBokehSettings:0       ; no bokeh simulation when gathering]]
[2020.12.16-15.48.22:902][  0]LogConfig: Setting CVar [[r.DOF.Gather.RingCount:4                 ; medium number of samples when gathering]]
[2020.12.16-15.48.22:902][  0]LogConfig: Setting CVar [[r.DOF.Scatter.ForegroundCompositing:1    ; additive foreground scattering]]
[2020.12.16-15.48.22:902][  0]LogConfig: Setting CVar [[r.DOF.Scatter.BackgroundCompositing:2    ; additive background scattering]]
[2020.12.16-15.48.22:902][  0]LogConfig: Setting CVar [[r.DOF.Scatter.EnableBokehSettings:1      ; bokeh simulation when scattering]]
[2020.12.16-15.48.22:902][  0]LogConfig: Setting CVar [[r.DOF.Scatter.MaxSpriteRatio:0.1         ; only a maximum of 10% of scattered bokeh]]
[2020.12.16-15.48.22:902][  0]LogConfig: Setting CVar [[r.DOF.Recombine.Quality:1                ; cheap slight out of focus]]
[2020.12.16-15.48.22:903][  0]LogConfig: Setting CVar [[r.DOF.Recombine.EnableBokehSettings:0    ; no bokeh simulation on slight out of focus]]
[2020.12.16-15.48.22:903][  0]LogConfig: Setting CVar [[r.DOF.TemporalAAQuality:1                ; more stable temporal accumulation]]
[2020.12.16-15.48.22:903][  0]LogConfig: Setting CVar [[r.DOF.Kernel.MaxForegroundRadius:0.025]]
[2020.12.16-15.48.22:903][  0]LogConfig: Setting CVar [[r.DOF.Kernel.MaxBackgroundRadius:0.025]]
[2020.12.16-15.48.22:904][  0]LogConfig: Applying CVar settings from Section [TextureQuality@3] File [D:/Unreal Engine/Network_Assignment/Network_Assignment/Saved/Config/Windows/Scalability.ini]
[2020.12.16-15.48.22:904][  0]LogConfig: Setting CVar [[r.Streaming.MipBias:0]]
[2020.12.16-15.48.22:905][  0]LogConfig: Setting CVar [[r.Streaming.AmortizeCPUToGPUCopy:0]]
[2020.12.16-15.48.22:908][  0]LogConfig: Setting CVar [[r.Streaming.MaxNumTexturesToStreamPerFrame:0]]
[2020.12.16-15.48.22:908][  0]LogConfig: Setting CVar [[r.Streaming.Boost:1]]
[2020.12.16-15.48.22:908][  0]LogConfig: Setting CVar [[r.MaxAnisotropy:8]]
[2020.12.16-15.48.22:908][  0]LogConfig: Setting CVar [[r.VT.MaxAnisotropy:8]]
[2020.12.16-15.48.22:908][  0]LogConfig: Setting CVar [[r.Streaming.LimitPoolSizeToVRAM:0]]
[2020.12.16-15.48.22:908][  0]LogConfig: Setting CVar [[r.Streaming.PoolSize:1000]]
[2020.12.16-15.48.22:908][  0]LogConfig: Setting CVar [[r.Streaming.MaxEffectiveScreenSize:0]]
[2020.12.16-15.48.22:909][  0]LogConfig: Applying CVar settings from Section [EffectsQuality@3] File [D:/Unreal Engine/Network_Assignment/Network_Assignment/Saved/Config/Windows/Scalability.ini]
[2020.12.16-15.48.22:910][  0]LogConfig: Setting CVar [[r.TranslucencyLightingVolumeDim:64]]
[2020.12.16-15.48.22:911][  0]LogConfig: Setting CVar [[r.RefractionQuality:2]]
[2020.12.16-15.48.22:916][  0]LogConfig: Setting CVar [[r.SSR.Quality:3]]
[2020.12.16-15.48.22:916][  0]LogConfig: Setting CVar [[r.SSR.HalfResSceneColor:0]]
[2020.12.16-15.48.22:917][  0]LogConfig: Setting CVar [[r.SceneColorFormat:4]]
[2020.12.16-15.48.22:917][  0]LogConfig: Setting CVar [[r.DetailMode:2]]
[2020.12.16-15.48.22:917][  0]LogConfig: Setting CVar [[r.TranslucencyVolumeBlur:1]]
[2020.12.16-15.48.22:918][  0]LogConfig: Setting CVar [[r.MaterialQualityLevel:1 ; High quality]]
[2020.12.16-15.48.22:918][  0]LogConfig: Setting CVar [[r.SSS.Scale:1]]
[2020.12.16-15.48.22:918][  0]LogConfig: Setting CVar [[r.SSS.SampleSet:2]]
[2020.12.16-15.48.22:918][  0]LogConfig: Setting CVar [[r.SSS.Quality:1]]
[2020.12.16-15.48.22:919][  0]LogConfig: Setting CVar [[r.SSS.HalfRes:0]]
[2020.12.16-15.48.22:919][  0]LogConfig: Setting CVar [[r.SSGI.Quality:3]]
[2020.12.16-15.48.22:919][  0]LogConfig: Setting CVar [[r.EmitterSpawnRateScale:1.0]]
[2020.12.16-15.48.22:919][  0]LogConfig: Setting CVar [[r.ParticleLightQuality:2]]
[2020.12.16-15.48.22:919][  0]LogConfig: Setting CVar [[r.SkyAtmosphere.AerialPerspectiveLUT.FastApplyOnOpaque:1 ; Always have FastSkyLUT 1 in this case to avoid wrong sky]]
[2020.12.16-15.48.22:919][  0]LogConfig: Setting CVar [[r.SkyAtmosphere.AerialPerspectiveLUT.SampleCountPerSlice:1]]
[2020.12.16-15.48.22:920][  0]LogConfig: Setting CVar [[r.SkyAtmosphere.AerialPerspectiveLUT.DepthResolution:16.0]]
[2020.12.16-15.48.22:920][  0]LogConfig: Setting CVar [[r.SkyAtmosphere.FastSkyLUT:1]]
[2020.12.16-15.48.22:920][  0]LogConfig: Setting CVar [[r.SkyAtmosphere.FastSkyLUT.SampleCountMin:4.0]]
[2020.12.16-15.48.22:920][  0]LogConfig: Setting CVar [[r.SkyAtmosphere.FastSkyLUT.SampleCountMax:32.0]]
[2020.12.16-15.48.22:920][  0]LogConfig: Setting CVar [[r.SkyAtmosphere.SampleCountMin:4.0]]
[2020.12.16-15.48.22:920][  0]LogConfig: Setting CVar [[r.SkyAtmosphere.SampleCountMax:32.0]]
[2020.12.16-15.48.22:920][  0]LogConfig: Setting CVar [[r.SkyAtmosphere.TransmittanceLUT.UseSmallFormat:0]]
[2020.12.16-15.48.22:920][  0]LogConfig: Setting CVar [[r.SkyAtmosphere.TransmittanceLUT.SampleCount:10.0]]
[2020.12.16-15.48.22:920][  0]LogConfig: Setting CVar [[r.SkyAtmosphere.MultiScatteringLUT.SampleCount:15.0]]
[2020.12.16-15.48.22:920][  0]LogConfig: Applying CVar settings from Section [FoliageQuality@3] File [D:/Unreal Engine/Network_Assignment/Network_Assignment/Saved/Config/Windows/Scalability.ini]
[2020.12.16-15.48.22:920][  0]LogConfig: Setting CVar [[foliage.DensityScale:1.0]]
[2020.12.16-15.48.22:920][  0]LogConfig: Setting CVar [[grass.DensityScale:1.0]]
[2020.12.16-15.48.22:920][  0]LogConfig: Applying CVar settings from Section [ShadingQuality@3] File [D:/Unreal Engine/Network_Assignment/Network_Assignment/Saved/Config/Windows/Scalability.ini]
[2020.12.16-15.48.22:920][  0]LogConfig: Setting CVar [[r.HairStrands.SkyLighting.SampleCount:16]]
[2020.12.16-15.48.22:920][  0]LogConfig: Setting CVar [[r.HairStrands.SkyLighting.JitterIntegration:0]]
[2020.12.16-15.48.22:920][  0]LogConfig: Setting CVar [[r.HairStrands.SkyAO.SampleCount:16]]
[2020.12.16-15.48.22:921][  0]LogConfig: Setting CVar [[r.HairStrands.DeepShadow.SuperSampling:0]]
[2020.12.16-15.48.22:921][  0]LogConfig: Setting CVar [[r.HairStrands.VisibilityPPLL:0]]
[2020.12.16-15.48.22:921][  0]LogConfig: Setting CVar [[r.HairStrands.RasterizationScale:0.5]]
[2020.12.16-15.48.22:921][  0]LogConfig: Setting CVar [[r.HairStrands.VelocityRasterizationScale:1]]
[2020.12.16-15.48.22:921][  0]LogInit: Selected Device Profile: [Windows]
[2020.12.16-15.48.22:921][  0]LogInit: Applying CVar settings loaded from the selected device profile: [Windows]
[2020.12.16-15.48.22:921][  0]LogHAL: Display: Platform has ~ 16 GB [17109352448 / 17179869184 / 16], which maps to Larger [LargestMinGB=32, LargerMinGB=12, DefaultMinGB=8, SmallerMinGB=6, SmallestMinGB=0)
[2020.12.16-15.48.22:921][  0]LogInit: Going up to parent DeviceProfile []
[2020.12.16-15.48.22:921][  0]LogConfig: Applying CVar settings from Section [ViewDistanceQuality@3] File [D:/Unreal Engine/Network_Assignment/Network_Assignment/Saved/Config/Windows/Scalability.ini]
[2020.12.16-15.48.22:921][  0]LogConfig: Setting CVar [[r.SkeletalMeshLODBias:0]]
[2020.12.16-15.48.22:921][  0]LogConfig: Setting CVar [[r.ViewDistanceScale:1.0]]
[2020.12.16-15.48.22:921][  0]LogConfig: Applying CVar settings from Section [AntiAliasingQuality@3] File [D:/Unreal Engine/Network_Assignment/Network_Assignment/Saved/Config/Windows/Scalability.ini]
[2020.12.16-15.48.22:922][  0]LogConfig: Setting CVar [[r.PostProcessAAQuality:4]]
[2020.12.16-15.48.22:922][  0]LogConfig: Applying CVar settings from Section [ShadowQuality@3] File [D:/Unreal Engine/Network_Assignment/Network_Assignment/Saved/Config/Windows/Scalability.ini]
[2020.12.16-15.48.22:922][  0]LogConfig: Setting CVar [[r.LightFunctionQuality:1]]
[2020.12.16-15.48.22:922][  0]LogConfig: Setting CVar [[r.ShadowQuality:5]]
[2020.12.16-15.48.22:923][  0]LogConfig: Setting CVar [[r.Shadow.CSM.MaxCascades:10]]
[2020.12.16-15.48.22:923][  0]LogConfig: Setting CVar [[r.Shadow.MaxResolution:2048]]
[2020.12.16-15.48.22:923][  0]LogConfig: Setting CVar [[r.Shadow.MaxCSMResolution:2048]]
[2020.12.16-15.48.22:923][  0]LogConfig: Setting CVar [[r.Shadow.RadiusThreshold:0.01]]
[2020.12.16-15.48.22:923][  0]LogConfig: Setting CVar [[r.Shadow.DistanceScale:1.0]]
[2020.12.16-15.48.22:923][  0]LogConfig: Setting CVar [[r.Shadow.CSM.TransitionScale:1.0]]
[2020.12.16-15.48.22:923][  0]LogConfig: Setting CVar [[r.Shadow.PreShadowResolutionFactor:1.0]]
[2020.12.16-15.48.22:923][  0]LogConfig: Setting CVar [[r.DistanceFieldShadowing:1]]
[2020.12.16-15.48.22:923][  0]LogConfig: Setting CVar [[r.DistanceFieldAO:1]]
[2020.12.16-15.48.22:923][  0]LogConfig: Setting CVar [[r.AOQuality:2]]
[2020.12.16-15.48.22:923][  0]LogConfig: Setting CVar [[r.VolumetricFog:1]]
[2020.12.16-15.48.22:923][  0]LogConfig: Setting CVar [[r.VolumetricFog.GridPixelSize:8]]
[2020.12.16-15.48.22:923][  0]LogConfig: Setting CVar [[r.VolumetricFog.GridSizeZ:128]]
[2020.12.16-15.48.22:923][  0]LogConfig: Setting CVar [[r.VolumetricFog.HistoryMissSupersampleCount:4]]
[2020.12.16-15.48.22:924][  0]LogConfig: Setting CVar [[r.LightMaxDrawDistanceScale:1]]
[2020.12.16-15.48.22:926][  0]LogConfig: Setting CVar [[r.CapsuleShadows:1]]
[2020.12.16-15.48.22:926][  0]LogConfig: Applying CVar settings from Section [PostProcessQuality@3] File [D:/Unreal Engine/Network_Assignment/Network_Assignment/Saved/Config/Windows/Scalability.ini]
[2020.12.16-15.48.22:926][  0]LogConfig: Setting CVar [[r.MotionBlurQuality:4]]
[2020.12.16-15.48.22:926][  0]LogConfig: Setting CVar [[r.AmbientOcclusionMipLevelFactor:0.4]]
[2020.12.16-15.48.22:927][  0]LogConfig: Setting CVar [[r.AmbientOcclusionMaxQuality:100]]
[2020.12.16-15.48.22:927][  0]LogConfig: Setting CVar [[r.AmbientOcclusionLevels:-1]]
[2020.12.16-15.48.22:928][  0]LogConfig: Setting CVar [[r.AmbientOcclusionRadiusScale:1.0]]
[2020.12.16-15.48.22:928][  0]LogConfig: Setting CVar [[r.DepthOfFieldQuality:2]]
[2020.12.16-15.48.22:928][  0]LogConfig: Setting CVar [[r.RenderTargetPoolMin:400]]
[2020.12.16-15.48.22:928][  0]LogConfig: Setting CVar [[r.LensFlareQuality:2]]
[2020.12.16-15.48.22:929][  0]LogConfig: Setting CVar [[r.SceneColorFringeQuality:1]]
[2020.12.16-15.48.22:929][  0]LogConfig: Setting CVar [[r.EyeAdaptationQuality:2]]
[2020.12.16-15.48.22:929][  0]LogConfig: Setting CVar [[r.BloomQuality:5]]
[2020.12.16-15.48.22:929][  0]LogConfig: Setting CVar [[r.FastBlurThreshold:100]]
[2020.12.16-15.48.22:929][  0]LogConfig: Setting CVar [[r.Upscale.Quality:3]]
[2020.12.16-15.48.22:929][  0]LogConfig: Setting CVar [[r.Tonemapper.GrainQuantization:1]]
[2020.12.16-15.48.22:929][  0]LogConfig: Setting CVar [[r.LightShaftQuality:1]]
[2020.12.16-15.48.22:929][  0]LogConfig: Setting CVar [[r.Filter.SizeScale:1]]
[2020.12.16-15.48.22:930][  0]LogConfig: Setting CVar [[r.Tonemapper.Quality:5]]
[2020.12.16-15.48.22:930][  0]LogConfig: Setting CVar [[r.DOF.Gather.AccumulatorQuality:1        ; higher gathering accumulator quality]]
[2020.12.16-15.48.22:930][  0]LogConfig: Setting CVar [[r.DOF.Gather.PostfilterMethod:1          ; Median3x3 postfilering method]]
[2020.12.16-15.48.22:930][  0]LogConfig: Setting CVar [[r.DOF.Gather.EnableBokehSettings:0       ; no bokeh simulation when gathering]]
[2020.12.16-15.48.22:930][  0]LogConfig: Setting CVar [[r.DOF.Gather.RingCount:4                 ; medium number of samples when gathering]]
[2020.12.16-15.48.22:930][  0]LogConfig: Setting CVar [[r.DOF.Scatter.ForegroundCompositing:1    ; additive foreground scattering]]
[2020.12.16-15.48.22:930][  0]LogConfig: Setting CVar [[r.DOF.Scatter.BackgroundCompositing:2    ; additive background scattering]]
[2020.12.16-15.48.22:930][  0]LogConfig: Setting CVar [[r.DOF.Scatter.EnableBokehSettings:1      ; bokeh simulation when scattering]]
[2020.12.16-15.48.22:932][  0]LogConfig: Setting CVar [[r.DOF.Scatter.MaxSpriteRatio:0.1         ; only a maximum of 10% of scattered bokeh]]
[2020.12.16-15.48.22:932][  0]LogConfig: Setting CVar [[r.DOF.Recombine.Quality:1                ; cheap slight out of focus]]
[2020.12.16-15.48.22:933][  0]LogConfig: Setting CVar [[r.DOF.Recombine.EnableBokehSettings:0    ; no bokeh simulation on slight out of focus]]
[2020.12.16-15.48.22:933][  0]LogConfig: Setting CVar [[r.DOF.TemporalAAQuality:1                ; more stable temporal accumulation]]
[2020.12.16-15.48.22:933][  0]LogConfig: Setting CVar [[r.DOF.Kernel.MaxForegroundRadius:0.025]]
[2020.12.16-15.48.22:933][  0]LogConfig: Setting CVar [[r.DOF.Kernel.MaxBackgroundRadius:0.025]]
[2020.12.16-15.48.22:933][  0]LogConfig: Applying CVar settings from Section [TextureQuality@3] File [D:/Unreal Engine/Network_Assignment/Network_Assignment/Saved/Config/Windows/Scalability.ini]
[2020.12.16-15.48.22:934][  0]LogConfig: Setting CVar [[r.Streaming.MipBias:0]]
[2020.12.16-15.48.22:934][  0]LogConfig: Setting CVar [[r.Streaming.AmortizeCPUToGPUCopy:0]]
[2020.12.16-15.48.22:934][  0]LogConfig: Setting CVar [[r.Streaming.MaxNumTexturesToStreamPerFrame:0]]
[2020.12.16-15.48.22:934][  0]LogConfig: Setting CVar [[r.Streaming.Boost:1]]
[2020.12.16-15.48.22:934][  0]LogConfig: Setting CVar [[r.MaxAnisotropy:8]]
[2020.12.16-15.48.22:934][  0]LogConfig: Setting CVar [[r.VT.MaxAnisotropy:8]]
[2020.12.16-15.48.22:937][  0]LogConfig: Setting CVar [[r.Streaming.LimitPoolSizeToVRAM:0]]
[2020.12.16-15.48.22:940][  0]LogConfig: Setting CVar [[r.Streaming.PoolSize:1000]]
[2020.12.16-15.48.22:940][  0]LogConfig: Setting CVar [[r.Streaming.MaxEffectiveScreenSize:0]]
[2020.12.16-15.48.22:940][  0]LogConfig: Applying CVar settings from Section [EffectsQuality@3] File [D:/Unreal Engine/Network_Assignment/Network_Assignment/Saved/Config/Windows/Scalability.ini]
[2020.12.16-15.48.22:940][  0]LogConfig: Setting CVar [[r.TranslucencyLightingVolumeDim:64]]
[2020.12.16-15.48.22:940][  0]LogConfig: Setting CVar [[r.RefractionQuality:2]]
[2020.12.16-15.48.22:940][  0]LogConfig: Setting CVar [[r.SSR.Quality:3]]
[2020.12.16-15.48.22:940][  0]LogConfig: Setting CVar [[r.SSR.HalfResSceneColor:0]]
[2020.12.16-15.48.22:940][  0]LogConfig: Setting CVar [[r.SceneColorFormat:4]]
[2020.12.16-15.48.22:940][  0]LogConfig: Setting CVar [[r.DetailMode:2]]
[2020.12.16-15.48.22:940][  0]LogConfig: Setting CVar [[r.TranslucencyVolumeBlur:1]]
[2020.12.16-15.48.22:940][  0]LogConfig: Setting CVar [[r.MaterialQualityLevel:1 ; High quality]]
[2020.12.16-15.48.22:940][  0]LogConfig: Setting CVar [[r.SSS.Scale:1]]
[2020.12.16-15.48.22:941][  0]LogConfig: Setting CVar [[r.SSS.SampleSet:2]]
[2020.12.16-15.48.22:941][  0]LogConfig: Setting CVar [[r.SSS.Quality:1]]
[2020.12.16-15.48.22:941][  0]LogConfig: Setting CVar [[r.SSS.HalfRes:0]]
[2020.12.16-15.48.22:941][  0]LogConfig: Setting CVar [[r.SSGI.Quality:3]]
[2020.12.16-15.48.22:941][  0]LogConfig: Setting CVar [[r.EmitterSpawnRateScale:1.0]]
[2020.12.16-15.48.22:941][  0]LogConfig: Setting CVar [[r.ParticleLightQuality:2]]
[2020.12.16-15.48.22:941][  0]LogConfig: Setting CVar [[r.SkyAtmosphere.AerialPerspectiveLUT.FastApplyOnOpaque:1 ; Always have FastSkyLUT 1 in this case to avoid wrong sky]]
[2020.12.16-15.48.22:941][  0]LogConfig: Setting CVar [[r.SkyAtmosphere.AerialPerspectiveLUT.SampleCountPerSlice:1]]
[2020.12.16-15.48.22:941][  0]LogConfig: Setting CVar [[r.SkyAtmosphere.AerialPerspectiveLUT.DepthResolution:16.0]]
[2020.12.16-15.48.22:941][  0]LogConfig: Setting CVar [[r.SkyAtmosphere.FastSkyLUT:1]]
[2020.12.16-15.48.22:942][  0]LogConfig: Setting CVar [[r.SkyAtmosphere.FastSkyLUT.SampleCountMin:4.0]]
[2020.12.16-15.48.22:942][  0]LogConfig: Setting CVar [[r.SkyAtmosphere.FastSkyLUT.SampleCountMax:32.0]]
[2020.12.16-15.48.22:942][  0]LogConfig: Setting CVar [[r.SkyAtmosphere.SampleCountMin:4.0]]
[2020.12.16-15.48.22:942][  0]LogConfig: Setting CVar [[r.SkyAtmosphere.SampleCountMax:32.0]]
[2020.12.16-15.48.22:942][  0]LogConfig: Setting CVar [[r.SkyAtmosphere.TransmittanceLUT.UseSmallFormat:0]]
[2020.12.16-15.48.22:942][  0]LogConfig: Setting CVar [[r.SkyAtmosphere.TransmittanceLUT.SampleCount:10.0]]
[2020.12.16-15.48.22:942][  0]LogConfig: Setting CVar [[r.SkyAtmosphere.MultiScatteringLUT.SampleCount:15.0]]
[2020.12.16-15.48.22:942][  0]LogConfig: Applying CVar settings from Section [FoliageQuality@3] File [D:/Unreal Engine/Network_Assignment/Network_Assignment/Saved/Config/Windows/Scalability.ini]
[2020.12.16-15.48.22:942][  0]LogConfig: Setting CVar [[foliage.DensityScale:1.0]]
[2020.12.16-15.48.22:942][  0]LogConfig: Setting CVar [[grass.DensityScale:1.0]]
[2020.12.16-15.48.22:942][  0]LogConfig: Applying CVar settings from Section [ShadingQuality@3] File [D:/Unreal Engine/Network_Assignment/Network_Assignment/Saved/Config/Windows/Scalability.ini]
[2020.12.16-15.48.22:943][  0]LogConfig: Setting CVar [[r.HairStrands.SkyLighting.SampleCount:16]]
[2020.12.16-15.48.22:943][  0]LogConfig: Setting CVar [[r.HairStrands.SkyLighting.JitterIntegration:0]]
[2020.12.16-15.48.22:943][  0]LogConfig: Setting CVar [[r.HairStrands.SkyAO.SampleCount:16]]
[2020.12.16-15.48.22:943][  0]LogConfig: Setting CVar [[r.HairStrands.DeepShadow.SuperSampling:0]]
[2020.12.16-15.48.22:943][  0]LogConfig: Setting CVar [[r.HairStrands.VisibilityPPLL:0]]
[2020.12.16-15.48.22:943][  0]LogConfig: Setting CVar [[r.HairStrands.RasterizationScale:0.5]]
[2020.12.16-15.48.22:943][  0]LogConfig: Setting CVar [[r.HairStrands.VelocityRasterizationScale:1]]
[2020.12.16-15.48.22:943][  0]LogConfig: Applying CVar settings from Section [Startup] File [../../../Engine/Config/ConsoleVariables.ini]
[2020.12.16-15.48.22:944][  0]LogConfig: Setting CVar [[net.UseAdaptiveNetUpdateFrequency:0]]
[2020.12.16-15.48.22:944][  0]LogConfig: Setting CVar [[p.chaos.AllowCreatePhysxBodies:1]]
[2020.12.16-15.48.22:945][  0]LogConfig: Setting CVar [[fx.SkipVectorVMBackendOptimizations:1]]
[2020.12.16-15.48.22:945][  0]LogConfig: Applying CVar settings from Section [ConsoleVariables] File [D:/Unreal Engine/Network_Assignment/Network_Assignment/Saved/Config/Windows/Engine.ini]
[2020.12.16-15.48.22:945][  0]LogInit: Computer: LEON-DATOR
[2020.12.16-15.48.22:948][  0]LogInit: User: Leon
[2020.12.16-15.48.22:948][  0]LogInit: CPU Page size=4096, Cores=4
[2020.12.16-15.48.22:948][  0]LogInit: High frequency timer resolution =10.000000 MHz
[2020.12.16-15.48.22:948][  0]LogMemory: Memory total: Physical=15.9GB (16GB approx)
[2020.12.16-15.48.22:949][  0]LogMemory: Platform Memory Stats for Windows
[2020.12.16-15.48.22:949][  0]LogMemory: Process Physical Memory: 116.21 MB used, 116.21 MB peak
[2020.12.16-15.48.22:949][  0]LogMemory: Process Virtual Memory: 104.46 MB used, 104.46 MB peak
[2020.12.16-15.48.22:949][  0]LogMemory: Physical Memory: 10849.49 MB used,  5467.26 MB free, 16316.75 MB total
[2020.12.16-15.48.22:949][  0]LogMemory: Virtual Memory: 5100.71 MB used,  134212624.00 MB free, 134217728.00 MB total
[2020.12.16-15.48.22:964][  0]LogWindows: WindowsPlatformFeatures enabled
[2020.12.16-15.48.23:349][  0]LogInit: Physics initialised using underlying interface: PhysX
[2020.12.16-15.48.23:351][  0]LogInit: Using OS detected language (en-US).
[2020.12.16-15.48.23:351][  0]LogInit: Using OS detected locale (sv-SE).
[2020.12.16-15.48.23:356][  0]LogTextLocalizationManager: No specific localization for 'en-US' exists, so the 'en' localization will be used.
[2020.12.16-15.48.23:623][  0]LogInit: Setting process to per monitor DPI aware
[2020.12.16-15.48.23:713][  0]LogSlate: New Slate User Created.  User Index 0, Is Virtual User: 0
[2020.12.16-15.48.23:713][  0]LogSlate: Slate User Registered.  User Index 0, Is Virtual User: 0
[2020.12.16-15.48.24:190][  0]LogHMD: Failed to initialize OpenVR with code 105
[2020.12.16-15.48.24:191][  0]LogD3D11RHI: D3D11 min allowed feature level: 11_0
[2020.12.16-15.48.24:191][  0]LogD3D11RHI: D3D11 max allowed feature level: 11_0
[2020.12.16-15.48.24:191][  0]LogD3D11RHI: D3D11 adapters:
[2020.12.16-15.48.24:307][  0]LogD3D11RHI:    0. 'NVIDIA GeForce GTX 970' (Feature Level 11_0)
[2020.12.16-15.48.24:307][  0]LogD3D11RHI:       4043/0/8158 MB DedicatedVideo/DedicatedSystem/SharedSystem, Outputs:2, VendorId:0x10de
[2020.12.16-15.48.24:316][  0]LogD3D11RHI:    1. 'Microsoft Basic Render Driver' (Feature Level 11_0)
[2020.12.16-15.48.24:316][  0]LogD3D11RHI:       0/0/8158 MB DedicatedVideo/DedicatedSystem/SharedSystem, Outputs:0, VendorId:0x1414
[2020.12.16-15.48.24:316][  0]LogD3D11RHI: Chosen D3D11 Adapter: 0
[2020.12.16-15.48.24:328][  0]LogD3D11RHI: Creating new Direct3DDevice
[2020.12.16-15.48.24:329][  0]LogD3D11RHI:     GPU DeviceId: 0x13c2 (for the marketing name, search the web for "GPU Device Id")
[2020.12.16-15.48.24:329][  0]LogWindows: EnumDisplayDevices:
[2020.12.16-15.48.24:329][  0]LogWindows:    0. 'NVIDIA GeForce GTX 970' (P:0 D:1)
[2020.12.16-15.48.24:330][  0]LogWindows:    1. 'NVIDIA GeForce GTX 970' (P:1 D:1)
[2020.12.16-15.48.24:330][  0]LogWindows:    2. 'NVIDIA GeForce GTX 970' (P:0 D:0)
[2020.12.16-15.48.24:331][  0]LogWindows:    3. 'NVIDIA GeForce GTX 970' (P:0 D:0)
[2020.12.16-15.48.24:331][  0]LogWindows: DebugString: FoundDriverCount:4 
[2020.12.16-15.48.24:332][  0]LogD3D11RHI:     Adapter Name: NVIDIA GeForce GTX 970
[2020.12.16-15.48.24:332][  0]LogD3D11RHI:   Driver Version: 446.14 (internal:26.21.14.4614, unified:446.14)
[2020.12.16-15.48.24:332][  0]LogD3D11RHI:      Driver Date: 5-15-2020
[2020.12.16-15.48.24:332][  0]LogRHI: Texture pool is 2830 MB (70% of 4043 MB)
[2020.12.16-15.48.24:406][  0]LogD3D11RHI: RHI has support for 64 bit atomics
[2020.12.16-15.48.24:406][  0]LogD3D11RHI: Async texture creation enabled
[2020.12.16-15.48.24:406][  0]LogD3D11RHI: Array index from any shader is supported
[2020.12.16-15.48.24:434][  0]LogD3D11RHI: GPU Timing Frequency: 1000.000000 (Debug: 2 1)
[2020.12.16-15.48.24:949][  0]LogTargetPlatformManager: Display: Loaded TargetPlatform 'AllDesktop'
[2020.12.16-15.48.24:977][  0]LogTargetPlatformManager: Display: Loaded TargetPlatform 'Android'
[2020.12.16-15.48.24:977][  0]LogTargetPlatformManager: Display: Loaded TargetPlatform 'Android_ASTC'
[2020.12.16-15.48.24:977][  0]LogTargetPlatformManager: Display: Loaded TargetPlatform 'Android_DXT'
[2020.12.16-15.48.24:977][  0]LogTargetPlatformManager: Display: Loaded TargetPlatform 'Android_ETC2'
[2020.12.16-15.48.24:977][  0]LogTargetPlatformManager: Display: Loaded TargetPlatform 'AndroidClient'
[2020.12.16-15.48.24:977][  0]LogTargetPlatformManager: Display: Loaded TargetPlatform 'Android_ASTCClient'
[2020.12.16-15.48.24:977][  0]LogTargetPlatformManager: Display: Loaded TargetPlatform 'Android_DXTClient'
[2020.12.16-15.48.24:977][  0]LogTargetPlatformManager: Display: Loaded TargetPlatform 'Android_ETC2Client'
[2020.12.16-15.48.24:977][  0]LogTargetPlatformManager: Display: Loaded TargetPlatform 'Android_Multi'
[2020.12.16-15.48.24:977][  0]LogTargetPlatformManager: Display: Loaded TargetPlatform 'Android_MultiClient'
[2020.12.16-15.48.25:023][  0]LogTargetPlatformManager: Display: Loaded TargetPlatform 'IOSClient'
[2020.12.16-15.48.25:023][  0]LogTargetPlatformManager: Display: Loaded TargetPlatform 'IOS'
[2020.12.16-15.48.25:040][  0]LogTargetPlatformManager: Display: Loaded TargetPlatform 'Linux'
[2020.12.16-15.48.25:056][  0]LogTargetPlatformManager: Display: Loaded TargetPlatform 'LinuxNoEditor'
[2020.12.16-15.48.25:072][  0]LogTargetPlatformManager: Display: Loaded TargetPlatform 'LinuxClient'
[2020.12.16-15.48.25:087][  0]LogTargetPlatformManager: Display: Loaded TargetPlatform 'LinuxServer'
[2020.12.16-15.48.25:103][  0]LogTargetPlatformManager: Display: Loaded TargetPlatform 'LinuxAArch64NoEditor'
[2020.12.16-15.48.25:118][  0]LogTargetPlatformManager: Display: Loaded TargetPlatform 'LinuxAArch64Client'
[2020.12.16-15.48.25:137][  0]LogTargetPlatformManager: Display: Loaded TargetPlatform 'LinuxAArch64Server'
[2020.12.16-15.48.25:176][  0]LogTargetPlatformManager: Display: Loaded TargetPlatform 'Lumin'
[2020.12.16-15.48.25:176][  0]LogTargetPlatformManager: Display: Loaded TargetPlatform 'LuminClient'
[2020.12.16-15.48.25:201][  0]LogTargetPlatformManager: Display: Loaded TargetPlatform 'TVOSClient'
[2020.12.16-15.48.25:201][  0]LogTargetPlatformManager: Display: Loaded TargetPlatform 'TVOS'
[2020.12.16-15.48.25:216][  0]LogTargetPlatformManager: Display: Loaded TargetPlatform 'WindowsNoEditor'
[2020.12.16-15.48.25:233][  0]LogTargetPlatformManager: Display: Loaded TargetPlatform 'Windows'
[2020.12.16-15.48.25:249][  0]LogTargetPlatformManager: Display: Loaded TargetPlatform 'WindowsClient'
[2020.12.16-15.48.25:264][  0]LogTargetPlatformManager: Display: Loaded TargetPlatform 'WindowsServer'
[2020.12.16-15.48.25:265][  0]LogTargetPlatformManager: Display: Building Assets For Windows
[2020.12.16-15.48.25:292][  0]LogAudioDebug: Display: Lib vorbis DLL was dynamically loaded.
[2020.12.16-15.48.25:435][  0]LogShaderCompilers: Guid format shader working directory is -22 characters bigger than the processId version (../../../../../Unreal Engine/Network_Assignment/Network_Assignment/Intermediate/Shaders/WorkingDirectory/20392/).
[2020.12.16-15.48.25:436][  0]LogShaderCompilers: Cleaned the shader compiler working directory 'C:/Users/Leon/AppData/Local/Temp/UnrealShaderWorkingDir/E313053C41764E6F099134A6FCC93EA2/'.
[2020.12.16-15.48.25:437][  0]LogXGEController: Cannot use XGE Controller as Incredibuild is not installed on this machine.
[2020.12.16-15.48.25:437][  0]LogShaderCompilers: Cannot use XGE Shader Compiler as Incredibuild is not installed on this machine.
[2020.12.16-15.48.25:437][  0]LogShaderCompilers: Display: Using Local Shader Compiler.
[2020.12.16-15.48.26:438][  0]LogDerivedDataCache: Display: Max Cache Size: 512 MB
[2020.12.16-15.48.26:503][  0]LogDerivedDataCache: Loaded boot cache 0.06s 76MB C:/Users/Leon/AppData/Local/UnrealEngine/4.25/DerivedDataCache/Boot.ddc.
[2020.12.16-15.48.26:504][  0]LogDerivedDataCache: Display: Loaded Boot cache: C:/Users/Leon/AppData/Local/UnrealEngine/4.25/DerivedDataCache/Boot.ddc
[2020.12.16-15.48.26:504][  0]LogDerivedDataCache: FDerivedDataBackendGraph:  Pak pak cache file ../../../../../Unreal Engine/Network_Assignment/Network_Assignment/DerivedDataCache/DDC.ddp not found, will not use a pak cache.
[2020.12.16-15.48.26:504][  0]LogDerivedDataCache: Unable to find inner node Pak for hierarchical cache Hierarchy.
[2020.12.16-15.48.26:504][  0]LogDerivedDataCache: FDerivedDataBackendGraph:  CompressedPak pak cache file ../../../../../Unreal Engine/Network_Assignment/Network_Assignment/DerivedDataCache/Compressed.ddp not found, will not use a pak cache.
[2020.12.16-15.48.26:504][  0]LogDerivedDataCache: Unable to find inner node CompressedPak for hierarchical cache Hierarchy.
[2020.12.16-15.48.26:515][  0]LogDerivedDataCache: Display: Pak cache opened for reading ../../../Engine/DerivedDataCache/Compressed.ddp.
[2020.12.16-15.48.26:515][  0]LogDerivedDataCache: FDerivedDataBackendGraph:  EnterprisePak pak cache file ../../../Enterprise/DerivedDataCache/Compressed.ddp not found, will not use a pak cache.
[2020.12.16-15.48.26:515][  0]LogDerivedDataCache: Unable to find inner node EnterprisePak for hierarchical cache Hierarchy.
[2020.12.16-15.48.26:518][  0]LogDerivedDataCache: Using Local data cache path C:/Users/Leon/AppData/Local/UnrealEngine/Common/DerivedDataCache: Writable
[2020.12.16-15.48.26:518][  0]LogDerivedDataCache: Shared data cache path not found in *engine.ini, will not use an Shared cache.
[2020.12.16-15.48.26:518][  0]LogDerivedDataCache: Unable to find inner node Shared for hierarchical cache Hierarchy.
[2020.12.16-15.48.26:582][  0]LogSlate: Using FreeType 2.10.0
[2020.12.16-15.48.26:583][  0]LogSlate: SlateFontServices - WITH_FREETYPE: 1, WITH_HARFBUZZ: 1
[2020.12.16-15.48.26:631][  0]LogAssetRegistry: FAssetRegistry took 0.0051 seconds to start up
[2020.12.16-15.48.26:930][  0]LogInit: Selected Device Profile: [Windows]
[2020.12.16-15.48.27:118][  0]LogMeshReduction: Using QuadricMeshReduction for automatic static mesh reduction
[2020.12.16-15.48.27:118][  0]LogMeshReduction: Using SimplygonMeshReduction for automatic skeletal mesh reduction
[2020.12.16-15.48.27:118][  0]LogMeshReduction: Using ProxyLODMeshReduction for automatic mesh merging
[2020.12.16-15.48.27:118][  0]LogMeshReduction: No distributed automatic mesh merging module available
[2020.12.16-15.48.27:119][  0]LogMeshMerging: No distributed automatic mesh merging module available
[2020.12.16-15.48.27:148][  0]LogNetVersion: Network_Assignment 1.0.0, NetCL: 13144385, EngineNetVer: 14, GameNetVer: 0 (Checksum: 1997309246)
[2020.12.16-15.48.27:814][  0]LogAISub: UAISubsystem::UAISubsystem AISubsystem (00000267A4B181C0), frame # 0
[2020.12.16-15.48.27:814][  0]LogAISub: UAISubsystem::UAISubsystem AIPerceptionSystem (00000267A4A3EAC0), frame # 0
[2020.12.16-15.48.27:816][  0]LogAISub: UAISubsystem::UAISubsystem EnvQueryManager (00000267A4A5B200), frame # 0
[2020.12.16-15.48.27:880][  0]LogPackageLocalizationCache: Processed 19 localized package path(s) for 1 prioritized culture(s) in 0.056026 seconds
[2020.12.16-15.48.27:885][  0]LogUObjectArray: 15917 objects as part of root set at end of initial load.
[2020.12.16-15.48.27:886][  0]LogUObjectAllocator: 3965568 out of 0 bytes used by permanent object pool.
[2020.12.16-15.48.27:886][  0]LogUObjectArray: CloseDisregardForGC: 0/0 objects in disregard for GC pool
[2020.12.16-15.48.28:587][  0]LogTcpMessaging: Initializing TcpMessaging bridge
[2020.12.16-15.48.28:602][  0]LogUdpMessaging: Initializing bridge on interface 0.0.0.0:0 to multicast group 230.0.0.1:6666.
[2020.12.16-15.48.28:975][  0]SourceControl: Source control is disabled
[2020.12.16-15.48.28:975][  0]SourceControl: Source control is disabled
[2020.12.16-15.48.28:983][  0]SourceControl: Source control is disabled
[2020.12.16-15.48.28:990][  0]SourceControl: Source control is disabled
[2020.12.16-15.48.29:009][  0]SourceControl: Source control is disabled
[2020.12.16-15.48.29:510][  0]LogAndroidPermission: UAndroidPermissionCallbackProxy::GetInstance
[2020.12.16-15.48.29:554][  0]LogAudioCaptureCore: Display: No Audio Capture implementations found. Audio input will be silent.
[2020.12.16-15.48.29:554][  0]LogAudioCaptureCore: Display: No Audio Capture implementations found. Audio input will be silent.
[2020.12.16-15.48.29:644][  0]LogOcInput: OculusInput pre-init called
[2020.12.16-15.48.29:664][  0]LogWindows: Failed to load 'OVRPlugin.dll' (GetLastError=126)
[2020.12.16-15.48.29:664][  0]LogWindows: File 'OVRPlugin.dll' does not exist
[2020.12.16-15.48.29:762][  0]LogEngine: Initializing Engine...
[2020.12.16-15.48.29:778][  0]LogHMD: Failed to initialize OpenVR with code 105
[2020.12.16-15.48.29:778][  0]LogMagicLeap: Warning: VR disabled because ZI is not enabled.  To enable, in the editor, Edit -> Project Settings -> Plugins -> Magic Leap Plugin -> Enable Zero Iteration
[2020.12.16-15.48.29:779][  0]LogStats: UGameplayTagsManager::InitializeManager -  0.000 s
[2020.12.16-15.48.29:934][  0]LogInit: Initializing FReadOnlyCVARCache
[2020.12.16-15.48.29:947][  0]LogAIModule: Creating AISystem for world Untitled
[2020.12.16-15.48.29:947][  0]LogAISub: UAISubsystem::UAISubsystem EnvQueryManager (00000267AAF9BC00), frame # 0
[2020.12.16-15.48.29:947][  0]LogAISub: UAISubsystem::UAISubsystem AIPerceptionSystem (00000267AAF97B00), frame # 0
[2020.12.16-15.48.29:965][  0]LogAudioMixer: Display: Audio Mixer Platform Settings:
[2020.12.16-15.48.29:965][  0]LogAudioMixer: Display: 	Sample Rate:						  48000
[2020.12.16-15.48.29:965][  0]LogAudioMixer: Display: 	Callback Buffer Frame Size Requested: 1024
[2020.12.16-15.48.29:965][  0]LogAudioMixer: Display: 	Callback Buffer Frame Size To Use:	  1024
[2020.12.16-15.48.29:965][  0]LogAudioMixer: Display: 	Number of buffers to queue:			  2
[2020.12.16-15.48.29:965][  0]LogAudioMixer: Display: 	Max Channels (voices):				  32
[2020.12.16-15.48.29:965][  0]LogAudioMixer: Display: 	Number of Async Source Workers:		  0
[2020.12.16-15.48.29:966][  0]LogAudio: Display: AudioDevice MaxSources: 32
[2020.12.16-15.48.29:966][  0]LogAudio: Display: Using built-in audio occlusion.
[2020.12.16-15.48.29:966][  0]LogAudioMixer: Display: Initializing audio mixer.
[2020.12.16-15.48.29:997][  0]LogAudioMixer: Display: 0: FrontLeft
[2020.12.16-15.48.29:997][  0]LogAudioMixer: Display: 1: FrontRight
[2020.12.16-15.48.29:997][  0]LogAudioMixer: Display: 2: FrontCenter
[2020.12.16-15.48.29:997][  0]LogAudioMixer: Display: 3: LowFrequency
[2020.12.16-15.48.29:997][  0]LogAudioMixer: Display: 4: BackLeft
[2020.12.16-15.48.29:997][  0]LogAudioMixer: Display: 5: BackRight
[2020.12.16-15.48.29:997][  0]LogAudioMixer: Display: 6: SideLeft
[2020.12.16-15.48.29:997][  0]LogAudioMixer: Display: 7: SideRight
[2020.12.16-15.48.30:083][  0]LogAudioMixer: Display: Using Audio Device Högtalare (Realtek High Definition Audio)
[2020.12.16-15.48.30:086][  0]LogAudioMixer: Display: Initializing Sound Submixes...
[2020.12.16-15.48.30:090][  0]LogAudioMixer: Display: Creating Master Submix 'MasterSubmixDefault'
[2020.12.16-15.48.30:091][  0]LogAudioMixer: Display: Creating Master Submix 'MasterReverbSubmixDefault'
[2020.12.16-15.48.30:091][  0]LogAudioMixer: Display: Creating Master Submix 'MasterEQSubmixDefault'
[2020.12.16-15.48.30:094][  0]LogInit: FAudioDevice initialized.
[2020.12.16-15.48.30:094][  0]LogNetVersion: Set ProjectVersion to 1.0.0.0. Version Checksum will be recalculated on next use.
[2020.12.16-15.48.30:320][  0]LogDerivedDataCache: Saved boot cache 0.23s 76MB C:/Users/Leon/AppData/Local/UnrealEngine/4.25/DerivedDataCache/Boot.ddc.
[2020.12.16-15.48.30:322][  0]LogInit: Texture streaming: Enabled
[2020.12.16-15.48.30:362][  0]LogEngineSessionManager: EngineSessionManager initialized
[2020.12.16-15.48.30:362][  0]LogEngineSessionManager: EngineSessionManager sent abnormal shutdown report. Type=Debugger, SessionId={9B06132E-4B81-DECF-2964-21A9EA2FA58D}
[2020.12.16-15.48.30:362][  0]LogEditorSessionSummary: Verbose: Initializing EditorSessionSummaryWriter for editor session tracking
[2020.12.16-15.48.30:381][  0]LogEditorSessionSummary: EditorSessionSummaryWriter initialized
[2020.12.16-15.48.30:507][  0]LogInit: Transaction tracking system initialized
[2020.12.16-15.48.30:554][  0]BlueprintLog: New page: Editor Load
[2020.12.16-15.48.30:707][  0]LocalizationService: Localization service is disabled
[2020.12.16-15.48.30:959][  0]LogCook: Display: Max memory allowance for cook 16384mb min free memory 0mb
[2020.12.16-15.48.30:959][  0]LogCook: Display: Mobile HDR setting 1
[2020.12.16-15.48.31:214][  0]LogFileCache: Scanning file cache for directory 'D:/Unreal Engine/Network_Assignment/Network_Assignment/Content/' took 0.01s
[2020.12.16-15.48.31:684][  0]SourceControl: Source control is disabled
[2020.12.16-15.48.31:684][  0]LogUnrealEdMisc: Loading editor; pre map load, took 14.752
[2020.12.16-15.48.31:684][  0]Cmd: MAP LOAD FILE="../../../../../Unreal Engine/Network_Assignment/Network_Assignment/Content/Maps/MY_Map.umap" TEMPLATE=0 SHOWPROGRESS=1 FEATURELEVEL=3
[2020.12.16-15.48.31:685][  0]LightingResults: New page: Lighting Build
[2020.12.16-15.48.31:686][  0]LogWorld: UWorld::CleanupWorld for Untitled, bSessionEnded=true, bCleanupResources=true
[2020.12.16-15.48.31:686][  0]LogSlate: InvalidateAllWidgets triggered.  All widgets were invalidated
[2020.12.16-15.48.31:687][  0]MapCheck: New page: Map Check
[2020.12.16-15.48.31:687][  0]LightingResults: New page: Lighting Build
[2020.12.16-15.48.31:698][  0]LogAISub: UAISubsystem::~UAISubsystem EnvQueryManager (00000267AAF9BC00), frame # 0
[2020.12.16-15.48.31:698][  0]LogAISub: UAISubsystem::~UAISubsystem AIPerceptionSystem (00000267AAF97B00), frame # 0
[2020.12.16-15.48.31:699][  0]LogUObjectHash: Compacting FUObjectHashTables data took   0.88ms
[2020.12.16-15.48.31:818][  0]LogAIModule: Creating AISystem for world My_Map
[2020.12.16-15.48.31:819][  0]LogAISub: UAISubsystem::UAISubsystem EnvQueryManager (000002679C3BBE00), frame # 0
[2020.12.16-15.48.31:820][  0]LogAISub: UAISubsystem::UAISubsystem AIPerceptionSystem (000002679C3BFB00), frame # 0
[2020.12.16-15.48.31:827][  0]LogEditorServer: Finished looking for orphan Actors (0.000 secs)
[2020.12.16-15.48.31:853][  0]LogUObjectHash: Compacting FUObjectHashTables data took   0.96ms
[2020.12.16-15.48.31:853][  0]Cmd: MAP CHECKDEP NOCLEARLOG
[2020.12.16-15.48.31:853][  0]MapCheck: Map check complete: 0 Error(s), 0 Warning(s), took 0,099ms to complete.
[2020.12.16-15.48.31:853][  0]LogFileHelpers: Loading map 'MY_Map' took 0.170
[2020.12.16-15.48.31:857][  0]LogUnrealEdMisc: Total Editor Startup Time, took 14.925
[2020.12.16-15.48.32:034][  0]LogSlate: Updating window title bar state: overlay mode, drag disabled, window buttons hidden, title bar hidden
[2020.12.16-15.48.32:043][  0]LogSlate: Updating window title bar state: overlay mode, drag disabled, window buttons hidden, title bar hidden
[2020.12.16-15.48.32:052][  0]LogSlate: Updating window title bar state: overlay mode, drag disabled, window buttons hidden, title bar hidden
[2020.12.16-15.48.32:061][  0]LogSlate: Updating window title bar state: overlay mode, drag disabled, window buttons hidden, title bar hidden
[2020.12.16-15.48.32:080][  0]LogCollectionManager: Loaded 0 collections in 0.001864 seconds
[2020.12.16-15.48.32:104][  0]LogFileCache: Scanning file cache for directory 'D:/Unreal Engine/Network_Assignment/Network_Assignment/Saved/Collections/' took 0.00s
[2020.12.16-15.48.32:104][  0]LogFileCache: Scanning file cache for directory 'D:/Unreal Engine/Network_Assignment/Network_Assignment/Content/Developers/Leon/Collections/' took 0.00s
[2020.12.16-15.48.32:104][  0]LogFileCache: Scanning file cache for directory 'D:/Unreal Engine/Network_Assignment/Network_Assignment/Content/Collections/' took 0.00s
[2020.12.16-15.48.32:104][  0]LogContentBrowser: Native class hierarchy populated in 0.0127 seconds. Added 3430 classes and 823 folders.
[2020.12.16-15.48.32:109][  0]LogContentBrowser: Native class hierarchy updated for 'WidgetCarousel' in 0.0007 seconds. Added 0 classes and 0 folders.
[2020.12.16-15.48.32:299][  0]LogContentBrowser: Native class hierarchy updated for 'AddContentDialog' in 0.0007 seconds. Added 0 classes and 0 folders.
[2020.12.16-15.48.32:305][  0]LogContentBrowser: Native class hierarchy updated for 'SceneOutliner' in 0.0007 seconds. Added 2 classes and 0 folders.
[2020.12.16-15.48.32:424][  0]LogSlate: Took 0.000365 seconds to synchronously load lazily loaded font '../../../Engine/Content/Slate/Fonts/Roboto-Regular.ttf' (155K)
[2020.12.16-15.48.32:428][  0]LogSlate: Took 0.000358 seconds to synchronously load lazily loaded font '../../../Engine/Content/Slate/Fonts/Roboto-Bold.ttf' (160K)
[2020.12.16-15.48.32:522][  0]LogRenderer: Reallocating scene render targets to support 1096x620 Format 10 NumSamples 1 (Frame:1).
[2020.12.16-15.48.32:639][  0]LogContentBrowser: Native class hierarchy updated for 'HierarchicalLODOutliner' in 0.0008 seconds. Added 0 classes and 0 folders.
[2020.12.16-15.48.32:639][  0]LogLoad: (Engine Initialization) Total time: 15.71 seconds
[2020.12.16-15.48.32:639][  0]LogLoad: (Engine Initialization) Total Blueprint compile time: 0.00 seconds
[2020.12.16-15.48.32:690][  0]LogAssetRegistry: Asset discovery search completed in 6.0625 seconds
[2020.12.16-15.48.32:695][  0]LogCollectionManager: Fixed up redirectors for 0 collections in 0.000003 seconds (updated 0 objects)
[2020.12.16-15.48.32:696][  0]LogContentStreaming: Texture pool size now 1000 MB
[2020.12.16-15.48.33:680][101]LogSlate: Took 0.000469 seconds to synchronously load lazily loaded font '../../../Engine/Content/Slate/Fonts/Roboto-Light.ttf' (167K)
[2020.12.16-15.48.36:013][340]LogTemp: Repeating last play command: New Editor Window (PIE)
[2020.12.16-15.48.36:036][340]LogPlayLevel: PlayLevel: No blueprints needed recompiling
[2020.12.16-15.48.36:037][340]PIE: New page: PIE session: MY_Map (16 dec. 2020 17:48:36)
[2020.12.16-15.48.36:038][340]LogOnline: OSS: Creating online subsystem instance for: NULL
[2020.12.16-15.48.36:041][340]LogOnline: OSS: TryLoadSubsystemAndSetDefault: Loaded subsystem for module [NULL]
[2020.12.16-15.48.36:041][340]LogPlayLevel: Creating play world package: /Game/Maps/UEDPIE_0_MY_Map
[2020.12.16-15.48.36:047][340]LogPlayLevel: PIE: StaticDuplicateObject took: (0.005973s)
[2020.12.16-15.48.36:049][340]LogAIModule: Creating AISystem for world My_Map
[2020.12.16-15.48.36:049][340]LogAISub: UAISubsystem::UAISubsystem EnvQueryManager (00000267BEEC7E00), frame # 340
[2020.12.16-15.48.36:049][340]LogAISub: UAISubsystem::UAISubsystem AIPerceptionSystem (000002679C4D82C0), frame # 340
[2020.12.16-15.48.36:049][340]LogPlayLevel: PIE: World Init took: (0.001584s)
[2020.12.16-15.48.36:049][340]LogPlayLevel: PIE: Created PIE world by copying editor world from /Game/Maps/MY_Map.My_Map to /Game/Maps/UEDPIE_0_MY_Map.My_Map (0.007892s)
[2020.12.16-15.48.36:057][340]LogUObjectHash: Compacting FUObjectHashTables data took   0.66ms
[2020.12.16-15.48.36:058][340]LogAudioMixer: Display: Audio Mixer Platform Settings:
[2020.12.16-15.48.36:058][340]LogAudioMixer: Display: 	Sample Rate:						  48000
[2020.12.16-15.48.36:059][340]LogAudioMixer: Display: 	Callback Buffer Frame Size Requested: 1024
[2020.12.16-15.48.36:059][340]LogAudioMixer: Display: 	Callback Buffer Frame Size To Use:	  1024
[2020.12.16-15.48.36:059][340]LogAudioMixer: Display: 	Number of buffers to queue:			  2
[2020.12.16-15.48.36:059][340]LogAudioMixer: Display: 	Max Channels (voices):				  32
[2020.12.16-15.48.36:059][340]LogAudioMixer: Display: 	Number of Async Source Workers:		  0
[2020.12.16-15.48.36:059][340]LogAudio: Display: AudioDevice MaxSources: 32
[2020.12.16-15.48.36:059][340]LogAudio: Display: Using built-in audio occlusion.
[2020.12.16-15.48.36:059][340]LogAudioMixer: Display: Initializing audio mixer.
[2020.12.16-15.48.36:068][340]LogAudioMixer: Display: 0: FrontLeft
[2020.12.16-15.48.36:069][340]LogAudioMixer: Display: 1: FrontRight
[2020.12.16-15.48.36:069][340]LogAudioMixer: Display: 2: FrontCenter
[2020.12.16-15.48.36:069][340]LogAudioMixer: Display: 3: LowFrequency
[2020.12.16-15.48.36:069][340]LogAudioMixer: Display: 4: BackLeft
[2020.12.16-15.48.36:069][340]LogAudioMixer: Display: 5: BackRight
[2020.12.16-15.48.36:069][340]LogAudioMixer: Display: 6: SideLeft
[2020.12.16-15.48.36:069][340]LogAudioMixer: Display: 7: SideRight
[2020.12.16-15.48.36:128][340]LogAudioMixer: Display: Using Audio Device Högtalare (Realtek High Definition Audio)
[2020.12.16-15.48.36:128][340]LogAudioMixer: Display: Initializing Sound Submixes...
[2020.12.16-15.48.36:128][340]LogAudioMixer: Display: Creating Master Submix 'MasterSubmixDefault'
[2020.12.16-15.48.36:128][340]LogAudioMixer: Display: Creating Master Submix 'MasterReverbSubmixDefault'
[2020.12.16-15.48.36:129][340]LogAudioMixer: Display: Creating Master Submix 'MasterEQSubmixDefault'
[2020.12.16-15.48.36:144][340]LogInit: FAudioDevice initialized.
[2020.12.16-15.48.36:172][340]LogSlate: Updating window title bar state: overlay mode, drag disabled, window buttons hidden, title bar hidden
[2020.12.16-15.48.36:179][340]LogLoad: Game class is 'BP_Network_AssignmentGameMode_C'
[2020.12.16-15.48.36:181][340]LogWorld: Bringing World /Game/Maps/UEDPIE_0_MY_Map.My_Map up for play (max tick rate 0) at 2020.12.16-16.48.36
[2020.12.16-15.48.36:184][340]LogWorld: Bringing up level for play took: 0.003829
[2020.12.16-15.48.36:188][340]LogOnline: OSS: Creating online subsystem instance for: :Context_1
[2020.12.16-15.48.36:195][340]LogContentBrowser: Native class hierarchy updated for 'MovieSceneCapture' in 0.0008 seconds. Added 20 classes and 0 folders.
[2020.12.16-15.48.36:197][340]LogNet: ReplicationDriverClass is null! Not using ReplicationDriver.
[2020.12.16-15.48.36:197][340]LogNetCore: DDoS detection status: detection enabled: 0 analytics enabled: 0
[2020.12.16-15.48.36:197][340]LogInit: WinSock: Socket queue. Rx: 131072 (config 131072) Tx: 131072 (config 131072)
[2020.12.16-15.48.36:197][340]LogNet: Created socket for bind address: 0.0.0.0 on port 17777
[2020.12.16-15.48.36:197][340]PacketHandlerLog: Loaded PacketHandler component: Engine.EngineHandlerComponentFactory (StatelessConnectHandlerComponent)
[2020.12.16-15.48.36:197][340]LogNet: GameNetDriver IpNetDriver_0 IpNetDriver listening on port 17777
[2020.12.16-15.48.36:200][340]PIE: Server logged in
[2020.12.16-15.48.36:202][340]PIE: Play in editor total start time 0,174 seconds.
[2020.12.16-15.48.36:204][340]LogAudioMixer: Display: Audio Mixer Platform Settings:
[2020.12.16-15.48.36:204][340]LogAudioMixer: Display: 	Sample Rate:						  48000
[2020.12.16-15.48.36:204][340]LogAudioMixer: Display: 	Callback Buffer Frame Size Requested: 1024
[2020.12.16-15.48.36:204][340]LogAudioMixer: Display: 	Callback Buffer Frame Size To Use:	  1024
[2020.12.16-15.48.36:204][340]LogAudioMixer: Display: 	Number of buffers to queue:			  2
[2020.12.16-15.48.36:204][340]LogAudioMixer: Display: 	Max Channels (voices):				  32
[2020.12.16-15.48.36:204][340]LogAudioMixer: Display: 	Number of Async Source Workers:		  0
[2020.12.16-15.48.36:205][340]LogAudio: Display: AudioDevice MaxSources: 32
[2020.12.16-15.48.36:205][340]LogAudio: Display: Using built-in audio occlusion.
[2020.12.16-15.48.36:206][340]LogAudioMixer: Display: Initializing audio mixer.
[2020.12.16-15.48.36:215][340]LogAudioMixer: Display: 0: FrontLeft
[2020.12.16-15.48.36:215][340]LogAudioMixer: Display: 1: FrontRight
[2020.12.16-15.48.36:215][340]LogAudioMixer: Display: 2: FrontCenter
[2020.12.16-15.48.36:215][340]LogAudioMixer: Display: 3: LowFrequency
[2020.12.16-15.48.36:215][340]LogAudioMixer: Display: 4: BackLeft
[2020.12.16-15.48.36:215][340]LogAudioMixer: Display: 5: BackRight
[2020.12.16-15.48.36:215][340]LogAudioMixer: Display: 6: SideLeft
[2020.12.16-15.48.36:215][340]LogAudioMixer: Display: 7: SideRight
[2020.12.16-15.48.36:272][340]LogAudioMixer: Display: Using Audio Device Högtalare (Realtek High Definition Audio)
[2020.12.16-15.48.36:272][340]LogAudioMixer: Display: Initializing Sound Submixes...
[2020.12.16-15.48.36:272][340]LogAudioMixer: Display: Creating Master Submix 'MasterSubmixDefault'
[2020.12.16-15.48.36:272][340]LogAudioMixer: Display: Creating Master Submix 'MasterReverbSubmixDefault'
[2020.12.16-15.48.36:273][340]LogAudioMixer: Display: Creating Master Submix 'MasterEQSubmixDefault'
[2020.12.16-15.48.36:288][340]LogInit: FAudioDevice initialized.
[2020.12.16-15.48.36:321][340]LogSlate: Updating window title bar state: overlay mode, drag disabled, window buttons hidden, title bar hidden
[2020.12.16-15.48.36:321][340]LogNet: Browse: 127.0.0.1:17777/Game/StarterContent/Maps/Minimal_Default
[2020.12.16-15.48.36:325][340]LogInit: WinSock: Socket queue. Rx: 32768 (config 32768) Tx: 32768 (config 32768)
[2020.12.16-15.48.36:325][340]LogNet: Created socket for bind address: 0.0.0.0 on port 0
[2020.12.16-15.48.36:326][340]PacketHandlerLog: Loaded PacketHandler component: Engine.EngineHandlerComponentFactory (StatelessConnectHandlerComponent)
[2020.12.16-15.48.36:326][340]LogNet: Game client on port 17777, rate 10000
[2020.12.16-15.48.36:328][340]PIE: Client logged in
[2020.12.16-15.48.36:329][340]PIE: Play in editor total start time 0,302 seconds.
[2020.12.16-15.48.41:302][341]LogNet: UNetDriver::TickDispatch: Very long time between ticks. DeltaTime: 5.27, Realtime: 4.97. IpNetDriver_0
[2020.12.16-15.48.41:304][341]LogNet: NotifyAcceptingConnection accepted from: 127.0.0.1:52373
[2020.12.16-15.48.41:304][341]LogHandshake: SendConnectChallenge. Timestamp: 5.281423, Cookie: 122037106189170138170001161115037055085184028182191037126034
[2020.12.16-15.48.42:734][341]LogNet: UNetDriver::TickDispatch: Very long time between ticks. DeltaTime: 5.27, Realtime: 1.61. IpNetDriver_1
[2020.12.16-15.48.42:734][341]LogHandshake: SendChallengeResponse. Timestamp: 5.281423, Cookie: 122037106189170138170001161115037055085184028182191037126034
[2020.12.16-15.48.42:769][342]LogNet: NotifyAcceptingConnection accepted from: 127.0.0.1:52373
[2020.12.16-15.48.42:769][342]LogHandshake: SendChallengeAck. InCookie: 122037106189170138170001161115037055085184028182191037126034
[2020.12.16-15.48.42:769][342]LogNet: Server accepting post-challenge connection from: 127.0.0.1:52373
[2020.12.16-15.48.42:770][342]PacketHandlerLog: Loaded PacketHandler component: Engine.EngineHandlerComponentFactory (StatelessConnectHandlerComponent)
[2020.12.16-15.48.42:770][342]LogNet: NotifyAcceptedConnection: Name: My_Map, TimeStamp: 12/16/20 16:48:42, [UNetConnection] RemoteAddr: 127.0.0.1:52373, Name: IpConnection_1, Driver: GameNetDriver IpNetDriver_0, IsServer: YES, PC: NULL, Owner: NULL, UniqueId: INVALID
[2020.12.16-15.48.42:772][342]LogNet: AddClientConnection: Added client connection: [UNetConnection] RemoteAddr: 127.0.0.1:52373, Name: IpConnection_1, Driver: GameNetDriver IpNetDriver_0, IsServer: YES, PC: NULL, Owner: NULL, UniqueId: INVALID
[2020.12.16-15.48.43:087][342]LogNetVersion: Network_Assignment 1.0.0.0, NetCL: 13144385, EngineNetVer: 14, GameNetVer: 0 (Checksum: 1736288989)
[2020.12.16-15.48.43:088][342]LogNet: UPendingNetGame::SendInitialJoin: Sending hello. [UNetConnection] RemoteAddr: 127.0.0.1:17777, Name: IpConnection_0, Driver: PendingNetDriver IpNetDriver_1, IsServer: NO, PC: NULL, Owner: NULL, UniqueId: INVALID
[2020.12.16-15.48.43:101][343]LogNet: NotifyAcceptingChannel Control 0 server World /Game/Maps/UEDPIE_0_MY_Map.My_Map: Accepted
[2020.12.16-15.48.43:101][343]LogNet: Remote platform little endian=1
[2020.12.16-15.48.43:102][343]LogNet: This platform little endian=1
[2020.12.16-15.48.43:311][343]LogOnline: OSS: Creating online subsystem instance for: :Context_2
[2020.12.16-15.48.43:434][344]LogNet: Login request: ?Name=LEON-DATOR-A7C8BC9A44ACEFFC0A50B0A355064546 userId: NULL:LEON-DATOR-A7C8BC9A44ACEFFC0A50B0A355064546 platform: NULL
[2020.12.16-15.48.43:644][344]LogNet: Welcomed by server (Level: /Game/Maps/UEDPIE_0_MY_Map, Game: /Game/Blueprints/BP_Network_AssignmentGameMode.BP_Network_AssignmentGameMode_C)
[2020.12.16-15.48.43:644][344]LogLoad: LoadMap: 127.0.0.1:17777/Game/Maps/UEDPIE_0_MY_Map?game=/Game/Blueprints/BP_Network_AssignmentGameMode.BP_Network_AssignmentGameMode_C
[2020.12.16-15.48.43:644][344]LogWorld: BeginTearingDown for /Temp/Untitled_1
[2020.12.16-15.48.43:645][344]LogWorld: UWorld::CleanupWorld for Untitled, bSessionEnded=true, bCleanupResources=true
[2020.12.16-15.48.43:645][344]LogSlate: InvalidateAllWidgets triggered.  All widgets were invalidated
[2020.12.16-15.48.43:661][344]LogUObjectHash: Compacting FUObjectHashTables data took   1.04ms
[2020.12.16-15.48.43:671][344]LogAIModule: Creating AISystem for world My_Map
[2020.12.16-15.48.43:671][344]LogAISub: UAISubsystem::UAISubsystem EnvQueryManager (00000267BE55C200), frame # 344
[2020.12.16-15.48.43:671][344]LogAISub: UAISubsystem::UAISubsystem AIPerceptionSystem (00000267BE595D00), frame # 344
[2020.12.16-15.48.43:673][344]LogWorld: Bringing World /Game/Maps/UEDPIE_1_MY_Map.My_Map up for play (max tick rate 3) at 2020.12.16-16.48.43
[2020.12.16-15.48.43:674][344]LogWorld: Bringing up level for play took: 0.000789
[2020.12.16-15.48.43:674][344]LogLoad: Took 0.029747 seconds to LoadMap(/Game/Maps/UEDPIE_0_MY_Map)
[2020.12.16-15.48.43:779][345]LogNet: Client netspeed is 10000
[2020.12.16-15.48.43:779][345]LogNet: Join request: /Game/StarterContent/Maps/Minimal_Default?Name=LEON-DATOR-A7C8BC9A44ACEFFC0A50B0A355064546?SplitscreenCount=1
[2020.12.16-15.48.43:781][345]LogOnlineSession: Warning: OSS: No game present to join for session (GameSession)
[2020.12.16-15.48.43:783][345]LogNet: Join succeeded: LEON-DATOR-A7C8BC9A4
[2020.12.16-15.48.44:394][346]LogOnlineSession: Warning: OSS: No game present to join for session (GameSession)
[2020.12.16-15.48.44:396][346]LogOnlineSession: Warning: OSS: No game present to join for session (GameSession)
[2020.12.16-15.48.57:624][349]LogTemp: Resetting audio stream to device id 
[2020.12.16-15.48.57:677][349]LogAudioMixer: Display: 0: FrontLeft
[2020.12.16-15.48.57:677][349]LogAudioMixer: Display: 1: FrontRight
[2020.12.16-15.48.57:677][349]LogAudioMixer: Display: 2: FrontCenter
[2020.12.16-15.48.57:677][349]LogAudioMixer: Display: 3: LowFrequency
[2020.12.16-15.48.57:678][349]LogAudioMixer: Display: 4: BackLeft
[2020.12.16-15.48.57:678][349]LogAudioMixer: Display: 5: BackRight
[2020.12.16-15.48.57:678][349]LogAudioMixer: Display: 6: SideLeft
[2020.12.16-15.48.57:678][349]LogAudioMixer: Display: 7: SideRight
[2020.12.16-15.48.57:759][350]LogNet: UNetDriver::TickDispatch: Very long time between ticks. DeltaTime: 9.99, Realtime: 9.99. IpNetDriver_0
[2020.12.16-15.48.57:761][350]LogNet: UNetDriver::TickDispatch: Very long time between ticks. DeltaTime: 9.99, Realtime: 9.46. IpNetDriver_1
[2020.12.16-15.49.42:738][110]LogNet: UNetDriver::TickDispatch: Very long time between ticks. DeltaTime: 0.33, Realtime: 30.46. IpNetDriver_1
[2020.12.16-15.49.57:374][111]LogNet: UNetDriver::TickDispatch: Very long time between ticks. DeltaTime: 44.73, Realtime: 44.76. IpNetDriver_0
[2020.12.16-15.50.48:885][111]LogNet: UNetDriver::TickDispatch: Very long time between ticks. DeltaTime: 44.73, Realtime: 66.15. IpNetDriver_1
[2020.12.16-15.50.56:722][112]LogNet: UNetDriver::TickDispatch: Very long time between ticks. DeltaTime: 59.35, Realtime: 59.35. IpNetDriver_0
[2020.12.16-15.50.56:724][112]LogNet: UNetDriver::TickDispatch: Very long time between ticks. DeltaTime: 59.35, Realtime: 7.84. IpNetDriver_1
[2020.12.16-15.51.35:522][477]LogNet: UNetDriver::TickDispatch: Very long time between ticks. DeltaTime: 0.34, Realtime: 13.50. IpNetDriver_1
