Log file open, 01/27/21 16:40:58
LogInit: Display: Running engine for game: Network_Assignment
LogPlatformFile: Not using cached read wrapper
LogTaskGraph: Started task graph with 5 named threads and 14 total threads with 3 sets of task threads.
LogStats: Stats thread started at 0.402932
LogD3D11RHI: Loaded GFSDK_Aftermath_Lib.x64.dll
LogICUInternationalization: ICU TimeZone Detection - Raw Offset: +1:00, Platform Override: ''
LogPluginManager: Mounting plugin Paper2D
LogPluginManager: Mounting plugin AISupport
LogPluginManager: Mounting plugin LightPropagationVolume
LogPluginManager: Mounting plugin CameraShakePreviewer
LogPluginManager: Mounting plugin ActorLayerUtilities
LogPluginManager: Mounting plugin AnimationSharing
LogPluginManager: Mounting plugin CLionSourceCodeAccess
LogPluginManager: Mounting plugin CodeLiteSourceCodeAccess
LogPluginManager: Mounting plugin GitSourceControl
LogPluginManager: Mounting plugin KDevelopSourceCodeAccess
LogPluginManager: Mounting plugin NullSourceCodeAccess
LogPluginManager: Mounting plugin PerforceSourceControl
LogPluginManager: Mounting plugin PlasticSourceControl
LogPluginManager: Mounting plugin RiderSourceCodeAccess
LogPluginManager: Mounting plugin SubversionSourceControl
LogPluginManager: Mounting plugin UObjectPlugin
LogPluginManager: Mounting plugin VisualStudioCodeSourceCodeAccess
LogPluginManager: Mounting plugin VisualStudioSourceCodeAccess
LogPluginManager: Mounting plugin XCodeSourceCodeAccess
LogPluginManager: Mounting plugin AssetManagerEditor
LogPluginManager: Mounting plugin CryptoKeys
LogPluginManager: Mounting plugin CurveEditorTools
LogPluginManager: Mounting plugin DataValidation
LogPluginManager: Mounting plugin EditorScriptingUtilities
LogPluginManager: Mounting plugin FacialAnimation
LogPluginManager: Mounting plugin GameplayTagsEditor
LogPluginManager: Mounting plugin GeometryMode
LogPluginManager: Mounting plugin MacGraphicsSwitching
LogPluginManager: Mounting plugin MaterialAnalyzer
LogPluginManager: Mounting plugin MobileLauncherProfileWizard
LogPluginManager: Mounting plugin PluginBrowser
LogPluginManager: Mounting plugin SpeedTreeImporter
LogPluginManager: Mounting plugin DatasmithContent
LogPluginManager: Mounting plugin VariantManagerContent
LogPluginManager: Mounting plugin AlembicImporter
LogPluginManager: Mounting plugin AutomationUtils
LogPluginManager: Mounting plugin BackChannel
LogPluginManager: Mounting plugin ChaosCloth
LogPluginManager: Mounting plugin ChaosClothEditor
LogPluginManager: Mounting plugin ChaosEditor
LogPluginManager: Mounting plugin ChaosNiagara
LogPluginManager: Mounting plugin ChaosSolverPlugin
LogPluginManager: Mounting plugin CharacterAI
LogPluginManager: Mounting plugin GeometryCache
LogPluginManager: Mounting plugin GeometryCollectionPlugin
LogPluginManager: Mounting plugin GeometryProcessing
LogPluginManager: Mounting plugin PlanarCut
LogPluginManager: Mounting plugin PlatformCrypto
LogPluginManager: Mounting plugin ProxyLODPlugin
LogPluginManager: Mounting plugin SkeletalReduction
LogPluginManager: Mounting plugin Niagara
LogPluginManager: Mounting plugin MagicLeap
LogPluginManager: Mounting plugin MagicLeapLightEstimation
LogPluginManager: Mounting plugin MagicLeapMedia
LogPluginManager: Mounting plugin MagicLeapPassableWorld
LogPluginManager: Mounting plugin MLSDK
LogPluginManager: Mounting plugin AndroidMedia
LogPluginManager: Mounting plugin AvfMedia
LogPluginManager: Mounting plugin ImgMedia
LogPluginManager: Mounting plugin MediaCompositing
LogPluginManager: Mounting plugin MediaPlayerEditor
LogPluginManager: Mounting plugin WebMMedia
LogPluginManager: Mounting plugin WmfMedia
LogPluginManager: Mounting plugin MeshPainting
LogPluginManager: Mounting plugin TcpMessaging
LogPluginManager: Mounting plugin UdpMessaging
LogPluginManager: Mounting plugin ActorSequence
LogPluginManager: Mounting plugin LevelSequenceEditor
LogPluginManager: Mounting plugin MatineeToLevelSequence
LogPluginManager: Mounting plugin MovieRenderPipeline
LogPluginManager: Mounting plugin TemplateSequence
LogPluginManager: Mounting plugin NetcodeUnitTest
LogPluginManager: Mounting plugin NUTUnrealEngine4
LogPluginManager: Mounting plugin OnlineSubsystemGooglePlay
LogPluginManager: Mounting plugin OnlineSubsystemIOS
LogPluginManager: Mounting plugin OnlineSubsystem
LogPluginManager: Mounting plugin OnlineSubsystemNull
LogPluginManager: Mounting plugin OnlineSubsystemUtils
LogPluginManager: Mounting plugin LauncherChunkInstaller
LogPluginManager: Mounting plugin AndroidDeviceProfileSelector
LogPluginManager: Mounting plugin AndroidMoviePlayer
LogPluginManager: Mounting plugin AndroidPermission
LogPluginManager: Mounting plugin AppleImageUtils
LogPluginManager: Mounting plugin AppleMoviePlayer
LogPluginManager: Mounting plugin ArchVisCharacter
LogPluginManager: Mounting plugin AssetTags
LogPluginManager: Mounting plugin AudioCapture
LogPluginManager: Mounting plugin CableComponent
LogPluginManager: Mounting plugin CustomMeshComponent
LogPluginManager: Mounting plugin EditableMesh
LogPluginManager: Mounting plugin ExampleDeviceProfileSelector
LogPluginManager: Mounting plugin GoogleCloudMessaging
LogPluginManager: Mounting plugin GooglePAD
LogPluginManager: Mounting plugin IOSDeviceProfileSelector
LogPluginManager: Mounting plugin LinuxDeviceProfileSelector
LogPluginManager: Mounting plugin LocationServicesBPLibrary
LogPluginManager: Mounting plugin MobilePatchingUtils
LogPluginManager: Mounting plugin OculusVR
LogPluginManager: Mounting plugin PhysXVehicles
LogPluginManager: Mounting plugin PostSplashScreen
LogPluginManager: Mounting plugin ProceduralMeshComponent
LogPluginManager: Mounting plugin RuntimePhysXCooking
LogPluginManager: Mounting plugin SignificanceManager
LogPluginManager: Mounting plugin SoundFields
LogPluginManager: Mounting plugin SteamVR
LogPluginManager: Mounting plugin Synthesis
LogPluginManager: Mounting plugin WebMMoviePlayer
LogPluginManager: Mounting plugin WindowsMoviePlayer
LogPluginManager: Mounting plugin ScreenshotTools
LogInit: Using libcurl 7.55.1-DEV
LogInit:  - built for x86_64-pc-win32
LogInit:  - supports SSL with OpenSSL/1.1.1
LogInit:  - supports HTTP deflate (compression) using libz 1.2.8
LogInit:  - other features:
LogInit:      CURL_VERSION_SSL
LogInit:      CURL_VERSION_LIBZ
LogInit:      CURL_VERSION_IPV6
LogInit:      CURL_VERSION_ASYNCHDNS
LogInit:      CURL_VERSION_LARGEFILE
LogInit:      CURL_VERSION_IDN
LogInit:  CurlRequestOptions (configurable via config and command line):
LogInit:  - bVerifyPeer = true  - Libcurl will verify peer certificate
LogInit:  - bUseHttpProxy = false  - Libcurl will NOT use HTTP proxy
LogInit:  - bDontReuseConnections = false  - Libcurl will reuse connections
LogInit:  - MaxHostConnections = 16  - Libcurl will limit the number of connections to a host
LogInit:  - LocalHostAddr = Default
LogInit:  - BufferSize = 65536
LogOnline: OSS: Creating online subsystem instance for: NULL
LogInit: WinSock: version 1.1 (2.2), MaxSocks=32767, MaxUdp=65467
LogOnline: OSS: TryLoadSubsystemAndSetDefault: Loaded subsystem for module [NULL]
LogInit: Build: ++UE4+Release-4.25-CL-14469661
LogInit: Engine Version: 4.25.4-14469661+++UE4+Release-4.25
LogInit: Compatible Engine Version: 4.25.0-13144385+++UE4+Release-4.25
LogInit: Net CL: 13144385
LogInit: OS: Windows 10 (Release 1909) (), CPU:        Intel(R) Core(TM) i5-3570K CPU @ 3.40GHz, GPU: NVIDIA GeForce GTX 970
LogInit: Compiled (64-bit): Oct 11 2020 08:10:49
LogInit: Compiled with Visual C++: 19.24.28315.00
LogInit: Build Configuration: Development
LogInit: Branch Name: ++UE4+Release-4.25
LogInit: Command Line:  -skipcompile
LogInit: Base Directory: D:/EpicGames/UE_4.25/Engine/Binaries/Win64/
LogInit: Allocator: TBB
LogInit: Installed Engine Build: 1
LogDevObjectVersion: Number of dev versions registered: 26
LogDevObjectVersion:   Dev-Blueprints (B0D832E4-1F89-4F0D-ACCF-7EB736FD4AA2): 10
LogDevObjectVersion:   Dev-Build (E1C64328-A22C-4D53-A36C-8E866417BD8C): 0
LogDevObjectVersion:   Dev-Core (375EC13C-06E4-48FB-B500-84F0262A717E): 4
LogDevObjectVersion:   Dev-Editor (E4B068ED-F494-42E9-A231-DA0B2E46BB41): 38
LogDevObjectVersion:   Dev-Framework (CFFC743F-43B0-4480-9391-14DF171D2073): 37
LogDevObjectVersion:   Dev-Mobile (B02B49B5-BB20-44E9-A304-32B752E40360): 2
LogDevObjectVersion:   Dev-Networking (A4E4105C-59A1-49B5-A7C5-40C4547EDFEE): 0
LogDevObjectVersion:   Dev-Online (39C831C9-5AE6-47DC-9A44-9C173E1C8E7C): 0
LogDevObjectVersion:   Dev-Physics (78F01B33-EBEA-4F98-B9B4-84EACCB95AA2): 4
LogDevObjectVersion:   Dev-Platform (6631380F-2D4D-43E0-8009-CF276956A95A): 0
LogDevObjectVersion:   Dev-Rendering (12F88B9F-8875-4AFC-A67C-D90C383ABD29): 43
LogDevObjectVersion:   Dev-Sequencer (7B5AE74C-D270-4C10-A958-57980B212A5A): 12
LogDevObjectVersion:   Dev-VR (D7296918-1DD6-4BDD-9DE2-64A83CC13884): 3
LogDevObjectVersion:   Dev-LoadTimes (C2A15278-BFE7-4AFE-6C17-90FF531DF755): 1
LogDevObjectVersion:   Private-Geometry (6EACA3D4-40EC-4CC1-B786-8BED09428FC5): 3
LogDevObjectVersion:   Dev-AnimPhys (29E575DD-E0A3-4627-9D10-D276232CDCEA): 17
LogDevObjectVersion:   Dev-Anim (AF43A65D-7FD3-4947-9873-3E8ED9C1BB05): 7
LogDevObjectVersion:   Dev-ReflectionCapture (6B266CEC-1EC7-4B8F-A30B-E4D90942FC07): 1
LogDevObjectVersion:   Dev-Automation (0DF73D61-A23F-47EA-B727-89E90C41499A): 1
LogDevObjectVersion:   FortniteMain (601D1886-AC64-4F84-AA16-D3DE0DEAC7D6): 31
LogDevObjectVersion:   Dev-Enterprise (9DFFBCD6-494F-0158-E221-12823C92A888): 10
LogDevObjectVersion:   Dev-Niagara (F2AED0AC-9AFE-416F-8664-AA7FFA26D6FC): 1
LogDevObjectVersion:   Dev-Destruction (174F1F0B-B4C6-45A5-B13F-2EE8D0FB917D): 10
LogDevObjectVersion:   Dev-Physics-Ext (35F94A83-E258-406C-A318-09F59610247C): 37
LogDevObjectVersion:   Dev-PhysicsMaterial-Chaos (B68FC16E-8B1B-42E2-B453-215C058844FE): 1
LogDevObjectVersion:   Dev-CineCamera (B2E18506-4273-CFC2-A54E-F4BB758BBA07): 1
LogInit: Presizing for max 25165824 objects, including 0 objects not considered by GC, pre-allocating 0 bytes for permanent pool.
LogConfig: Applying CVar settings from Section [/Script/Engine.StreamingSettings] File [D:/Unreal Engine/Network_Assignment/Network_Assignment/Saved/Config/Windows/Engine.ini]
LogConfig: Setting CVar [[s.MinBulkDataSizeForAsyncLoading:131072]]
LogConfig: Setting CVar [[s.AsyncLoadingThreadEnabled:0]]
LogConfig: Setting CVar [[s.EventDrivenLoaderEnabled:1]]
LogConfig: Setting CVar [[s.WarnIfTimeLimitExceeded:0]]
LogConfig: Setting CVar [[s.TimeLimitExceededMultiplier:1.5]]
LogConfig: Setting CVar [[s.TimeLimitExceededMinTime:0.005]]
LogConfig: Setting CVar [[s.UseBackgroundLevelStreaming:1]]
LogConfig: Setting CVar [[s.PriorityAsyncLoadingExtraTime:15.0]]
LogConfig: Setting CVar [[s.LevelStreamingActorsUpdateTimeLimit:5.0]]
LogConfig: Setting CVar [[s.PriorityLevelStreamingActorsUpdateExtraTime:5.0]]
LogConfig: Setting CVar [[s.LevelStreamingComponentsRegistrationGranularity:10]]
LogConfig: Setting CVar [[s.UnregisterComponentsTimeLimit:1.0]]
LogConfig: Setting CVar [[s.LevelStreamingComponentsUnregistrationGranularity:5]]
LogConfig: Setting CVar [[s.FlushStreamingOnExit:1]]
LogInit: Object subsystem initialized
LogConfig: Setting CVar [[con.DebugEarlyDefault:1]]
LogConfig: Setting CVar [[r.setres:1280x720]]
[2021.01.27-15.40.58:792][  0]LogConfig: Setting CVar [[r.VSync:0]]
[2021.01.27-15.40.58:792][  0]LogConfig: Setting CVar [[r.RHICmdBypass:0]]
[2021.01.27-15.40.58:793][  0]LogConfig: Applying CVar settings from Section [/Script/Engine.RendererSettings] File [D:/Unreal Engine/Network_Assignment/Network_Assignment/Saved/Config/Windows/Engine.ini]
[2021.01.27-15.40.58:793][  0]LogConfig: Setting CVar [[r.GPUCrashDebugging:0]]
[2021.01.27-15.40.58:793][  0]LogConfig: Applying CVar settings from Section [/Script/Engine.RendererOverrideSettings] File [D:/Unreal Engine/Network_Assignment/Network_Assignment/Saved/Config/Windows/Engine.ini]
[2021.01.27-15.40.58:793][  0]LogConfig: Applying CVar settings from Section [/Script/Engine.StreamingSettings] File [D:/Unreal Engine/Network_Assignment/Network_Assignment/Saved/Config/Windows/Engine.ini]
[2021.01.27-15.40.58:793][  0]LogConfig: Setting CVar [[s.MinBulkDataSizeForAsyncLoading:131072]]
[2021.01.27-15.40.58:793][  0]LogConfig: Setting CVar [[s.AsyncLoadingThreadEnabled:0]]
[2021.01.27-15.40.58:793][  0]LogConfig: Setting CVar [[s.EventDrivenLoaderEnabled:1]]
[2021.01.27-15.40.58:793][  0]LogConfig: Setting CVar [[s.WarnIfTimeLimitExceeded:0]]
[2021.01.27-15.40.58:794][  0]LogConfig: Setting CVar [[s.TimeLimitExceededMultiplier:1.5]]
[2021.01.27-15.40.58:794][  0]LogConfig: Setting CVar [[s.TimeLimitExceededMinTime:0.005]]
[2021.01.27-15.40.58:794][  0]LogConfig: Setting CVar [[s.UseBackgroundLevelStreaming:1]]
[2021.01.27-15.40.58:794][  0]LogConfig: Setting CVar [[s.PriorityAsyncLoadingExtraTime:15.0]]
[2021.01.27-15.40.58:794][  0]LogConfig: Setting CVar [[s.LevelStreamingActorsUpdateTimeLimit:5.0]]
[2021.01.27-15.40.58:794][  0]LogConfig: Setting CVar [[s.PriorityLevelStreamingActorsUpdateExtraTime:5.0]]
[2021.01.27-15.40.58:794][  0]LogConfig: Setting CVar [[s.LevelStreamingComponentsRegistrationGranularity:10]]
[2021.01.27-15.40.58:794][  0]LogConfig: Setting CVar [[s.UnregisterComponentsTimeLimit:1.0]]
[2021.01.27-15.40.58:794][  0]LogConfig: Setting CVar [[s.LevelStreamingComponentsUnregistrationGranularity:5]]
[2021.01.27-15.40.58:794][  0]LogConfig: Setting CVar [[s.FlushStreamingOnExit:1]]
[2021.01.27-15.40.58:794][  0]LogConfig: Applying CVar settings from Section [/Script/Engine.GarbageCollectionSettings] File [D:/Unreal Engine/Network_Assignment/Network_Assignment/Saved/Config/Windows/Engine.ini]
[2021.01.27-15.40.58:794][  0]LogConfig: Setting CVar [[gc.MaxObjectsNotConsideredByGC:1]]
[2021.01.27-15.40.58:794][  0]LogConfig: Setting CVar [[gc.SizeOfPermanentObjectPool:0]]
[2021.01.27-15.40.58:794][  0]LogConfig: Setting CVar [[gc.FlushStreamingOnGC:0]]
[2021.01.27-15.40.58:794][  0]LogConfig: Setting CVar [[gc.NumRetriesBeforeForcingGC:10]]
[2021.01.27-15.40.58:794][  0]LogConfig: Setting CVar [[gc.AllowParallelGC:1]]
[2021.01.27-15.40.58:794][  0]LogConfig: Setting CVar [[gc.TimeBetweenPurgingPendingKillObjects:61.1]]
[2021.01.27-15.40.58:794][  0]LogConfig: Setting CVar [[gc.MaxObjectsInEditor:25165824]]
[2021.01.27-15.40.58:795][  0]LogConfig: Setting CVar [[gc.IncrementalBeginDestroyEnabled:1]]
[2021.01.27-15.40.58:795][  0]LogConfig: Setting CVar [[gc.CreateGCClusters:1]]
[2021.01.27-15.40.58:795][  0]LogConfig: Setting CVar [[gc.MinGCClusterSize:5]]
[2021.01.27-15.40.58:795][  0]LogConfig: Setting CVar [[gc.ActorClusteringEnabled:0]]
[2021.01.27-15.40.58:795][  0]LogConfig: Setting CVar [[gc.BlueprintClusteringEnabled:0]]
[2021.01.27-15.40.58:795][  0]LogConfig: Setting CVar [[gc.UseDisregardForGCOnDedicatedServers:0]]
[2021.01.27-15.40.58:795][  0]LogConfig: Applying CVar settings from Section [/Script/Engine.NetworkSettings] File [D:/Unreal Engine/Network_Assignment/Network_Assignment/Saved/Config/Windows/Engine.ini]
[2021.01.27-15.40.58:795][  0]LogConfig: Applying CVar settings from Section [/Script/UnrealEd.CookerSettings] File [D:/Unreal Engine/Network_Assignment/Network_Assignment/Saved/Config/Windows/Engine.ini]
[2021.01.27-15.40.58:810][  0]LogConfig: Applying CVar settings from Section [ViewDistanceQuality@3] File [D:/Unreal Engine/Network_Assignment/Network_Assignment/Saved/Config/Windows/Scalability.ini]
[2021.01.27-15.40.58:810][  0]LogConfig: Setting CVar [[r.SkeletalMeshLODBias:0]]
[2021.01.27-15.40.58:810][  0]LogConfig: Setting CVar [[r.ViewDistanceScale:1.0]]
[2021.01.27-15.40.58:810][  0]LogConfig: Applying CVar settings from Section [AntiAliasingQuality@3] File [D:/Unreal Engine/Network_Assignment/Network_Assignment/Saved/Config/Windows/Scalability.ini]
[2021.01.27-15.40.58:810][  0]LogConfig: Setting CVar [[r.PostProcessAAQuality:4]]
[2021.01.27-15.40.58:810][  0]LogConfig: Applying CVar settings from Section [ShadowQuality@3] File [D:/Unreal Engine/Network_Assignment/Network_Assignment/Saved/Config/Windows/Scalability.ini]
[2021.01.27-15.40.58:810][  0]LogConfig: Setting CVar [[r.LightFunctionQuality:1]]
[2021.01.27-15.40.58:810][  0]LogConfig: Setting CVar [[r.ShadowQuality:5]]
[2021.01.27-15.40.58:810][  0]LogConfig: Setting CVar [[r.Shadow.CSM.MaxCascades:10]]
[2021.01.27-15.40.58:811][  0]LogConfig: Setting CVar [[r.Shadow.MaxResolution:2048]]
[2021.01.27-15.40.58:811][  0]LogConfig: Setting CVar [[r.Shadow.MaxCSMResolution:2048]]
[2021.01.27-15.40.58:811][  0]LogConfig: Setting CVar [[r.Shadow.RadiusThreshold:0.01]]
[2021.01.27-15.40.58:811][  0]LogConfig: Setting CVar [[r.Shadow.DistanceScale:1.0]]
[2021.01.27-15.40.58:811][  0]LogConfig: Setting CVar [[r.Shadow.CSM.TransitionScale:1.0]]
[2021.01.27-15.40.58:811][  0]LogConfig: Setting CVar [[r.Shadow.PreShadowResolutionFactor:1.0]]
[2021.01.27-15.40.58:811][  0]LogConfig: Setting CVar [[r.DistanceFieldShadowing:1]]
[2021.01.27-15.40.58:811][  0]LogConfig: Setting CVar [[r.DistanceFieldAO:1]]
[2021.01.27-15.40.58:811][  0]LogConfig: Setting CVar [[r.AOQuality:2]]
[2021.01.27-15.40.58:811][  0]LogConfig: Setting CVar [[r.VolumetricFog:1]]
[2021.01.27-15.40.58:811][  0]LogConfig: Setting CVar [[r.VolumetricFog.GridPixelSize:8]]
[2021.01.27-15.40.58:811][  0]LogConfig: Setting CVar [[r.VolumetricFog.GridSizeZ:128]]
[2021.01.27-15.40.58:811][  0]LogConfig: Setting CVar [[r.VolumetricFog.HistoryMissSupersampleCount:4]]
[2021.01.27-15.40.58:811][  0]LogConfig: Setting CVar [[r.LightMaxDrawDistanceScale:1]]
[2021.01.27-15.40.58:811][  0]LogConfig: Setting CVar [[r.CapsuleShadows:1]]
[2021.01.27-15.40.58:811][  0]LogConfig: Applying CVar settings from Section [PostProcessQuality@3] File [D:/Unreal Engine/Network_Assignment/Network_Assignment/Saved/Config/Windows/Scalability.ini]
[2021.01.27-15.40.58:811][  0]LogConfig: Setting CVar [[r.MotionBlurQuality:4]]
[2021.01.27-15.40.58:811][  0]LogConfig: Setting CVar [[r.AmbientOcclusionMipLevelFactor:0.4]]
[2021.01.27-15.40.58:811][  0]LogConfig: Setting CVar [[r.AmbientOcclusionMaxQuality:100]]
[2021.01.27-15.40.58:811][  0]LogConfig: Setting CVar [[r.AmbientOcclusionLevels:-1]]
[2021.01.27-15.40.58:811][  0]LogConfig: Setting CVar [[r.AmbientOcclusionRadiusScale:1.0]]
[2021.01.27-15.40.58:812][  0]LogConfig: Setting CVar [[r.DepthOfFieldQuality:2]]
[2021.01.27-15.40.58:812][  0]LogConfig: Setting CVar [[r.RenderTargetPoolMin:400]]
[2021.01.27-15.40.58:812][  0]LogConfig: Setting CVar [[r.LensFlareQuality:2]]
[2021.01.27-15.40.58:812][  0]LogConfig: Setting CVar [[r.SceneColorFringeQuality:1]]
[2021.01.27-15.40.58:812][  0]LogConfig: Setting CVar [[r.EyeAdaptationQuality:2]]
[2021.01.27-15.40.58:812][  0]LogConfig: Setting CVar [[r.BloomQuality:5]]
[2021.01.27-15.40.58:812][  0]LogConfig: Setting CVar [[r.FastBlurThreshold:100]]
[2021.01.27-15.40.58:812][  0]LogConfig: Setting CVar [[r.Upscale.Quality:3]]
[2021.01.27-15.40.58:812][  0]LogConfig: Setting CVar [[r.Tonemapper.GrainQuantization:1]]
[2021.01.27-15.40.58:812][  0]LogConfig: Setting CVar [[r.LightShaftQuality:1]]
[2021.01.27-15.40.58:812][  0]LogConfig: Setting CVar [[r.Filter.SizeScale:1]]
[2021.01.27-15.40.58:812][  0]LogConfig: Setting CVar [[r.Tonemapper.Quality:5]]
[2021.01.27-15.40.58:812][  0]LogConfig: Setting CVar [[r.DOF.Gather.AccumulatorQuality:1        ; higher gathering accumulator quality]]
[2021.01.27-15.40.58:812][  0]LogConfig: Setting CVar [[r.DOF.Gather.PostfilterMethod:1          ; Median3x3 postfilering method]]
[2021.01.27-15.40.58:812][  0]LogConfig: Setting CVar [[r.DOF.Gather.EnableBokehSettings:0       ; no bokeh simulation when gathering]]
[2021.01.27-15.40.58:812][  0]LogConfig: Setting CVar [[r.DOF.Gather.RingCount:4                 ; medium number of samples when gathering]]
[2021.01.27-15.40.58:812][  0]LogConfig: Setting CVar [[r.DOF.Scatter.ForegroundCompositing:1    ; additive foreground scattering]]
[2021.01.27-15.40.58:812][  0]LogConfig: Setting CVar [[r.DOF.Scatter.BackgroundCompositing:2    ; additive background scattering]]
[2021.01.27-15.40.58:812][  0]LogConfig: Setting CVar [[r.DOF.Scatter.EnableBokehSettings:1      ; bokeh simulation when scattering]]
[2021.01.27-15.40.58:812][  0]LogConfig: Setting CVar [[r.DOF.Scatter.MaxSpriteRatio:0.1         ; only a maximum of 10% of scattered bokeh]]
[2021.01.27-15.40.58:812][  0]LogConfig: Setting CVar [[r.DOF.Recombine.Quality:1                ; cheap slight out of focus]]
[2021.01.27-15.40.58:812][  0]LogConfig: Setting CVar [[r.DOF.Recombine.EnableBokehSettings:0    ; no bokeh simulation on slight out of focus]]
[2021.01.27-15.40.58:813][  0]LogConfig: Setting CVar [[r.DOF.TemporalAAQuality:1                ; more stable temporal accumulation]]
[2021.01.27-15.40.58:813][  0]LogConfig: Setting CVar [[r.DOF.Kernel.MaxForegroundRadius:0.025]]
[2021.01.27-15.40.58:813][  0]LogConfig: Setting CVar [[r.DOF.Kernel.MaxBackgroundRadius:0.025]]
[2021.01.27-15.40.58:813][  0]LogConfig: Applying CVar settings from Section [TextureQuality@3] File [D:/Unreal Engine/Network_Assignment/Network_Assignment/Saved/Config/Windows/Scalability.ini]
[2021.01.27-15.40.58:813][  0]LogConfig: Setting CVar [[r.Streaming.MipBias:0]]
[2021.01.27-15.40.58:813][  0]LogConfig: Setting CVar [[r.Streaming.AmortizeCPUToGPUCopy:0]]
[2021.01.27-15.40.58:813][  0]LogConfig: Setting CVar [[r.Streaming.MaxNumTexturesToStreamPerFrame:0]]
[2021.01.27-15.40.58:813][  0]LogConfig: Setting CVar [[r.Streaming.Boost:1]]
[2021.01.27-15.40.58:813][  0]LogConfig: Setting CVar [[r.MaxAnisotropy:8]]
[2021.01.27-15.40.58:813][  0]LogConfig: Setting CVar [[r.VT.MaxAnisotropy:8]]
[2021.01.27-15.40.58:813][  0]LogConfig: Setting CVar [[r.Streaming.LimitPoolSizeToVRAM:0]]
[2021.01.27-15.40.58:813][  0]LogConfig: Setting CVar [[r.Streaming.PoolSize:1000]]
[2021.01.27-15.40.58:813][  0]LogConfig: Setting CVar [[r.Streaming.MaxEffectiveScreenSize:0]]
[2021.01.27-15.40.58:813][  0]LogConfig: Applying CVar settings from Section [EffectsQuality@3] File [D:/Unreal Engine/Network_Assignment/Network_Assignment/Saved/Config/Windows/Scalability.ini]
[2021.01.27-15.40.58:813][  0]LogConfig: Setting CVar [[r.TranslucencyLightingVolumeDim:64]]
[2021.01.27-15.40.58:813][  0]LogConfig: Setting CVar [[r.RefractionQuality:2]]
[2021.01.27-15.40.58:813][  0]LogConfig: Setting CVar [[r.SSR.Quality:3]]
[2021.01.27-15.40.58:813][  0]LogConfig: Setting CVar [[r.SSR.HalfResSceneColor:0]]
[2021.01.27-15.40.58:813][  0]LogConfig: Setting CVar [[r.SceneColorFormat:4]]
[2021.01.27-15.40.58:813][  0]LogConfig: Setting CVar [[r.DetailMode:2]]
[2021.01.27-15.40.58:813][  0]LogConfig: Setting CVar [[r.TranslucencyVolumeBlur:1]]
[2021.01.27-15.40.58:813][  0]LogConfig: Setting CVar [[r.MaterialQualityLevel:1 ; High quality]]
[2021.01.27-15.40.58:814][  0]LogConfig: Setting CVar [[r.SSS.Scale:1]]
[2021.01.27-15.40.58:814][  0]LogConfig: Setting CVar [[r.SSS.SampleSet:2]]
[2021.01.27-15.40.58:814][  0]LogConfig: Setting CVar [[r.SSS.Quality:1]]
[2021.01.27-15.40.58:814][  0]LogConfig: Setting CVar [[r.SSS.HalfRes:0]]
[2021.01.27-15.40.58:814][  0]LogConfig: Setting CVar [[r.SSGI.Quality:3]]
[2021.01.27-15.40.58:814][  0]LogConfig: Setting CVar [[r.EmitterSpawnRateScale:1.0]]
[2021.01.27-15.40.58:814][  0]LogConfig: Setting CVar [[r.ParticleLightQuality:2]]
[2021.01.27-15.40.58:814][  0]LogConfig: Setting CVar [[r.SkyAtmosphere.AerialPerspectiveLUT.FastApplyOnOpaque:1 ; Always have FastSkyLUT 1 in this case to avoid wrong sky]]
[2021.01.27-15.40.58:814][  0]LogConfig: Setting CVar [[r.SkyAtmosphere.AerialPerspectiveLUT.SampleCountPerSlice:1]]
[2021.01.27-15.40.58:814][  0]LogConfig: Setting CVar [[r.SkyAtmosphere.AerialPerspectiveLUT.DepthResolution:16.0]]
[2021.01.27-15.40.58:814][  0]LogConfig: Setting CVar [[r.SkyAtmosphere.FastSkyLUT:1]]
[2021.01.27-15.40.58:814][  0]LogConfig: Setting CVar [[r.SkyAtmosphere.FastSkyLUT.SampleCountMin:4.0]]
[2021.01.27-15.40.58:814][  0]LogConfig: Setting CVar [[r.SkyAtmosphere.FastSkyLUT.SampleCountMax:32.0]]
[2021.01.27-15.40.58:814][  0]LogConfig: Setting CVar [[r.SkyAtmosphere.SampleCountMin:4.0]]
[2021.01.27-15.40.58:814][  0]LogConfig: Setting CVar [[r.SkyAtmosphere.SampleCountMax:32.0]]
[2021.01.27-15.40.58:814][  0]LogConfig: Setting CVar [[r.SkyAtmosphere.TransmittanceLUT.UseSmallFormat:0]]
[2021.01.27-15.40.58:814][  0]LogConfig: Setting CVar [[r.SkyAtmosphere.TransmittanceLUT.SampleCount:10.0]]
[2021.01.27-15.40.58:814][  0]LogConfig: Setting CVar [[r.SkyAtmosphere.MultiScatteringLUT.SampleCount:15.0]]
[2021.01.27-15.40.58:815][  0]LogConfig: Applying CVar settings from Section [FoliageQuality@3] File [D:/Unreal Engine/Network_Assignment/Network_Assignment/Saved/Config/Windows/Scalability.ini]
[2021.01.27-15.40.58:815][  0]LogConfig: Setting CVar [[foliage.DensityScale:1.0]]
[2021.01.27-15.40.58:815][  0]LogConfig: Setting CVar [[grass.DensityScale:1.0]]
[2021.01.27-15.40.58:815][  0]LogConfig: Applying CVar settings from Section [ShadingQuality@3] File [D:/Unreal Engine/Network_Assignment/Network_Assignment/Saved/Config/Windows/Scalability.ini]
[2021.01.27-15.40.58:815][  0]LogConfig: Setting CVar [[r.HairStrands.SkyLighting.SampleCount:16]]
[2021.01.27-15.40.58:815][  0]LogConfig: Setting CVar [[r.HairStrands.SkyLighting.JitterIntegration:0]]
[2021.01.27-15.40.58:815][  0]LogConfig: Setting CVar [[r.HairStrands.SkyAO.SampleCount:16]]
[2021.01.27-15.40.58:815][  0]LogConfig: Setting CVar [[r.HairStrands.DeepShadow.SuperSampling:0]]
[2021.01.27-15.40.58:815][  0]LogConfig: Setting CVar [[r.HairStrands.VisibilityPPLL:0]]
[2021.01.27-15.40.58:815][  0]LogConfig: Setting CVar [[r.HairStrands.RasterizationScale:0.5]]
[2021.01.27-15.40.58:815][  0]LogConfig: Setting CVar [[r.HairStrands.VelocityRasterizationScale:1]]
[2021.01.27-15.40.58:815][  0]LogInit: Selected Device Profile: [Windows]
[2021.01.27-15.40.58:815][  0]LogInit: Applying CVar settings loaded from the selected device profile: [Windows]
[2021.01.27-15.40.58:815][  0]LogHAL: Display: Platform has ~ 16 GB [17109352448 / 17179869184 / 16], which maps to Larger [LargestMinGB=32, LargerMinGB=12, DefaultMinGB=8, SmallerMinGB=6, SmallestMinGB=0)
[2021.01.27-15.40.58:815][  0]LogInit: Going up to parent DeviceProfile []
[2021.01.27-15.40.58:815][  0]LogConfig: Applying CVar settings from Section [ViewDistanceQuality@3] File [D:/Unreal Engine/Network_Assignment/Network_Assignment/Saved/Config/Windows/Scalability.ini]
[2021.01.27-15.40.58:815][  0]LogConfig: Setting CVar [[r.SkeletalMeshLODBias:0]]
[2021.01.27-15.40.58:815][  0]LogConfig: Setting CVar [[r.ViewDistanceScale:1.0]]
[2021.01.27-15.40.58:815][  0]LogConfig: Applying CVar settings from Section [AntiAliasingQuality@3] File [D:/Unreal Engine/Network_Assignment/Network_Assignment/Saved/Config/Windows/Scalability.ini]
[2021.01.27-15.40.58:816][  0]LogConfig: Setting CVar [[r.PostProcessAAQuality:4]]
[2021.01.27-15.40.58:816][  0]LogConfig: Applying CVar settings from Section [ShadowQuality@3] File [D:/Unreal Engine/Network_Assignment/Network_Assignment/Saved/Config/Windows/Scalability.ini]
[2021.01.27-15.40.58:816][  0]LogConfig: Setting CVar [[r.LightFunctionQuality:1]]
[2021.01.27-15.40.58:816][  0]LogConfig: Setting CVar [[r.ShadowQuality:5]]
[2021.01.27-15.40.58:816][  0]LogConfig: Setting CVar [[r.Shadow.CSM.MaxCascades:10]]
[2021.01.27-15.40.58:816][  0]LogConfig: Setting CVar [[r.Shadow.MaxResolution:2048]]
[2021.01.27-15.40.58:816][  0]LogConfig: Setting CVar [[r.Shadow.MaxCSMResolution:2048]]
[2021.01.27-15.40.58:816][  0]LogConfig: Setting CVar [[r.Shadow.RadiusThreshold:0.01]]
[2021.01.27-15.40.58:816][  0]LogConfig: Setting CVar [[r.Shadow.DistanceScale:1.0]]
[2021.01.27-15.40.58:816][  0]LogConfig: Setting CVar [[r.Shadow.CSM.TransitionScale:1.0]]
[2021.01.27-15.40.58:816][  0]LogConfig: Setting CVar [[r.Shadow.PreShadowResolutionFactor:1.0]]
[2021.01.27-15.40.58:816][  0]LogConfig: Setting CVar [[r.DistanceFieldShadowing:1]]
[2021.01.27-15.40.58:816][  0]LogConfig: Setting CVar [[r.DistanceFieldAO:1]]
[2021.01.27-15.40.58:816][  0]LogConfig: Setting CVar [[r.AOQuality:2]]
[2021.01.27-15.40.58:816][  0]LogConfig: Setting CVar [[r.VolumetricFog:1]]
[2021.01.27-15.40.58:816][  0]LogConfig: Setting CVar [[r.VolumetricFog.GridPixelSize:8]]
[2021.01.27-15.40.58:816][  0]LogConfig: Setting CVar [[r.VolumetricFog.GridSizeZ:128]]
[2021.01.27-15.40.58:816][  0]LogConfig: Setting CVar [[r.VolumetricFog.HistoryMissSupersampleCount:4]]
[2021.01.27-15.40.58:816][  0]LogConfig: Setting CVar [[r.LightMaxDrawDistanceScale:1]]
[2021.01.27-15.40.58:816][  0]LogConfig: Setting CVar [[r.CapsuleShadows:1]]
[2021.01.27-15.40.58:816][  0]LogConfig: Applying CVar settings from Section [PostProcessQuality@3] File [D:/Unreal Engine/Network_Assignment/Network_Assignment/Saved/Config/Windows/Scalability.ini]
[2021.01.27-15.40.58:816][  0]LogConfig: Setting CVar [[r.MotionBlurQuality:4]]
[2021.01.27-15.40.58:816][  0]LogConfig: Setting CVar [[r.AmbientOcclusionMipLevelFactor:0.4]]
[2021.01.27-15.40.58:817][  0]LogConfig: Setting CVar [[r.AmbientOcclusionMaxQuality:100]]
[2021.01.27-15.40.58:817][  0]LogConfig: Setting CVar [[r.AmbientOcclusionLevels:-1]]
[2021.01.27-15.40.58:817][  0]LogConfig: Setting CVar [[r.AmbientOcclusionRadiusScale:1.0]]
[2021.01.27-15.40.58:817][  0]LogConfig: Setting CVar [[r.DepthOfFieldQuality:2]]
[2021.01.27-15.40.58:817][  0]LogConfig: Setting CVar [[r.RenderTargetPoolMin:400]]
[2021.01.27-15.40.58:817][  0]LogConfig: Setting CVar [[r.LensFlareQuality:2]]
[2021.01.27-15.40.58:817][  0]LogConfig: Setting CVar [[r.SceneColorFringeQuality:1]]
[2021.01.27-15.40.58:817][  0]LogConfig: Setting CVar [[r.EyeAdaptationQuality:2]]
[2021.01.27-15.40.58:817][  0]LogConfig: Setting CVar [[r.BloomQuality:5]]
[2021.01.27-15.40.58:817][  0]LogConfig: Setting CVar [[r.FastBlurThreshold:100]]
[2021.01.27-15.40.58:817][  0]LogConfig: Setting CVar [[r.Upscale.Quality:3]]
[2021.01.27-15.40.58:817][  0]LogConfig: Setting CVar [[r.Tonemapper.GrainQuantization:1]]
[2021.01.27-15.40.58:817][  0]LogConfig: Setting CVar [[r.LightShaftQuality:1]]
[2021.01.27-15.40.58:817][  0]LogConfig: Setting CVar [[r.Filter.SizeScale:1]]
[2021.01.27-15.40.58:817][  0]LogConfig: Setting CVar [[r.Tonemapper.Quality:5]]
[2021.01.27-15.40.58:817][  0]LogConfig: Setting CVar [[r.DOF.Gather.AccumulatorQuality:1        ; higher gathering accumulator quality]]
[2021.01.27-15.40.58:818][  0]LogConfig: Setting CVar [[r.DOF.Gather.PostfilterMethod:1          ; Median3x3 postfilering method]]
[2021.01.27-15.40.58:818][  0]LogConfig: Setting CVar [[r.DOF.Gather.EnableBokehSettings:0       ; no bokeh simulation when gathering]]
[2021.01.27-15.40.58:818][  0]LogConfig: Setting CVar [[r.DOF.Gather.RingCount:4                 ; medium number of samples when gathering]]
[2021.01.27-15.40.58:818][  0]LogConfig: Setting CVar [[r.DOF.Scatter.ForegroundCompositing:1    ; additive foreground scattering]]
[2021.01.27-15.40.58:818][  0]LogConfig: Setting CVar [[r.DOF.Scatter.BackgroundCompositing:2    ; additive background scattering]]
[2021.01.27-15.40.58:818][  0]LogConfig: Setting CVar [[r.DOF.Scatter.EnableBokehSettings:1      ; bokeh simulation when scattering]]
[2021.01.27-15.40.58:818][  0]LogConfig: Setting CVar [[r.DOF.Scatter.MaxSpriteRatio:0.1         ; only a maximum of 10% of scattered bokeh]]
[2021.01.27-15.40.58:818][  0]LogConfig: Setting CVar [[r.DOF.Recombine.Quality:1                ; cheap slight out of focus]]
[2021.01.27-15.40.58:818][  0]LogConfig: Setting CVar [[r.DOF.Recombine.EnableBokehSettings:0    ; no bokeh simulation on slight out of focus]]
[2021.01.27-15.40.58:818][  0]LogConfig: Setting CVar [[r.DOF.TemporalAAQuality:1                ; more stable temporal accumulation]]
[2021.01.27-15.40.58:819][  0]LogConfig: Setting CVar [[r.DOF.Kernel.MaxForegroundRadius:0.025]]
[2021.01.27-15.40.58:819][  0]LogConfig: Setting CVar [[r.DOF.Kernel.MaxBackgroundRadius:0.025]]
[2021.01.27-15.40.58:819][  0]LogConfig: Applying CVar settings from Section [TextureQuality@3] File [D:/Unreal Engine/Network_Assignment/Network_Assignment/Saved/Config/Windows/Scalability.ini]
[2021.01.27-15.40.58:819][  0]LogConfig: Setting CVar [[r.Streaming.MipBias:0]]
[2021.01.27-15.40.58:819][  0]LogConfig: Setting CVar [[r.Streaming.AmortizeCPUToGPUCopy:0]]
[2021.01.27-15.40.58:819][  0]LogConfig: Setting CVar [[r.Streaming.MaxNumTexturesToStreamPerFrame:0]]
[2021.01.27-15.40.58:819][  0]LogConfig: Setting CVar [[r.Streaming.Boost:1]]
[2021.01.27-15.40.58:820][  0]LogConfig: Setting CVar [[r.MaxAnisotropy:8]]
[2021.01.27-15.40.58:820][  0]LogConfig: Setting CVar [[r.VT.MaxAnisotropy:8]]
[2021.01.27-15.40.58:820][  0]LogConfig: Setting CVar [[r.Streaming.LimitPoolSizeToVRAM:0]]
[2021.01.27-15.40.58:820][  0]LogConfig: Setting CVar [[r.Streaming.PoolSize:1000]]
[2021.01.27-15.40.58:820][  0]LogConfig: Setting CVar [[r.Streaming.MaxEffectiveScreenSize:0]]
[2021.01.27-15.40.58:820][  0]LogConfig: Applying CVar settings from Section [EffectsQuality@3] File [D:/Unreal Engine/Network_Assignment/Network_Assignment/Saved/Config/Windows/Scalability.ini]
[2021.01.27-15.40.58:820][  0]LogConfig: Setting CVar [[r.TranslucencyLightingVolumeDim:64]]
[2021.01.27-15.40.58:820][  0]LogConfig: Setting CVar [[r.RefractionQuality:2]]
[2021.01.27-15.40.58:820][  0]LogConfig: Setting CVar [[r.SSR.Quality:3]]
[2021.01.27-15.40.58:820][  0]LogConfig: Setting CVar [[r.SSR.HalfResSceneColor:0]]
[2021.01.27-15.40.58:820][  0]LogConfig: Setting CVar [[r.SceneColorFormat:4]]
[2021.01.27-15.40.58:820][  0]LogConfig: Setting CVar [[r.DetailMode:2]]
[2021.01.27-15.40.58:820][  0]LogConfig: Setting CVar [[r.TranslucencyVolumeBlur:1]]
[2021.01.27-15.40.58:820][  0]LogConfig: Setting CVar [[r.MaterialQualityLevel:1 ; High quality]]
[2021.01.27-15.40.58:820][  0]LogConfig: Setting CVar [[r.SSS.Scale:1]]
[2021.01.27-15.40.58:821][  0]LogConfig: Setting CVar [[r.SSS.SampleSet:2]]
[2021.01.27-15.40.58:821][  0]LogConfig: Setting CVar [[r.SSS.Quality:1]]
[2021.01.27-15.40.58:821][  0]LogConfig: Setting CVar [[r.SSS.HalfRes:0]]
[2021.01.27-15.40.58:821][  0]LogConfig: Setting CVar [[r.SSGI.Quality:3]]
[2021.01.27-15.40.58:821][  0]LogConfig: Setting CVar [[r.EmitterSpawnRateScale:1.0]]
[2021.01.27-15.40.58:823][  0]LogConfig: Setting CVar [[r.ParticleLightQuality:2]]
[2021.01.27-15.40.58:823][  0]LogConfig: Setting CVar [[r.SkyAtmosphere.AerialPerspectiveLUT.FastApplyOnOpaque:1 ; Always have FastSkyLUT 1 in this case to avoid wrong sky]]
[2021.01.27-15.40.58:823][  0]LogConfig: Setting CVar [[r.SkyAtmosphere.AerialPerspectiveLUT.SampleCountPerSlice:1]]
[2021.01.27-15.40.58:823][  0]LogConfig: Setting CVar [[r.SkyAtmosphere.AerialPerspectiveLUT.DepthResolution:16.0]]
[2021.01.27-15.40.58:824][  0]LogConfig: Setting CVar [[r.SkyAtmosphere.FastSkyLUT:1]]
[2021.01.27-15.40.58:824][  0]LogConfig: Setting CVar [[r.SkyAtmosphere.FastSkyLUT.SampleCountMin:4.0]]
[2021.01.27-15.40.58:824][  0]LogConfig: Setting CVar [[r.SkyAtmosphere.FastSkyLUT.SampleCountMax:32.0]]
[2021.01.27-15.40.58:824][  0]LogConfig: Setting CVar [[r.SkyAtmosphere.SampleCountMin:4.0]]
[2021.01.27-15.40.58:826][  0]LogConfig: Setting CVar [[r.SkyAtmosphere.SampleCountMax:32.0]]
[2021.01.27-15.40.58:826][  0]LogConfig: Setting CVar [[r.SkyAtmosphere.TransmittanceLUT.UseSmallFormat:0]]
[2021.01.27-15.40.58:828][  0]LogConfig: Setting CVar [[r.SkyAtmosphere.TransmittanceLUT.SampleCount:10.0]]
[2021.01.27-15.40.58:828][  0]LogConfig: Setting CVar [[r.SkyAtmosphere.MultiScatteringLUT.SampleCount:15.0]]
[2021.01.27-15.40.58:829][  0]LogConfig: Applying CVar settings from Section [FoliageQuality@3] File [D:/Unreal Engine/Network_Assignment/Network_Assignment/Saved/Config/Windows/Scalability.ini]
[2021.01.27-15.40.58:829][  0]LogConfig: Setting CVar [[foliage.DensityScale:1.0]]
[2021.01.27-15.40.58:829][  0]LogConfig: Setting CVar [[grass.DensityScale:1.0]]
[2021.01.27-15.40.58:830][  0]LogConfig: Applying CVar settings from Section [ShadingQuality@3] File [D:/Unreal Engine/Network_Assignment/Network_Assignment/Saved/Config/Windows/Scalability.ini]
[2021.01.27-15.40.58:830][  0]LogConfig: Setting CVar [[r.HairStrands.SkyLighting.SampleCount:16]]
[2021.01.27-15.40.58:830][  0]LogConfig: Setting CVar [[r.HairStrands.SkyLighting.JitterIntegration:0]]
[2021.01.27-15.40.58:830][  0]LogConfig: Setting CVar [[r.HairStrands.SkyAO.SampleCount:16]]
[2021.01.27-15.40.58:830][  0]LogConfig: Setting CVar [[r.HairStrands.DeepShadow.SuperSampling:0]]
[2021.01.27-15.40.58:831][  0]LogConfig: Setting CVar [[r.HairStrands.VisibilityPPLL:0]]
[2021.01.27-15.40.58:831][  0]LogConfig: Setting CVar [[r.HairStrands.RasterizationScale:0.5]]
[2021.01.27-15.40.58:831][  0]LogConfig: Setting CVar [[r.HairStrands.VelocityRasterizationScale:1]]
[2021.01.27-15.40.58:831][  0]LogConfig: Applying CVar settings from Section [Startup] File [../../../Engine/Config/ConsoleVariables.ini]
[2021.01.27-15.40.58:832][  0]LogConfig: Setting CVar [[net.UseAdaptiveNetUpdateFrequency:0]]
[2021.01.27-15.40.58:832][  0]LogConfig: Setting CVar [[p.chaos.AllowCreatePhysxBodies:1]]
[2021.01.27-15.40.58:832][  0]LogConfig: Setting CVar [[fx.SkipVectorVMBackendOptimizations:1]]
[2021.01.27-15.40.58:832][  0]LogConfig: Applying CVar settings from Section [ConsoleVariables] File [D:/Unreal Engine/Network_Assignment/Network_Assignment/Saved/Config/Windows/Engine.ini]
[2021.01.27-15.40.58:832][  0]LogInit: Computer: LEON-DATOR
[2021.01.27-15.40.58:832][  0]LogInit: User: Leon
[2021.01.27-15.40.58:832][  0]LogInit: CPU Page size=4096, Cores=4
[2021.01.27-15.40.58:833][  0]LogInit: High frequency timer resolution =10.000000 MHz
[2021.01.27-15.40.58:833][  0]LogMemory: Memory total: Physical=15.9GB (16GB approx)
[2021.01.27-15.40.58:833][  0]LogMemory: Platform Memory Stats for Windows
[2021.01.27-15.40.58:833][  0]LogMemory: Process Physical Memory: 119.78 MB used, 119.79 MB peak
[2021.01.27-15.40.58:833][  0]LogMemory: Process Virtual Memory: 104.42 MB used, 104.42 MB peak
[2021.01.27-15.40.58:833][  0]LogMemory: Physical Memory: 11018.71 MB used,  5298.04 MB free, 16316.75 MB total
[2021.01.27-15.40.58:833][  0]LogMemory: Virtual Memory: 5101.25 MB used,  134212624.00 MB free, 134217728.00 MB total
[2021.01.27-15.40.58:851][  0]LogWindows: WindowsPlatformFeatures enabled
[2021.01.27-15.40.59:218][  0]LogInit: Physics initialised using underlying interface: PhysX
[2021.01.27-15.40.59:220][  0]LogInit: Using OS detected language (en-US).
[2021.01.27-15.40.59:220][  0]LogInit: Using OS detected locale (sv-SE).
[2021.01.27-15.40.59:226][  0]LogTextLocalizationManager: No specific localization for 'en-US' exists, so the 'en' localization will be used.
[2021.01.27-15.40.59:443][  0]LogInit: Setting process to per monitor DPI aware
[2021.01.27-15.40.59:532][  0]LogSlate: New Slate User Created.  User Index 0, Is Virtual User: 0
[2021.01.27-15.40.59:533][  0]LogSlate: Slate User Registered.  User Index 0, Is Virtual User: 0
[2021.01.27-15.41.00:026][  0]LogHMD: Failed to initialize OpenVR with code 105
[2021.01.27-15.41.00:026][  0]LogD3D11RHI: D3D11 min allowed feature level: 11_0
[2021.01.27-15.41.00:026][  0]LogD3D11RHI: D3D11 max allowed feature level: 11_0
[2021.01.27-15.41.00:026][  0]LogD3D11RHI: D3D11 adapters:
[2021.01.27-15.41.00:151][  0]LogD3D11RHI:    0. 'NVIDIA GeForce GTX 970' (Feature Level 11_0)
[2021.01.27-15.41.00:152][  0]LogD3D11RHI:       4043/0/8158 MB DedicatedVideo/DedicatedSystem/SharedSystem, Outputs:2, VendorId:0x10de
[2021.01.27-15.41.00:160][  0]LogD3D11RHI:    1. 'Microsoft Basic Render Driver' (Feature Level 11_0)
[2021.01.27-15.41.00:160][  0]LogD3D11RHI:       0/0/8158 MB DedicatedVideo/DedicatedSystem/SharedSystem, Outputs:0, VendorId:0x1414
[2021.01.27-15.41.00:160][  0]LogD3D11RHI: Chosen D3D11 Adapter: 0
[2021.01.27-15.41.00:169][  0]LogD3D11RHI: Creating new Direct3DDevice
[2021.01.27-15.41.00:169][  0]LogD3D11RHI:     GPU DeviceId: 0x13c2 (for the marketing name, search the web for "GPU Device Id")
[2021.01.27-15.41.00:169][  0]LogWindows: EnumDisplayDevices:
[2021.01.27-15.41.00:170][  0]LogWindows:    0. 'NVIDIA GeForce GTX 970' (P:0 D:1)
[2021.01.27-15.41.00:170][  0]LogWindows:    1. 'NVIDIA GeForce GTX 970' (P:1 D:1)
[2021.01.27-15.41.00:171][  0]LogWindows:    2. 'NVIDIA GeForce GTX 970' (P:0 D:0)
[2021.01.27-15.41.00:172][  0]LogWindows:    3. 'NVIDIA GeForce GTX 970' (P:0 D:0)
[2021.01.27-15.41.00:172][  0]LogWindows: DebugString: FoundDriverCount:4 
[2021.01.27-15.41.00:172][  0]LogD3D11RHI:     Adapter Name: NVIDIA GeForce GTX 970
[2021.01.27-15.41.00:172][  0]LogD3D11RHI:   Driver Version: 456.71 (internal:27.21.14.5671, unified:456.71)
[2021.01.27-15.41.00:172][  0]LogD3D11RHI:      Driver Date: 9-30-2020
[2021.01.27-15.41.00:172][  0]LogRHI: Texture pool is 2830 MB (70% of 4043 MB)
[2021.01.27-15.41.00:240][  0]LogD3D11RHI: RHI has support for 64 bit atomics
[2021.01.27-15.41.00:240][  0]LogD3D11RHI: Async texture creation enabled
[2021.01.27-15.41.00:240][  0]LogD3D11RHI: Array index from any shader is supported
[2021.01.27-15.41.00:271][  0]LogD3D11RHI: GPU Timing Frequency: 1000.000000 (Debug: 2 1)
[2021.01.27-15.41.00:854][  0]LogTargetPlatformManager: Display: Loaded TargetPlatform 'AllDesktop'
[2021.01.27-15.41.00:886][  0]LogTargetPlatformManager: Display: Loaded TargetPlatform 'Android'
[2021.01.27-15.41.00:887][  0]LogTargetPlatformManager: Display: Loaded TargetPlatform 'Android_ASTC'
[2021.01.27-15.41.00:888][  0]LogTargetPlatformManager: Display: Loaded TargetPlatform 'Android_DXT'
[2021.01.27-15.41.00:888][  0]LogTargetPlatformManager: Display: Loaded TargetPlatform 'Android_ETC2'
[2021.01.27-15.41.00:888][  0]LogTargetPlatformManager: Display: Loaded TargetPlatform 'AndroidClient'
[2021.01.27-15.41.00:888][  0]LogTargetPlatformManager: Display: Loaded TargetPlatform 'Android_ASTCClient'
[2021.01.27-15.41.00:889][  0]LogTargetPlatformManager: Display: Loaded TargetPlatform 'Android_DXTClient'
[2021.01.27-15.41.00:889][  0]LogTargetPlatformManager: Display: Loaded TargetPlatform 'Android_ETC2Client'
[2021.01.27-15.41.00:889][  0]LogTargetPlatformManager: Display: Loaded TargetPlatform 'Android_Multi'
[2021.01.27-15.41.00:889][  0]LogTargetPlatformManager: Display: Loaded TargetPlatform 'Android_MultiClient'
[2021.01.27-15.41.00:938][  0]LogTargetPlatformManager: Display: Loaded TargetPlatform 'IOSClient'
[2021.01.27-15.41.00:938][  0]LogTargetPlatformManager: Display: Loaded TargetPlatform 'IOS'
[2021.01.27-15.41.00:956][  0]LogTargetPlatformManager: Display: Loaded TargetPlatform 'Linux'
[2021.01.27-15.41.00:972][  0]LogTargetPlatformManager: Display: Loaded TargetPlatform 'LinuxNoEditor'
[2021.01.27-15.41.00:988][  0]LogTargetPlatformManager: Display: Loaded TargetPlatform 'LinuxClient'
[2021.01.27-15.41.01:005][  0]LogTargetPlatformManager: Display: Loaded TargetPlatform 'LinuxServer'
[2021.01.27-15.41.01:021][  0]LogTargetPlatformManager: Display: Loaded TargetPlatform 'LinuxAArch64NoEditor'
[2021.01.27-15.41.01:037][  0]LogTargetPlatformManager: Display: Loaded TargetPlatform 'LinuxAArch64Client'
[2021.01.27-15.41.01:053][  0]LogTargetPlatformManager: Display: Loaded TargetPlatform 'LinuxAArch64Server'
[2021.01.27-15.41.01:095][  0]LogTargetPlatformManager: Display: Loaded TargetPlatform 'Lumin'
[2021.01.27-15.41.01:097][  0]LogTargetPlatformManager: Display: Loaded TargetPlatform 'LuminClient'
[2021.01.27-15.41.01:123][  0]LogTargetPlatformManager: Display: Loaded TargetPlatform 'TVOSClient'
[2021.01.27-15.41.01:123][  0]LogTargetPlatformManager: Display: Loaded TargetPlatform 'TVOS'
[2021.01.27-15.41.01:139][  0]LogTargetPlatformManager: Display: Loaded TargetPlatform 'WindowsNoEditor'
[2021.01.27-15.41.01:157][  0]LogTargetPlatformManager: Display: Loaded TargetPlatform 'Windows'
[2021.01.27-15.41.01:172][  0]LogTargetPlatformManager: Display: Loaded TargetPlatform 'WindowsClient'
[2021.01.27-15.41.01:188][  0]LogTargetPlatformManager: Display: Loaded TargetPlatform 'WindowsServer'
[2021.01.27-15.41.01:189][  0]LogTargetPlatformManager: Display: Building Assets For Windows
[2021.01.27-15.41.01:218][  0]LogAudioDebug: Display: Lib vorbis DLL was dynamically loaded.
[2021.01.27-15.41.01:379][  0]LogShaderCompilers: Guid format shader working directory is -22 characters bigger than the processId version (../../../../../Unreal Engine/Network_Assignment/Network_Assignment/Intermediate/Shaders/WorkingDirectory/20800/).
[2021.01.27-15.41.01:380][  0]LogShaderCompilers: Cleaned the shader compiler working directory 'C:/Users/Leon/AppData/Local/Temp/UnrealShaderWorkingDir/E0F82FEB4CDFC7307488F5B84D4F5EF6/'.
[2021.01.27-15.41.01:380][  0]LogXGEController: Cannot use XGE Controller as Incredibuild is not installed on this machine.
[2021.01.27-15.41.01:381][  0]LogShaderCompilers: Cannot use XGE Shader Compiler as Incredibuild is not installed on this machine.
[2021.01.27-15.41.01:381][  0]LogShaderCompilers: Display: Using Local Shader Compiler.
[2021.01.27-15.41.02:404][  0]LogDerivedDataCache: Display: Max Cache Size: 512 MB
[2021.01.27-15.41.02:463][  0]LogDerivedDataCache: Loaded boot cache 0.06s 76MB C:/Users/Leon/AppData/Local/UnrealEngine/4.25/DerivedDataCache/Boot.ddc.
[2021.01.27-15.41.02:463][  0]LogDerivedDataCache: Display: Loaded Boot cache: C:/Users/Leon/AppData/Local/UnrealEngine/4.25/DerivedDataCache/Boot.ddc
[2021.01.27-15.41.02:463][  0]LogDerivedDataCache: FDerivedDataBackendGraph:  Pak pak cache file ../../../../../Unreal Engine/Network_Assignment/Network_Assignment/DerivedDataCache/DDC.ddp not found, will not use a pak cache.
[2021.01.27-15.41.02:463][  0]LogDerivedDataCache: Unable to find inner node Pak for hierarchical cache Hierarchy.
[2021.01.27-15.41.02:463][  0]LogDerivedDataCache: FDerivedDataBackendGraph:  CompressedPak pak cache file ../../../../../Unreal Engine/Network_Assignment/Network_Assignment/DerivedDataCache/Compressed.ddp not found, will not use a pak cache.
[2021.01.27-15.41.02:463][  0]LogDerivedDataCache: Unable to find inner node CompressedPak for hierarchical cache Hierarchy.
[2021.01.27-15.41.02:475][  0]LogDerivedDataCache: Display: Pak cache opened for reading ../../../Engine/DerivedDataCache/Compressed.ddp.
[2021.01.27-15.41.02:475][  0]LogDerivedDataCache: FDerivedDataBackendGraph:  EnterprisePak pak cache file ../../../Enterprise/DerivedDataCache/Compressed.ddp not found, will not use a pak cache.
[2021.01.27-15.41.02:475][  0]LogDerivedDataCache: Unable to find inner node EnterprisePak for hierarchical cache Hierarchy.
[2021.01.27-15.41.02:479][  0]LogDerivedDataCache: Using Local data cache path C:/Users/Leon/AppData/Local/UnrealEngine/Common/DerivedDataCache: Writable
[2021.01.27-15.41.02:479][  0]LogDerivedDataCache: Shared data cache path not found in *engine.ini, will not use an Shared cache.
[2021.01.27-15.41.02:479][  0]LogDerivedDataCache: Unable to find inner node Shared for hierarchical cache Hierarchy.
[2021.01.27-15.41.02:545][  0]LogSlate: Using FreeType 2.10.0
[2021.01.27-15.41.02:546][  0]LogSlate: SlateFontServices - WITH_FREETYPE: 1, WITH_HARFBUZZ: 1
[2021.01.27-15.41.02:597][  0]LogAssetRegistry: FAssetRegistry took 0.0059 seconds to start up
[2021.01.27-15.41.02:908][  0]LogInit: Selected Device Profile: [Windows]
[2021.01.27-15.41.03:103][  0]LogMeshReduction: Using QuadricMeshReduction for automatic static mesh reduction
[2021.01.27-15.41.03:103][  0]LogMeshReduction: Using SimplygonMeshReduction for automatic skeletal mesh reduction
[2021.01.27-15.41.03:103][  0]LogMeshReduction: Using ProxyLODMeshReduction for automatic mesh merging
[2021.01.27-15.41.03:103][  0]LogMeshReduction: No distributed automatic mesh merging module available
[2021.01.27-15.41.03:103][  0]LogMeshMerging: No distributed automatic mesh merging module available
[2021.01.27-15.41.03:133][  0]LogNetVersion: Network_Assignment 1.0.0, NetCL: 13144385, EngineNetVer: 14, GameNetVer: 0 (Checksum: 1997309246)
[2021.01.27-15.41.03:840][  0]LogAISub: UAISubsystem::UAISubsystem AISubsystem (000002AB7F990280), frame # 0
[2021.01.27-15.41.03:840][  0]LogAISub: UAISubsystem::UAISubsystem AIPerceptionSystem (000002AB00BF5E40), frame # 0
[2021.01.27-15.41.03:842][  0]LogAISub: UAISubsystem::UAISubsystem EnvQueryManager (000002AB7F91DE00), frame # 0
[2021.01.27-15.41.03:911][  0]LogPackageLocalizationCache: Processed 19 localized package path(s) for 1 prioritized culture(s) in 0.061092 seconds
[2021.01.27-15.41.03:920][  0]LogUObjectArray: 15917 objects as part of root set at end of initial load.
[2021.01.27-15.41.03:922][  0]LogUObjectAllocator: 3965568 out of 0 bytes used by permanent object pool.
[2021.01.27-15.41.03:922][  0]LogUObjectArray: CloseDisregardForGC: 0/0 objects in disregard for GC pool
[2021.01.27-15.41.04:661][  0]LogTcpMessaging: Initializing TcpMessaging bridge
[2021.01.27-15.41.04:672][  0]LogUdpMessaging: Initializing bridge on interface 0.0.0.0:0 to multicast group 230.0.0.1:6666.
[2021.01.27-15.41.04:949][  0]SourceControl: Source control is disabled
[2021.01.27-15.41.04:949][  0]SourceControl: Source control is disabled
[2021.01.27-15.41.04:957][  0]SourceControl: Source control is disabled
[2021.01.27-15.41.04:965][  0]SourceControl: Source control is disabled
[2021.01.27-15.41.04:988][  0]SourceControl: Source control is disabled
[2021.01.27-15.41.05:572][  0]LogAndroidPermission: UAndroidPermissionCallbackProxy::GetInstance
[2021.01.27-15.41.05:621][  0]LogAudioCaptureCore: Display: No Audio Capture implementations found. Audio input will be silent.
[2021.01.27-15.41.05:621][  0]LogAudioCaptureCore: Display: No Audio Capture implementations found. Audio input will be silent.
[2021.01.27-15.41.05:717][  0]LogOcInput: OculusInput pre-init called
[2021.01.27-15.41.05:742][  0]LogWindows: Failed to load 'OVRPlugin.dll' (GetLastError=126)
[2021.01.27-15.41.05:743][  0]LogWindows: File 'OVRPlugin.dll' does not exist
[2021.01.27-15.41.05:857][  0]LogEngine: Initializing Engine...
[2021.01.27-15.41.05:874][  0]LogHMD: Failed to initialize OpenVR with code 105
[2021.01.27-15.41.05:874][  0]LogMagicLeap: Warning: VR disabled because ZI is not enabled.  To enable, in the editor, Edit -> Project Settings -> Plugins -> Magic Leap Plugin -> Enable Zero Iteration
[2021.01.27-15.41.05:875][  0]LogStats: UGameplayTagsManager::InitializeManager -  0.000 s
[2021.01.27-15.41.06:030][  0]LogInit: Initializing FReadOnlyCVARCache
[2021.01.27-15.41.06:045][  0]LogAIModule: Creating AISystem for world Untitled
[2021.01.27-15.41.06:045][  0]LogAISub: UAISubsystem::UAISubsystem EnvQueryManager (000002AB06155600), frame # 0
[2021.01.27-15.41.06:046][  0]LogAISub: UAISubsystem::UAISubsystem AIPerceptionSystem (000002AB0616EFC0), frame # 0
[2021.01.27-15.41.06:062][  0]LogAudioMixer: Display: Audio Mixer Platform Settings:
[2021.01.27-15.41.06:062][  0]LogAudioMixer: Display: 	Sample Rate:						  48000
[2021.01.27-15.41.06:062][  0]LogAudioMixer: Display: 	Callback Buffer Frame Size Requested: 1024
[2021.01.27-15.41.06:063][  0]LogAudioMixer: Display: 	Callback Buffer Frame Size To Use:	  1024
[2021.01.27-15.41.06:063][  0]LogAudioMixer: Display: 	Number of buffers to queue:			  2
[2021.01.27-15.41.06:063][  0]LogAudioMixer: Display: 	Max Channels (voices):				  32
[2021.01.27-15.41.06:063][  0]LogAudioMixer: Display: 	Number of Async Source Workers:		  0
[2021.01.27-15.41.06:063][  0]LogAudio: Display: AudioDevice MaxSources: 32
[2021.01.27-15.41.06:064][  0]LogAudio: Display: Using built-in audio occlusion.
[2021.01.27-15.41.06:064][  0]LogAudioMixer: Display: Initializing audio mixer.
[2021.01.27-15.41.06:104][  0]LogAudioMixer: Display: 0: FrontLeft
[2021.01.27-15.41.06:104][  0]LogAudioMixer: Display: 1: FrontRight
[2021.01.27-15.41.06:104][  0]LogAudioMixer: Display: 2: FrontCenter
[2021.01.27-15.41.06:104][  0]LogAudioMixer: Display: 3: LowFrequency
[2021.01.27-15.41.06:104][  0]LogAudioMixer: Display: 4: BackLeft
[2021.01.27-15.41.06:104][  0]LogAudioMixer: Display: 5: BackRight
[2021.01.27-15.41.06:104][  0]LogAudioMixer: Display: 6: SideLeft
[2021.01.27-15.41.06:104][  0]LogAudioMixer: Display: 7: SideRight
[2021.01.27-15.41.06:200][  0]LogAudioMixer: Display: Using Audio Device Högtalare (Realtek High Definition Audio)
[2021.01.27-15.41.06:204][  0]LogAudioMixer: Display: Initializing Sound Submixes...
[2021.01.27-15.41.06:208][  0]LogAudioMixer: Display: Creating Master Submix 'MasterSubmixDefault'
[2021.01.27-15.41.06:209][  0]LogAudioMixer: Display: Creating Master Submix 'MasterReverbSubmixDefault'
[2021.01.27-15.41.06:209][  0]LogAudioMixer: Display: Creating Master Submix 'MasterEQSubmixDefault'
[2021.01.27-15.41.06:212][  0]LogInit: FAudioDevice initialized.
[2021.01.27-15.41.06:212][  0]LogNetVersion: Set ProjectVersion to 1.0.0.0. Version Checksum will be recalculated on next use.
[2021.01.27-15.41.06:438][  0]LogDerivedDataCache: Saved boot cache 0.23s 76MB C:/Users/Leon/AppData/Local/UnrealEngine/4.25/DerivedDataCache/Boot.ddc.
[2021.01.27-15.41.06:439][  0]LogInit: Texture streaming: Enabled
[2021.01.27-15.41.06:486][  0]LogEngineSessionManager: EngineSessionManager initialized
[2021.01.27-15.41.06:486][  0]LogEngineSessionManager: EngineSessionManager sent abnormal shutdown report. Type=Debugger, SessionId={12E31D30-413D-8F3A-FA10-F1BEA0FF4975}
[2021.01.27-15.41.06:486][  0]LogEditorSessionSummary: Verbose: Initializing EditorSessionSummaryWriter for editor session tracking
[2021.01.27-15.41.06:506][  0]LogEditorSessionSummary: EditorSessionSummaryWriter initialized
[2021.01.27-15.41.06:570][  0]LogInit: Transaction tracking system initialized
[2021.01.27-15.41.06:627][  0]BlueprintLog: New page: Editor Load
[2021.01.27-15.41.06:797][  0]LocalizationService: Localization service is disabled
[2021.01.27-15.41.07:071][  0]LogCook: Display: Max memory allowance for cook 16384mb min free memory 0mb
[2021.01.27-15.41.07:071][  0]LogCook: Display: Mobile HDR setting 1
[2021.01.27-15.41.07:362][  0]LogFileCache: Scanning file cache for directory 'D:/Unreal Engine/Network_Assignment/Network_Assignment/Content/' took 0.01s
[2021.01.27-15.41.07:872][  0]SourceControl: Source control is disabled
[2021.01.27-15.41.07:872][  0]LogUnrealEdMisc: Loading editor; pre map load, took 14.067
[2021.01.27-15.41.07:872][  0]Cmd: MAP LOAD FILE="../../../../../Unreal Engine/Network_Assignment/Network_Assignment/Content/Maps/MY_Map.umap" TEMPLATE=0 SHOWPROGRESS=1 FEATURELEVEL=3
[2021.01.27-15.41.07:873][  0]LightingResults: New page: Lighting Build
[2021.01.27-15.41.07:874][  0]LogWorld: UWorld::CleanupWorld for Untitled, bSessionEnded=true, bCleanupResources=true
[2021.01.27-15.41.07:874][  0]LogSlate: InvalidateAllWidgets triggered.  All widgets were invalidated
[2021.01.27-15.41.07:874][  0]MapCheck: New page: Map Check
[2021.01.27-15.41.07:874][  0]LightingResults: New page: Lighting Build
[2021.01.27-15.41.07:889][  0]LogAISub: UAISubsystem::~UAISubsystem EnvQueryManager (000002AB06155600), frame # 0
[2021.01.27-15.41.07:889][  0]LogAISub: UAISubsystem::~UAISubsystem AIPerceptionSystem (000002AB0616EFC0), frame # 0
[2021.01.27-15.41.07:890][  0]LogUObjectHash: Compacting FUObjectHashTables data took   0.89ms
[2021.01.27-15.41.07:984][  0]LogClass: Warning: Property MyPlayer::rocketInstances (SourceClass: MyPlayer) was not registered in GetLifetimeReplicatedProps. This property will not be replicated. Use DISABLE_REPLICATED_PROPERTY if not replicating was intentional.
[2021.01.27-15.41.08:066][  0]LogAIModule: Creating AISystem for world My_Map
[2021.01.27-15.41.08:066][  0]LogAISub: UAISubsystem::UAISubsystem EnvQueryManager (000002AB0E89E400), frame # 0
[2021.01.27-15.41.08:067][  0]LogAISub: UAISubsystem::UAISubsystem AIPerceptionSystem (000002AB14575A80), frame # 0
[2021.01.27-15.41.08:072][  0]LogEditorServer: Finished looking for orphan Actors (0.000 secs)
[2021.01.27-15.41.08:093][  0]LogUObjectHash: Compacting FUObjectHashTables data took   0.95ms
[2021.01.27-15.41.08:093][  0]Cmd: MAP CHECKDEP NOCLEARLOG
[2021.01.27-15.41.08:094][  0]MapCheck: Map check complete: 0 Error(s), 0 Warning(s), took 0,091ms to complete.
[2021.01.27-15.41.08:094][  0]LogFileHelpers: Loading map 'MY_Map' took 0.221
[2021.01.27-15.41.08:097][  0]LogUnrealEdMisc: Total Editor Startup Time, took 14.291
[2021.01.27-15.41.08:264][  0]LogSlate: Updating window title bar state: overlay mode, drag disabled, window buttons hidden, title bar hidden
[2021.01.27-15.41.08:281][  0]LogSlate: Updating window title bar state: overlay mode, drag disabled, window buttons hidden, title bar hidden
[2021.01.27-15.41.08:290][  0]LogSlate: Updating window title bar state: overlay mode, drag disabled, window buttons hidden, title bar hidden
[2021.01.27-15.41.08:299][  0]LogSlate: Updating window title bar state: overlay mode, drag disabled, window buttons hidden, title bar hidden
[2021.01.27-15.41.08:319][  0]LogCollectionManager: Loaded 0 collections in 0.001855 seconds
[2021.01.27-15.41.08:347][  0]LogFileCache: Scanning file cache for directory 'D:/Unreal Engine/Network_Assignment/Network_Assignment/Saved/Collections/' took 0.00s
[2021.01.27-15.41.08:347][  0]LogFileCache: Scanning file cache for directory 'D:/Unreal Engine/Network_Assignment/Network_Assignment/Content/Developers/Leon/Collections/' took 0.00s
[2021.01.27-15.41.08:347][  0]LogFileCache: Scanning file cache for directory 'D:/Unreal Engine/Network_Assignment/Network_Assignment/Content/Collections/' took 0.00s
[2021.01.27-15.41.08:348][  0]LogContentBrowser: Native class hierarchy populated in 0.0130 seconds. Added 3434 classes and 823 folders.
[2021.01.27-15.41.08:352][  0]LogContentBrowser: Native class hierarchy updated for 'WidgetCarousel' in 0.0007 seconds. Added 0 classes and 0 folders.
[2021.01.27-15.41.08:552][  0]LogContentBrowser: Native class hierarchy updated for 'AddContentDialog' in 0.0007 seconds. Added 0 classes and 0 folders.
[2021.01.27-15.41.08:558][  0]LogContentBrowser: Native class hierarchy updated for 'SceneOutliner' in 0.0007 seconds. Added 2 classes and 0 folders.
[2021.01.27-15.41.08:686][  0]LogSlate: Took 0.000441 seconds to synchronously load lazily loaded font '../../../Engine/Content/Slate/Fonts/Roboto-Regular.ttf' (155K)
[2021.01.27-15.41.08:690][  0]LogSlate: Took 0.000471 seconds to synchronously load lazily loaded font '../../../Engine/Content/Slate/Fonts/Roboto-Bold.ttf' (160K)
[2021.01.27-15.41.08:695][  0]LogSlate: Took 0.000463 seconds to synchronously load lazily loaded font '../../../Engine/Content/Editor/Slate/Fonts/FontAwesome.ttf' (139K)
[2021.01.27-15.41.08:794][  0]LogRenderer: Reallocating scene render targets to support 1096x584 Format 10 NumSamples 1 (Frame:1).
[2021.01.27-15.41.08:928][  0]LogContentBrowser: Native class hierarchy updated for 'HierarchicalLODOutliner' in 0.0008 seconds. Added 0 classes and 0 folders.
[2021.01.27-15.41.08:928][  0]LogLoad: (Engine Initialization) Total time: 15.12 seconds
[2021.01.27-15.41.08:928][  0]LogLoad: (Engine Initialization) Total Blueprint compile time: 0.00 seconds
[2021.01.27-15.41.08:976][  0]LogAssetRegistry: Asset discovery search completed in 6.3823 seconds
[2021.01.27-15.41.08:980][  0]LogCollectionManager: Fixed up redirectors for 0 collections in 0.000003 seconds (updated 0 objects)
[2021.01.27-15.41.08:982][  0]LogContentStreaming: Texture pool size now 1000 MB
[2021.01.27-15.41.09:019][  0]LogSlate: Took 0.000384 seconds to synchronously load lazily loaded font '../../../Engine/Content/Slate/Fonts/Roboto-Light.ttf' (167K)
[2021.01.27-15.41.10:246][116]LogTemp: Repeating last play command: New Editor Window (PIE)
[2021.01.27-15.41.10:271][116]LogPlayLevel: PlayLevel: No blueprints needed recompiling
[2021.01.27-15.41.10:271][116]PIE: New page: PIE session: MY_Map (27 jan. 2021 17:41:10)
[2021.01.27-15.41.10:273][116]LogOnline: OSS: Creating online subsystem instance for: NULL
[2021.01.27-15.41.10:275][116]LogOnline: OSS: TryLoadSubsystemAndSetDefault: Loaded subsystem for module [NULL]
[2021.01.27-15.41.10:275][116]LogPlayLevel: Creating play world package: /Game/Maps/UEDPIE_0_MY_Map
[2021.01.27-15.41.10:282][116]LogPlayLevel: PIE: StaticDuplicateObject took: (0.006386s)
[2021.01.27-15.41.10:283][116]LogAIModule: Creating AISystem for world My_Map
[2021.01.27-15.41.10:283][116]LogAISub: UAISubsystem::UAISubsystem EnvQueryManager (000002AB2589CC00), frame # 116
[2021.01.27-15.41.10:283][116]LogAISub: UAISubsystem::UAISubsystem AIPerceptionSystem (000002AB25CCE840), frame # 116
[2021.01.27-15.41.10:284][116]LogPlayLevel: PIE: World Init took: (0.001586s)
[2021.01.27-15.41.10:284][116]LogPlayLevel: PIE: Created PIE world by copying editor world from /Game/Maps/MY_Map.My_Map to /Game/Maps/UEDPIE_0_MY_Map.My_Map (0.008296s)
[2021.01.27-15.41.10:292][116]LogUObjectHash: Compacting FUObjectHashTables data took   0.69ms
[2021.01.27-15.41.10:296][116]LogAudioMixer: Display: Audio Mixer Platform Settings:
[2021.01.27-15.41.10:296][116]LogAudioMixer: Display: 	Sample Rate:						  48000
[2021.01.27-15.41.10:296][116]LogAudioMixer: Display: 	Callback Buffer Frame Size Requested: 1024
[2021.01.27-15.41.10:296][116]LogAudioMixer: Display: 	Callback Buffer Frame Size To Use:	  1024
[2021.01.27-15.41.10:296][116]LogAudioMixer: Display: 	Number of buffers to queue:			  2
[2021.01.27-15.41.10:296][116]LogAudioMixer: Display: 	Max Channels (voices):				  32
[2021.01.27-15.41.10:296][116]LogAudioMixer: Display: 	Number of Async Source Workers:		  0
[2021.01.27-15.41.10:296][116]LogAudio: Display: AudioDevice MaxSources: 32
[2021.01.27-15.41.10:297][116]LogAudio: Display: Using built-in audio occlusion.
[2021.01.27-15.41.10:297][116]LogAudioMixer: Display: Initializing audio mixer.
[2021.01.27-15.41.10:307][116]LogAudioMixer: Display: 0: FrontLeft
[2021.01.27-15.41.10:307][116]LogAudioMixer: Display: 1: FrontRight
[2021.01.27-15.41.10:307][116]LogAudioMixer: Display: 2: FrontCenter
[2021.01.27-15.41.10:307][116]LogAudioMixer: Display: 3: LowFrequency
[2021.01.27-15.41.10:307][116]LogAudioMixer: Display: 4: BackLeft
[2021.01.27-15.41.10:307][116]LogAudioMixer: Display: 5: BackRight
[2021.01.27-15.41.10:307][116]LogAudioMixer: Display: 6: SideLeft
[2021.01.27-15.41.10:307][116]LogAudioMixer: Display: 7: SideRight
[2021.01.27-15.41.10:368][116]LogAudioMixer: Display: Using Audio Device Högtalare (Realtek High Definition Audio)
[2021.01.27-15.41.10:368][116]LogAudioMixer: Display: Initializing Sound Submixes...
[2021.01.27-15.41.10:368][116]LogAudioMixer: Display: Creating Master Submix 'MasterSubmixDefault'
[2021.01.27-15.41.10:368][116]LogAudioMixer: Display: Creating Master Submix 'MasterReverbSubmixDefault'
[2021.01.27-15.41.10:368][116]LogAudioMixer: Display: Creating Master Submix 'MasterEQSubmixDefault'
[2021.01.27-15.41.10:385][116]LogInit: FAudioDevice initialized.
[2021.01.27-15.41.10:417][116]LogSlate: Updating window title bar state: overlay mode, drag disabled, window buttons hidden, title bar hidden
[2021.01.27-15.41.10:418][116]LogLoad: Game class is 'BP_Network_AssignmentGameMode_C'
[2021.01.27-15.41.10:420][116]LogWorld: Bringing World /Game/Maps/UEDPIE_0_MY_Map.My_Map up for play (max tick rate 0) at 2021.01.27-16.41.10
[2021.01.27-15.41.10:424][116]LogWorld: Bringing up level for play took: 0.004609
[2021.01.27-15.41.10:427][116]LogOnline: OSS: Creating online subsystem instance for: :Context_4
[2021.01.27-15.41.10:434][116]LogContentBrowser: Native class hierarchy updated for 'MovieSceneCapture' in 0.0008 seconds. Added 20 classes and 0 folders.
[2021.01.27-15.41.10:435][116]LogNet: ReplicationDriverClass is null! Not using ReplicationDriver.
[2021.01.27-15.41.10:436][116]LogNetCore: DDoS detection status: detection enabled: 0 analytics enabled: 0
[2021.01.27-15.41.10:436][116]LogInit: WinSock: Socket queue. Rx: 131072 (config 131072) Tx: 131072 (config 131072)
[2021.01.27-15.41.10:437][116]LogNet: Created socket for bind address: 0.0.0.0 on port 17777
[2021.01.27-15.41.10:437][116]PacketHandlerLog: Loaded PacketHandler component: Engine.EngineHandlerComponentFactory (StatelessConnectHandlerComponent)
[2021.01.27-15.41.10:437][116]LogNet: GameNetDriver IpNetDriver_0 IpNetDriver listening on port 17777
[2021.01.27-15.41.10:442][116]PIE: Server logged in
[2021.01.27-15.41.10:444][116]PIE: Play in editor total start time 0,181 seconds.
[2021.01.27-15.41.10:446][116]LogAudioMixer: Display: Audio Mixer Platform Settings:
[2021.01.27-15.41.10:447][116]LogAudioMixer: Display: 	Sample Rate:						  48000
[2021.01.27-15.41.10:447][116]LogAudioMixer: Display: 	Callback Buffer Frame Size Requested: 1024
[2021.01.27-15.41.10:447][116]LogAudioMixer: Display: 	Callback Buffer Frame Size To Use:	  1024
[2021.01.27-15.41.10:448][116]LogAudioMixer: Display: 	Number of buffers to queue:			  2
[2021.01.27-15.41.10:449][116]LogAudioMixer: Display: 	Max Channels (voices):				  32
[2021.01.27-15.41.10:450][116]LogAudioMixer: Display: 	Number of Async Source Workers:		  0
[2021.01.27-15.41.10:450][116]LogAudio: Display: AudioDevice MaxSources: 32
[2021.01.27-15.41.10:451][116]LogAudio: Display: Using built-in audio occlusion.
[2021.01.27-15.41.10:451][116]LogAudioMixer: Display: Initializing audio mixer.
[2021.01.27-15.41.10:461][116]LogAudioMixer: Display: 0: FrontLeft
[2021.01.27-15.41.10:461][116]LogAudioMixer: Display: 1: FrontRight
[2021.01.27-15.41.10:461][116]LogAudioMixer: Display: 2: FrontCenter
[2021.01.27-15.41.10:461][116]LogAudioMixer: Display: 3: LowFrequency
[2021.01.27-15.41.10:462][116]LogAudioMixer: Display: 4: BackLeft
[2021.01.27-15.41.10:462][116]LogAudioMixer: Display: 5: BackRight
[2021.01.27-15.41.10:462][116]LogAudioMixer: Display: 6: SideLeft
[2021.01.27-15.41.10:462][116]LogAudioMixer: Display: 7: SideRight
[2021.01.27-15.41.10:559][116]LogAudioMixer: Display: Using Audio Device Högtalare (Realtek High Definition Audio)
[2021.01.27-15.41.10:559][116]LogAudioMixer: Display: Initializing Sound Submixes...
[2021.01.27-15.41.10:559][116]LogAudioMixer: Display: Creating Master Submix 'MasterSubmixDefault'
[2021.01.27-15.41.10:560][116]LogAudioMixer: Display: Creating Master Submix 'MasterReverbSubmixDefault'
[2021.01.27-15.41.10:560][116]LogAudioMixer: Display: Creating Master Submix 'MasterEQSubmixDefault'
[2021.01.27-15.41.10:572][116]LogInit: FAudioDevice initialized.
[2021.01.27-15.41.10:601][116]LogSlate: Updating window title bar state: overlay mode, drag disabled, window buttons hidden, title bar hidden
[2021.01.27-15.41.10:608][116]LogNet: Browse: 127.0.0.1:17777/Game/StarterContent/Maps/Minimal_Default
[2021.01.27-15.41.10:609][116]LogInit: WinSock: Socket queue. Rx: 32768 (config 32768) Tx: 32768 (config 32768)
[2021.01.27-15.41.10:609][116]LogNet: Created socket for bind address: 0.0.0.0 on port 0
[2021.01.27-15.41.10:610][116]PacketHandlerLog: Loaded PacketHandler component: Engine.EngineHandlerComponentFactory (StatelessConnectHandlerComponent)
[2021.01.27-15.41.10:614][116]LogNet: Game client on port 17777, rate 10000
[2021.01.27-15.41.10:617][116]PIE: Client logged in
[2021.01.27-15.41.10:620][116]PIE: Play in editor total start time 0,358 seconds.
[2021.01.27-15.41.10:623][116]LogAudioMixer: Display: Audio Mixer Platform Settings:
[2021.01.27-15.41.10:624][116]LogAudioMixer: Display: 	Sample Rate:						  48000
[2021.01.27-15.41.10:626][116]LogAudioMixer: Display: 	Callback Buffer Frame Size Requested: 1024
[2021.01.27-15.41.10:626][116]LogAudioMixer: Display: 	Callback Buffer Frame Size To Use:	  1024
[2021.01.27-15.41.10:627][116]LogAudioMixer: Display: 	Number of buffers to queue:			  2
[2021.01.27-15.41.10:628][116]LogAudioMixer: Display: 	Max Channels (voices):				  32
[2021.01.27-15.41.10:628][116]LogAudioMixer: Display: 	Number of Async Source Workers:		  0
[2021.01.27-15.41.10:629][116]LogAudio: Display: AudioDevice MaxSources: 32
[2021.01.27-15.41.10:629][116]LogAudio: Display: Using built-in audio occlusion.
[2021.01.27-15.41.10:629][116]LogAudioMixer: Display: Initializing audio mixer.
[2021.01.27-15.41.10:639][116]LogAudioMixer: Display: 0: FrontLeft
[2021.01.27-15.41.10:639][116]LogAudioMixer: Display: 1: FrontRight
[2021.01.27-15.41.10:640][116]LogAudioMixer: Display: 2: FrontCenter
[2021.01.27-15.41.10:640][116]LogAudioMixer: Display: 3: LowFrequency
[2021.01.27-15.41.10:640][116]LogAudioMixer: Display: 4: BackLeft
[2021.01.27-15.41.10:640][116]LogAudioMixer: Display: 5: BackRight
[2021.01.27-15.41.10:640][116]LogAudioMixer: Display: 6: SideLeft
[2021.01.27-15.41.10:640][116]LogAudioMixer: Display: 7: SideRight
[2021.01.27-15.41.10:693][116]LogAudioMixer: Display: Using Audio Device Högtalare (Realtek High Definition Audio)
[2021.01.27-15.41.10:694][116]LogAudioMixer: Display: Initializing Sound Submixes...
[2021.01.27-15.41.10:694][116]LogAudioMixer: Display: Creating Master Submix 'MasterSubmixDefault'
[2021.01.27-15.41.10:696][116]LogAudioMixer: Display: Creating Master Submix 'MasterReverbSubmixDefault'
[2021.01.27-15.41.10:697][116]LogAudioMixer: Display: Creating Master Submix 'MasterEQSubmixDefault'
[2021.01.27-15.41.10:714][116]LogInit: FAudioDevice initialized.
[2021.01.27-15.41.10:742][116]LogSlate: Updating window title bar state: overlay mode, drag disabled, window buttons hidden, title bar hidden
[2021.01.27-15.41.10:746][116]LogNet: Browse: 127.0.0.1:17777/Game/StarterContent/Maps/Minimal_Default
[2021.01.27-15.41.10:747][116]LogInit: WinSock: Socket queue. Rx: 32768 (config 32768) Tx: 32768 (config 32768)
[2021.01.27-15.41.10:747][116]LogNet: Created socket for bind address: 0.0.0.0 on port 0
[2021.01.27-15.41.10:748][116]PacketHandlerLog: Loaded PacketHandler component: Engine.EngineHandlerComponentFactory (StatelessConnectHandlerComponent)
[2021.01.27-15.41.10:749][116]LogNet: Game client on port 17777, rate 10000
[2021.01.27-15.41.10:753][116]PIE: Client logged in
[2021.01.27-15.41.10:757][116]PIE: Play in editor total start time 0,494 seconds.
[2021.01.27-15.41.10:759][116]LogAudioMixer: Display: Audio Mixer Platform Settings:
[2021.01.27-15.41.10:760][116]LogAudioMixer: Display: 	Sample Rate:						  48000
[2021.01.27-15.41.10:760][116]LogAudioMixer: Display: 	Callback Buffer Frame Size Requested: 1024
[2021.01.27-15.41.10:763][116]LogAudioMixer: Display: 	Callback Buffer Frame Size To Use:	  1024
[2021.01.27-15.41.10:763][116]LogAudioMixer: Display: 	Number of buffers to queue:			  2
[2021.01.27-15.41.10:764][116]LogAudioMixer: Display: 	Max Channels (voices):				  32
[2021.01.27-15.41.10:764][116]LogAudioMixer: Display: 	Number of Async Source Workers:		  0
[2021.01.27-15.41.10:765][116]LogAudio: Display: AudioDevice MaxSources: 32
[2021.01.27-15.41.10:765][116]LogAudio: Display: Using built-in audio occlusion.
[2021.01.27-15.41.10:766][116]LogAudioMixer: Display: Initializing audio mixer.
[2021.01.27-15.41.10:775][116]LogAudioMixer: Display: 0: FrontLeft
[2021.01.27-15.41.10:776][116]LogAudioMixer: Display: 1: FrontRight
[2021.01.27-15.41.10:776][116]LogAudioMixer: Display: 2: FrontCenter
[2021.01.27-15.41.10:776][116]LogAudioMixer: Display: 3: LowFrequency
[2021.01.27-15.41.10:776][116]LogAudioMixer: Display: 4: BackLeft
[2021.01.27-15.41.10:776][116]LogAudioMixer: Display: 5: BackRight
[2021.01.27-15.41.10:776][116]LogAudioMixer: Display: 6: SideLeft
[2021.01.27-15.41.10:776][116]LogAudioMixer: Display: 7: SideRight
[2021.01.27-15.41.10:851][116]LogAudioMixer: Display: Using Audio Device Högtalare (Realtek High Definition Audio)
[2021.01.27-15.41.10:851][116]LogAudioMixer: Display: Initializing Sound Submixes...
[2021.01.27-15.41.10:852][116]LogAudioMixer: Display: Creating Master Submix 'MasterSubmixDefault'
[2021.01.27-15.41.10:852][116]LogAudioMixer: Display: Creating Master Submix 'MasterReverbSubmixDefault'
[2021.01.27-15.41.10:853][116]LogAudioMixer: Display: Creating Master Submix 'MasterEQSubmixDefault'
[2021.01.27-15.41.10:869][116]LogInit: FAudioDevice initialized.
[2021.01.27-15.41.10:901][116]LogSlate: Updating window title bar state: overlay mode, drag disabled, window buttons hidden, title bar hidden
[2021.01.27-15.41.10:902][116]LogNet: Browse: 127.0.0.1:17777/Game/StarterContent/Maps/Minimal_Default
[2021.01.27-15.41.10:902][116]LogInit: WinSock: Socket queue. Rx: 32768 (config 32768) Tx: 32768 (config 32768)
[2021.01.27-15.41.10:908][116]LogNet: Created socket for bind address: 0.0.0.0 on port 0
[2021.01.27-15.41.10:909][116]PacketHandlerLog: Loaded PacketHandler component: Engine.EngineHandlerComponentFactory (StatelessConnectHandlerComponent)
[2021.01.27-15.41.10:909][116]LogNet: Game client on port 17777, rate 10000
[2021.01.27-15.41.10:911][116]PIE: Client logged in
[2021.01.27-15.41.10:912][116]PIE: Play in editor total start time 0,65 seconds.
[2021.01.27-15.41.11:633][147]LogNet: NotifyAcceptingConnection accepted from: 127.0.0.1:53976
[2021.01.27-15.41.11:633][147]LogHandshake: SendConnectChallenge. Timestamp: 1.395285, Cookie: 196117207158022079206157252101099120016139100018067064211062
[2021.01.27-15.41.11:634][147]LogHandshake: SendChallengeResponse. Timestamp: 1.395285, Cookie: 196117207158022079206157252101099120016139100018067064211062
[2021.01.27-15.41.11:649][148]LogNet: NotifyAcceptingConnection accepted from: 127.0.0.1:53976
[2021.01.27-15.41.11:649][148]LogHandshake: SendChallengeAck. InCookie: 196117207158022079206157252101099120016139100018067064211062
[2021.01.27-15.41.11:649][148]LogNet: Server accepting post-challenge connection from: 127.0.0.1:53976
[2021.01.27-15.41.11:650][148]PacketHandlerLog: Loaded PacketHandler component: Engine.EngineHandlerComponentFactory (StatelessConnectHandlerComponent)
[2021.01.27-15.41.11:650][148]LogNet: NotifyAcceptedConnection: Name: My_Map, TimeStamp: 01/27/21 16:41:11, [UNetConnection] RemoteAddr: 127.0.0.1:53976, Name: IpConnection_3, Driver: GameNetDriver IpNetDriver_0, IsServer: YES, PC: NULL, Owner: NULL, UniqueId: INVALID
[2021.01.27-15.41.11:651][148]LogNet: AddClientConnection: Added client connection: [UNetConnection] RemoteAddr: 127.0.0.1:53976, Name: IpConnection_3, Driver: GameNetDriver IpNetDriver_0, IsServer: YES, PC: NULL, Owner: NULL, UniqueId: INVALID
[2021.01.27-15.41.11:652][148]LogNetVersion: Network_Assignment 1.0.0.0, NetCL: 13144385, EngineNetVer: 14, GameNetVer: 0 (Checksum: 1736288989)
[2021.01.27-15.41.11:653][148]LogNet: UPendingNetGame::SendInitialJoin: Sending hello. [UNetConnection] RemoteAddr: 127.0.0.1:17777, Name: IpConnection_0, Driver: PendingNetDriver IpNetDriver_1, IsServer: NO, PC: NULL, Owner: NULL, UniqueId: INVALID
[2021.01.27-15.41.11:767][160]LogNet: NotifyAcceptingConnection accepted from: 127.0.0.1:53977
[2021.01.27-15.41.11:767][160]LogHandshake: SendConnectChallenge. Timestamp: 1.528930, Cookie: 189216169020224117248004131219195147187054143212010212076236
[2021.01.27-15.41.11:768][160]LogHandshake: SendChallengeResponse. Timestamp: 1.528930, Cookie: 189216169020224117248004131219195147187054143212010212076236
[2021.01.27-15.41.11:779][161]LogNet: NotifyAcceptingConnection accepted from: 127.0.0.1:53977
[2021.01.27-15.41.11:779][161]LogHandshake: SendChallengeAck. InCookie: 189216169020224117248004131219195147187054143212010212076236
[2021.01.27-15.41.11:780][161]LogNet: Server accepting post-challenge connection from: 127.0.0.1:53977
[2021.01.27-15.41.11:780][161]PacketHandlerLog: Loaded PacketHandler component: Engine.EngineHandlerComponentFactory (StatelessConnectHandlerComponent)
[2021.01.27-15.41.11:780][161]LogNet: NotifyAcceptedConnection: Name: My_Map, TimeStamp: 01/27/21 16:41:11, [UNetConnection] RemoteAddr: 127.0.0.1:53977, Name: IpConnection_4, Driver: GameNetDriver IpNetDriver_0, IsServer: YES, PC: NULL, Owner: NULL, UniqueId: INVALID
[2021.01.27-15.41.11:780][161]LogNet: AddClientConnection: Added client connection: [UNetConnection] RemoteAddr: 127.0.0.1:53977, Name: IpConnection_4, Driver: GameNetDriver IpNetDriver_0, IsServer: YES, PC: NULL, Owner: NULL, UniqueId: INVALID
[2021.01.27-15.41.11:782][161]LogNet: UPendingNetGame::SendInitialJoin: Sending hello. [UNetConnection] RemoteAddr: 127.0.0.1:17777, Name: IpConnection_1, Driver: PendingNetDriver IpNetDriver_2, IsServer: NO, PC: NULL, Owner: NULL, UniqueId: INVALID
[2021.01.27-15.41.11:799][163]LogNet: NotifyAcceptingChannel Control 0 server World /Game/Maps/UEDPIE_0_MY_Map.My_Map: Accepted
[2021.01.27-15.41.11:799][163]LogNet: Remote platform little endian=1
[2021.01.27-15.41.11:799][163]LogNet: This platform little endian=1
[2021.01.27-15.41.11:918][174]LogNet: NotifyAcceptingConnection accepted from: 127.0.0.1:53978
[2021.01.27-15.41.11:918][174]LogHandshake: SendConnectChallenge. Timestamp: 1.679254, Cookie: 184229000024133087192152141039240203239205121079065018128249
[2021.01.27-15.41.11:919][174]LogHandshake: SendChallengeResponse. Timestamp: 1.679254, Cookie: 184229000024133087192152141039240203239205121079065018128249
[2021.01.27-15.41.11:929][175]LogNet: NotifyAcceptingConnection accepted from: 127.0.0.1:53978
[2021.01.27-15.41.11:929][175]LogHandshake: SendChallengeAck. InCookie: 184229000024133087192152141039240203239205121079065018128249
[2021.01.27-15.41.11:929][175]LogNet: Server accepting post-challenge connection from: 127.0.0.1:53978
[2021.01.27-15.41.11:930][175]PacketHandlerLog: Loaded PacketHandler component: Engine.EngineHandlerComponentFactory (StatelessConnectHandlerComponent)
[2021.01.27-15.41.11:930][175]LogNet: NotifyAcceptedConnection: Name: My_Map, TimeStamp: 01/27/21 16:41:11, [UNetConnection] RemoteAddr: 127.0.0.1:53978, Name: IpConnection_5, Driver: GameNetDriver IpNetDriver_0, IsServer: YES, PC: NULL, Owner: NULL, UniqueId: INVALID
[2021.01.27-15.41.11:930][175]LogNet: AddClientConnection: Added client connection: [UNetConnection] RemoteAddr: 127.0.0.1:53978, Name: IpConnection_5, Driver: GameNetDriver IpNetDriver_0, IsServer: YES, PC: NULL, Owner: NULL, UniqueId: INVALID
[2021.01.27-15.41.11:932][175]LogNet: UPendingNetGame::SendInitialJoin: Sending hello. [UNetConnection] RemoteAddr: 127.0.0.1:17777, Name: IpConnection_2, Driver: PendingNetDriver IpNetDriver_3, IsServer: NO, PC: NULL, Owner: NULL, UniqueId: INVALID
[2021.01.27-15.41.11:940][176]LogNet: NotifyAcceptingChannel Control 0 server World /Game/Maps/UEDPIE_0_MY_Map.My_Map: Accepted
[2021.01.27-15.41.11:940][176]LogNet: Remote platform little endian=1
[2021.01.27-15.41.11:940][176]LogNet: This platform little endian=1
[2021.01.27-15.41.11:951][177]LogOnline: OSS: Creating online subsystem instance for: :Context_5
[2021.01.27-15.41.12:052][187]LogOnline: OSS: Creating online subsystem instance for: :Context_6
[2021.01.27-15.41.12:065][188]LogNet: Login request: ?Name=LEON-DATOR-06CDB6DC4E8C3FD965A7F78A4226DD86 userId: NULL:LEON-DATOR-06CDB6DC4E8C3FD965A7F78A4226DD86 platform: NULL
[2021.01.27-15.41.12:093][191]LogNet: NotifyAcceptingChannel Control 0 server World /Game/Maps/UEDPIE_0_MY_Map.My_Map: Accepted
[2021.01.27-15.41.12:093][191]LogNet: Remote platform little endian=1
[2021.01.27-15.41.12:093][191]LogNet: This platform little endian=1
[2021.01.27-15.41.12:211][203]LogNet: Login request: ?Name=LEON-DATOR-8B6FD4BB44F0331AEDAF3FA2B2E4FE79 userId: NULL:LEON-DATOR-8B6FD4BB44F0331AEDAF3FA2B2E4FE79 platform: NULL
[2021.01.27-15.41.12:215][203]LogNet: Welcomed by server (Level: /Game/Maps/UEDPIE_0_MY_Map, Game: /Game/Blueprints/BP_Network_AssignmentGameMode.BP_Network_AssignmentGameMode_C)
[2021.01.27-15.41.12:216][203]LogLoad: LoadMap: 127.0.0.1:17777/Game/Maps/UEDPIE_0_MY_Map?game=/Game/Blueprints/BP_Network_AssignmentGameMode.BP_Network_AssignmentGameMode_C
[2021.01.27-15.41.12:216][203]LogWorld: BeginTearingDown for /Temp/Untitled_1
[2021.01.27-15.41.12:217][203]LogWorld: UWorld::CleanupWorld for Untitled, bSessionEnded=true, bCleanupResources=true
[2021.01.27-15.41.12:217][203]LogSlate: InvalidateAllWidgets triggered.  All widgets were invalidated
[2021.01.27-15.41.12:228][203]LogUObjectHash: Compacting FUObjectHashTables data took   0.80ms
[2021.01.27-15.41.12:240][203]LogAIModule: Creating AISystem for world My_Map
[2021.01.27-15.41.12:242][203]LogAISub: UAISubsystem::UAISubsystem EnvQueryManager (000002AB25BC7C00), frame # 203
[2021.01.27-15.41.12:242][203]LogAISub: UAISubsystem::UAISubsystem AIPerceptionSystem (000002AB25674E00), frame # 203
[2021.01.27-15.41.12:244][203]LogWorld: Bringing World /Game/Maps/UEDPIE_1_MY_Map.My_Map up for play (max tick rate 0) at 2021.01.27-16.41.12
[2021.01.27-15.41.12:245][203]LogWorld: Bringing up level for play took: 0.000919
[2021.01.27-15.41.12:247][203]LogLoad: Took 0.030563 seconds to LoadMap(/Game/Maps/UEDPIE_0_MY_Map)
[2021.01.27-15.41.12:268][204]LogOnline: OSS: Creating online subsystem instance for: :Context_7
[2021.01.27-15.41.12:325][206]LogNet: Welcomed by server (Level: /Game/Maps/UEDPIE_0_MY_Map, Game: /Game/Blueprints/BP_Network_AssignmentGameMode.BP_Network_AssignmentGameMode_C)
[2021.01.27-15.41.12:326][206]LogLoad: LoadMap: 127.0.0.1:17777/Game/Maps/UEDPIE_0_MY_Map?game=/Game/Blueprints/BP_Network_AssignmentGameMode.BP_Network_AssignmentGameMode_C
[2021.01.27-15.41.12:326][206]LogWorld: BeginTearingDown for /Temp/Untitled_2
[2021.01.27-15.41.12:326][206]LogWorld: UWorld::CleanupWorld for Untitled, bSessionEnded=true, bCleanupResources=true
[2021.01.27-15.41.12:326][206]LogSlate: InvalidateAllWidgets triggered.  All widgets were invalidated
[2021.01.27-15.41.12:335][206]LogUObjectHash: Compacting FUObjectHashTables data took   1.17ms
[2021.01.27-15.41.12:345][206]LogAIModule: Creating AISystem for world My_Map
[2021.01.27-15.41.12:346][206]LogAISub: UAISubsystem::UAISubsystem EnvQueryManager (000002AB2520EA00), frame # 206
[2021.01.27-15.41.12:346][206]LogAISub: UAISubsystem::UAISubsystem AIPerceptionSystem (000002AB251325C0), frame # 206
[2021.01.27-15.41.12:347][206]LogWorld: Bringing World /Game/Maps/UEDPIE_2_MY_Map.My_Map up for play (max tick rate 0) at 2021.01.27-16.41.12
[2021.01.27-15.41.12:348][206]LogWorld: Bringing up level for play took: 0.000806
[2021.01.27-15.41.12:348][206]LogLoad: Took 0.022522 seconds to LoadMap(/Game/Maps/UEDPIE_0_MY_Map)
[2021.01.27-15.41.12:407][209]LogNet: Client netspeed is 10000
[2021.01.27-15.41.12:419][210]LogNet: Join request: /Game/StarterContent/Maps/Minimal_Default?Name=LEON-DATOR-06CDB6DC4E8C3FD965A7F78A4226DD86?SplitscreenCount=1
[2021.01.27-15.41.12:422][210]LogOnlineSession: Warning: OSS: No game present to join for session (GameSession)
[2021.01.27-15.41.12:427][210]LogNet: Join succeeded: LEON-DATOR-06CDB6DC4
[2021.01.27-15.41.12:441][211]LogNet: Login request: ?Name=LEON-DATOR-ED9D268A4D51A643C58E92A754C9F152 userId: NULL:LEON-DATOR-ED9D268A4D51A643C58E92A754C9F152 platform: NULL
[2021.01.27-15.41.12:490][215]LogNet: Client netspeed is 10000
[2021.01.27-15.41.12:511][216]LogNet: Join request: /Game/StarterContent/Maps/Minimal_Default?Name=LEON-DATOR-8B6FD4BB44F0331AEDAF3FA2B2E4FE79?SplitscreenCount=1
[2021.01.27-15.41.12:526][216]LogOnlineSession: Warning: OSS: No game present to join for session (GameSession)
[2021.01.27-15.41.12:529][216]LogNet: Join succeeded: LEON-DATOR-8B6FD4BB4
[2021.01.27-15.41.12:592][221]LogNet: Welcomed by server (Level: /Game/Maps/UEDPIE_0_MY_Map, Game: /Game/Blueprints/BP_Network_AssignmentGameMode.BP_Network_AssignmentGameMode_C)
[2021.01.27-15.41.12:595][221]LogLoad: LoadMap: 127.0.0.1:17777/Game/Maps/UEDPIE_0_MY_Map?game=/Game/Blueprints/BP_Network_AssignmentGameMode.BP_Network_AssignmentGameMode_C
[2021.01.27-15.41.12:596][221]LogWorld: BeginTearingDown for /Temp/Untitled_3
[2021.01.27-15.41.12:596][221]LogWorld: UWorld::CleanupWorld for Untitled, bSessionEnded=true, bCleanupResources=true
[2021.01.27-15.41.12:596][221]LogSlate: InvalidateAllWidgets triggered.  All widgets were invalidated
[2021.01.27-15.41.12:607][221]LogUObjectHash: Compacting FUObjectHashTables data took   1.15ms
[2021.01.27-15.41.12:617][221]LogAIModule: Creating AISystem for world My_Map
[2021.01.27-15.41.12:618][221]LogAISub: UAISubsystem::UAISubsystem EnvQueryManager (000002AB922A7E00), frame # 221
[2021.01.27-15.41.12:618][221]LogAISub: UAISubsystem::UAISubsystem AIPerceptionSystem (000002AB80579F80), frame # 221
[2021.01.27-15.41.12:620][221]LogWorld: Bringing World /Game/Maps/UEDPIE_3_MY_Map.My_Map up for play (max tick rate 0) at 2021.01.27-16.41.12
[2021.01.27-15.41.12:620][221]LogWorld: Bringing up level for play took: 0.001319
[2021.01.27-15.41.12:621][221]LogLoad: Took 0.025673 seconds to LoadMap(/Game/Maps/UEDPIE_0_MY_Map)
[2021.01.27-15.41.12:766][230]LogNet: Client netspeed is 10000
[2021.01.27-15.41.12:774][230]LogNet: Join request: /Game/StarterContent/Maps/Minimal_Default?Name=LEON-DATOR-ED9D268A4D51A643C58E92A754C9F152?SplitscreenCount=1
[2021.01.27-15.41.12:775][230]LogOnlineSession: Warning: OSS: No game present to join for session (GameSession)
[2021.01.27-15.41.12:778][230]LogNet: Join succeeded: LEON-DATOR-ED9D268A4
[2021.01.27-15.41.13:300][264]LogOnlineSession: Warning: OSS: No game present to join for session (GameSession)
[2021.01.27-15.41.13:523][276]LogOnlineSession: Warning: OSS: No game present to join for session (GameSession)
[2021.01.27-15.41.13:587][280]LogOnlineSession: Warning: OSS: No game present to join for session (GameSession)
[2021.01.27-15.41.13:652][283]LogOnlineSession: Warning: OSS: No game present to join for session (GameSession)
[2021.01.27-15.41.13:705][286]LogOnlineSession: Warning: OSS: No game present to join for session (GameSession)
[2021.01.27-15.41.13:743][288]LogOnlineSession: Warning: OSS: No game present to join for session (GameSession)
[2021.01.27-15.41.13:745][288]LogOnlineSession: Warning: OSS: No game present to join for session (GameSession)
[2021.01.27-15.41.13:751][288]LogOnlineSession: Warning: OSS: No game present to join for session (GameSession)
[2021.01.27-15.41.13:809][290]LogOnlineSession: Warning: OSS: No game present to join for session (GameSession)
[2021.01.27-15.41.13:845][292]LogOnlineSession: Warning: OSS: No game present to join for session (GameSession)
[2021.01.27-15.41.13:850][292]LogOnlineSession: Warning: OSS: No game present to join for session (GameSession)
[2021.01.27-15.41.13:931][297]LogOnlineSession: Warning: OSS: No game present to join for session (GameSession)
