Log file open, 01/28/21 13:45:38
LogInit: Display: Running engine for game: Network_Assignment
LogPlatformFile: Not using cached read wrapper
LogTaskGraph: Started task graph with 5 named threads and 14 total threads with 3 sets of task threads.
LogStats: Stats thread started at 0.359719
LogD3D11RHI: Loaded GFSDK_Aftermath_Lib.x64.dll
LogICUInternationalization: ICU TimeZone Detection - Raw Offset: +1:00, Platform Override: ''
LogPluginManager: Mounting plugin Paper2D
LogPluginManager: Mounting plugin AISupport
LogPluginManager: Mounting plugin LightPropagationVolume
LogPluginManager: Mounting plugin CameraShakePreviewer
LogPluginManager: Mounting plugin ActorLayerUtilities
LogPluginManager: Mounting plugin AnimationSharing
LogPluginManager: Mounting plugin CLionSourceCodeAccess
LogPluginManager: Mounting plugin CodeLiteSourceCodeAccess
LogPluginManager: Mounting plugin GitSourceControl
LogPluginManager: Mounting plugin KDevelopSourceCodeAccess
LogPluginManager: Mounting plugin NullSourceCodeAccess
LogPluginManager: Mounting plugin PerforceSourceControl
LogPluginManager: Mounting plugin PlasticSourceControl
LogPluginManager: Mounting plugin RiderSourceCodeAccess
LogPluginManager: Mounting plugin SubversionSourceControl
LogPluginManager: Mounting plugin UObjectPlugin
LogPluginManager: Mounting plugin VisualStudioCodeSourceCodeAccess
LogPluginManager: Mounting plugin VisualStudioSourceCodeAccess
LogPluginManager: Mounting plugin XCodeSourceCodeAccess
LogPluginManager: Mounting plugin AssetManagerEditor
LogPluginManager: Mounting plugin CryptoKeys
LogPluginManager: Mounting plugin CurveEditorTools
LogPluginManager: Mounting plugin DataValidation
LogPluginManager: Mounting plugin EditorScriptingUtilities
LogPluginManager: Mounting plugin FacialAnimation
LogPluginManager: Mounting plugin GameplayTagsEditor
LogPluginManager: Mounting plugin GeometryMode
LogPluginManager: Mounting plugin MacGraphicsSwitching
LogPluginManager: Mounting plugin MaterialAnalyzer
LogPluginManager: Mounting plugin MobileLauncherProfileWizard
LogPluginManager: Mounting plugin PluginBrowser
LogPluginManager: Mounting plugin SpeedTreeImporter
LogPluginManager: Mounting plugin DatasmithContent
LogPluginManager: Mounting plugin VariantManagerContent
LogPluginManager: Mounting plugin AlembicImporter
LogPluginManager: Mounting plugin AutomationUtils
LogPluginManager: Mounting plugin BackChannel
LogPluginManager: Mounting plugin ChaosCloth
LogPluginManager: Mounting plugin ChaosClothEditor
LogPluginManager: Mounting plugin ChaosEditor
LogPluginManager: Mounting plugin ChaosNiagara
LogPluginManager: Mounting plugin ChaosSolverPlugin
LogPluginManager: Mounting plugin CharacterAI
LogPluginManager: Mounting plugin GeometryCache
LogPluginManager: Mounting plugin GeometryCollectionPlugin
LogPluginManager: Mounting plugin GeometryProcessing
LogPluginManager: Mounting plugin PlanarCut
LogPluginManager: Mounting plugin PlatformCrypto
LogPluginManager: Mounting plugin ProxyLODPlugin
LogPluginManager: Mounting plugin SkeletalReduction
LogPluginManager: Mounting plugin Niagara
LogPluginManager: Mounting plugin MagicLeap
LogPluginManager: Mounting plugin MagicLeapLightEstimation
LogPluginManager: Mounting plugin MagicLeapMedia
LogPluginManager: Mounting plugin MagicLeapPassableWorld
LogPluginManager: Mounting plugin MLSDK
LogPluginManager: Mounting plugin AndroidMedia
LogPluginManager: Mounting plugin AvfMedia
LogPluginManager: Mounting plugin ImgMedia
LogPluginManager: Mounting plugin MediaCompositing
LogPluginManager: Mounting plugin MediaPlayerEditor
LogPluginManager: Mounting plugin WebMMedia
LogPluginManager: Mounting plugin WmfMedia
LogPluginManager: Mounting plugin MeshPainting
LogPluginManager: Mounting plugin TcpMessaging
LogPluginManager: Mounting plugin UdpMessaging
LogPluginManager: Mounting plugin ActorSequence
LogPluginManager: Mounting plugin LevelSequenceEditor
LogPluginManager: Mounting plugin MatineeToLevelSequence
LogPluginManager: Mounting plugin MovieRenderPipeline
LogPluginManager: Mounting plugin TemplateSequence
LogPluginManager: Mounting plugin NetcodeUnitTest
LogPluginManager: Mounting plugin NUTUnrealEngine4
LogPluginManager: Mounting plugin OnlineSubsystemGooglePlay
LogPluginManager: Mounting plugin OnlineSubsystemIOS
LogPluginManager: Mounting plugin OnlineSubsystem
LogPluginManager: Mounting plugin OnlineSubsystemNull
LogPluginManager: Mounting plugin OnlineSubsystemUtils
LogPluginManager: Mounting plugin LauncherChunkInstaller
LogPluginManager: Mounting plugin AndroidDeviceProfileSelector
LogPluginManager: Mounting plugin AndroidMoviePlayer
LogPluginManager: Mounting plugin AndroidPermission
LogPluginManager: Mounting plugin AppleImageUtils
LogPluginManager: Mounting plugin AppleMoviePlayer
LogPluginManager: Mounting plugin ArchVisCharacter
LogPluginManager: Mounting plugin AssetTags
LogPluginManager: Mounting plugin AudioCapture
LogPluginManager: Mounting plugin CableComponent
LogPluginManager: Mounting plugin CustomMeshComponent
LogPluginManager: Mounting plugin EditableMesh
LogPluginManager: Mounting plugin ExampleDeviceProfileSelector
LogPluginManager: Mounting plugin GoogleCloudMessaging
LogPluginManager: Mounting plugin GooglePAD
LogPluginManager: Mounting plugin IOSDeviceProfileSelector
LogPluginManager: Mounting plugin LinuxDeviceProfileSelector
LogPluginManager: Mounting plugin LocationServicesBPLibrary
LogPluginManager: Mounting plugin MobilePatchingUtils
LogPluginManager: Mounting plugin OculusVR
LogPluginManager: Mounting plugin PhysXVehicles
LogPluginManager: Mounting plugin PostSplashScreen
LogPluginManager: Mounting plugin ProceduralMeshComponent
LogPluginManager: Mounting plugin RuntimePhysXCooking
LogPluginManager: Mounting plugin SignificanceManager
LogPluginManager: Mounting plugin SoundFields
LogPluginManager: Mounting plugin SteamVR
LogPluginManager: Mounting plugin Synthesis
LogPluginManager: Mounting plugin WebMMoviePlayer
LogPluginManager: Mounting plugin WindowsMoviePlayer
LogPluginManager: Mounting plugin ScreenshotTools
LogInit: Using libcurl 7.55.1-DEV
LogInit:  - built for x86_64-pc-win32
LogInit:  - supports SSL with OpenSSL/1.1.1
LogInit:  - supports HTTP deflate (compression) using libz 1.2.8
LogInit:  - other features:
LogInit:      CURL_VERSION_SSL
LogInit:      CURL_VERSION_LIBZ
LogInit:      CURL_VERSION_IPV6
LogInit:      CURL_VERSION_ASYNCHDNS
LogInit:      CURL_VERSION_LARGEFILE
LogInit:      CURL_VERSION_IDN
LogInit:  CurlRequestOptions (configurable via config and command line):
LogInit:  - bVerifyPeer = true  - Libcurl will verify peer certificate
LogInit:  - bUseHttpProxy = false  - Libcurl will NOT use HTTP proxy
LogInit:  - bDontReuseConnections = false  - Libcurl will reuse connections
LogInit:  - MaxHostConnections = 16  - Libcurl will limit the number of connections to a host
LogInit:  - LocalHostAddr = Default
LogInit:  - BufferSize = 65536
LogOnline: OSS: Creating online subsystem instance for: NULL
LogInit: WinSock: version 1.1 (2.2), MaxSocks=32767, MaxUdp=65467
LogOnline: OSS: TryLoadSubsystemAndSetDefault: Loaded subsystem for module [NULL]
LogInit: Build: ++UE4+Release-4.25-CL-14469661
LogInit: Engine Version: 4.25.4-14469661+++UE4+Release-4.25
LogInit: Compatible Engine Version: 4.25.0-13144385+++UE4+Release-4.25
LogInit: Net CL: 13144385
LogInit: OS: Windows 10 (Release 1909) (), CPU:        Intel(R) Core(TM) i5-3570K CPU @ 3.40GHz, GPU: NVIDIA GeForce GTX 970
LogInit: Compiled (64-bit): Oct 11 2020 08:10:49
LogInit: Compiled with Visual C++: 19.24.28315.00
LogInit: Build Configuration: Development
LogInit: Branch Name: ++UE4+Release-4.25
LogInit: Command Line:  -skipcompile
LogInit: Base Directory: D:/EpicGames/UE_4.25/Engine/Binaries/Win64/
LogInit: Allocator: TBB
LogInit: Installed Engine Build: 1
LogDevObjectVersion: Number of dev versions registered: 26
LogDevObjectVersion:   Dev-Blueprints (B0D832E4-1F89-4F0D-ACCF-7EB736FD4AA2): 10
LogDevObjectVersion:   Dev-Build (E1C64328-A22C-4D53-A36C-8E866417BD8C): 0
LogDevObjectVersion:   Dev-Core (375EC13C-06E4-48FB-B500-84F0262A717E): 4
LogDevObjectVersion:   Dev-Editor (E4B068ED-F494-42E9-A231-DA0B2E46BB41): 38
LogDevObjectVersion:   Dev-Framework (CFFC743F-43B0-4480-9391-14DF171D2073): 37
LogDevObjectVersion:   Dev-Mobile (B02B49B5-BB20-44E9-A304-32B752E40360): 2
LogDevObjectVersion:   Dev-Networking (A4E4105C-59A1-49B5-A7C5-40C4547EDFEE): 0
LogDevObjectVersion:   Dev-Online (39C831C9-5AE6-47DC-9A44-9C173E1C8E7C): 0
LogDevObjectVersion:   Dev-Physics (78F01B33-EBEA-4F98-B9B4-84EACCB95AA2): 4
LogDevObjectVersion:   Dev-Platform (6631380F-2D4D-43E0-8009-CF276956A95A): 0
LogDevObjectVersion:   Dev-Rendering (12F88B9F-8875-4AFC-A67C-D90C383ABD29): 43
LogDevObjectVersion:   Dev-Sequencer (7B5AE74C-D270-4C10-A958-57980B212A5A): 12
LogDevObjectVersion:   Dev-VR (D7296918-1DD6-4BDD-9DE2-64A83CC13884): 3
LogDevObjectVersion:   Dev-LoadTimes (C2A15278-BFE7-4AFE-6C17-90FF531DF755): 1
LogDevObjectVersion:   Private-Geometry (6EACA3D4-40EC-4CC1-B786-8BED09428FC5): 3
LogDevObjectVersion:   Dev-AnimPhys (29E575DD-E0A3-4627-9D10-D276232CDCEA): 17
LogDevObjectVersion:   Dev-Anim (AF43A65D-7FD3-4947-9873-3E8ED9C1BB05): 7
LogDevObjectVersion:   Dev-ReflectionCapture (6B266CEC-1EC7-4B8F-A30B-E4D90942FC07): 1
LogDevObjectVersion:   Dev-Automation (0DF73D61-A23F-47EA-B727-89E90C41499A): 1
LogDevObjectVersion:   FortniteMain (601D1886-AC64-4F84-AA16-D3DE0DEAC7D6): 31
LogDevObjectVersion:   Dev-Enterprise (9DFFBCD6-494F-0158-E221-12823C92A888): 10
LogDevObjectVersion:   Dev-Niagara (F2AED0AC-9AFE-416F-8664-AA7FFA26D6FC): 1
LogDevObjectVersion:   Dev-Destruction (174F1F0B-B4C6-45A5-B13F-2EE8D0FB917D): 10
LogDevObjectVersion:   Dev-Physics-Ext (35F94A83-E258-406C-A318-09F59610247C): 37
LogDevObjectVersion:   Dev-PhysicsMaterial-Chaos (B68FC16E-8B1B-42E2-B453-215C058844FE): 1
LogDevObjectVersion:   Dev-CineCamera (B2E18506-4273-CFC2-A54E-F4BB758BBA07): 1
LogInit: Presizing for max 25165824 objects, including 0 objects not considered by GC, pre-allocating 0 bytes for permanent pool.
LogConfig: Applying CVar settings from Section [/Script/Engine.StreamingSettings] File [D:/Unreal Engine/Network_Assignment/Network_Assignment/Saved/Config/Windows/Engine.ini]
LogConfig: Setting CVar [[s.MinBulkDataSizeForAsyncLoading:131072]]
LogConfig: Setting CVar [[s.AsyncLoadingThreadEnabled:0]]
LogConfig: Setting CVar [[s.EventDrivenLoaderEnabled:1]]
LogConfig: Setting CVar [[s.WarnIfTimeLimitExceeded:0]]
LogConfig: Setting CVar [[s.TimeLimitExceededMultiplier:1.5]]
LogConfig: Setting CVar [[s.TimeLimitExceededMinTime:0.005]]
LogConfig: Setting CVar [[s.UseBackgroundLevelStreaming:1]]
LogConfig: Setting CVar [[s.PriorityAsyncLoadingExtraTime:15.0]]
LogConfig: Setting CVar [[s.LevelStreamingActorsUpdateTimeLimit:5.0]]
LogConfig: Setting CVar [[s.PriorityLevelStreamingActorsUpdateExtraTime:5.0]]
LogConfig: Setting CVar [[s.LevelStreamingComponentsRegistrationGranularity:10]]
LogConfig: Setting CVar [[s.UnregisterComponentsTimeLimit:1.0]]
LogConfig: Setting CVar [[s.LevelStreamingComponentsUnregistrationGranularity:5]]
LogConfig: Setting CVar [[s.FlushStreamingOnExit:1]]
LogInit: Object subsystem initialized
LogConfig: Setting CVar [[con.DebugEarlyDefault:1]]
LogConfig: Setting CVar [[r.setres:1280x720]]
[2021.01.28-12.45.39:609][  0]LogConfig: Setting CVar [[r.VSync:0]]
[2021.01.28-12.45.39:609][  0]LogConfig: Setting CVar [[r.RHICmdBypass:0]]
[2021.01.28-12.45.39:609][  0]LogConfig: Applying CVar settings from Section [/Script/Engine.RendererSettings] File [D:/Unreal Engine/Network_Assignment/Network_Assignment/Saved/Config/Windows/Engine.ini]
[2021.01.28-12.45.39:609][  0]LogConfig: Setting CVar [[r.GPUCrashDebugging:0]]
[2021.01.28-12.45.39:609][  0]LogConfig: Applying CVar settings from Section [/Script/Engine.RendererOverrideSettings] File [D:/Unreal Engine/Network_Assignment/Network_Assignment/Saved/Config/Windows/Engine.ini]
[2021.01.28-12.45.39:609][  0]LogConfig: Applying CVar settings from Section [/Script/Engine.StreamingSettings] File [D:/Unreal Engine/Network_Assignment/Network_Assignment/Saved/Config/Windows/Engine.ini]
[2021.01.28-12.45.39:609][  0]LogConfig: Setting CVar [[s.MinBulkDataSizeForAsyncLoading:131072]]
[2021.01.28-12.45.39:609][  0]LogConfig: Setting CVar [[s.AsyncLoadingThreadEnabled:0]]
[2021.01.28-12.45.39:609][  0]LogConfig: Setting CVar [[s.EventDrivenLoaderEnabled:1]]
[2021.01.28-12.45.39:609][  0]LogConfig: Setting CVar [[s.WarnIfTimeLimitExceeded:0]]
[2021.01.28-12.45.39:609][  0]LogConfig: Setting CVar [[s.TimeLimitExceededMultiplier:1.5]]
[2021.01.28-12.45.39:610][  0]LogConfig: Setting CVar [[s.TimeLimitExceededMinTime:0.005]]
[2021.01.28-12.45.39:610][  0]LogConfig: Setting CVar [[s.UseBackgroundLevelStreaming:1]]
[2021.01.28-12.45.39:610][  0]LogConfig: Setting CVar [[s.PriorityAsyncLoadingExtraTime:15.0]]
[2021.01.28-12.45.39:610][  0]LogConfig: Setting CVar [[s.LevelStreamingActorsUpdateTimeLimit:5.0]]
[2021.01.28-12.45.39:610][  0]LogConfig: Setting CVar [[s.PriorityLevelStreamingActorsUpdateExtraTime:5.0]]
[2021.01.28-12.45.39:610][  0]LogConfig: Setting CVar [[s.LevelStreamingComponentsRegistrationGranularity:10]]
[2021.01.28-12.45.39:610][  0]LogConfig: Setting CVar [[s.UnregisterComponentsTimeLimit:1.0]]
[2021.01.28-12.45.39:610][  0]LogConfig: Setting CVar [[s.LevelStreamingComponentsUnregistrationGranularity:5]]
[2021.01.28-12.45.39:610][  0]LogConfig: Setting CVar [[s.FlushStreamingOnExit:1]]
[2021.01.28-12.45.39:610][  0]LogConfig: Applying CVar settings from Section [/Script/Engine.GarbageCollectionSettings] File [D:/Unreal Engine/Network_Assignment/Network_Assignment/Saved/Config/Windows/Engine.ini]
[2021.01.28-12.45.39:610][  0]LogConfig: Setting CVar [[gc.MaxObjectsNotConsideredByGC:1]]
[2021.01.28-12.45.39:610][  0]LogConfig: Setting CVar [[gc.SizeOfPermanentObjectPool:0]]
[2021.01.28-12.45.39:610][  0]LogConfig: Setting CVar [[gc.FlushStreamingOnGC:0]]
[2021.01.28-12.45.39:610][  0]LogConfig: Setting CVar [[gc.NumRetriesBeforeForcingGC:10]]
[2021.01.28-12.45.39:610][  0]LogConfig: Setting CVar [[gc.AllowParallelGC:1]]
[2021.01.28-12.45.39:610][  0]LogConfig: Setting CVar [[gc.TimeBetweenPurgingPendingKillObjects:61.1]]
[2021.01.28-12.45.39:610][  0]LogConfig: Setting CVar [[gc.MaxObjectsInEditor:25165824]]
[2021.01.28-12.45.39:610][  0]LogConfig: Setting CVar [[gc.IncrementalBeginDestroyEnabled:1]]
[2021.01.28-12.45.39:610][  0]LogConfig: Setting CVar [[gc.CreateGCClusters:1]]
[2021.01.28-12.45.39:610][  0]LogConfig: Setting CVar [[gc.MinGCClusterSize:5]]
[2021.01.28-12.45.39:611][  0]LogConfig: Setting CVar [[gc.ActorClusteringEnabled:0]]
[2021.01.28-12.45.39:611][  0]LogConfig: Setting CVar [[gc.BlueprintClusteringEnabled:0]]
[2021.01.28-12.45.39:611][  0]LogConfig: Setting CVar [[gc.UseDisregardForGCOnDedicatedServers:0]]
[2021.01.28-12.45.39:611][  0]LogConfig: Applying CVar settings from Section [/Script/Engine.NetworkSettings] File [D:/Unreal Engine/Network_Assignment/Network_Assignment/Saved/Config/Windows/Engine.ini]
[2021.01.28-12.45.39:611][  0]LogConfig: Applying CVar settings from Section [/Script/UnrealEd.CookerSettings] File [D:/Unreal Engine/Network_Assignment/Network_Assignment/Saved/Config/Windows/Engine.ini]
[2021.01.28-12.45.39:625][  0]LogConfig: Applying CVar settings from Section [ViewDistanceQuality@3] File [D:/Unreal Engine/Network_Assignment/Network_Assignment/Saved/Config/Windows/Scalability.ini]
[2021.01.28-12.45.39:625][  0]LogConfig: Setting CVar [[r.SkeletalMeshLODBias:0]]
[2021.01.28-12.45.39:625][  0]LogConfig: Setting CVar [[r.ViewDistanceScale:1.0]]
[2021.01.28-12.45.39:625][  0]LogConfig: Applying CVar settings from Section [AntiAliasingQuality@3] File [D:/Unreal Engine/Network_Assignment/Network_Assignment/Saved/Config/Windows/Scalability.ini]
[2021.01.28-12.45.39:626][  0]LogConfig: Setting CVar [[r.PostProcessAAQuality:4]]
[2021.01.28-12.45.39:626][  0]LogConfig: Applying CVar settings from Section [ShadowQuality@3] File [D:/Unreal Engine/Network_Assignment/Network_Assignment/Saved/Config/Windows/Scalability.ini]
[2021.01.28-12.45.39:626][  0]LogConfig: Setting CVar [[r.LightFunctionQuality:1]]
[2021.01.28-12.45.39:626][  0]LogConfig: Setting CVar [[r.ShadowQuality:5]]
[2021.01.28-12.45.39:626][  0]LogConfig: Setting CVar [[r.Shadow.CSM.MaxCascades:10]]
[2021.01.28-12.45.39:626][  0]LogConfig: Setting CVar [[r.Shadow.MaxResolution:2048]]
[2021.01.28-12.45.39:626][  0]LogConfig: Setting CVar [[r.Shadow.MaxCSMResolution:2048]]
[2021.01.28-12.45.39:626][  0]LogConfig: Setting CVar [[r.Shadow.RadiusThreshold:0.01]]
[2021.01.28-12.45.39:626][  0]LogConfig: Setting CVar [[r.Shadow.DistanceScale:1.0]]
[2021.01.28-12.45.39:626][  0]LogConfig: Setting CVar [[r.Shadow.CSM.TransitionScale:1.0]]
[2021.01.28-12.45.39:626][  0]LogConfig: Setting CVar [[r.Shadow.PreShadowResolutionFactor:1.0]]
[2021.01.28-12.45.39:626][  0]LogConfig: Setting CVar [[r.DistanceFieldShadowing:1]]
[2021.01.28-12.45.39:626][  0]LogConfig: Setting CVar [[r.DistanceFieldAO:1]]
[2021.01.28-12.45.39:626][  0]LogConfig: Setting CVar [[r.AOQuality:2]]
[2021.01.28-12.45.39:626][  0]LogConfig: Setting CVar [[r.VolumetricFog:1]]
[2021.01.28-12.45.39:626][  0]LogConfig: Setting CVar [[r.VolumetricFog.GridPixelSize:8]]
[2021.01.28-12.45.39:626][  0]LogConfig: Setting CVar [[r.VolumetricFog.GridSizeZ:128]]
[2021.01.28-12.45.39:626][  0]LogConfig: Setting CVar [[r.VolumetricFog.HistoryMissSupersampleCount:4]]
[2021.01.28-12.45.39:626][  0]LogConfig: Setting CVar [[r.LightMaxDrawDistanceScale:1]]
[2021.01.28-12.45.39:627][  0]LogConfig: Setting CVar [[r.CapsuleShadows:1]]
[2021.01.28-12.45.39:627][  0]LogConfig: Applying CVar settings from Section [PostProcessQuality@3] File [D:/Unreal Engine/Network_Assignment/Network_Assignment/Saved/Config/Windows/Scalability.ini]
[2021.01.28-12.45.39:627][  0]LogConfig: Setting CVar [[r.MotionBlurQuality:4]]
[2021.01.28-12.45.39:627][  0]LogConfig: Setting CVar [[r.AmbientOcclusionMipLevelFactor:0.4]]
[2021.01.28-12.45.39:627][  0]LogConfig: Setting CVar [[r.AmbientOcclusionMaxQuality:100]]
[2021.01.28-12.45.39:627][  0]LogConfig: Setting CVar [[r.AmbientOcclusionLevels:-1]]
[2021.01.28-12.45.39:627][  0]LogConfig: Setting CVar [[r.AmbientOcclusionRadiusScale:1.0]]
[2021.01.28-12.45.39:627][  0]LogConfig: Setting CVar [[r.DepthOfFieldQuality:2]]
[2021.01.28-12.45.39:627][  0]LogConfig: Setting CVar [[r.RenderTargetPoolMin:400]]
[2021.01.28-12.45.39:627][  0]LogConfig: Setting CVar [[r.LensFlareQuality:2]]
[2021.01.28-12.45.39:627][  0]LogConfig: Setting CVar [[r.SceneColorFringeQuality:1]]
[2021.01.28-12.45.39:627][  0]LogConfig: Setting CVar [[r.EyeAdaptationQuality:2]]
[2021.01.28-12.45.39:627][  0]LogConfig: Setting CVar [[r.BloomQuality:5]]
[2021.01.28-12.45.39:627][  0]LogConfig: Setting CVar [[r.FastBlurThreshold:100]]
[2021.01.28-12.45.39:627][  0]LogConfig: Setting CVar [[r.Upscale.Quality:3]]
[2021.01.28-12.45.39:627][  0]LogConfig: Setting CVar [[r.Tonemapper.GrainQuantization:1]]
[2021.01.28-12.45.39:627][  0]LogConfig: Setting CVar [[r.LightShaftQuality:1]]
[2021.01.28-12.45.39:627][  0]LogConfig: Setting CVar [[r.Filter.SizeScale:1]]
[2021.01.28-12.45.39:628][  0]LogConfig: Setting CVar [[r.Tonemapper.Quality:5]]
[2021.01.28-12.45.39:628][  0]LogConfig: Setting CVar [[r.DOF.Gather.AccumulatorQuality:1        ; higher gathering accumulator quality]]
[2021.01.28-12.45.39:628][  0]LogConfig: Setting CVar [[r.DOF.Gather.PostfilterMethod:1          ; Median3x3 postfilering method]]
[2021.01.28-12.45.39:628][  0]LogConfig: Setting CVar [[r.DOF.Gather.EnableBokehSettings:0       ; no bokeh simulation when gathering]]
[2021.01.28-12.45.39:628][  0]LogConfig: Setting CVar [[r.DOF.Gather.RingCount:4                 ; medium number of samples when gathering]]
[2021.01.28-12.45.39:628][  0]LogConfig: Setting CVar [[r.DOF.Scatter.ForegroundCompositing:1    ; additive foreground scattering]]
[2021.01.28-12.45.39:628][  0]LogConfig: Setting CVar [[r.DOF.Scatter.BackgroundCompositing:2    ; additive background scattering]]
[2021.01.28-12.45.39:628][  0]LogConfig: Setting CVar [[r.DOF.Scatter.EnableBokehSettings:1      ; bokeh simulation when scattering]]
[2021.01.28-12.45.39:628][  0]LogConfig: Setting CVar [[r.DOF.Scatter.MaxSpriteRatio:0.1         ; only a maximum of 10% of scattered bokeh]]
[2021.01.28-12.45.39:628][  0]LogConfig: Setting CVar [[r.DOF.Recombine.Quality:1                ; cheap slight out of focus]]
[2021.01.28-12.45.39:628][  0]LogConfig: Setting CVar [[r.DOF.Recombine.EnableBokehSettings:0    ; no bokeh simulation on slight out of focus]]
[2021.01.28-12.45.39:628][  0]LogConfig: Setting CVar [[r.DOF.TemporalAAQuality:1                ; more stable temporal accumulation]]
[2021.01.28-12.45.39:628][  0]LogConfig: Setting CVar [[r.DOF.Kernel.MaxForegroundRadius:0.025]]
[2021.01.28-12.45.39:628][  0]LogConfig: Setting CVar [[r.DOF.Kernel.MaxBackgroundRadius:0.025]]
[2021.01.28-12.45.39:628][  0]LogConfig: Applying CVar settings from Section [TextureQuality@3] File [D:/Unreal Engine/Network_Assignment/Network_Assignment/Saved/Config/Windows/Scalability.ini]
[2021.01.28-12.45.39:628][  0]LogConfig: Setting CVar [[r.Streaming.MipBias:0]]
[2021.01.28-12.45.39:628][  0]LogConfig: Setting CVar [[r.Streaming.AmortizeCPUToGPUCopy:0]]
[2021.01.28-12.45.39:628][  0]LogConfig: Setting CVar [[r.Streaming.MaxNumTexturesToStreamPerFrame:0]]
[2021.01.28-12.45.39:628][  0]LogConfig: Setting CVar [[r.Streaming.Boost:1]]
[2021.01.28-12.45.39:628][  0]LogConfig: Setting CVar [[r.MaxAnisotropy:8]]
[2021.01.28-12.45.39:628][  0]LogConfig: Setting CVar [[r.VT.MaxAnisotropy:8]]
[2021.01.28-12.45.39:629][  0]LogConfig: Setting CVar [[r.Streaming.LimitPoolSizeToVRAM:0]]
[2021.01.28-12.45.39:629][  0]LogConfig: Setting CVar [[r.Streaming.PoolSize:1000]]
[2021.01.28-12.45.39:629][  0]LogConfig: Setting CVar [[r.Streaming.MaxEffectiveScreenSize:0]]
[2021.01.28-12.45.39:629][  0]LogConfig: Applying CVar settings from Section [EffectsQuality@3] File [D:/Unreal Engine/Network_Assignment/Network_Assignment/Saved/Config/Windows/Scalability.ini]
[2021.01.28-12.45.39:629][  0]LogConfig: Setting CVar [[r.TranslucencyLightingVolumeDim:64]]
[2021.01.28-12.45.39:629][  0]LogConfig: Setting CVar [[r.RefractionQuality:2]]
[2021.01.28-12.45.39:629][  0]LogConfig: Setting CVar [[r.SSR.Quality:3]]
[2021.01.28-12.45.39:629][  0]LogConfig: Setting CVar [[r.SSR.HalfResSceneColor:0]]
[2021.01.28-12.45.39:629][  0]LogConfig: Setting CVar [[r.SceneColorFormat:4]]
[2021.01.28-12.45.39:629][  0]LogConfig: Setting CVar [[r.DetailMode:2]]
[2021.01.28-12.45.39:629][  0]LogConfig: Setting CVar [[r.TranslucencyVolumeBlur:1]]
[2021.01.28-12.45.39:629][  0]LogConfig: Setting CVar [[r.MaterialQualityLevel:1 ; High quality]]
[2021.01.28-12.45.39:629][  0]LogConfig: Setting CVar [[r.SSS.Scale:1]]
[2021.01.28-12.45.39:629][  0]LogConfig: Setting CVar [[r.SSS.SampleSet:2]]
[2021.01.28-12.45.39:629][  0]LogConfig: Setting CVar [[r.SSS.Quality:1]]
[2021.01.28-12.45.39:629][  0]LogConfig: Setting CVar [[r.SSS.HalfRes:0]]
[2021.01.28-12.45.39:629][  0]LogConfig: Setting CVar [[r.SSGI.Quality:3]]
[2021.01.28-12.45.39:629][  0]LogConfig: Setting CVar [[r.EmitterSpawnRateScale:1.0]]
[2021.01.28-12.45.39:629][  0]LogConfig: Setting CVar [[r.ParticleLightQuality:2]]
[2021.01.28-12.45.39:629][  0]LogConfig: Setting CVar [[r.SkyAtmosphere.AerialPerspectiveLUT.FastApplyOnOpaque:1 ; Always have FastSkyLUT 1 in this case to avoid wrong sky]]
[2021.01.28-12.45.39:629][  0]LogConfig: Setting CVar [[r.SkyAtmosphere.AerialPerspectiveLUT.SampleCountPerSlice:1]]
[2021.01.28-12.45.39:629][  0]LogConfig: Setting CVar [[r.SkyAtmosphere.AerialPerspectiveLUT.DepthResolution:16.0]]
[2021.01.28-12.45.39:630][  0]LogConfig: Setting CVar [[r.SkyAtmosphere.FastSkyLUT:1]]
[2021.01.28-12.45.39:630][  0]LogConfig: Setting CVar [[r.SkyAtmosphere.FastSkyLUT.SampleCountMin:4.0]]
[2021.01.28-12.45.39:630][  0]LogConfig: Setting CVar [[r.SkyAtmosphere.FastSkyLUT.SampleCountMax:32.0]]
[2021.01.28-12.45.39:630][  0]LogConfig: Setting CVar [[r.SkyAtmosphere.SampleCountMin:4.0]]
[2021.01.28-12.45.39:630][  0]LogConfig: Setting CVar [[r.SkyAtmosphere.SampleCountMax:32.0]]
[2021.01.28-12.45.39:630][  0]LogConfig: Setting CVar [[r.SkyAtmosphere.TransmittanceLUT.UseSmallFormat:0]]
[2021.01.28-12.45.39:630][  0]LogConfig: Setting CVar [[r.SkyAtmosphere.TransmittanceLUT.SampleCount:10.0]]
[2021.01.28-12.45.39:630][  0]LogConfig: Setting CVar [[r.SkyAtmosphere.MultiScatteringLUT.SampleCount:15.0]]
[2021.01.28-12.45.39:630][  0]LogConfig: Applying CVar settings from Section [FoliageQuality@3] File [D:/Unreal Engine/Network_Assignment/Network_Assignment/Saved/Config/Windows/Scalability.ini]
[2021.01.28-12.45.39:630][  0]LogConfig: Setting CVar [[foliage.DensityScale:1.0]]
[2021.01.28-12.45.39:630][  0]LogConfig: Setting CVar [[grass.DensityScale:1.0]]
[2021.01.28-12.45.39:630][  0]LogConfig: Applying CVar settings from Section [ShadingQuality@3] File [D:/Unreal Engine/Network_Assignment/Network_Assignment/Saved/Config/Windows/Scalability.ini]
[2021.01.28-12.45.39:630][  0]LogConfig: Setting CVar [[r.HairStrands.SkyLighting.SampleCount:16]]
[2021.01.28-12.45.39:630][  0]LogConfig: Setting CVar [[r.HairStrands.SkyLighting.JitterIntegration:0]]
[2021.01.28-12.45.39:630][  0]LogConfig: Setting CVar [[r.HairStrands.SkyAO.SampleCount:16]]
[2021.01.28-12.45.39:630][  0]LogConfig: Setting CVar [[r.HairStrands.DeepShadow.SuperSampling:0]]
[2021.01.28-12.45.39:630][  0]LogConfig: Setting CVar [[r.HairStrands.VisibilityPPLL:0]]
[2021.01.28-12.45.39:630][  0]LogConfig: Setting CVar [[r.HairStrands.RasterizationScale:0.5]]
[2021.01.28-12.45.39:630][  0]LogConfig: Setting CVar [[r.HairStrands.VelocityRasterizationScale:1]]
[2021.01.28-12.45.39:630][  0]LogInit: Selected Device Profile: [Windows]
[2021.01.28-12.45.39:631][  0]LogInit: Applying CVar settings loaded from the selected device profile: [Windows]
[2021.01.28-12.45.39:631][  0]LogHAL: Display: Platform has ~ 16 GB [17109352448 / 17179869184 / 16], which maps to Larger [LargestMinGB=32, LargerMinGB=12, DefaultMinGB=8, SmallerMinGB=6, SmallestMinGB=0)
[2021.01.28-12.45.39:631][  0]LogInit: Going up to parent DeviceProfile []
[2021.01.28-12.45.39:631][  0]LogConfig: Applying CVar settings from Section [ViewDistanceQuality@3] File [D:/Unreal Engine/Network_Assignment/Network_Assignment/Saved/Config/Windows/Scalability.ini]
[2021.01.28-12.45.39:631][  0]LogConfig: Setting CVar [[r.SkeletalMeshLODBias:0]]
[2021.01.28-12.45.39:631][  0]LogConfig: Setting CVar [[r.ViewDistanceScale:1.0]]
[2021.01.28-12.45.39:631][  0]LogConfig: Applying CVar settings from Section [AntiAliasingQuality@3] File [D:/Unreal Engine/Network_Assignment/Network_Assignment/Saved/Config/Windows/Scalability.ini]
[2021.01.28-12.45.39:631][  0]LogConfig: Setting CVar [[r.PostProcessAAQuality:4]]
[2021.01.28-12.45.39:631][  0]LogConfig: Applying CVar settings from Section [ShadowQuality@3] File [D:/Unreal Engine/Network_Assignment/Network_Assignment/Saved/Config/Windows/Scalability.ini]
[2021.01.28-12.45.39:631][  0]LogConfig: Setting CVar [[r.LightFunctionQuality:1]]
[2021.01.28-12.45.39:631][  0]LogConfig: Setting CVar [[r.ShadowQuality:5]]
[2021.01.28-12.45.39:631][  0]LogConfig: Setting CVar [[r.Shadow.CSM.MaxCascades:10]]
[2021.01.28-12.45.39:631][  0]LogConfig: Setting CVar [[r.Shadow.MaxResolution:2048]]
[2021.01.28-12.45.39:631][  0]LogConfig: Setting CVar [[r.Shadow.MaxCSMResolution:2048]]
[2021.01.28-12.45.39:631][  0]LogConfig: Setting CVar [[r.Shadow.RadiusThreshold:0.01]]
[2021.01.28-12.45.39:631][  0]LogConfig: Setting CVar [[r.Shadow.DistanceScale:1.0]]
[2021.01.28-12.45.39:631][  0]LogConfig: Setting CVar [[r.Shadow.CSM.TransitionScale:1.0]]
[2021.01.28-12.45.39:631][  0]LogConfig: Setting CVar [[r.Shadow.PreShadowResolutionFactor:1.0]]
[2021.01.28-12.45.39:632][  0]LogConfig: Setting CVar [[r.DistanceFieldShadowing:1]]
[2021.01.28-12.45.39:632][  0]LogConfig: Setting CVar [[r.DistanceFieldAO:1]]
[2021.01.28-12.45.39:632][  0]LogConfig: Setting CVar [[r.AOQuality:2]]
[2021.01.28-12.45.39:632][  0]LogConfig: Setting CVar [[r.VolumetricFog:1]]
[2021.01.28-12.45.39:632][  0]LogConfig: Setting CVar [[r.VolumetricFog.GridPixelSize:8]]
[2021.01.28-12.45.39:632][  0]LogConfig: Setting CVar [[r.VolumetricFog.GridSizeZ:128]]
[2021.01.28-12.45.39:632][  0]LogConfig: Setting CVar [[r.VolumetricFog.HistoryMissSupersampleCount:4]]
[2021.01.28-12.45.39:632][  0]LogConfig: Setting CVar [[r.LightMaxDrawDistanceScale:1]]
[2021.01.28-12.45.39:632][  0]LogConfig: Setting CVar [[r.CapsuleShadows:1]]
[2021.01.28-12.45.39:632][  0]LogConfig: Applying CVar settings from Section [PostProcessQuality@3] File [D:/Unreal Engine/Network_Assignment/Network_Assignment/Saved/Config/Windows/Scalability.ini]
[2021.01.28-12.45.39:632][  0]LogConfig: Setting CVar [[r.MotionBlurQuality:4]]
[2021.01.28-12.45.39:632][  0]LogConfig: Setting CVar [[r.AmbientOcclusionMipLevelFactor:0.4]]
[2021.01.28-12.45.39:632][  0]LogConfig: Setting CVar [[r.AmbientOcclusionMaxQuality:100]]
[2021.01.28-12.45.39:632][  0]LogConfig: Setting CVar [[r.AmbientOcclusionLevels:-1]]
[2021.01.28-12.45.39:632][  0]LogConfig: Setting CVar [[r.AmbientOcclusionRadiusScale:1.0]]
[2021.01.28-12.45.39:632][  0]LogConfig: Setting CVar [[r.DepthOfFieldQuality:2]]
[2021.01.28-12.45.39:632][  0]LogConfig: Setting CVar [[r.RenderTargetPoolMin:400]]
[2021.01.28-12.45.39:632][  0]LogConfig: Setting CVar [[r.LensFlareQuality:2]]
[2021.01.28-12.45.39:632][  0]LogConfig: Setting CVar [[r.SceneColorFringeQuality:1]]
[2021.01.28-12.45.39:632][  0]LogConfig: Setting CVar [[r.EyeAdaptationQuality:2]]
[2021.01.28-12.45.39:632][  0]LogConfig: Setting CVar [[r.BloomQuality:5]]
[2021.01.28-12.45.39:632][  0]LogConfig: Setting CVar [[r.FastBlurThreshold:100]]
[2021.01.28-12.45.39:633][  0]LogConfig: Setting CVar [[r.Upscale.Quality:3]]
[2021.01.28-12.45.39:633][  0]LogConfig: Setting CVar [[r.Tonemapper.GrainQuantization:1]]
[2021.01.28-12.45.39:633][  0]LogConfig: Setting CVar [[r.LightShaftQuality:1]]
[2021.01.28-12.45.39:633][  0]LogConfig: Setting CVar [[r.Filter.SizeScale:1]]
[2021.01.28-12.45.39:633][  0]LogConfig: Setting CVar [[r.Tonemapper.Quality:5]]
[2021.01.28-12.45.39:633][  0]LogConfig: Setting CVar [[r.DOF.Gather.AccumulatorQuality:1        ; higher gathering accumulator quality]]
[2021.01.28-12.45.39:633][  0]LogConfig: Setting CVar [[r.DOF.Gather.PostfilterMethod:1          ; Median3x3 postfilering method]]
[2021.01.28-12.45.39:633][  0]LogConfig: Setting CVar [[r.DOF.Gather.EnableBokehSettings:0       ; no bokeh simulation when gathering]]
[2021.01.28-12.45.39:633][  0]LogConfig: Setting CVar [[r.DOF.Gather.RingCount:4                 ; medium number of samples when gathering]]
[2021.01.28-12.45.39:633][  0]LogConfig: Setting CVar [[r.DOF.Scatter.ForegroundCompositing:1    ; additive foreground scattering]]
[2021.01.28-12.45.39:633][  0]LogConfig: Setting CVar [[r.DOF.Scatter.BackgroundCompositing:2    ; additive background scattering]]
[2021.01.28-12.45.39:633][  0]LogConfig: Setting CVar [[r.DOF.Scatter.EnableBokehSettings:1      ; bokeh simulation when scattering]]
[2021.01.28-12.45.39:633][  0]LogConfig: Setting CVar [[r.DOF.Scatter.MaxSpriteRatio:0.1         ; only a maximum of 10% of scattered bokeh]]
[2021.01.28-12.45.39:633][  0]LogConfig: Setting CVar [[r.DOF.Recombine.Quality:1                ; cheap slight out of focus]]
[2021.01.28-12.45.39:633][  0]LogConfig: Setting CVar [[r.DOF.Recombine.EnableBokehSettings:0    ; no bokeh simulation on slight out of focus]]
[2021.01.28-12.45.39:633][  0]LogConfig: Setting CVar [[r.DOF.TemporalAAQuality:1                ; more stable temporal accumulation]]
[2021.01.28-12.45.39:633][  0]LogConfig: Setting CVar [[r.DOF.Kernel.MaxForegroundRadius:0.025]]
[2021.01.28-12.45.39:634][  0]LogConfig: Setting CVar [[r.DOF.Kernel.MaxBackgroundRadius:0.025]]
[2021.01.28-12.45.39:634][  0]LogConfig: Applying CVar settings from Section [TextureQuality@3] File [D:/Unreal Engine/Network_Assignment/Network_Assignment/Saved/Config/Windows/Scalability.ini]
[2021.01.28-12.45.39:634][  0]LogConfig: Setting CVar [[r.Streaming.MipBias:0]]
[2021.01.28-12.45.39:634][  0]LogConfig: Setting CVar [[r.Streaming.AmortizeCPUToGPUCopy:0]]
[2021.01.28-12.45.39:634][  0]LogConfig: Setting CVar [[r.Streaming.MaxNumTexturesToStreamPerFrame:0]]
[2021.01.28-12.45.39:634][  0]LogConfig: Setting CVar [[r.Streaming.Boost:1]]
[2021.01.28-12.45.39:634][  0]LogConfig: Setting CVar [[r.MaxAnisotropy:8]]
[2021.01.28-12.45.39:634][  0]LogConfig: Setting CVar [[r.VT.MaxAnisotropy:8]]
[2021.01.28-12.45.39:634][  0]LogConfig: Setting CVar [[r.Streaming.LimitPoolSizeToVRAM:0]]
[2021.01.28-12.45.39:634][  0]LogConfig: Setting CVar [[r.Streaming.PoolSize:1000]]
[2021.01.28-12.45.39:634][  0]LogConfig: Setting CVar [[r.Streaming.MaxEffectiveScreenSize:0]]
[2021.01.28-12.45.39:634][  0]LogConfig: Applying CVar settings from Section [EffectsQuality@3] File [D:/Unreal Engine/Network_Assignment/Network_Assignment/Saved/Config/Windows/Scalability.ini]
[2021.01.28-12.45.39:634][  0]LogConfig: Setting CVar [[r.TranslucencyLightingVolumeDim:64]]
[2021.01.28-12.45.39:634][  0]LogConfig: Setting CVar [[r.RefractionQuality:2]]
[2021.01.28-12.45.39:634][  0]LogConfig: Setting CVar [[r.SSR.Quality:3]]
[2021.01.28-12.45.39:634][  0]LogConfig: Setting CVar [[r.SSR.HalfResSceneColor:0]]
[2021.01.28-12.45.39:634][  0]LogConfig: Setting CVar [[r.SceneColorFormat:4]]
[2021.01.28-12.45.39:635][  0]LogConfig: Setting CVar [[r.DetailMode:2]]
[2021.01.28-12.45.39:635][  0]LogConfig: Setting CVar [[r.TranslucencyVolumeBlur:1]]
[2021.01.28-12.45.39:635][  0]LogConfig: Setting CVar [[r.MaterialQualityLevel:1 ; High quality]]
[2021.01.28-12.45.39:635][  0]LogConfig: Setting CVar [[r.SSS.Scale:1]]
[2021.01.28-12.45.39:635][  0]LogConfig: Setting CVar [[r.SSS.SampleSet:2]]
[2021.01.28-12.45.39:635][  0]LogConfig: Setting CVar [[r.SSS.Quality:1]]
[2021.01.28-12.45.39:635][  0]LogConfig: Setting CVar [[r.SSS.HalfRes:0]]
[2021.01.28-12.45.39:635][  0]LogConfig: Setting CVar [[r.SSGI.Quality:3]]
[2021.01.28-12.45.39:635][  0]LogConfig: Setting CVar [[r.EmitterSpawnRateScale:1.0]]
[2021.01.28-12.45.39:635][  0]LogConfig: Setting CVar [[r.ParticleLightQuality:2]]
[2021.01.28-12.45.39:635][  0]LogConfig: Setting CVar [[r.SkyAtmosphere.AerialPerspectiveLUT.FastApplyOnOpaque:1 ; Always have FastSkyLUT 1 in this case to avoid wrong sky]]
[2021.01.28-12.45.39:635][  0]LogConfig: Setting CVar [[r.SkyAtmosphere.AerialPerspectiveLUT.SampleCountPerSlice:1]]
[2021.01.28-12.45.39:635][  0]LogConfig: Setting CVar [[r.SkyAtmosphere.AerialPerspectiveLUT.DepthResolution:16.0]]
[2021.01.28-12.45.39:635][  0]LogConfig: Setting CVar [[r.SkyAtmosphere.FastSkyLUT:1]]
[2021.01.28-12.45.39:635][  0]LogConfig: Setting CVar [[r.SkyAtmosphere.FastSkyLUT.SampleCountMin:4.0]]
[2021.01.28-12.45.39:635][  0]LogConfig: Setting CVar [[r.SkyAtmosphere.FastSkyLUT.SampleCountMax:32.0]]
[2021.01.28-12.45.39:635][  0]LogConfig: Setting CVar [[r.SkyAtmosphere.SampleCountMin:4.0]]
[2021.01.28-12.45.39:635][  0]LogConfig: Setting CVar [[r.SkyAtmosphere.SampleCountMax:32.0]]
[2021.01.28-12.45.39:635][  0]LogConfig: Setting CVar [[r.SkyAtmosphere.TransmittanceLUT.UseSmallFormat:0]]
[2021.01.28-12.45.39:635][  0]LogConfig: Setting CVar [[r.SkyAtmosphere.TransmittanceLUT.SampleCount:10.0]]
[2021.01.28-12.45.39:635][  0]LogConfig: Setting CVar [[r.SkyAtmosphere.MultiScatteringLUT.SampleCount:15.0]]
[2021.01.28-12.45.39:636][  0]LogConfig: Applying CVar settings from Section [FoliageQuality@3] File [D:/Unreal Engine/Network_Assignment/Network_Assignment/Saved/Config/Windows/Scalability.ini]
[2021.01.28-12.45.39:636][  0]LogConfig: Setting CVar [[foliage.DensityScale:1.0]]
[2021.01.28-12.45.39:636][  0]LogConfig: Setting CVar [[grass.DensityScale:1.0]]
[2021.01.28-12.45.39:636][  0]LogConfig: Applying CVar settings from Section [ShadingQuality@3] File [D:/Unreal Engine/Network_Assignment/Network_Assignment/Saved/Config/Windows/Scalability.ini]
[2021.01.28-12.45.39:636][  0]LogConfig: Setting CVar [[r.HairStrands.SkyLighting.SampleCount:16]]
[2021.01.28-12.45.39:636][  0]LogConfig: Setting CVar [[r.HairStrands.SkyLighting.JitterIntegration:0]]
[2021.01.28-12.45.39:636][  0]LogConfig: Setting CVar [[r.HairStrands.SkyAO.SampleCount:16]]
[2021.01.28-12.45.39:636][  0]LogConfig: Setting CVar [[r.HairStrands.DeepShadow.SuperSampling:0]]
[2021.01.28-12.45.39:636][  0]LogConfig: Setting CVar [[r.HairStrands.VisibilityPPLL:0]]
[2021.01.28-12.45.39:636][  0]LogConfig: Setting CVar [[r.HairStrands.RasterizationScale:0.5]]
[2021.01.28-12.45.39:636][  0]LogConfig: Setting CVar [[r.HairStrands.VelocityRasterizationScale:1]]
[2021.01.28-12.45.39:636][  0]LogConfig: Applying CVar settings from Section [Startup] File [../../../Engine/Config/ConsoleVariables.ini]
[2021.01.28-12.45.39:637][  0]LogConfig: Setting CVar [[net.UseAdaptiveNetUpdateFrequency:0]]
[2021.01.28-12.45.39:637][  0]LogConfig: Setting CVar [[p.chaos.AllowCreatePhysxBodies:1]]
[2021.01.28-12.45.39:637][  0]LogConfig: Setting CVar [[fx.SkipVectorVMBackendOptimizations:1]]
[2021.01.28-12.45.39:637][  0]LogConfig: Applying CVar settings from Section [ConsoleVariables] File [D:/Unreal Engine/Network_Assignment/Network_Assignment/Saved/Config/Windows/Engine.ini]
[2021.01.28-12.45.39:637][  0]LogInit: Computer: LEON-DATOR
[2021.01.28-12.45.39:637][  0]LogInit: User: Leon
[2021.01.28-12.45.39:637][  0]LogInit: CPU Page size=4096, Cores=4
[2021.01.28-12.45.39:638][  0]LogInit: High frequency timer resolution =10.000000 MHz
[2021.01.28-12.45.39:638][  0]LogMemory: Memory total: Physical=15.9GB (16GB approx)
[2021.01.28-12.45.39:638][  0]LogMemory: Platform Memory Stats for Windows
[2021.01.28-12.45.39:638][  0]LogMemory: Process Physical Memory: 116.26 MB used, 116.26 MB peak
[2021.01.28-12.45.39:638][  0]LogMemory: Process Virtual Memory: 104.49 MB used, 104.49 MB peak
[2021.01.28-12.45.39:638][  0]LogMemory: Physical Memory: 10064.41 MB used,  6252.34 MB free, 16316.75 MB total
[2021.01.28-12.45.39:638][  0]LogMemory: Virtual Memory: 5100.69 MB used,  134212624.00 MB free, 134217728.00 MB total
[2021.01.28-12.45.39:657][  0]LogWindows: WindowsPlatformFeatures enabled
[2021.01.28-12.45.40:038][  0]LogInit: Physics initialised using underlying interface: PhysX
[2021.01.28-12.45.40:040][  0]LogInit: Using OS detected language (en-US).
[2021.01.28-12.45.40:040][  0]LogInit: Using OS detected locale (sv-SE).
[2021.01.28-12.45.40:046][  0]LogTextLocalizationManager: No specific localization for 'en-US' exists, so the 'en' localization will be used.
[2021.01.28-12.45.40:309][  0]LogInit: Setting process to per monitor DPI aware
[2021.01.28-12.45.40:413][  0]LogSlate: New Slate User Created.  User Index 0, Is Virtual User: 0
[2021.01.28-12.45.40:413][  0]LogSlate: Slate User Registered.  User Index 0, Is Virtual User: 0
[2021.01.28-12.45.40:923][  0]LogHMD: Failed to initialize OpenVR with code 105
[2021.01.28-12.45.40:923][  0]LogD3D11RHI: D3D11 min allowed feature level: 11_0
[2021.01.28-12.45.40:923][  0]LogD3D11RHI: D3D11 max allowed feature level: 11_0
[2021.01.28-12.45.40:924][  0]LogD3D11RHI: D3D11 adapters:
[2021.01.28-12.45.41:062][  0]LogD3D11RHI:    0. 'NVIDIA GeForce GTX 970' (Feature Level 11_0)
[2021.01.28-12.45.41:062][  0]LogD3D11RHI:       4043/0/8158 MB DedicatedVideo/DedicatedSystem/SharedSystem, Outputs:2, VendorId:0x10de
[2021.01.28-12.45.41:073][  0]LogD3D11RHI:    1. 'Microsoft Basic Render Driver' (Feature Level 11_0)
[2021.01.28-12.45.41:073][  0]LogD3D11RHI:       0/0/8158 MB DedicatedVideo/DedicatedSystem/SharedSystem, Outputs:0, VendorId:0x1414
[2021.01.28-12.45.41:073][  0]LogD3D11RHI: Chosen D3D11 Adapter: 0
[2021.01.28-12.45.41:081][  0]LogD3D11RHI: Creating new Direct3DDevice
[2021.01.28-12.45.41:081][  0]LogD3D11RHI:     GPU DeviceId: 0x13c2 (for the marketing name, search the web for "GPU Device Id")
[2021.01.28-12.45.41:081][  0]LogWindows: EnumDisplayDevices:
[2021.01.28-12.45.41:082][  0]LogWindows:    0. 'NVIDIA GeForce GTX 970' (P:0 D:1)
[2021.01.28-12.45.41:083][  0]LogWindows:    1. 'NVIDIA GeForce GTX 970' (P:1 D:1)
[2021.01.28-12.45.41:083][  0]LogWindows:    2. 'NVIDIA GeForce GTX 970' (P:0 D:0)
[2021.01.28-12.45.41:084][  0]LogWindows:    3. 'NVIDIA GeForce GTX 970' (P:0 D:0)
[2021.01.28-12.45.41:084][  0]LogWindows: DebugString: FoundDriverCount:4 
[2021.01.28-12.45.41:084][  0]LogD3D11RHI:     Adapter Name: NVIDIA GeForce GTX 970
[2021.01.28-12.45.41:085][  0]LogD3D11RHI:   Driver Version: 456.71 (internal:27.21.14.5671, unified:456.71)
[2021.01.28-12.45.41:085][  0]LogD3D11RHI:      Driver Date: 9-30-2020
[2021.01.28-12.45.41:085][  0]LogRHI: Texture pool is 2830 MB (70% of 4043 MB)
[2021.01.28-12.45.41:149][  0]LogD3D11RHI: RHI has support for 64 bit atomics
[2021.01.28-12.45.41:149][  0]LogD3D11RHI: Async texture creation enabled
[2021.01.28-12.45.41:149][  0]LogD3D11RHI: Array index from any shader is supported
[2021.01.28-12.45.41:180][  0]LogD3D11RHI: GPU Timing Frequency: 1000.000000 (Debug: 2 1)
[2021.01.28-12.45.41:897][  0]LogTargetPlatformManager: Display: Loaded TargetPlatform 'AllDesktop'
[2021.01.28-12.45.41:935][  0]LogTargetPlatformManager: Display: Loaded TargetPlatform 'Android'
[2021.01.28-12.45.41:935][  0]LogTargetPlatformManager: Display: Loaded TargetPlatform 'Android_ASTC'
[2021.01.28-12.45.41:935][  0]LogTargetPlatformManager: Display: Loaded TargetPlatform 'Android_DXT'
[2021.01.28-12.45.41:936][  0]LogTargetPlatformManager: Display: Loaded TargetPlatform 'Android_ETC2'
[2021.01.28-12.45.41:936][  0]LogTargetPlatformManager: Display: Loaded TargetPlatform 'AndroidClient'
[2021.01.28-12.45.41:936][  0]LogTargetPlatformManager: Display: Loaded TargetPlatform 'Android_ASTCClient'
[2021.01.28-12.45.41:937][  0]LogTargetPlatformManager: Display: Loaded TargetPlatform 'Android_DXTClient'
[2021.01.28-12.45.41:940][  0]LogTargetPlatformManager: Display: Loaded TargetPlatform 'Android_ETC2Client'
[2021.01.28-12.45.41:940][  0]LogTargetPlatformManager: Display: Loaded TargetPlatform 'Android_Multi'
[2021.01.28-12.45.41:940][  0]LogTargetPlatformManager: Display: Loaded TargetPlatform 'Android_MultiClient'
[2021.01.28-12.45.41:991][  0]LogTargetPlatformManager: Display: Loaded TargetPlatform 'IOSClient'
[2021.01.28-12.45.41:991][  0]LogTargetPlatformManager: Display: Loaded TargetPlatform 'IOS'
[2021.01.28-12.45.42:012][  0]LogTargetPlatformManager: Display: Loaded TargetPlatform 'Linux'
[2021.01.28-12.45.42:028][  0]LogTargetPlatformManager: Display: Loaded TargetPlatform 'LinuxNoEditor'
[2021.01.28-12.45.42:048][  0]LogTargetPlatformManager: Display: Loaded TargetPlatform 'LinuxClient'
[2021.01.28-12.45.42:071][  0]LogTargetPlatformManager: Display: Loaded TargetPlatform 'LinuxServer'
[2021.01.28-12.45.42:091][  0]LogTargetPlatformManager: Display: Loaded TargetPlatform 'LinuxAArch64NoEditor'
[2021.01.28-12.45.42:108][  0]LogTargetPlatformManager: Display: Loaded TargetPlatform 'LinuxAArch64Client'
[2021.01.28-12.45.42:131][  0]LogTargetPlatformManager: Display: Loaded TargetPlatform 'LinuxAArch64Server'
[2021.01.28-12.45.42:179][  0]LogTargetPlatformManager: Display: Loaded TargetPlatform 'Lumin'
[2021.01.28-12.45.42:181][  0]LogTargetPlatformManager: Display: Loaded TargetPlatform 'LuminClient'
[2021.01.28-12.45.42:209][  0]LogTargetPlatformManager: Display: Loaded TargetPlatform 'TVOSClient'
[2021.01.28-12.45.42:209][  0]LogTargetPlatformManager: Display: Loaded TargetPlatform 'TVOS'
[2021.01.28-12.45.42:227][  0]LogTargetPlatformManager: Display: Loaded TargetPlatform 'WindowsNoEditor'
[2021.01.28-12.45.42:247][  0]LogTargetPlatformManager: Display: Loaded TargetPlatform 'Windows'
[2021.01.28-12.45.42:265][  0]LogTargetPlatformManager: Display: Loaded TargetPlatform 'WindowsClient'
[2021.01.28-12.45.42:282][  0]LogTargetPlatformManager: Display: Loaded TargetPlatform 'WindowsServer'
[2021.01.28-12.45.42:282][  0]LogTargetPlatformManager: Display: Building Assets For Windows
[2021.01.28-12.45.42:312][  0]LogAudioDebug: Display: Lib vorbis DLL was dynamically loaded.
[2021.01.28-12.45.42:512][  0]LogShaderCompilers: Guid format shader working directory is -21 characters bigger than the processId version (../../../../../Unreal Engine/Network_Assignment/Network_Assignment/Intermediate/Shaders/WorkingDirectory/9724/).
[2021.01.28-12.45.42:512][  0]LogShaderCompilers: Cleaned the shader compiler working directory 'C:/Users/Leon/AppData/Local/Temp/UnrealShaderWorkingDir/63512FEA49B62CBE55210280E642349F/'.
[2021.01.28-12.45.42:513][  0]LogXGEController: Cannot use XGE Controller as Incredibuild is not installed on this machine.
[2021.01.28-12.45.42:513][  0]LogShaderCompilers: Cannot use XGE Shader Compiler as Incredibuild is not installed on this machine.
[2021.01.28-12.45.42:513][  0]LogShaderCompilers: Display: Using Local Shader Compiler.
[2021.01.28-12.45.43:599][  0]LogDerivedDataCache: Display: Max Cache Size: 512 MB
[2021.01.28-12.45.43:673][  0]LogDerivedDataCache: Loaded boot cache 0.07s 76MB C:/Users/Leon/AppData/Local/UnrealEngine/4.25/DerivedDataCache/Boot.ddc.
[2021.01.28-12.45.43:677][  0]LogDerivedDataCache: Display: Loaded Boot cache: C:/Users/Leon/AppData/Local/UnrealEngine/4.25/DerivedDataCache/Boot.ddc
[2021.01.28-12.45.43:681][  0]LogDerivedDataCache: FDerivedDataBackendGraph:  Pak pak cache file ../../../../../Unreal Engine/Network_Assignment/Network_Assignment/DerivedDataCache/DDC.ddp not found, will not use a pak cache.
[2021.01.28-12.45.43:683][  0]LogDerivedDataCache: Unable to find inner node Pak for hierarchical cache Hierarchy.
[2021.01.28-12.45.43:689][  0]LogDerivedDataCache: FDerivedDataBackendGraph:  CompressedPak pak cache file ../../../../../Unreal Engine/Network_Assignment/Network_Assignment/DerivedDataCache/Compressed.ddp not found, will not use a pak cache.
[2021.01.28-12.45.43:689][  0]LogDerivedDataCache: Unable to find inner node CompressedPak for hierarchical cache Hierarchy.
[2021.01.28-12.45.43:701][  0]LogDerivedDataCache: Display: Pak cache opened for reading ../../../Engine/DerivedDataCache/Compressed.ddp.
[2021.01.28-12.45.43:703][  0]LogDerivedDataCache: FDerivedDataBackendGraph:  EnterprisePak pak cache file ../../../Enterprise/DerivedDataCache/Compressed.ddp not found, will not use a pak cache.
[2021.01.28-12.45.43:703][  0]LogDerivedDataCache: Unable to find inner node EnterprisePak for hierarchical cache Hierarchy.
[2021.01.28-12.45.43:708][  0]LogDerivedDataCache: Using Local data cache path C:/Users/Leon/AppData/Local/UnrealEngine/Common/DerivedDataCache: Writable
[2021.01.28-12.45.43:708][  0]LogDerivedDataCache: Shared data cache path not found in *engine.ini, will not use an Shared cache.
[2021.01.28-12.45.43:709][  0]LogDerivedDataCache: Unable to find inner node Shared for hierarchical cache Hierarchy.
[2021.01.28-12.45.43:777][  0]LogSlate: Using FreeType 2.10.0
[2021.01.28-12.45.43:779][  0]LogSlate: SlateFontServices - WITH_FREETYPE: 1, WITH_HARFBUZZ: 1
[2021.01.28-12.45.43:832][  0]LogAssetRegistry: FAssetRegistry took 0.0053 seconds to start up
[2021.01.28-12.45.44:161][  0]LogInit: Selected Device Profile: [Windows]
[2021.01.28-12.45.44:374][  0]LogMeshReduction: Using QuadricMeshReduction for automatic static mesh reduction
[2021.01.28-12.45.44:374][  0]LogMeshReduction: Using SimplygonMeshReduction for automatic skeletal mesh reduction
[2021.01.28-12.45.44:374][  0]LogMeshReduction: Using ProxyLODMeshReduction for automatic mesh merging
[2021.01.28-12.45.44:374][  0]LogMeshReduction: No distributed automatic mesh merging module available
[2021.01.28-12.45.44:374][  0]LogMeshMerging: No distributed automatic mesh merging module available
[2021.01.28-12.45.44:406][  0]LogNetVersion: Network_Assignment 1.0.0, NetCL: 13144385, EngineNetVer: 14, GameNetVer: 0 (Checksum: 1997309246)
[2021.01.28-12.45.45:137][  0]LogAISub: UAISubsystem::UAISubsystem AISubsystem (000001D1AEAE4280), frame # 0
[2021.01.28-12.45.45:138][  0]LogAISub: UAISubsystem::UAISubsystem AIPerceptionSystem (000001D1AEA1DE40), frame # 0
[2021.01.28-12.45.45:140][  0]LogAISub: UAISubsystem::UAISubsystem EnvQueryManager (000001D1AEA3B200), frame # 0
[2021.01.28-12.45.45:211][  0]LogPackageLocalizationCache: Processed 19 localized package path(s) for 1 prioritized culture(s) in 0.062557 seconds
[2021.01.28-12.45.45:216][  0]LogUObjectArray: 15917 objects as part of root set at end of initial load.
[2021.01.28-12.45.45:217][  0]LogUObjectAllocator: 3965568 out of 0 bytes used by permanent object pool.
[2021.01.28-12.45.45:217][  0]LogUObjectArray: CloseDisregardForGC: 0/0 objects in disregard for GC pool
[2021.01.28-12.45.45:979][  0]LogTcpMessaging: Initializing TcpMessaging bridge
[2021.01.28-12.45.45:989][  0]LogUdpMessaging: Initializing bridge on interface 0.0.0.0:0 to multicast group 230.0.0.1:6666.
[2021.01.28-12.45.46:409][  0]SourceControl: Source control is disabled
[2021.01.28-12.45.46:409][  0]SourceControl: Source control is disabled
[2021.01.28-12.45.46:417][  0]SourceControl: Source control is disabled
[2021.01.28-12.45.46:424][  0]SourceControl: Source control is disabled
[2021.01.28-12.45.46:443][  0]SourceControl: Source control is disabled
[2021.01.28-12.45.46:981][  0]LogAndroidPermission: UAndroidPermissionCallbackProxy::GetInstance
[2021.01.28-12.45.47:038][  0]LogAudioCaptureCore: Display: No Audio Capture implementations found. Audio input will be silent.
[2021.01.28-12.45.47:038][  0]LogAudioCaptureCore: Display: No Audio Capture implementations found. Audio input will be silent.
[2021.01.28-12.45.47:130][  0]LogOcInput: OculusInput pre-init called
[2021.01.28-12.45.47:152][  0]LogWindows: Failed to load 'OVRPlugin.dll' (GetLastError=126)
[2021.01.28-12.45.47:152][  0]LogWindows: File 'OVRPlugin.dll' does not exist
[2021.01.28-12.45.47:256][  0]LogEngine: Initializing Engine...
[2021.01.28-12.45.47:272][  0]LogHMD: Failed to initialize OpenVR with code 105
[2021.01.28-12.45.47:272][  0]LogMagicLeap: Warning: VR disabled because ZI is not enabled.  To enable, in the editor, Edit -> Project Settings -> Plugins -> Magic Leap Plugin -> Enable Zero Iteration
[2021.01.28-12.45.47:274][  0]LogStats: UGameplayTagsManager::InitializeManager -  0.000 s
[2021.01.28-12.45.47:442][  0]LogInit: Initializing FReadOnlyCVARCache
[2021.01.28-12.45.47:455][  0]LogAIModule: Creating AISystem for world Untitled
[2021.01.28-12.45.47:456][  0]LogAISub: UAISubsystem::UAISubsystem EnvQueryManager (000001D1B4917C00), frame # 0
[2021.01.28-12.45.47:456][  0]LogAISub: UAISubsystem::UAISubsystem AIPerceptionSystem (000001D1B4962FC0), frame # 0
[2021.01.28-12.45.47:476][  0]LogAudioMixer: Display: Audio Mixer Platform Settings:
[2021.01.28-12.45.47:476][  0]LogAudioMixer: Display: 	Sample Rate:						  48000
[2021.01.28-12.45.47:476][  0]LogAudioMixer: Display: 	Callback Buffer Frame Size Requested: 1024
[2021.01.28-12.45.47:476][  0]LogAudioMixer: Display: 	Callback Buffer Frame Size To Use:	  1024
[2021.01.28-12.45.47:476][  0]LogAudioMixer: Display: 	Number of buffers to queue:			  2
[2021.01.28-12.45.47:476][  0]LogAudioMixer: Display: 	Max Channels (voices):				  32
[2021.01.28-12.45.47:476][  0]LogAudioMixer: Display: 	Number of Async Source Workers:		  0
[2021.01.28-12.45.47:476][  0]LogAudio: Display: AudioDevice MaxSources: 32
[2021.01.28-12.45.47:477][  0]LogAudio: Display: Using built-in audio occlusion.
[2021.01.28-12.45.47:477][  0]LogAudioMixer: Display: Initializing audio mixer.
[2021.01.28-12.45.47:512][  0]LogAudioMixer: Display: 0: FrontLeft
[2021.01.28-12.45.47:512][  0]LogAudioMixer: Display: 1: FrontRight
[2021.01.28-12.45.47:513][  0]LogAudioMixer: Display: 2: FrontCenter
[2021.01.28-12.45.47:513][  0]LogAudioMixer: Display: 3: LowFrequency
[2021.01.28-12.45.47:513][  0]LogAudioMixer: Display: 4: BackLeft
[2021.01.28-12.45.47:513][  0]LogAudioMixer: Display: 5: BackRight
[2021.01.28-12.45.47:513][  0]LogAudioMixer: Display: 6: SideLeft
[2021.01.28-12.45.47:513][  0]LogAudioMixer: Display: 7: SideRight
[2021.01.28-12.45.47:607][  0]LogAudioMixer: Display: Using Audio Device Högtalare (Realtek High Definition Audio)
[2021.01.28-12.45.47:609][  0]LogAudioMixer: Display: Initializing Sound Submixes...
[2021.01.28-12.45.47:614][  0]LogAudioMixer: Display: Creating Master Submix 'MasterSubmixDefault'
[2021.01.28-12.45.47:614][  0]LogAudioMixer: Display: Creating Master Submix 'MasterReverbSubmixDefault'
[2021.01.28-12.45.47:615][  0]LogAudioMixer: Display: Creating Master Submix 'MasterEQSubmixDefault'
[2021.01.28-12.45.47:617][  0]LogInit: FAudioDevice initialized.
[2021.01.28-12.45.47:617][  0]LogNetVersion: Set ProjectVersion to 1.0.0.0. Version Checksum will be recalculated on next use.
[2021.01.28-12.45.47:833][  0]LogDerivedDataCache: Saved boot cache 0.22s 76MB C:/Users/Leon/AppData/Local/UnrealEngine/4.25/DerivedDataCache/Boot.ddc.
[2021.01.28-12.45.47:835][  0]LogInit: Texture streaming: Enabled
[2021.01.28-12.45.47:874][  0]LogEngineSessionManager: EngineSessionManager initialized
[2021.01.28-12.45.47:874][  0]LogEditorSessionSummary: Verbose: Initializing EditorSessionSummaryWriter for editor session tracking
[2021.01.28-12.45.47:894][  0]LogEditorSessionSummary: EditorSessionSummaryWriter initialized
[2021.01.28-12.45.47:953][  0]LogInit: Transaction tracking system initialized
[2021.01.28-12.45.48:002][  0]BlueprintLog: New page: Editor Load
[2021.01.28-12.45.48:167][  0]LocalizationService: Localization service is disabled
[2021.01.28-12.45.48:442][  0]LogCook: Display: Max memory allowance for cook 16384mb min free memory 0mb
[2021.01.28-12.45.48:443][  0]LogCook: Display: Mobile HDR setting 1
[2021.01.28-12.45.48:717][  0]LogFileCache: Scanning file cache for directory 'D:/Unreal Engine/Network_Assignment/Network_Assignment/Content/' took 0.02s
[2021.01.28-12.45.49:276][  0]SourceControl: Source control is disabled
[2021.01.28-12.45.49:276][  0]LogUnrealEdMisc: Loading editor; pre map load, took 15.205
[2021.01.28-12.45.49:276][  0]Cmd: MAP LOAD FILE="../../../../../Unreal Engine/Network_Assignment/Network_Assignment/Content/Maps/MY_Map.umap" TEMPLATE=0 SHOWPROGRESS=1 FEATURELEVEL=3
[2021.01.28-12.45.49:277][  0]LightingResults: New page: Lighting Build
[2021.01.28-12.45.49:278][  0]LogWorld: UWorld::CleanupWorld for Untitled, bSessionEnded=true, bCleanupResources=true
[2021.01.28-12.45.49:278][  0]LogSlate: InvalidateAllWidgets triggered.  All widgets were invalidated
[2021.01.28-12.45.49:278][  0]MapCheck: New page: Map Check
[2021.01.28-12.45.49:278][  0]LightingResults: New page: Lighting Build
[2021.01.28-12.45.49:288][  0]LogAISub: UAISubsystem::~UAISubsystem EnvQueryManager (000001D1B4917C00), frame # 0
[2021.01.28-12.45.49:288][  0]LogAISub: UAISubsystem::~UAISubsystem AIPerceptionSystem (000001D1B4962FC0), frame # 0
[2021.01.28-12.45.49:289][  0]LogUObjectHash: Compacting FUObjectHashTables data took   0.89ms
[2021.01.28-12.45.49:460][  0]LogAIModule: Creating AISystem for world My_Map
[2021.01.28-12.45.49:461][  0]LogAISub: UAISubsystem::UAISubsystem EnvQueryManager (000001D1A688FE00), frame # 0
[2021.01.28-12.45.49:461][  0]LogAISub: UAISubsystem::UAISubsystem AIPerceptionSystem (000001D1A6F4DA80), frame # 0
[2021.01.28-12.45.49:467][  0]LogEditorServer: Finished looking for orphan Actors (0.000 secs)
[2021.01.28-12.45.49:513][  0]LogUObjectHash: Compacting FUObjectHashTables data took   1.13ms
[2021.01.28-12.45.49:514][  0]Cmd: MAP CHECKDEP NOCLEARLOG
[2021.01.28-12.45.49:514][  0]MapCheck: Map check complete: 0 Error(s), 0 Warning(s), took 0,09ms to complete.
[2021.01.28-12.45.49:514][  0]LogFileHelpers: Loading map 'MY_Map' took 0.238
[2021.01.28-12.45.49:517][  0]LogUnrealEdMisc: Total Editor Startup Time, took 15.446
[2021.01.28-12.45.49:686][  0]LogSlate: Updating window title bar state: overlay mode, drag disabled, window buttons hidden, title bar hidden
[2021.01.28-12.45.49:696][  0]LogSlate: Updating window title bar state: overlay mode, drag disabled, window buttons hidden, title bar hidden
[2021.01.28-12.45.49:708][  0]LogSlate: Updating window title bar state: overlay mode, drag disabled, window buttons hidden, title bar hidden
[2021.01.28-12.45.49:718][  0]LogSlate: Updating window title bar state: overlay mode, drag disabled, window buttons hidden, title bar hidden
[2021.01.28-12.45.49:739][  0]LogCollectionManager: Loaded 0 collections in 0.001887 seconds
[2021.01.28-12.45.49:767][  0]LogFileCache: Scanning file cache for directory 'D:/Unreal Engine/Network_Assignment/Network_Assignment/Saved/Collections/' took 0.00s
[2021.01.28-12.45.49:768][  0]LogFileCache: Scanning file cache for directory 'D:/Unreal Engine/Network_Assignment/Network_Assignment/Content/Developers/Leon/Collections/' took 0.01s
[2021.01.28-12.45.49:768][  0]LogFileCache: Scanning file cache for directory 'D:/Unreal Engine/Network_Assignment/Network_Assignment/Content/Collections/' took 0.00s
[2021.01.28-12.45.49:768][  0]LogContentBrowser: Native class hierarchy populated in 0.0131 seconds. Added 3434 classes and 823 folders.
[2021.01.28-12.45.49:773][  0]LogContentBrowser: Native class hierarchy updated for 'WidgetCarousel' in 0.0007 seconds. Added 0 classes and 0 folders.
[2021.01.28-12.45.49:968][  0]LogContentBrowser: Native class hierarchy updated for 'AddContentDialog' in 0.0009 seconds. Added 0 classes and 0 folders.
[2021.01.28-12.45.49:973][  0]LogContentBrowser: Native class hierarchy updated for 'SceneOutliner' in 0.0009 seconds. Added 2 classes and 0 folders.
[2021.01.28-12.45.50:108][  0]LogSlate: Took 0.000360 seconds to synchronously load lazily loaded font '../../../Engine/Content/Slate/Fonts/Roboto-Regular.ttf' (155K)
[2021.01.28-12.45.50:116][  0]LogSlate: Took 0.000519 seconds to synchronously load lazily loaded font '../../../Engine/Content/Slate/Fonts/Roboto-Bold.ttf' (160K)
[2021.01.28-12.45.50:124][  0]LogSlate: Took 0.000415 seconds to synchronously load lazily loaded font '../../../Engine/Content/Editor/Slate/Fonts/FontAwesome.ttf' (139K)
[2021.01.28-12.45.50:224][  0]LogRenderer: Reallocating scene render targets to support 1096x584 Format 10 NumSamples 1 (Frame:1).
[2021.01.28-12.45.50:415][  0]LogContentBrowser: Native class hierarchy updated for 'HierarchicalLODOutliner' in 0.0009 seconds. Added 0 classes and 0 folders.
[2021.01.28-12.45.50:415][  0]LogLoad: (Engine Initialization) Total time: 16.34 seconds
[2021.01.28-12.45.50:415][  0]LogLoad: (Engine Initialization) Total Blueprint compile time: 0.00 seconds
[2021.01.28-12.45.50:461][  0]LogAssetRegistry: Asset discovery search completed in 6.6320 seconds
[2021.01.28-12.45.50:465][  0]LogCollectionManager: Fixed up redirectors for 0 collections in 0.000002 seconds (updated 0 objects)
[2021.01.28-12.45.50:466][  0]LogContentStreaming: Texture pool size now 1000 MB
[2021.01.28-12.45.50:505][  0]LogSlate: Took 0.000422 seconds to synchronously load lazily loaded font '../../../Engine/Content/Slate/Fonts/Roboto-Light.ttf' (167K)
[2021.01.28-12.45.51:459][ 92]LogSlate: Took 0.000434 seconds to synchronously load lazily loaded font '../../../Engine/Content/Slate/Fonts/Roboto-Light.ttf' (167K)
[2021.01.28-12.45.57:226][721]LogTemp: Repeating last play command: New Editor Window (PIE)
[2021.01.28-12.45.57:250][721]LogPlayLevel: PlayLevel: No blueprints needed recompiling
[2021.01.28-12.45.57:251][721]PIE: New page: PIE session: MY_Map (28 jan. 2021 14:45:57)
[2021.01.28-12.45.57:254][721]LogOnline: OSS: Creating online subsystem instance for: NULL
[2021.01.28-12.45.57:256][721]LogOnline: OSS: TryLoadSubsystemAndSetDefault: Loaded subsystem for module [NULL]
[2021.01.28-12.45.57:257][721]LogPlayLevel: Creating play world package: /Game/Maps/UEDPIE_0_MY_Map
[2021.01.28-12.45.57:264][721]LogPlayLevel: PIE: StaticDuplicateObject took: (0.006942s)
[2021.01.28-12.45.57:265][721]LogAIModule: Creating AISystem for world My_Map
[2021.01.28-12.45.57:265][721]LogAISub: UAISubsystem::UAISubsystem EnvQueryManager (000001D1CFAC3E00), frame # 721
[2021.01.28-12.45.57:266][721]LogAISub: UAISubsystem::UAISubsystem AIPerceptionSystem (000001D1A703ED40), frame # 721
[2021.01.28-12.45.57:266][721]LogPlayLevel: PIE: World Init took: (0.002357s)
[2021.01.28-12.45.57:266][721]LogPlayLevel: PIE: Created PIE world by copying editor world from /Game/Maps/MY_Map.My_Map to /Game/Maps/UEDPIE_0_MY_Map.My_Map (0.009668s)
[2021.01.28-12.45.57:274][721]LogUObjectHash: Compacting FUObjectHashTables data took   0.70ms
[2021.01.28-12.45.57:276][721]LogAudioMixer: Display: Audio Mixer Platform Settings:
[2021.01.28-12.45.57:276][721]LogAudioMixer: Display: 	Sample Rate:						  48000
[2021.01.28-12.45.57:276][721]LogAudioMixer: Display: 	Callback Buffer Frame Size Requested: 1024
[2021.01.28-12.45.57:276][721]LogAudioMixer: Display: 	Callback Buffer Frame Size To Use:	  1024
[2021.01.28-12.45.57:276][721]LogAudioMixer: Display: 	Number of buffers to queue:			  2
[2021.01.28-12.45.57:276][721]LogAudioMixer: Display: 	Max Channels (voices):				  32
[2021.01.28-12.45.57:276][721]LogAudioMixer: Display: 	Number of Async Source Workers:		  0
[2021.01.28-12.45.57:276][721]LogAudio: Display: AudioDevice MaxSources: 32
[2021.01.28-12.45.57:277][721]LogAudio: Display: Using built-in audio occlusion.
[2021.01.28-12.45.57:277][721]LogAudioMixer: Display: Initializing audio mixer.
[2021.01.28-12.45.57:288][721]LogAudioMixer: Display: 0: FrontLeft
[2021.01.28-12.45.57:288][721]LogAudioMixer: Display: 1: FrontRight
[2021.01.28-12.45.57:288][721]LogAudioMixer: Display: 2: FrontCenter
[2021.01.28-12.45.57:288][721]LogAudioMixer: Display: 3: LowFrequency
[2021.01.28-12.45.57:288][721]LogAudioMixer: Display: 4: BackLeft
[2021.01.28-12.45.57:288][721]LogAudioMixer: Display: 5: BackRight
[2021.01.28-12.45.57:288][721]LogAudioMixer: Display: 6: SideLeft
[2021.01.28-12.45.57:288][721]LogAudioMixer: Display: 7: SideRight
[2021.01.28-12.45.57:358][721]LogAudioMixer: Display: Using Audio Device Högtalare (Realtek High Definition Audio)
[2021.01.28-12.45.57:359][721]LogAudioMixer: Display: Initializing Sound Submixes...
[2021.01.28-12.45.57:359][721]LogAudioMixer: Display: Creating Master Submix 'MasterSubmixDefault'
[2021.01.28-12.45.57:359][721]LogAudioMixer: Display: Creating Master Submix 'MasterReverbSubmixDefault'
[2021.01.28-12.45.57:359][721]LogAudioMixer: Display: Creating Master Submix 'MasterEQSubmixDefault'
[2021.01.28-12.45.57:378][721]LogInit: FAudioDevice initialized.
[2021.01.28-12.45.57:409][721]LogSlate: Updating window title bar state: overlay mode, drag disabled, window buttons hidden, title bar hidden
[2021.01.28-12.45.57:413][721]LogLoad: Game class is 'BP_Network_AssignmentGameMode_C'
[2021.01.28-12.45.57:415][721]LogWorld: Bringing World /Game/Maps/UEDPIE_0_MY_Map.My_Map up for play (max tick rate 0) at 2021.01.28-13.45.57
[2021.01.28-12.45.57:421][721]LogWorld: Bringing up level for play took: 0.006008
[2021.01.28-12.45.57:422][721]LogOnline: OSS: Creating online subsystem instance for: :Context_1
[2021.01.28-12.45.57:428][721]LogContentBrowser: Native class hierarchy updated for 'MovieSceneCapture' in 0.0008 seconds. Added 20 classes and 0 folders.
[2021.01.28-12.45.57:430][721]LogNet: ReplicationDriverClass is null! Not using ReplicationDriver.
[2021.01.28-12.45.57:430][721]LogNetCore: DDoS detection status: detection enabled: 0 analytics enabled: 0
[2021.01.28-12.45.57:430][721]LogInit: WinSock: Socket queue. Rx: 131072 (config 131072) Tx: 131072 (config 131072)
[2021.01.28-12.45.57:430][721]LogNet: Created socket for bind address: 0.0.0.0 on port 17777
[2021.01.28-12.45.57:430][721]PacketHandlerLog: Loaded PacketHandler component: Engine.EngineHandlerComponentFactory (StatelessConnectHandlerComponent)
[2021.01.28-12.45.57:431][721]LogNet: GameNetDriver IpNetDriver_0 IpNetDriver listening on port 17777
[2021.01.28-12.45.57:436][721]PIE: Server logged in
[2021.01.28-12.45.57:438][721]PIE: Play in editor total start time 0,196 seconds.
[2021.01.28-12.45.57:440][721]LogAudioMixer: Display: Audio Mixer Platform Settings:
[2021.01.28-12.45.57:440][721]LogAudioMixer: Display: 	Sample Rate:						  48000
[2021.01.28-12.45.57:440][721]LogAudioMixer: Display: 	Callback Buffer Frame Size Requested: 1024
[2021.01.28-12.45.57:441][721]LogAudioMixer: Display: 	Callback Buffer Frame Size To Use:	  1024
[2021.01.28-12.45.57:441][721]LogAudioMixer: Display: 	Number of buffers to queue:			  2
[2021.01.28-12.45.57:441][721]LogAudioMixer: Display: 	Max Channels (voices):				  32
[2021.01.28-12.45.57:441][721]LogAudioMixer: Display: 	Number of Async Source Workers:		  0
[2021.01.28-12.45.57:441][721]LogAudio: Display: AudioDevice MaxSources: 32
[2021.01.28-12.45.57:442][721]LogAudio: Display: Using built-in audio occlusion.
[2021.01.28-12.45.57:442][721]LogAudioMixer: Display: Initializing audio mixer.
[2021.01.28-12.45.57:451][721]LogAudioMixer: Display: 0: FrontLeft
[2021.01.28-12.45.57:451][721]LogAudioMixer: Display: 1: FrontRight
[2021.01.28-12.45.57:453][721]LogAudioMixer: Display: 2: FrontCenter
[2021.01.28-12.45.57:454][721]LogAudioMixer: Display: 3: LowFrequency
[2021.01.28-12.45.57:454][721]LogAudioMixer: Display: 4: BackLeft
[2021.01.28-12.45.57:454][721]LogAudioMixer: Display: 5: BackRight
[2021.01.28-12.45.57:454][721]LogAudioMixer: Display: 6: SideLeft
[2021.01.28-12.45.57:454][721]LogAudioMixer: Display: 7: SideRight
[2021.01.28-12.45.57:516][721]LogAudioMixer: Display: Using Audio Device Högtalare (Realtek High Definition Audio)
[2021.01.28-12.45.57:516][721]LogAudioMixer: Display: Initializing Sound Submixes...
[2021.01.28-12.45.57:516][721]LogAudioMixer: Display: Creating Master Submix 'MasterSubmixDefault'
[2021.01.28-12.45.57:516][721]LogAudioMixer: Display: Creating Master Submix 'MasterReverbSubmixDefault'
[2021.01.28-12.45.57:518][721]LogAudioMixer: Display: Creating Master Submix 'MasterEQSubmixDefault'
[2021.01.28-12.45.57:532][721]LogInit: FAudioDevice initialized.
[2021.01.28-12.45.57:567][721]LogSlate: Updating window title bar state: overlay mode, drag disabled, window buttons hidden, title bar hidden
[2021.01.28-12.45.57:587][721]LogNet: Browse: 127.0.0.1:17777/Game/StarterContent/Maps/Minimal_Default
[2021.01.28-12.45.57:588][721]LogInit: WinSock: Socket queue. Rx: 32768 (config 32768) Tx: 32768 (config 32768)
[2021.01.28-12.45.57:589][721]LogNet: Created socket for bind address: 0.0.0.0 on port 0
[2021.01.28-12.45.57:589][721]PacketHandlerLog: Loaded PacketHandler component: Engine.EngineHandlerComponentFactory (StatelessConnectHandlerComponent)
[2021.01.28-12.45.57:590][721]LogNet: Game client on port 17777, rate 10000
[2021.01.28-12.45.57:591][721]PIE: Client logged in
[2021.01.28-12.45.57:594][721]PIE: Play in editor total start time 0,352 seconds.
[2021.01.28-12.45.57:596][721]LogAudioMixer: Display: Audio Mixer Platform Settings:
[2021.01.28-12.45.57:598][721]LogAudioMixer: Display: 	Sample Rate:						  48000
[2021.01.28-12.45.57:599][721]LogAudioMixer: Display: 	Callback Buffer Frame Size Requested: 1024
[2021.01.28-12.45.57:600][721]LogAudioMixer: Display: 	Callback Buffer Frame Size To Use:	  1024
[2021.01.28-12.45.57:600][721]LogAudioMixer: Display: 	Number of buffers to queue:			  2
[2021.01.28-12.45.57:600][721]LogAudioMixer: Display: 	Max Channels (voices):				  32
[2021.01.28-12.45.57:600][721]LogAudioMixer: Display: 	Number of Async Source Workers:		  0
[2021.01.28-12.45.57:600][721]LogAudio: Display: AudioDevice MaxSources: 32
[2021.01.28-12.45.57:601][721]LogAudio: Display: Using built-in audio occlusion.
[2021.01.28-12.45.57:601][721]LogAudioMixer: Display: Initializing audio mixer.
[2021.01.28-12.45.57:610][721]LogAudioMixer: Display: 0: FrontLeft
[2021.01.28-12.45.57:611][721]LogAudioMixer: Display: 1: FrontRight
[2021.01.28-12.45.57:611][721]LogAudioMixer: Display: 2: FrontCenter
[2021.01.28-12.45.57:611][721]LogAudioMixer: Display: 3: LowFrequency
[2021.01.28-12.45.57:612][721]LogAudioMixer: Display: 4: BackLeft
[2021.01.28-12.45.57:612][721]LogAudioMixer: Display: 5: BackRight
[2021.01.28-12.45.57:613][721]LogAudioMixer: Display: 6: SideLeft
[2021.01.28-12.45.57:613][721]LogAudioMixer: Display: 7: SideRight
[2021.01.28-12.45.57:673][721]LogAudioMixer: Display: Using Audio Device Högtalare (Realtek High Definition Audio)
[2021.01.28-12.45.57:674][721]LogAudioMixer: Display: Initializing Sound Submixes...
[2021.01.28-12.45.57:674][721]LogAudioMixer: Display: Creating Master Submix 'MasterSubmixDefault'
[2021.01.28-12.45.57:674][721]LogAudioMixer: Display: Creating Master Submix 'MasterReverbSubmixDefault'
[2021.01.28-12.45.57:675][721]LogAudioMixer: Display: Creating Master Submix 'MasterEQSubmixDefault'
[2021.01.28-12.45.57:690][721]LogInit: FAudioDevice initialized.
[2021.01.28-12.45.57:725][721]LogSlate: Updating window title bar state: overlay mode, drag disabled, window buttons hidden, title bar hidden
[2021.01.28-12.45.57:731][721]LogNet: Browse: 127.0.0.1:17777/Game/StarterContent/Maps/Minimal_Default
[2021.01.28-12.45.57:734][721]LogInit: WinSock: Socket queue. Rx: 32768 (config 32768) Tx: 32768 (config 32768)
[2021.01.28-12.45.57:735][721]LogNet: Created socket for bind address: 0.0.0.0 on port 0
[2021.01.28-12.45.57:735][721]PacketHandlerLog: Loaded PacketHandler component: Engine.EngineHandlerComponentFactory (StatelessConnectHandlerComponent)
[2021.01.28-12.45.57:735][721]LogNet: Game client on port 17777, rate 10000
[2021.01.28-12.45.57:737][721]PIE: Client logged in
[2021.01.28-12.45.57:739][721]PIE: Play in editor total start time 0,497 seconds.
[2021.01.28-12.45.57:742][721]LogAudioMixer: Display: Audio Mixer Platform Settings:
[2021.01.28-12.45.57:742][721]LogAudioMixer: Display: 	Sample Rate:						  48000
[2021.01.28-12.45.57:743][721]LogAudioMixer: Display: 	Callback Buffer Frame Size Requested: 1024
[2021.01.28-12.45.57:743][721]LogAudioMixer: Display: 	Callback Buffer Frame Size To Use:	  1024
[2021.01.28-12.45.57:746][721]LogAudioMixer: Display: 	Number of buffers to queue:			  2
[2021.01.28-12.45.57:746][721]LogAudioMixer: Display: 	Max Channels (voices):				  32
[2021.01.28-12.45.57:746][721]LogAudioMixer: Display: 	Number of Async Source Workers:		  0
[2021.01.28-12.45.57:746][721]LogAudio: Display: AudioDevice MaxSources: 32
[2021.01.28-12.45.57:747][721]LogAudio: Display: Using built-in audio occlusion.
[2021.01.28-12.45.57:747][721]LogAudioMixer: Display: Initializing audio mixer.
[2021.01.28-12.45.57:757][721]LogAudioMixer: Display: 0: FrontLeft
[2021.01.28-12.45.57:757][721]LogAudioMixer: Display: 1: FrontRight
[2021.01.28-12.45.57:757][721]LogAudioMixer: Display: 2: FrontCenter
[2021.01.28-12.45.57:757][721]LogAudioMixer: Display: 3: LowFrequency
[2021.01.28-12.45.57:757][721]LogAudioMixer: Display: 4: BackLeft
[2021.01.28-12.45.57:757][721]LogAudioMixer: Display: 5: BackRight
[2021.01.28-12.45.57:757][721]LogAudioMixer: Display: 6: SideLeft
[2021.01.28-12.45.57:757][721]LogAudioMixer: Display: 7: SideRight
[2021.01.28-12.45.57:839][721]LogAudioMixer: Display: Using Audio Device Högtalare (Realtek High Definition Audio)
[2021.01.28-12.45.57:839][721]LogAudioMixer: Display: Initializing Sound Submixes...
[2021.01.28-12.45.57:840][721]LogAudioMixer: Display: Creating Master Submix 'MasterSubmixDefault'
[2021.01.28-12.45.57:840][721]LogAudioMixer: Display: Creating Master Submix 'MasterReverbSubmixDefault'
[2021.01.28-12.45.57:841][721]LogAudioMixer: Display: Creating Master Submix 'MasterEQSubmixDefault'
[2021.01.28-12.45.57:851][721]LogInit: FAudioDevice initialized.
[2021.01.28-12.45.57:884][721]LogSlate: Updating window title bar state: overlay mode, drag disabled, window buttons hidden, title bar hidden
[2021.01.28-12.45.57:889][721]LogNet: Browse: 127.0.0.1:17777/Game/StarterContent/Maps/Minimal_Default
[2021.01.28-12.45.57:890][721]LogInit: WinSock: Socket queue. Rx: 32768 (config 32768) Tx: 32768 (config 32768)
[2021.01.28-12.45.57:890][721]LogNet: Created socket for bind address: 0.0.0.0 on port 0
[2021.01.28-12.45.57:891][721]PacketHandlerLog: Loaded PacketHandler component: Engine.EngineHandlerComponentFactory (StatelessConnectHandlerComponent)
[2021.01.28-12.45.57:891][721]LogNet: Game client on port 17777, rate 10000
[2021.01.28-12.45.57:892][721]PIE: Client logged in
[2021.01.28-12.45.57:895][721]PIE: Play in editor total start time 0,654 seconds.
[2021.01.28-12.45.58:601][759]LogNet: NotifyAcceptingConnection accepted from: 127.0.0.1:54273
[2021.01.28-12.45.58:601][759]LogHandshake: SendConnectChallenge. Timestamp: 1.382533, Cookie: 073108154222025079254011070171009181134191115239053096214024
[2021.01.28-12.45.58:602][759]LogHandshake: SendChallengeResponse. Timestamp: 1.382533, Cookie: 073108154222025079254011070171009181134191115239053096214024
[2021.01.28-12.45.58:612][760]LogNet: NotifyAcceptingConnection accepted from: 127.0.0.1:54273
[2021.01.28-12.45.58:612][760]LogHandshake: SendChallengeAck. InCookie: 073108154222025079254011070171009181134191115239053096214024
[2021.01.28-12.45.58:613][760]LogNet: Server accepting post-challenge connection from: 127.0.0.1:54273
[2021.01.28-12.45.58:614][760]PacketHandlerLog: Loaded PacketHandler component: Engine.EngineHandlerComponentFactory (StatelessConnectHandlerComponent)
[2021.01.28-12.45.58:614][760]LogNet: NotifyAcceptedConnection: Name: My_Map, TimeStamp: 01/28/21 13:45:58, [UNetConnection] RemoteAddr: 127.0.0.1:54273, Name: IpConnection_3, Driver: GameNetDriver IpNetDriver_0, IsServer: YES, PC: NULL, Owner: NULL, UniqueId: INVALID
[2021.01.28-12.45.58:614][760]LogNet: AddClientConnection: Added client connection: [UNetConnection] RemoteAddr: 127.0.0.1:54273, Name: IpConnection_3, Driver: GameNetDriver IpNetDriver_0, IsServer: YES, PC: NULL, Owner: NULL, UniqueId: INVALID
[2021.01.28-12.45.58:615][760]LogNetVersion: Network_Assignment 1.0.0.0, NetCL: 13144385, EngineNetVer: 14, GameNetVer: 0 (Checksum: 1736288989)
[2021.01.28-12.45.58:616][760]LogNet: UPendingNetGame::SendInitialJoin: Sending hello. [UNetConnection] RemoteAddr: 127.0.0.1:17777, Name: IpConnection_0, Driver: PendingNetDriver IpNetDriver_1, IsServer: NO, PC: NULL, Owner: NULL, UniqueId: INVALID
[2021.01.28-12.45.58:740][772]LogNet: NotifyAcceptingChannel Control 0 server World /Game/Maps/UEDPIE_0_MY_Map.My_Map: Accepted
[2021.01.28-12.45.58:746][772]LogNet: Remote platform little endian=1
[2021.01.28-12.45.58:747][772]LogNet: This platform little endian=1
[2021.01.28-12.45.58:758][773]LogNet: NotifyAcceptingConnection accepted from: 127.0.0.1:54274
[2021.01.28-12.45.58:760][773]LogHandshake: SendConnectChallenge. Timestamp: 1.539733, Cookie: 253189101167006201046113115204199240081028083008207083093050
[2021.01.28-12.45.58:761][773]LogHandshake: SendChallengeResponse. Timestamp: 1.539733, Cookie: 253189101167006201046113115204199240081028083008207083093050
[2021.01.28-12.45.58:772][774]LogNet: NotifyAcceptingConnection accepted from: 127.0.0.1:54274
[2021.01.28-12.45.58:772][774]LogHandshake: SendChallengeAck. InCookie: 253189101167006201046113115204199240081028083008207083093050
[2021.01.28-12.45.58:772][774]LogNet: Server accepting post-challenge connection from: 127.0.0.1:54274
[2021.01.28-12.45.58:773][774]PacketHandlerLog: Loaded PacketHandler component: Engine.EngineHandlerComponentFactory (StatelessConnectHandlerComponent)
[2021.01.28-12.45.58:774][774]LogNet: NotifyAcceptedConnection: Name: My_Map, TimeStamp: 01/28/21 13:45:58, [UNetConnection] RemoteAddr: 127.0.0.1:54274, Name: IpConnection_4, Driver: GameNetDriver IpNetDriver_0, IsServer: YES, PC: NULL, Owner: NULL, UniqueId: INVALID
[2021.01.28-12.45.58:774][774]LogNet: AddClientConnection: Added client connection: [UNetConnection] RemoteAddr: 127.0.0.1:54274, Name: IpConnection_4, Driver: GameNetDriver IpNetDriver_0, IsServer: YES, PC: NULL, Owner: NULL, UniqueId: INVALID
[2021.01.28-12.45.58:775][774]LogNet: UPendingNetGame::SendInitialJoin: Sending hello. [UNetConnection] RemoteAddr: 127.0.0.1:17777, Name: IpConnection_1, Driver: PendingNetDriver IpNetDriver_2, IsServer: NO, PC: NULL, Owner: NULL, UniqueId: INVALID
[2021.01.28-12.45.58:895][786]LogOnline: OSS: Creating online subsystem instance for: :Context_2
[2021.01.28-12.45.58:911][787]LogNet: NotifyAcceptingConnection accepted from: 127.0.0.1:54275
[2021.01.28-12.45.58:912][787]LogHandshake: SendConnectChallenge. Timestamp: 1.693161, Cookie: 186187220100116093166129164159047138163117195207063232141109
[2021.01.28-12.45.58:914][787]LogHandshake: SendChallengeResponse. Timestamp: 1.693161, Cookie: 186187220100116093166129164159047138163117195207063232141109
[2021.01.28-12.45.58:924][788]LogNet: NotifyAcceptingConnection accepted from: 127.0.0.1:54275
[2021.01.28-12.45.58:925][788]LogHandshake: SendChallengeAck. InCookie: 186187220100116093166129164159047138163117195207063232141109
[2021.01.28-12.45.58:925][788]LogNet: Server accepting post-challenge connection from: 127.0.0.1:54275
[2021.01.28-12.45.58:925][788]PacketHandlerLog: Loaded PacketHandler component: Engine.EngineHandlerComponentFactory (StatelessConnectHandlerComponent)
[2021.01.28-12.45.58:925][788]LogNet: NotifyAcceptedConnection: Name: My_Map, TimeStamp: 01/28/21 13:45:58, [UNetConnection] RemoteAddr: 127.0.0.1:54275, Name: IpConnection_5, Driver: GameNetDriver IpNetDriver_0, IsServer: YES, PC: NULL, Owner: NULL, UniqueId: INVALID
[2021.01.28-12.45.58:925][788]LogNet: AddClientConnection: Added client connection: [UNetConnection] RemoteAddr: 127.0.0.1:54275, Name: IpConnection_5, Driver: GameNetDriver IpNetDriver_0, IsServer: YES, PC: NULL, Owner: NULL, UniqueId: INVALID
[2021.01.28-12.45.58:926][788]LogNet: UPendingNetGame::SendInitialJoin: Sending hello. [UNetConnection] RemoteAddr: 127.0.0.1:17777, Name: IpConnection_2, Driver: PendingNetDriver IpNetDriver_3, IsServer: NO, PC: NULL, Owner: NULL, UniqueId: INVALID
[2021.01.28-12.45.58:936][789]LogNet: NotifyAcceptingChannel Control 0 server World /Game/Maps/UEDPIE_0_MY_Map.My_Map: Accepted
[2021.01.28-12.45.58:937][789]LogNet: Remote platform little endian=1
[2021.01.28-12.45.58:937][789]LogNet: This platform little endian=1
[2021.01.28-12.45.59:036][798]LogNet: Login request: ?Name=LEON-DATOR-3C4903324A8AA0472E341C9D2BF14EC5 userId: NULL:LEON-DATOR-3C4903324A8AA0472E341C9D2BF14EC5 platform: NULL
[2021.01.28-12.45.59:039][798]LogNet: NotifyAcceptingChannel Control 0 server World /Game/Maps/UEDPIE_0_MY_Map.My_Map: Accepted
[2021.01.28-12.45.59:039][798]LogNet: Remote platform little endian=1
[2021.01.28-12.45.59:039][798]LogNet: This platform little endian=1
[2021.01.28-12.45.59:051][799]LogOnline: OSS: Creating online subsystem instance for: :Context_3
[2021.01.28-12.45.59:149][807]LogOnline: OSS: Creating online subsystem instance for: :Context_4
[2021.01.28-12.45.59:197][810]LogNet: Welcomed by server (Level: /Game/Maps/UEDPIE_0_MY_Map, Game: /Game/Blueprints/BP_Network_AssignmentGameMode.BP_Network_AssignmentGameMode_C)
[2021.01.28-12.45.59:197][810]LogLoad: LoadMap: 127.0.0.1:17777/Game/Maps/UEDPIE_0_MY_Map?game=/Game/Blueprints/BP_Network_AssignmentGameMode.BP_Network_AssignmentGameMode_C
[2021.01.28-12.45.59:197][810]LogWorld: BeginTearingDown for /Temp/Untitled_1
[2021.01.28-12.45.59:198][810]LogWorld: UWorld::CleanupWorld for Untitled, bSessionEnded=true, bCleanupResources=true
[2021.01.28-12.45.59:199][810]LogSlate: InvalidateAllWidgets triggered.  All widgets were invalidated
[2021.01.28-12.45.59:210][810]LogUObjectHash: Compacting FUObjectHashTables data took   0.76ms
[2021.01.28-12.45.59:225][810]LogAIModule: Creating AISystem for world My_Map
[2021.01.28-12.45.59:227][810]LogAISub: UAISubsystem::UAISubsystem EnvQueryManager (000001D1CF229400), frame # 810
[2021.01.28-12.45.59:228][810]LogAISub: UAISubsystem::UAISubsystem AIPerceptionSystem (000001D1CF898F40), frame # 810
[2021.01.28-12.45.59:231][810]LogWorld: Bringing World /Game/Maps/UEDPIE_1_MY_Map.My_Map up for play (max tick rate 0) at 2021.01.28-13.45.59
[2021.01.28-12.45.59:235][810]LogWorld: Bringing up level for play took: 0.004551
[2021.01.28-12.45.59:236][810]LogLoad: Took 0.038386 seconds to LoadMap(/Game/Maps/UEDPIE_0_MY_Map)
[2021.01.28-12.45.59:249][811]LogNet: Login request: ?Name=LEON-DATOR-E6739452426BBCB02D5E96BF82ABACCE userId: NULL:LEON-DATOR-E6739452426BBCB02D5E96BF82ABACCE platform: NULL
[2021.01.28-12.45.59:301][813]LogNet: Login request: ?Name=LEON-DATOR-5DC8EBEE412037505BD7CA809EF0046F userId: NULL:LEON-DATOR-5DC8EBEE412037505BD7CA809EF0046F platform: NULL
[2021.01.28-12.45.59:455][826]LogNet: Welcomed by server (Level: /Game/Maps/UEDPIE_0_MY_Map, Game: /Game/Blueprints/BP_Network_AssignmentGameMode.BP_Network_AssignmentGameMode_C)
[2021.01.28-12.45.59:457][826]LogLoad: LoadMap: 127.0.0.1:17777/Game/Maps/UEDPIE_0_MY_Map?game=/Game/Blueprints/BP_Network_AssignmentGameMode.BP_Network_AssignmentGameMode_C
[2021.01.28-12.45.59:457][826]LogWorld: BeginTearingDown for /Temp/Untitled_3
[2021.01.28-12.45.59:457][826]LogWorld: UWorld::CleanupWorld for Untitled, bSessionEnded=true, bCleanupResources=true
[2021.01.28-12.45.59:458][826]LogSlate: InvalidateAllWidgets triggered.  All widgets were invalidated
[2021.01.28-12.45.59:468][826]LogUObjectHash: Compacting FUObjectHashTables data took   0.87ms
[2021.01.28-12.45.59:478][826]LogAIModule: Creating AISystem for world My_Map
[2021.01.28-12.45.59:478][826]LogAISub: UAISubsystem::UAISubsystem EnvQueryManager (000001D1CFBD8C00), frame # 826
[2021.01.28-12.45.59:479][826]LogAISub: UAISubsystem::UAISubsystem AIPerceptionSystem (000001D1C74902C0), frame # 826
[2021.01.28-12.45.59:481][826]LogWorld: Bringing World /Game/Maps/UEDPIE_3_MY_Map.My_Map up for play (max tick rate 0) at 2021.01.28-13.45.59
[2021.01.28-12.45.59:481][826]LogWorld: Bringing up level for play took: 0.000951
[2021.01.28-12.45.59:482][826]LogLoad: Took 0.024596 seconds to LoadMap(/Game/Maps/UEDPIE_0_MY_Map)
[2021.01.28-12.45.59:622][836]LogNet: Client netspeed is 10000
[2021.01.28-12.45.59:624][836]LogNet: Join request: /Game/StarterContent/Maps/Minimal_Default?Name=LEON-DATOR-5DC8EBEE412037505BD7CA809EF0046F?SplitscreenCount=1
[2021.01.28-12.45.59:626][836]LogOnlineSession: Warning: OSS: No game present to join for session (GameSession)
[2021.01.28-12.45.59:630][836]LogNet: Join succeeded: LEON-DATOR-5DC8EBEE4
[2021.01.28-12.45.59:643][837]LogNet: Client netspeed is 10000
[2021.01.28-12.45.59:644][837]LogNet: Join request: /Game/StarterContent/Maps/Minimal_Default?Name=LEON-DATOR-3C4903324A8AA0472E341C9D2BF14EC5?SplitscreenCount=1
[2021.01.28-12.45.59:644][837]LogOnlineSession: Warning: OSS: No game present to join for session (GameSession)
[2021.01.28-12.45.59:648][837]LogNet: Join succeeded: LEON-DATOR-3C4903324
[2021.01.28-12.45.59:709][842]LogNet: Welcomed by server (Level: /Game/Maps/UEDPIE_0_MY_Map, Game: /Game/Blueprints/BP_Network_AssignmentGameMode.BP_Network_AssignmentGameMode_C)
[2021.01.28-12.45.59:709][842]LogLoad: LoadMap: 127.0.0.1:17777/Game/Maps/UEDPIE_0_MY_Map?game=/Game/Blueprints/BP_Network_AssignmentGameMode.BP_Network_AssignmentGameMode_C
[2021.01.28-12.45.59:709][842]LogWorld: BeginTearingDown for /Temp/Untitled_2
[2021.01.28-12.45.59:709][842]LogWorld: UWorld::CleanupWorld for Untitled, bSessionEnded=true, bCleanupResources=true
[2021.01.28-12.45.59:710][842]LogSlate: InvalidateAllWidgets triggered.  All widgets were invalidated
[2021.01.28-12.45.59:720][842]LogUObjectHash: Compacting FUObjectHashTables data took   0.92ms
[2021.01.28-12.45.59:731][842]LogAIModule: Creating AISystem for world My_Map
[2021.01.28-12.45.59:732][842]LogAISub: UAISubsystem::UAISubsystem EnvQueryManager (000001D1E3819E00), frame # 842
[2021.01.28-12.45.59:732][842]LogAISub: UAISubsystem::UAISubsystem AIPerceptionSystem (000001D1E3951300), frame # 842
[2021.01.28-12.45.59:734][842]LogWorld: Bringing World /Game/Maps/UEDPIE_2_MY_Map.My_Map up for play (max tick rate 0) at 2021.01.28-13.45.59
[2021.01.28-12.45.59:735][842]LogWorld: Bringing up level for play took: 0.001475
[2021.01.28-12.45.59:735][842]LogLoad: Took 0.025484 seconds to LoadMap(/Game/Maps/UEDPIE_0_MY_Map)
[2021.01.28-12.45.59:896][852]LogNet: Client netspeed is 10000
[2021.01.28-12.45.59:896][852]LogNet: Join request: /Game/StarterContent/Maps/Minimal_Default?Name=LEON-DATOR-E6739452426BBCB02D5E96BF82ABACCE?SplitscreenCount=1
[2021.01.28-12.45.59:896][852]LogOnlineSession: Warning: OSS: No game present to join for session (GameSession)
[2021.01.28-12.45.59:900][852]LogNet: Join succeeded: LEON-DATOR-E67394524
[2021.01.28-12.46.00:620][896]LogOnlineSession: Warning: OSS: No game present to join for session (GameSession)
[2021.01.28-12.46.00:637][897]LogOnlineSession: Warning: OSS: No game present to join for session (GameSession)
[2021.01.28-12.46.00:678][899]LogOnlineSession: Warning: OSS: No game present to join for session (GameSession)
[2021.01.28-12.46.00:679][899]LogOnlineSession: Warning: OSS: No game present to join for session (GameSession)
[2021.01.28-12.46.00:823][907]LogOnlineSession: Warning: OSS: No game present to join for session (GameSession)
[2021.01.28-12.46.00:873][910]LogOnlineSession: Warning: OSS: No game present to join for session (GameSession)
[2021.01.28-12.46.00:890][911]LogOnlineSession: Warning: OSS: No game present to join for session (GameSession)
[2021.01.28-12.46.00:932][913]LogOnlineSession: Warning: OSS: No game present to join for session (GameSession)
[2021.01.28-12.46.00:952][914]LogOnlineSession: Warning: OSS: No game present to join for session (GameSession)
[2021.01.28-12.46.00:967][915]LogOnlineSession: Warning: OSS: No game present to join for session (GameSession)
[2021.01.28-12.46.00:970][915]LogOnlineSession: Warning: OSS: No game present to join for session (GameSession)
[2021.01.28-12.46.01:120][924]LogOnlineSession: Warning: OSS: No game present to join for session (GameSession)
