Log file open, 01/25/21 13:18:36
LogInit: Display: Running engine for game: Network_Assignment
LogPlatformFile: Not using cached read wrapper
LogTaskGraph: Started task graph with 5 named threads and 14 total threads with 3 sets of task threads.
LogStats: Stats thread started at 0.328498
LogD3D11RHI: Loaded GFSDK_Aftermath_Lib.x64.dll
LogICUInternationalization: ICU TimeZone Detection - Raw Offset: +1:00, Platform Override: ''
LogPluginManager: Mounting plugin Paper2D
LogPluginManager: Mounting plugin AISupport
LogPluginManager: Mounting plugin LightPropagationVolume
LogPluginManager: Mounting plugin CameraShakePreviewer
LogPluginManager: Mounting plugin ActorLayerUtilities
LogPluginManager: Mounting plugin AnimationSharing
LogPluginManager: Mounting plugin CLionSourceCodeAccess
LogPluginManager: Mounting plugin CodeLiteSourceCodeAccess
LogPluginManager: Mounting plugin GitSourceControl
LogPluginManager: Mounting plugin KDevelopSourceCodeAccess
LogPluginManager: Mounting plugin NullSourceCodeAccess
LogPluginManager: Mounting plugin PerforceSourceControl
LogPluginManager: Mounting plugin PlasticSourceControl
LogPluginManager: Mounting plugin RiderSourceCodeAccess
LogPluginManager: Mounting plugin SubversionSourceControl
LogPluginManager: Mounting plugin UObjectPlugin
LogPluginManager: Mounting plugin VisualStudioCodeSourceCodeAccess
LogPluginManager: Mounting plugin VisualStudioSourceCodeAccess
LogPluginManager: Mounting plugin XCodeSourceCodeAccess
LogPluginManager: Mounting plugin AssetManagerEditor
LogPluginManager: Mounting plugin CryptoKeys
LogPluginManager: Mounting plugin CurveEditorTools
LogPluginManager: Mounting plugin DataValidation
LogPluginManager: Mounting plugin EditorScriptingUtilities
LogPluginManager: Mounting plugin FacialAnimation
LogPluginManager: Mounting plugin GameplayTagsEditor
LogPluginManager: Mounting plugin GeometryMode
LogPluginManager: Mounting plugin MacGraphicsSwitching
LogPluginManager: Mounting plugin MaterialAnalyzer
LogPluginManager: Mounting plugin MobileLauncherProfileWizard
LogPluginManager: Mounting plugin PluginBrowser
LogPluginManager: Mounting plugin SpeedTreeImporter
LogPluginManager: Mounting plugin DatasmithContent
LogPluginManager: Mounting plugin VariantManagerContent
LogPluginManager: Mounting plugin AlembicImporter
LogPluginManager: Mounting plugin AutomationUtils
LogPluginManager: Mounting plugin BackChannel
LogPluginManager: Mounting plugin ChaosCloth
LogPluginManager: Mounting plugin ChaosClothEditor
LogPluginManager: Mounting plugin ChaosEditor
LogPluginManager: Mounting plugin ChaosNiagara
LogPluginManager: Mounting plugin ChaosSolverPlugin
LogPluginManager: Mounting plugin CharacterAI
LogPluginManager: Mounting plugin GeometryCache
LogPluginManager: Mounting plugin GeometryCollectionPlugin
LogPluginManager: Mounting plugin GeometryProcessing
LogPluginManager: Mounting plugin PlanarCut
LogPluginManager: Mounting plugin PlatformCrypto
LogPluginManager: Mounting plugin ProxyLODPlugin
LogPluginManager: Mounting plugin SkeletalReduction
LogPluginManager: Mounting plugin Niagara
LogPluginManager: Mounting plugin MagicLeap
LogPluginManager: Mounting plugin MagicLeapLightEstimation
LogPluginManager: Mounting plugin MagicLeapMedia
LogPluginManager: Mounting plugin MagicLeapPassableWorld
LogPluginManager: Mounting plugin MLSDK
LogPluginManager: Mounting plugin AndroidMedia
LogPluginManager: Mounting plugin AvfMedia
LogPluginManager: Mounting plugin ImgMedia
LogPluginManager: Mounting plugin MediaCompositing
LogPluginManager: Mounting plugin MediaPlayerEditor
LogPluginManager: Mounting plugin WebMMedia
LogPluginManager: Mounting plugin WmfMedia
LogPluginManager: Mounting plugin MeshPainting
LogPluginManager: Mounting plugin TcpMessaging
LogPluginManager: Mounting plugin UdpMessaging
LogPluginManager: Mounting plugin ActorSequence
LogPluginManager: Mounting plugin LevelSequenceEditor
LogPluginManager: Mounting plugin MatineeToLevelSequence
LogPluginManager: Mounting plugin MovieRenderPipeline
LogPluginManager: Mounting plugin TemplateSequence
LogPluginManager: Mounting plugin NetcodeUnitTest
LogPluginManager: Mounting plugin NUTUnrealEngine4
LogPluginManager: Mounting plugin OnlineSubsystemGooglePlay
LogPluginManager: Mounting plugin OnlineSubsystemIOS
LogPluginManager: Mounting plugin OnlineSubsystem
LogPluginManager: Mounting plugin OnlineSubsystemNull
LogPluginManager: Mounting plugin OnlineSubsystemUtils
LogPluginManager: Mounting plugin LauncherChunkInstaller
LogPluginManager: Mounting plugin AndroidDeviceProfileSelector
LogPluginManager: Mounting plugin AndroidMoviePlayer
LogPluginManager: Mounting plugin AndroidPermission
LogPluginManager: Mounting plugin AppleImageUtils
LogPluginManager: Mounting plugin AppleMoviePlayer
LogPluginManager: Mounting plugin ArchVisCharacter
LogPluginManager: Mounting plugin AssetTags
LogPluginManager: Mounting plugin AudioCapture
LogPluginManager: Mounting plugin CableComponent
LogPluginManager: Mounting plugin CustomMeshComponent
LogPluginManager: Mounting plugin EditableMesh
LogPluginManager: Mounting plugin ExampleDeviceProfileSelector
LogPluginManager: Mounting plugin GoogleCloudMessaging
LogPluginManager: Mounting plugin GooglePAD
LogPluginManager: Mounting plugin IOSDeviceProfileSelector
LogPluginManager: Mounting plugin LinuxDeviceProfileSelector
LogPluginManager: Mounting plugin LocationServicesBPLibrary
LogPluginManager: Mounting plugin MobilePatchingUtils
LogPluginManager: Mounting plugin OculusVR
LogPluginManager: Mounting plugin PhysXVehicles
LogPluginManager: Mounting plugin PostSplashScreen
LogPluginManager: Mounting plugin ProceduralMeshComponent
LogPluginManager: Mounting plugin RuntimePhysXCooking
LogPluginManager: Mounting plugin SignificanceManager
LogPluginManager: Mounting plugin SoundFields
LogPluginManager: Mounting plugin SteamVR
LogPluginManager: Mounting plugin Synthesis
LogPluginManager: Mounting plugin WebMMoviePlayer
LogPluginManager: Mounting plugin WindowsMoviePlayer
LogPluginManager: Mounting plugin ScreenshotTools
LogInit: Using libcurl 7.55.1-DEV
LogInit:  - built for x86_64-pc-win32
LogInit:  - supports SSL with OpenSSL/1.1.1
LogInit:  - supports HTTP deflate (compression) using libz 1.2.8
LogInit:  - other features:
LogInit:      CURL_VERSION_SSL
LogInit:      CURL_VERSION_LIBZ
LogInit:      CURL_VERSION_IPV6
LogInit:      CURL_VERSION_ASYNCHDNS
LogInit:      CURL_VERSION_LARGEFILE
LogInit:      CURL_VERSION_IDN
LogInit:  CurlRequestOptions (configurable via config and command line):
LogInit:  - bVerifyPeer = true  - Libcurl will verify peer certificate
LogInit:  - bUseHttpProxy = false  - Libcurl will NOT use HTTP proxy
LogInit:  - bDontReuseConnections = false  - Libcurl will reuse connections
LogInit:  - MaxHostConnections = 16  - Libcurl will limit the number of connections to a host
LogInit:  - LocalHostAddr = Default
LogInit:  - BufferSize = 65536
LogOnline: OSS: Creating online subsystem instance for: NULL
LogInit: WinSock: version 1.1 (2.2), MaxSocks=32767, MaxUdp=65467
LogOnline: OSS: TryLoadSubsystemAndSetDefault: Loaded subsystem for module [NULL]
LogInit: Build: ++UE4+Release-4.25-CL-14469661
LogInit: Engine Version: 4.25.4-14469661+++UE4+Release-4.25
LogInit: Compatible Engine Version: 4.25.0-13144385+++UE4+Release-4.25
LogInit: Net CL: 13144385
LogInit: OS: Windows 10 (Release 1909) (), CPU:        Intel(R) Core(TM) i5-3570K CPU @ 3.40GHz, GPU: NVIDIA GeForce GTX 970
LogInit: Compiled (64-bit): Oct 11 2020 08:10:49
LogInit: Compiled with Visual C++: 19.24.28315.00
LogInit: Build Configuration: Development
LogInit: Branch Name: ++UE4+Release-4.25
LogInit: Command Line:  -skipcompile
LogInit: Base Directory: D:/EpicGames/UE_4.25/Engine/Binaries/Win64/
LogInit: Allocator: TBB
LogInit: Installed Engine Build: 1
LogDevObjectVersion: Number of dev versions registered: 26
LogDevObjectVersion:   Dev-Blueprints (B0D832E4-1F89-4F0D-ACCF-7EB736FD4AA2): 10
LogDevObjectVersion:   Dev-Build (E1C64328-A22C-4D53-A36C-8E866417BD8C): 0
LogDevObjectVersion:   Dev-Core (375EC13C-06E4-48FB-B500-84F0262A717E): 4
LogDevObjectVersion:   Dev-Editor (E4B068ED-F494-42E9-A231-DA0B2E46BB41): 38
LogDevObjectVersion:   Dev-Framework (CFFC743F-43B0-4480-9391-14DF171D2073): 37
LogDevObjectVersion:   Dev-Mobile (B02B49B5-BB20-44E9-A304-32B752E40360): 2
LogDevObjectVersion:   Dev-Networking (A4E4105C-59A1-49B5-A7C5-40C4547EDFEE): 0
LogDevObjectVersion:   Dev-Online (39C831C9-5AE6-47DC-9A44-9C173E1C8E7C): 0
LogDevObjectVersion:   Dev-Physics (78F01B33-EBEA-4F98-B9B4-84EACCB95AA2): 4
LogDevObjectVersion:   Dev-Platform (6631380F-2D4D-43E0-8009-CF276956A95A): 0
LogDevObjectVersion:   Dev-Rendering (12F88B9F-8875-4AFC-A67C-D90C383ABD29): 43
LogDevObjectVersion:   Dev-Sequencer (7B5AE74C-D270-4C10-A958-57980B212A5A): 12
LogDevObjectVersion:   Dev-VR (D7296918-1DD6-4BDD-9DE2-64A83CC13884): 3
LogDevObjectVersion:   Dev-LoadTimes (C2A15278-BFE7-4AFE-6C17-90FF531DF755): 1
LogDevObjectVersion:   Private-Geometry (6EACA3D4-40EC-4CC1-B786-8BED09428FC5): 3
LogDevObjectVersion:   Dev-AnimPhys (29E575DD-E0A3-4627-9D10-D276232CDCEA): 17
LogDevObjectVersion:   Dev-Anim (AF43A65D-7FD3-4947-9873-3E8ED9C1BB05): 7
LogDevObjectVersion:   Dev-ReflectionCapture (6B266CEC-1EC7-4B8F-A30B-E4D90942FC07): 1
LogDevObjectVersion:   Dev-Automation (0DF73D61-A23F-47EA-B727-89E90C41499A): 1
LogDevObjectVersion:   FortniteMain (601D1886-AC64-4F84-AA16-D3DE0DEAC7D6): 31
LogDevObjectVersion:   Dev-Enterprise (9DFFBCD6-494F-0158-E221-12823C92A888): 10
LogDevObjectVersion:   Dev-Niagara (F2AED0AC-9AFE-416F-8664-AA7FFA26D6FC): 1
LogDevObjectVersion:   Dev-Destruction (174F1F0B-B4C6-45A5-B13F-2EE8D0FB917D): 10
LogDevObjectVersion:   Dev-Physics-Ext (35F94A83-E258-406C-A318-09F59610247C): 37
LogDevObjectVersion:   Dev-PhysicsMaterial-Chaos (B68FC16E-8B1B-42E2-B453-215C058844FE): 1
LogDevObjectVersion:   Dev-CineCamera (B2E18506-4273-CFC2-A54E-F4BB758BBA07): 1
LogInit: Presizing for max 25165824 objects, including 0 objects not considered by GC, pre-allocating 0 bytes for permanent pool.
LogConfig: Applying CVar settings from Section [/Script/Engine.StreamingSettings] File [D:/Unreal Engine/Network_Assignment/Network_Assignment/Saved/Config/Windows/Engine.ini]
LogConfig: Setting CVar [[s.MinBulkDataSizeForAsyncLoading:131072]]
LogConfig: Setting CVar [[s.AsyncLoadingThreadEnabled:0]]
LogConfig: Setting CVar [[s.EventDrivenLoaderEnabled:1]]
LogConfig: Setting CVar [[s.WarnIfTimeLimitExceeded:0]]
LogConfig: Setting CVar [[s.TimeLimitExceededMultiplier:1.5]]
LogConfig: Setting CVar [[s.TimeLimitExceededMinTime:0.005]]
LogConfig: Setting CVar [[s.UseBackgroundLevelStreaming:1]]
LogConfig: Setting CVar [[s.PriorityAsyncLoadingExtraTime:15.0]]
LogConfig: Setting CVar [[s.LevelStreamingActorsUpdateTimeLimit:5.0]]
LogConfig: Setting CVar [[s.PriorityLevelStreamingActorsUpdateExtraTime:5.0]]
LogConfig: Setting CVar [[s.LevelStreamingComponentsRegistrationGranularity:10]]
LogConfig: Setting CVar [[s.UnregisterComponentsTimeLimit:1.0]]
LogConfig: Setting CVar [[s.LevelStreamingComponentsUnregistrationGranularity:5]]
LogConfig: Setting CVar [[s.FlushStreamingOnExit:1]]
LogInit: Object subsystem initialized
LogConfig: Setting CVar [[con.DebugEarlyDefault:1]]
LogConfig: Setting CVar [[r.setres:1280x720]]
[2021.01.25-12.18.37:330][  0]LogConfig: Setting CVar [[r.VSync:0]]
[2021.01.25-12.18.37:330][  0]LogConfig: Setting CVar [[r.RHICmdBypass:0]]
[2021.01.25-12.18.37:330][  0]LogConfig: Applying CVar settings from Section [/Script/Engine.RendererSettings] File [D:/Unreal Engine/Network_Assignment/Network_Assignment/Saved/Config/Windows/Engine.ini]
[2021.01.25-12.18.37:330][  0]LogConfig: Setting CVar [[r.GPUCrashDebugging:0]]
[2021.01.25-12.18.37:330][  0]LogConfig: Applying CVar settings from Section [/Script/Engine.RendererOverrideSettings] File [D:/Unreal Engine/Network_Assignment/Network_Assignment/Saved/Config/Windows/Engine.ini]
[2021.01.25-12.18.37:330][  0]LogConfig: Applying CVar settings from Section [/Script/Engine.StreamingSettings] File [D:/Unreal Engine/Network_Assignment/Network_Assignment/Saved/Config/Windows/Engine.ini]
[2021.01.25-12.18.37:330][  0]LogConfig: Setting CVar [[s.MinBulkDataSizeForAsyncLoading:131072]]
[2021.01.25-12.18.37:330][  0]LogConfig: Setting CVar [[s.AsyncLoadingThreadEnabled:0]]
[2021.01.25-12.18.37:330][  0]LogConfig: Setting CVar [[s.EventDrivenLoaderEnabled:1]]
[2021.01.25-12.18.37:330][  0]LogConfig: Setting CVar [[s.WarnIfTimeLimitExceeded:0]]
[2021.01.25-12.18.37:330][  0]LogConfig: Setting CVar [[s.TimeLimitExceededMultiplier:1.5]]
[2021.01.25-12.18.37:330][  0]LogConfig: Setting CVar [[s.TimeLimitExceededMinTime:0.005]]
[2021.01.25-12.18.37:330][  0]LogConfig: Setting CVar [[s.UseBackgroundLevelStreaming:1]]
[2021.01.25-12.18.37:330][  0]LogConfig: Setting CVar [[s.PriorityAsyncLoadingExtraTime:15.0]]
[2021.01.25-12.18.37:330][  0]LogConfig: Setting CVar [[s.LevelStreamingActorsUpdateTimeLimit:5.0]]
[2021.01.25-12.18.37:330][  0]LogConfig: Setting CVar [[s.PriorityLevelStreamingActorsUpdateExtraTime:5.0]]
[2021.01.25-12.18.37:330][  0]LogConfig: Setting CVar [[s.LevelStreamingComponentsRegistrationGranularity:10]]
[2021.01.25-12.18.37:331][  0]LogConfig: Setting CVar [[s.UnregisterComponentsTimeLimit:1.0]]
[2021.01.25-12.18.37:331][  0]LogConfig: Setting CVar [[s.LevelStreamingComponentsUnregistrationGranularity:5]]
[2021.01.25-12.18.37:331][  0]LogConfig: Setting CVar [[s.FlushStreamingOnExit:1]]
[2021.01.25-12.18.37:331][  0]LogConfig: Applying CVar settings from Section [/Script/Engine.GarbageCollectionSettings] File [D:/Unreal Engine/Network_Assignment/Network_Assignment/Saved/Config/Windows/Engine.ini]
[2021.01.25-12.18.37:331][  0]LogConfig: Setting CVar [[gc.MaxObjectsNotConsideredByGC:1]]
[2021.01.25-12.18.37:331][  0]LogConfig: Setting CVar [[gc.SizeOfPermanentObjectPool:0]]
[2021.01.25-12.18.37:331][  0]LogConfig: Setting CVar [[gc.FlushStreamingOnGC:0]]
[2021.01.25-12.18.37:331][  0]LogConfig: Setting CVar [[gc.NumRetriesBeforeForcingGC:10]]
[2021.01.25-12.18.37:331][  0]LogConfig: Setting CVar [[gc.AllowParallelGC:1]]
[2021.01.25-12.18.37:331][  0]LogConfig: Setting CVar [[gc.TimeBetweenPurgingPendingKillObjects:61.1]]
[2021.01.25-12.18.37:331][  0]LogConfig: Setting CVar [[gc.MaxObjectsInEditor:25165824]]
[2021.01.25-12.18.37:331][  0]LogConfig: Setting CVar [[gc.IncrementalBeginDestroyEnabled:1]]
[2021.01.25-12.18.37:331][  0]LogConfig: Setting CVar [[gc.CreateGCClusters:1]]
[2021.01.25-12.18.37:331][  0]LogConfig: Setting CVar [[gc.MinGCClusterSize:5]]
[2021.01.25-12.18.37:331][  0]LogConfig: Setting CVar [[gc.ActorClusteringEnabled:0]]
[2021.01.25-12.18.37:331][  0]LogConfig: Setting CVar [[gc.BlueprintClusteringEnabled:0]]
[2021.01.25-12.18.37:331][  0]LogConfig: Setting CVar [[gc.UseDisregardForGCOnDedicatedServers:0]]
[2021.01.25-12.18.37:331][  0]LogConfig: Applying CVar settings from Section [/Script/Engine.NetworkSettings] File [D:/Unreal Engine/Network_Assignment/Network_Assignment/Saved/Config/Windows/Engine.ini]
[2021.01.25-12.18.37:331][  0]LogConfig: Applying CVar settings from Section [/Script/UnrealEd.CookerSettings] File [D:/Unreal Engine/Network_Assignment/Network_Assignment/Saved/Config/Windows/Engine.ini]
[2021.01.25-12.18.37:348][  0]LogConfig: Applying CVar settings from Section [ViewDistanceQuality@3] File [D:/Unreal Engine/Network_Assignment/Network_Assignment/Saved/Config/Windows/Scalability.ini]
[2021.01.25-12.18.37:348][  0]LogConfig: Setting CVar [[r.SkeletalMeshLODBias:0]]
[2021.01.25-12.18.37:348][  0]LogConfig: Setting CVar [[r.ViewDistanceScale:1.0]]
[2021.01.25-12.18.37:348][  0]LogConfig: Applying CVar settings from Section [AntiAliasingQuality@3] File [D:/Unreal Engine/Network_Assignment/Network_Assignment/Saved/Config/Windows/Scalability.ini]
[2021.01.25-12.18.37:348][  0]LogConfig: Setting CVar [[r.PostProcessAAQuality:4]]
[2021.01.25-12.18.37:348][  0]LogConfig: Applying CVar settings from Section [ShadowQuality@3] File [D:/Unreal Engine/Network_Assignment/Network_Assignment/Saved/Config/Windows/Scalability.ini]
[2021.01.25-12.18.37:348][  0]LogConfig: Setting CVar [[r.LightFunctionQuality:1]]
[2021.01.25-12.18.37:348][  0]LogConfig: Setting CVar [[r.ShadowQuality:5]]
[2021.01.25-12.18.37:348][  0]LogConfig: Setting CVar [[r.Shadow.CSM.MaxCascades:10]]
[2021.01.25-12.18.37:348][  0]LogConfig: Setting CVar [[r.Shadow.MaxResolution:2048]]
[2021.01.25-12.18.37:348][  0]LogConfig: Setting CVar [[r.Shadow.MaxCSMResolution:2048]]
[2021.01.25-12.18.37:348][  0]LogConfig: Setting CVar [[r.Shadow.RadiusThreshold:0.01]]
[2021.01.25-12.18.37:348][  0]LogConfig: Setting CVar [[r.Shadow.DistanceScale:1.0]]
[2021.01.25-12.18.37:349][  0]LogConfig: Setting CVar [[r.Shadow.CSM.TransitionScale:1.0]]
[2021.01.25-12.18.37:349][  0]LogConfig: Setting CVar [[r.Shadow.PreShadowResolutionFactor:1.0]]
[2021.01.25-12.18.37:349][  0]LogConfig: Setting CVar [[r.DistanceFieldShadowing:1]]
[2021.01.25-12.18.37:349][  0]LogConfig: Setting CVar [[r.DistanceFieldAO:1]]
[2021.01.25-12.18.37:349][  0]LogConfig: Setting CVar [[r.AOQuality:2]]
[2021.01.25-12.18.37:349][  0]LogConfig: Setting CVar [[r.VolumetricFog:1]]
[2021.01.25-12.18.37:349][  0]LogConfig: Setting CVar [[r.VolumetricFog.GridPixelSize:8]]
[2021.01.25-12.18.37:349][  0]LogConfig: Setting CVar [[r.VolumetricFog.GridSizeZ:128]]
[2021.01.25-12.18.37:349][  0]LogConfig: Setting CVar [[r.VolumetricFog.HistoryMissSupersampleCount:4]]
[2021.01.25-12.18.37:349][  0]LogConfig: Setting CVar [[r.LightMaxDrawDistanceScale:1]]
[2021.01.25-12.18.37:349][  0]LogConfig: Setting CVar [[r.CapsuleShadows:1]]
[2021.01.25-12.18.37:349][  0]LogConfig: Applying CVar settings from Section [PostProcessQuality@3] File [D:/Unreal Engine/Network_Assignment/Network_Assignment/Saved/Config/Windows/Scalability.ini]
[2021.01.25-12.18.37:350][  0]LogConfig: Setting CVar [[r.MotionBlurQuality:4]]
[2021.01.25-12.18.37:350][  0]LogConfig: Setting CVar [[r.AmbientOcclusionMipLevelFactor:0.4]]
[2021.01.25-12.18.37:350][  0]LogConfig: Setting CVar [[r.AmbientOcclusionMaxQuality:100]]
[2021.01.25-12.18.37:350][  0]LogConfig: Setting CVar [[r.AmbientOcclusionLevels:-1]]
[2021.01.25-12.18.37:350][  0]LogConfig: Setting CVar [[r.AmbientOcclusionRadiusScale:1.0]]
[2021.01.25-12.18.37:350][  0]LogConfig: Setting CVar [[r.DepthOfFieldQuality:2]]
[2021.01.25-12.18.37:350][  0]LogConfig: Setting CVar [[r.RenderTargetPoolMin:400]]
[2021.01.25-12.18.37:350][  0]LogConfig: Setting CVar [[r.LensFlareQuality:2]]
[2021.01.25-12.18.37:350][  0]LogConfig: Setting CVar [[r.SceneColorFringeQuality:1]]
[2021.01.25-12.18.37:350][  0]LogConfig: Setting CVar [[r.EyeAdaptationQuality:2]]
[2021.01.25-12.18.37:350][  0]LogConfig: Setting CVar [[r.BloomQuality:5]]
[2021.01.25-12.18.37:350][  0]LogConfig: Setting CVar [[r.FastBlurThreshold:100]]
[2021.01.25-12.18.37:350][  0]LogConfig: Setting CVar [[r.Upscale.Quality:3]]
[2021.01.25-12.18.37:350][  0]LogConfig: Setting CVar [[r.Tonemapper.GrainQuantization:1]]
[2021.01.25-12.18.37:350][  0]LogConfig: Setting CVar [[r.LightShaftQuality:1]]
[2021.01.25-12.18.37:350][  0]LogConfig: Setting CVar [[r.Filter.SizeScale:1]]
[2021.01.25-12.18.37:350][  0]LogConfig: Setting CVar [[r.Tonemapper.Quality:5]]
[2021.01.25-12.18.37:350][  0]LogConfig: Setting CVar [[r.DOF.Gather.AccumulatorQuality:1        ; higher gathering accumulator quality]]
[2021.01.25-12.18.37:350][  0]LogConfig: Setting CVar [[r.DOF.Gather.PostfilterMethod:1          ; Median3x3 postfilering method]]
[2021.01.25-12.18.37:350][  0]LogConfig: Setting CVar [[r.DOF.Gather.EnableBokehSettings:0       ; no bokeh simulation when gathering]]
[2021.01.25-12.18.37:351][  0]LogConfig: Setting CVar [[r.DOF.Gather.RingCount:4                 ; medium number of samples when gathering]]
[2021.01.25-12.18.37:351][  0]LogConfig: Setting CVar [[r.DOF.Scatter.ForegroundCompositing:1    ; additive foreground scattering]]
[2021.01.25-12.18.37:351][  0]LogConfig: Setting CVar [[r.DOF.Scatter.BackgroundCompositing:2    ; additive background scattering]]
[2021.01.25-12.18.37:351][  0]LogConfig: Setting CVar [[r.DOF.Scatter.EnableBokehSettings:1      ; bokeh simulation when scattering]]
[2021.01.25-12.18.37:351][  0]LogConfig: Setting CVar [[r.DOF.Scatter.MaxSpriteRatio:0.1         ; only a maximum of 10% of scattered bokeh]]
[2021.01.25-12.18.37:351][  0]LogConfig: Setting CVar [[r.DOF.Recombine.Quality:1                ; cheap slight out of focus]]
[2021.01.25-12.18.37:351][  0]LogConfig: Setting CVar [[r.DOF.Recombine.EnableBokehSettings:0    ; no bokeh simulation on slight out of focus]]
[2021.01.25-12.18.37:351][  0]LogConfig: Setting CVar [[r.DOF.TemporalAAQuality:1                ; more stable temporal accumulation]]
[2021.01.25-12.18.37:351][  0]LogConfig: Setting CVar [[r.DOF.Kernel.MaxForegroundRadius:0.025]]
[2021.01.25-12.18.37:351][  0]LogConfig: Setting CVar [[r.DOF.Kernel.MaxBackgroundRadius:0.025]]
[2021.01.25-12.18.37:351][  0]LogConfig: Applying CVar settings from Section [TextureQuality@3] File [D:/Unreal Engine/Network_Assignment/Network_Assignment/Saved/Config/Windows/Scalability.ini]
[2021.01.25-12.18.37:351][  0]LogConfig: Setting CVar [[r.Streaming.MipBias:0]]
[2021.01.25-12.18.37:351][  0]LogConfig: Setting CVar [[r.Streaming.AmortizeCPUToGPUCopy:0]]
[2021.01.25-12.18.37:351][  0]LogConfig: Setting CVar [[r.Streaming.MaxNumTexturesToStreamPerFrame:0]]
[2021.01.25-12.18.37:351][  0]LogConfig: Setting CVar [[r.Streaming.Boost:1]]
[2021.01.25-12.18.37:351][  0]LogConfig: Setting CVar [[r.MaxAnisotropy:8]]
[2021.01.25-12.18.37:351][  0]LogConfig: Setting CVar [[r.VT.MaxAnisotropy:8]]
[2021.01.25-12.18.37:351][  0]LogConfig: Setting CVar [[r.Streaming.LimitPoolSizeToVRAM:0]]
[2021.01.25-12.18.37:351][  0]LogConfig: Setting CVar [[r.Streaming.PoolSize:1000]]
[2021.01.25-12.18.37:351][  0]LogConfig: Setting CVar [[r.Streaming.MaxEffectiveScreenSize:0]]
[2021.01.25-12.18.37:351][  0]LogConfig: Applying CVar settings from Section [EffectsQuality@3] File [D:/Unreal Engine/Network_Assignment/Network_Assignment/Saved/Config/Windows/Scalability.ini]
[2021.01.25-12.18.37:351][  0]LogConfig: Setting CVar [[r.TranslucencyLightingVolumeDim:64]]
[2021.01.25-12.18.37:352][  0]LogConfig: Setting CVar [[r.RefractionQuality:2]]
[2021.01.25-12.18.37:352][  0]LogConfig: Setting CVar [[r.SSR.Quality:3]]
[2021.01.25-12.18.37:352][  0]LogConfig: Setting CVar [[r.SSR.HalfResSceneColor:0]]
[2021.01.25-12.18.37:352][  0]LogConfig: Setting CVar [[r.SceneColorFormat:4]]
[2021.01.25-12.18.37:352][  0]LogConfig: Setting CVar [[r.DetailMode:2]]
[2021.01.25-12.18.37:352][  0]LogConfig: Setting CVar [[r.TranslucencyVolumeBlur:1]]
[2021.01.25-12.18.37:352][  0]LogConfig: Setting CVar [[r.MaterialQualityLevel:1 ; High quality]]
[2021.01.25-12.18.37:352][  0]LogConfig: Setting CVar [[r.SSS.Scale:1]]
[2021.01.25-12.18.37:352][  0]LogConfig: Setting CVar [[r.SSS.SampleSet:2]]
[2021.01.25-12.18.37:352][  0]LogConfig: Setting CVar [[r.SSS.Quality:1]]
[2021.01.25-12.18.37:352][  0]LogConfig: Setting CVar [[r.SSS.HalfRes:0]]
[2021.01.25-12.18.37:352][  0]LogConfig: Setting CVar [[r.SSGI.Quality:3]]
[2021.01.25-12.18.37:352][  0]LogConfig: Setting CVar [[r.EmitterSpawnRateScale:1.0]]
[2021.01.25-12.18.37:352][  0]LogConfig: Setting CVar [[r.ParticleLightQuality:2]]
[2021.01.25-12.18.37:352][  0]LogConfig: Setting CVar [[r.SkyAtmosphere.AerialPerspectiveLUT.FastApplyOnOpaque:1 ; Always have FastSkyLUT 1 in this case to avoid wrong sky]]
[2021.01.25-12.18.37:352][  0]LogConfig: Setting CVar [[r.SkyAtmosphere.AerialPerspectiveLUT.SampleCountPerSlice:1]]
[2021.01.25-12.18.37:352][  0]LogConfig: Setting CVar [[r.SkyAtmosphere.AerialPerspectiveLUT.DepthResolution:16.0]]
[2021.01.25-12.18.37:352][  0]LogConfig: Setting CVar [[r.SkyAtmosphere.FastSkyLUT:1]]
[2021.01.25-12.18.37:352][  0]LogConfig: Setting CVar [[r.SkyAtmosphere.FastSkyLUT.SampleCountMin:4.0]]
[2021.01.25-12.18.37:352][  0]LogConfig: Setting CVar [[r.SkyAtmosphere.FastSkyLUT.SampleCountMax:32.0]]
[2021.01.25-12.18.37:352][  0]LogConfig: Setting CVar [[r.SkyAtmosphere.SampleCountMin:4.0]]
[2021.01.25-12.18.37:352][  0]LogConfig: Setting CVar [[r.SkyAtmosphere.SampleCountMax:32.0]]
[2021.01.25-12.18.37:353][  0]LogConfig: Setting CVar [[r.SkyAtmosphere.TransmittanceLUT.UseSmallFormat:0]]
[2021.01.25-12.18.37:353][  0]LogConfig: Setting CVar [[r.SkyAtmosphere.TransmittanceLUT.SampleCount:10.0]]
[2021.01.25-12.18.37:353][  0]LogConfig: Setting CVar [[r.SkyAtmosphere.MultiScatteringLUT.SampleCount:15.0]]
[2021.01.25-12.18.37:353][  0]LogConfig: Applying CVar settings from Section [FoliageQuality@3] File [D:/Unreal Engine/Network_Assignment/Network_Assignment/Saved/Config/Windows/Scalability.ini]
[2021.01.25-12.18.37:353][  0]LogConfig: Setting CVar [[foliage.DensityScale:1.0]]
[2021.01.25-12.18.37:353][  0]LogConfig: Setting CVar [[grass.DensityScale:1.0]]
[2021.01.25-12.18.37:353][  0]LogConfig: Applying CVar settings from Section [ShadingQuality@3] File [D:/Unreal Engine/Network_Assignment/Network_Assignment/Saved/Config/Windows/Scalability.ini]
[2021.01.25-12.18.37:353][  0]LogConfig: Setting CVar [[r.HairStrands.SkyLighting.SampleCount:16]]
[2021.01.25-12.18.37:353][  0]LogConfig: Setting CVar [[r.HairStrands.SkyLighting.JitterIntegration:0]]
[2021.01.25-12.18.37:353][  0]LogConfig: Setting CVar [[r.HairStrands.SkyAO.SampleCount:16]]
[2021.01.25-12.18.37:353][  0]LogConfig: Setting CVar [[r.HairStrands.DeepShadow.SuperSampling:0]]
[2021.01.25-12.18.37:353][  0]LogConfig: Setting CVar [[r.HairStrands.VisibilityPPLL:0]]
[2021.01.25-12.18.37:353][  0]LogConfig: Setting CVar [[r.HairStrands.RasterizationScale:0.5]]
[2021.01.25-12.18.37:353][  0]LogConfig: Setting CVar [[r.HairStrands.VelocityRasterizationScale:1]]
[2021.01.25-12.18.37:354][  0]LogInit: Selected Device Profile: [Windows]
[2021.01.25-12.18.37:354][  0]LogInit: Applying CVar settings loaded from the selected device profile: [Windows]
[2021.01.25-12.18.37:354][  0]LogHAL: Display: Platform has ~ 16 GB [17109352448 / 17179869184 / 16], which maps to Larger [LargestMinGB=32, LargerMinGB=12, DefaultMinGB=8, SmallerMinGB=6, SmallestMinGB=0)
[2021.01.25-12.18.37:354][  0]LogInit: Going up to parent DeviceProfile []
[2021.01.25-12.18.37:354][  0]LogConfig: Applying CVar settings from Section [ViewDistanceQuality@3] File [D:/Unreal Engine/Network_Assignment/Network_Assignment/Saved/Config/Windows/Scalability.ini]
[2021.01.25-12.18.37:354][  0]LogConfig: Setting CVar [[r.SkeletalMeshLODBias:0]]
[2021.01.25-12.18.37:354][  0]LogConfig: Setting CVar [[r.ViewDistanceScale:1.0]]
[2021.01.25-12.18.37:354][  0]LogConfig: Applying CVar settings from Section [AntiAliasingQuality@3] File [D:/Unreal Engine/Network_Assignment/Network_Assignment/Saved/Config/Windows/Scalability.ini]
[2021.01.25-12.18.37:354][  0]LogConfig: Setting CVar [[r.PostProcessAAQuality:4]]
[2021.01.25-12.18.37:354][  0]LogConfig: Applying CVar settings from Section [ShadowQuality@3] File [D:/Unreal Engine/Network_Assignment/Network_Assignment/Saved/Config/Windows/Scalability.ini]
[2021.01.25-12.18.37:354][  0]LogConfig: Setting CVar [[r.LightFunctionQuality:1]]
[2021.01.25-12.18.37:354][  0]LogConfig: Setting CVar [[r.ShadowQuality:5]]
[2021.01.25-12.18.37:354][  0]LogConfig: Setting CVar [[r.Shadow.CSM.MaxCascades:10]]
[2021.01.25-12.18.37:354][  0]LogConfig: Setting CVar [[r.Shadow.MaxResolution:2048]]
[2021.01.25-12.18.37:354][  0]LogConfig: Setting CVar [[r.Shadow.MaxCSMResolution:2048]]
[2021.01.25-12.18.37:355][  0]LogConfig: Setting CVar [[r.Shadow.RadiusThreshold:0.01]]
[2021.01.25-12.18.37:355][  0]LogConfig: Setting CVar [[r.Shadow.DistanceScale:1.0]]
[2021.01.25-12.18.37:355][  0]LogConfig: Setting CVar [[r.Shadow.CSM.TransitionScale:1.0]]
[2021.01.25-12.18.37:355][  0]LogConfig: Setting CVar [[r.Shadow.PreShadowResolutionFactor:1.0]]
[2021.01.25-12.18.37:355][  0]LogConfig: Setting CVar [[r.DistanceFieldShadowing:1]]
[2021.01.25-12.18.37:355][  0]LogConfig: Setting CVar [[r.DistanceFieldAO:1]]
[2021.01.25-12.18.37:355][  0]LogConfig: Setting CVar [[r.AOQuality:2]]
[2021.01.25-12.18.37:355][  0]LogConfig: Setting CVar [[r.VolumetricFog:1]]
[2021.01.25-12.18.37:355][  0]LogConfig: Setting CVar [[r.VolumetricFog.GridPixelSize:8]]
[2021.01.25-12.18.37:355][  0]LogConfig: Setting CVar [[r.VolumetricFog.GridSizeZ:128]]
[2021.01.25-12.18.37:355][  0]LogConfig: Setting CVar [[r.VolumetricFog.HistoryMissSupersampleCount:4]]
[2021.01.25-12.18.37:355][  0]LogConfig: Setting CVar [[r.LightMaxDrawDistanceScale:1]]
[2021.01.25-12.18.37:355][  0]LogConfig: Setting CVar [[r.CapsuleShadows:1]]
[2021.01.25-12.18.37:355][  0]LogConfig: Applying CVar settings from Section [PostProcessQuality@3] File [D:/Unreal Engine/Network_Assignment/Network_Assignment/Saved/Config/Windows/Scalability.ini]
[2021.01.25-12.18.37:355][  0]LogConfig: Setting CVar [[r.MotionBlurQuality:4]]
[2021.01.25-12.18.37:355][  0]LogConfig: Setting CVar [[r.AmbientOcclusionMipLevelFactor:0.4]]
[2021.01.25-12.18.37:356][  0]LogConfig: Setting CVar [[r.AmbientOcclusionMaxQuality:100]]
[2021.01.25-12.18.37:356][  0]LogConfig: Setting CVar [[r.AmbientOcclusionLevels:-1]]
[2021.01.25-12.18.37:356][  0]LogConfig: Setting CVar [[r.AmbientOcclusionRadiusScale:1.0]]
[2021.01.25-12.18.37:356][  0]LogConfig: Setting CVar [[r.DepthOfFieldQuality:2]]
[2021.01.25-12.18.37:356][  0]LogConfig: Setting CVar [[r.RenderTargetPoolMin:400]]
[2021.01.25-12.18.37:356][  0]LogConfig: Setting CVar [[r.LensFlareQuality:2]]
[2021.01.25-12.18.37:356][  0]LogConfig: Setting CVar [[r.SceneColorFringeQuality:1]]
[2021.01.25-12.18.37:356][  0]LogConfig: Setting CVar [[r.EyeAdaptationQuality:2]]
[2021.01.25-12.18.37:356][  0]LogConfig: Setting CVar [[r.BloomQuality:5]]
[2021.01.25-12.18.37:356][  0]LogConfig: Setting CVar [[r.FastBlurThreshold:100]]
[2021.01.25-12.18.37:356][  0]LogConfig: Setting CVar [[r.Upscale.Quality:3]]
[2021.01.25-12.18.37:356][  0]LogConfig: Setting CVar [[r.Tonemapper.GrainQuantization:1]]
[2021.01.25-12.18.37:356][  0]LogConfig: Setting CVar [[r.LightShaftQuality:1]]
[2021.01.25-12.18.37:356][  0]LogConfig: Setting CVar [[r.Filter.SizeScale:1]]
[2021.01.25-12.18.37:356][  0]LogConfig: Setting CVar [[r.Tonemapper.Quality:5]]
[2021.01.25-12.18.37:356][  0]LogConfig: Setting CVar [[r.DOF.Gather.AccumulatorQuality:1        ; higher gathering accumulator quality]]
[2021.01.25-12.18.37:356][  0]LogConfig: Setting CVar [[r.DOF.Gather.PostfilterMethod:1          ; Median3x3 postfilering method]]
[2021.01.25-12.18.37:356][  0]LogConfig: Setting CVar [[r.DOF.Gather.EnableBokehSettings:0       ; no bokeh simulation when gathering]]
[2021.01.25-12.18.37:356][  0]LogConfig: Setting CVar [[r.DOF.Gather.RingCount:4                 ; medium number of samples when gathering]]
[2021.01.25-12.18.37:356][  0]LogConfig: Setting CVar [[r.DOF.Scatter.ForegroundCompositing:1    ; additive foreground scattering]]
[2021.01.25-12.18.37:356][  0]LogConfig: Setting CVar [[r.DOF.Scatter.BackgroundCompositing:2    ; additive background scattering]]
[2021.01.25-12.18.37:356][  0]LogConfig: Setting CVar [[r.DOF.Scatter.EnableBokehSettings:1      ; bokeh simulation when scattering]]
[2021.01.25-12.18.37:356][  0]LogConfig: Setting CVar [[r.DOF.Scatter.MaxSpriteRatio:0.1         ; only a maximum of 10% of scattered bokeh]]
[2021.01.25-12.18.37:356][  0]LogConfig: Setting CVar [[r.DOF.Recombine.Quality:1                ; cheap slight out of focus]]
[2021.01.25-12.18.37:357][  0]LogConfig: Setting CVar [[r.DOF.Recombine.EnableBokehSettings:0    ; no bokeh simulation on slight out of focus]]
[2021.01.25-12.18.37:357][  0]LogConfig: Setting CVar [[r.DOF.TemporalAAQuality:1                ; more stable temporal accumulation]]
[2021.01.25-12.18.37:357][  0]LogConfig: Setting CVar [[r.DOF.Kernel.MaxForegroundRadius:0.025]]
[2021.01.25-12.18.37:357][  0]LogConfig: Setting CVar [[r.DOF.Kernel.MaxBackgroundRadius:0.025]]
[2021.01.25-12.18.37:357][  0]LogConfig: Applying CVar settings from Section [TextureQuality@3] File [D:/Unreal Engine/Network_Assignment/Network_Assignment/Saved/Config/Windows/Scalability.ini]
[2021.01.25-12.18.37:357][  0]LogConfig: Setting CVar [[r.Streaming.MipBias:0]]
[2021.01.25-12.18.37:357][  0]LogConfig: Setting CVar [[r.Streaming.AmortizeCPUToGPUCopy:0]]
[2021.01.25-12.18.37:357][  0]LogConfig: Setting CVar [[r.Streaming.MaxNumTexturesToStreamPerFrame:0]]
[2021.01.25-12.18.37:357][  0]LogConfig: Setting CVar [[r.Streaming.Boost:1]]
[2021.01.25-12.18.37:357][  0]LogConfig: Setting CVar [[r.MaxAnisotropy:8]]
[2021.01.25-12.18.37:357][  0]LogConfig: Setting CVar [[r.VT.MaxAnisotropy:8]]
[2021.01.25-12.18.37:357][  0]LogConfig: Setting CVar [[r.Streaming.LimitPoolSizeToVRAM:0]]
[2021.01.25-12.18.37:357][  0]LogConfig: Setting CVar [[r.Streaming.PoolSize:1000]]
[2021.01.25-12.18.37:357][  0]LogConfig: Setting CVar [[r.Streaming.MaxEffectiveScreenSize:0]]
[2021.01.25-12.18.37:357][  0]LogConfig: Applying CVar settings from Section [EffectsQuality@3] File [D:/Unreal Engine/Network_Assignment/Network_Assignment/Saved/Config/Windows/Scalability.ini]
[2021.01.25-12.18.37:357][  0]LogConfig: Setting CVar [[r.TranslucencyLightingVolumeDim:64]]
[2021.01.25-12.18.37:357][  0]LogConfig: Setting CVar [[r.RefractionQuality:2]]
[2021.01.25-12.18.37:357][  0]LogConfig: Setting CVar [[r.SSR.Quality:3]]
[2021.01.25-12.18.37:357][  0]LogConfig: Setting CVar [[r.SSR.HalfResSceneColor:0]]
[2021.01.25-12.18.37:357][  0]LogConfig: Setting CVar [[r.SceneColorFormat:4]]
[2021.01.25-12.18.37:358][  0]LogConfig: Setting CVar [[r.DetailMode:2]]
[2021.01.25-12.18.37:358][  0]LogConfig: Setting CVar [[r.TranslucencyVolumeBlur:1]]
[2021.01.25-12.18.37:358][  0]LogConfig: Setting CVar [[r.MaterialQualityLevel:1 ; High quality]]
[2021.01.25-12.18.37:358][  0]LogConfig: Setting CVar [[r.SSS.Scale:1]]
[2021.01.25-12.18.37:358][  0]LogConfig: Setting CVar [[r.SSS.SampleSet:2]]
[2021.01.25-12.18.37:358][  0]LogConfig: Setting CVar [[r.SSS.Quality:1]]
[2021.01.25-12.18.37:358][  0]LogConfig: Setting CVar [[r.SSS.HalfRes:0]]
[2021.01.25-12.18.37:358][  0]LogConfig: Setting CVar [[r.SSGI.Quality:3]]
[2021.01.25-12.18.37:358][  0]LogConfig: Setting CVar [[r.EmitterSpawnRateScale:1.0]]
[2021.01.25-12.18.37:358][  0]LogConfig: Setting CVar [[r.ParticleLightQuality:2]]
[2021.01.25-12.18.37:358][  0]LogConfig: Setting CVar [[r.SkyAtmosphere.AerialPerspectiveLUT.FastApplyOnOpaque:1 ; Always have FastSkyLUT 1 in this case to avoid wrong sky]]
[2021.01.25-12.18.37:358][  0]LogConfig: Setting CVar [[r.SkyAtmosphere.AerialPerspectiveLUT.SampleCountPerSlice:1]]
[2021.01.25-12.18.37:358][  0]LogConfig: Setting CVar [[r.SkyAtmosphere.AerialPerspectiveLUT.DepthResolution:16.0]]
[2021.01.25-12.18.37:358][  0]LogConfig: Setting CVar [[r.SkyAtmosphere.FastSkyLUT:1]]
[2021.01.25-12.18.37:358][  0]LogConfig: Setting CVar [[r.SkyAtmosphere.FastSkyLUT.SampleCountMin:4.0]]
[2021.01.25-12.18.37:358][  0]LogConfig: Setting CVar [[r.SkyAtmosphere.FastSkyLUT.SampleCountMax:32.0]]
[2021.01.25-12.18.37:358][  0]LogConfig: Setting CVar [[r.SkyAtmosphere.SampleCountMin:4.0]]
[2021.01.25-12.18.37:358][  0]LogConfig: Setting CVar [[r.SkyAtmosphere.SampleCountMax:32.0]]
[2021.01.25-12.18.37:358][  0]LogConfig: Setting CVar [[r.SkyAtmosphere.TransmittanceLUT.UseSmallFormat:0]]
[2021.01.25-12.18.37:358][  0]LogConfig: Setting CVar [[r.SkyAtmosphere.TransmittanceLUT.SampleCount:10.0]]
[2021.01.25-12.18.37:358][  0]LogConfig: Setting CVar [[r.SkyAtmosphere.MultiScatteringLUT.SampleCount:15.0]]
[2021.01.25-12.18.37:359][  0]LogConfig: Applying CVar settings from Section [FoliageQuality@3] File [D:/Unreal Engine/Network_Assignment/Network_Assignment/Saved/Config/Windows/Scalability.ini]
[2021.01.25-12.18.37:359][  0]LogConfig: Setting CVar [[foliage.DensityScale:1.0]]
[2021.01.25-12.18.37:359][  0]LogConfig: Setting CVar [[grass.DensityScale:1.0]]
[2021.01.25-12.18.37:359][  0]LogConfig: Applying CVar settings from Section [ShadingQuality@3] File [D:/Unreal Engine/Network_Assignment/Network_Assignment/Saved/Config/Windows/Scalability.ini]
[2021.01.25-12.18.37:359][  0]LogConfig: Setting CVar [[r.HairStrands.SkyLighting.SampleCount:16]]
[2021.01.25-12.18.37:359][  0]LogConfig: Setting CVar [[r.HairStrands.SkyLighting.JitterIntegration:0]]
[2021.01.25-12.18.37:359][  0]LogConfig: Setting CVar [[r.HairStrands.SkyAO.SampleCount:16]]
[2021.01.25-12.18.37:359][  0]LogConfig: Setting CVar [[r.HairStrands.DeepShadow.SuperSampling:0]]
[2021.01.25-12.18.37:359][  0]LogConfig: Setting CVar [[r.HairStrands.VisibilityPPLL:0]]
[2021.01.25-12.18.37:359][  0]LogConfig: Setting CVar [[r.HairStrands.RasterizationScale:0.5]]
[2021.01.25-12.18.37:359][  0]LogConfig: Setting CVar [[r.HairStrands.VelocityRasterizationScale:1]]
[2021.01.25-12.18.37:359][  0]LogConfig: Applying CVar settings from Section [Startup] File [../../../Engine/Config/ConsoleVariables.ini]
[2021.01.25-12.18.37:360][  0]LogConfig: Setting CVar [[net.UseAdaptiveNetUpdateFrequency:0]]
[2021.01.25-12.18.37:360][  0]LogConfig: Setting CVar [[p.chaos.AllowCreatePhysxBodies:1]]
[2021.01.25-12.18.37:360][  0]LogConfig: Setting CVar [[fx.SkipVectorVMBackendOptimizations:1]]
[2021.01.25-12.18.37:360][  0]LogConfig: Applying CVar settings from Section [ConsoleVariables] File [D:/Unreal Engine/Network_Assignment/Network_Assignment/Saved/Config/Windows/Engine.ini]
[2021.01.25-12.18.37:360][  0]LogInit: Computer: LEON-DATOR
[2021.01.25-12.18.37:360][  0]LogInit: User: Leon
[2021.01.25-12.18.37:360][  0]LogInit: CPU Page size=4096, Cores=4
[2021.01.25-12.18.37:360][  0]LogInit: High frequency timer resolution =10.000000 MHz
[2021.01.25-12.18.37:361][  0]LogMemory: Memory total: Physical=15.9GB (16GB approx)
[2021.01.25-12.18.37:361][  0]LogMemory: Platform Memory Stats for Windows
[2021.01.25-12.18.37:361][  0]LogMemory: Process Physical Memory: 116.10 MB used, 116.10 MB peak
[2021.01.25-12.18.37:361][  0]LogMemory: Process Virtual Memory: 104.11 MB used, 104.11 MB peak
[2021.01.25-12.18.37:361][  0]LogMemory: Physical Memory: 11718.30 MB used,  4598.45 MB free, 16316.75 MB total
[2021.01.25-12.18.37:361][  0]LogMemory: Virtual Memory: 5100.69 MB used,  134212624.00 MB free, 134217728.00 MB total
[2021.01.25-12.18.37:379][  0]LogWindows: WindowsPlatformFeatures enabled
[2021.01.25-12.18.37:761][  0]LogInit: Physics initialised using underlying interface: PhysX
[2021.01.25-12.18.37:763][  0]LogInit: Using OS detected language (en-US).
[2021.01.25-12.18.37:763][  0]LogInit: Using OS detected locale (sv-SE).
[2021.01.25-12.18.37:768][  0]LogTextLocalizationManager: No specific localization for 'en-US' exists, so the 'en' localization will be used.
[2021.01.25-12.18.37:996][  0]LogInit: Setting process to per monitor DPI aware
[2021.01.25-12.18.38:080][  0]LogSlate: New Slate User Created.  User Index 0, Is Virtual User: 0
[2021.01.25-12.18.38:084][  0]LogSlate: Slate User Registered.  User Index 0, Is Virtual User: 0
[2021.01.25-12.18.38:604][  0]LogHMD: Failed to initialize OpenVR with code 105
[2021.01.25-12.18.38:604][  0]LogD3D11RHI: D3D11 min allowed feature level: 11_0
[2021.01.25-12.18.38:604][  0]LogD3D11RHI: D3D11 max allowed feature level: 11_0
[2021.01.25-12.18.38:604][  0]LogD3D11RHI: D3D11 adapters:
[2021.01.25-12.18.38:719][  0]LogD3D11RHI:    0. 'NVIDIA GeForce GTX 970' (Feature Level 11_0)
[2021.01.25-12.18.38:720][  0]LogD3D11RHI:       4043/0/8158 MB DedicatedVideo/DedicatedSystem/SharedSystem, Outputs:2, VendorId:0x10de
[2021.01.25-12.18.38:730][  0]LogD3D11RHI:    1. 'Microsoft Basic Render Driver' (Feature Level 11_0)
[2021.01.25-12.18.38:730][  0]LogD3D11RHI:       0/0/8158 MB DedicatedVideo/DedicatedSystem/SharedSystem, Outputs:0, VendorId:0x1414
[2021.01.25-12.18.38:730][  0]LogD3D11RHI: Chosen D3D11 Adapter: 0
[2021.01.25-12.18.38:740][  0]LogD3D11RHI: Creating new Direct3DDevice
[2021.01.25-12.18.38:740][  0]LogD3D11RHI:     GPU DeviceId: 0x13c2 (for the marketing name, search the web for "GPU Device Id")
[2021.01.25-12.18.38:740][  0]LogWindows: EnumDisplayDevices:
[2021.01.25-12.18.38:740][  0]LogWindows:    0. 'NVIDIA GeForce GTX 970' (P:0 D:1)
[2021.01.25-12.18.38:741][  0]LogWindows:    1. 'NVIDIA GeForce GTX 970' (P:1 D:1)
[2021.01.25-12.18.38:742][  0]LogWindows:    2. 'NVIDIA GeForce GTX 970' (P:0 D:0)
[2021.01.25-12.18.38:742][  0]LogWindows:    3. 'NVIDIA GeForce GTX 970' (P:0 D:0)
[2021.01.25-12.18.38:743][  0]LogWindows: DebugString: FoundDriverCount:4 
[2021.01.25-12.18.38:743][  0]LogD3D11RHI:     Adapter Name: NVIDIA GeForce GTX 970
[2021.01.25-12.18.38:743][  0]LogD3D11RHI:   Driver Version: 456.71 (internal:27.21.14.5671, unified:456.71)
[2021.01.25-12.18.38:743][  0]LogD3D11RHI:      Driver Date: 9-30-2020
[2021.01.25-12.18.38:743][  0]LogRHI: Texture pool is 2830 MB (70% of 4043 MB)
[2021.01.25-12.18.38:812][  0]LogD3D11RHI: RHI has support for 64 bit atomics
[2021.01.25-12.18.38:812][  0]LogD3D11RHI: Async texture creation enabled
[2021.01.25-12.18.38:812][  0]LogD3D11RHI: Array index from any shader is supported
[2021.01.25-12.18.38:846][  0]LogD3D11RHI: GPU Timing Frequency: 1000.000000 (Debug: 2 1)
[2021.01.25-12.18.39:444][  0]LogTargetPlatformManager: Display: Loaded TargetPlatform 'AllDesktop'
[2021.01.25-12.18.39:477][  0]LogTargetPlatformManager: Display: Loaded TargetPlatform 'Android'
[2021.01.25-12.18.39:477][  0]LogTargetPlatformManager: Display: Loaded TargetPlatform 'Android_ASTC'
[2021.01.25-12.18.39:477][  0]LogTargetPlatformManager: Display: Loaded TargetPlatform 'Android_DXT'
[2021.01.25-12.18.39:477][  0]LogTargetPlatformManager: Display: Loaded TargetPlatform 'Android_ETC2'
[2021.01.25-12.18.39:477][  0]LogTargetPlatformManager: Display: Loaded TargetPlatform 'AndroidClient'
[2021.01.25-12.18.39:478][  0]LogTargetPlatformManager: Display: Loaded TargetPlatform 'Android_ASTCClient'
[2021.01.25-12.18.39:479][  0]LogTargetPlatformManager: Display: Loaded TargetPlatform 'Android_DXTClient'
[2021.01.25-12.18.39:480][  0]LogTargetPlatformManager: Display: Loaded TargetPlatform 'Android_ETC2Client'
[2021.01.25-12.18.39:480][  0]LogTargetPlatformManager: Display: Loaded TargetPlatform 'Android_Multi'
[2021.01.25-12.18.39:480][  0]LogTargetPlatformManager: Display: Loaded TargetPlatform 'Android_MultiClient'
[2021.01.25-12.18.39:531][  0]LogTargetPlatformManager: Display: Loaded TargetPlatform 'IOSClient'
[2021.01.25-12.18.39:531][  0]LogTargetPlatformManager: Display: Loaded TargetPlatform 'IOS'
[2021.01.25-12.18.39:549][  0]LogTargetPlatformManager: Display: Loaded TargetPlatform 'Linux'
[2021.01.25-12.18.39:565][  0]LogTargetPlatformManager: Display: Loaded TargetPlatform 'LinuxNoEditor'
[2021.01.25-12.18.39:583][  0]LogTargetPlatformManager: Display: Loaded TargetPlatform 'LinuxClient'
[2021.01.25-12.18.39:612][  0]LogTargetPlatformManager: Display: Loaded TargetPlatform 'LinuxServer'
[2021.01.25-12.18.39:629][  0]LogTargetPlatformManager: Display: Loaded TargetPlatform 'LinuxAArch64NoEditor'
[2021.01.25-12.18.39:647][  0]LogTargetPlatformManager: Display: Loaded TargetPlatform 'LinuxAArch64Client'
[2021.01.25-12.18.39:664][  0]LogTargetPlatformManager: Display: Loaded TargetPlatform 'LinuxAArch64Server'
[2021.01.25-12.18.39:708][  0]LogTargetPlatformManager: Display: Loaded TargetPlatform 'Lumin'
[2021.01.25-12.18.39:708][  0]LogTargetPlatformManager: Display: Loaded TargetPlatform 'LuminClient'
[2021.01.25-12.18.39:735][  0]LogTargetPlatformManager: Display: Loaded TargetPlatform 'TVOSClient'
[2021.01.25-12.18.39:735][  0]LogTargetPlatformManager: Display: Loaded TargetPlatform 'TVOS'
[2021.01.25-12.18.39:752][  0]LogTargetPlatformManager: Display: Loaded TargetPlatform 'WindowsNoEditor'
[2021.01.25-12.18.39:770][  0]LogTargetPlatformManager: Display: Loaded TargetPlatform 'Windows'
[2021.01.25-12.18.39:786][  0]LogTargetPlatformManager: Display: Loaded TargetPlatform 'WindowsClient'
[2021.01.25-12.18.39:803][  0]LogTargetPlatformManager: Display: Loaded TargetPlatform 'WindowsServer'
[2021.01.25-12.18.39:803][  0]LogTargetPlatformManager: Display: Building Assets For Windows
[2021.01.25-12.18.39:833][  0]LogAudioDebug: Display: Lib vorbis DLL was dynamically loaded.
[2021.01.25-12.18.40:017][  0]LogShaderCompilers: Guid format shader working directory is -22 characters bigger than the processId version (../../../../../Unreal Engine/Network_Assignment/Network_Assignment/Intermediate/Shaders/WorkingDirectory/19252/).
[2021.01.25-12.18.40:017][  0]LogShaderCompilers: Cleaned the shader compiler working directory 'C:/Users/Leon/AppData/Local/Temp/UnrealShaderWorkingDir/DD5A3DFC429EC99407BBF7A8345D2936/'.
[2021.01.25-12.18.40:018][  0]LogXGEController: Cannot use XGE Controller as Incredibuild is not installed on this machine.
[2021.01.25-12.18.40:019][  0]LogShaderCompilers: Cannot use XGE Shader Compiler as Incredibuild is not installed on this machine.
[2021.01.25-12.18.40:019][  0]LogShaderCompilers: Display: Using Local Shader Compiler.
[2021.01.25-12.18.41:085][  0]LogDerivedDataCache: Display: Max Cache Size: 512 MB
[2021.01.25-12.18.41:156][  0]LogDerivedDataCache: Loaded boot cache 0.07s 76MB C:/Users/Leon/AppData/Local/UnrealEngine/4.25/DerivedDataCache/Boot.ddc.
[2021.01.25-12.18.41:156][  0]LogDerivedDataCache: Display: Loaded Boot cache: C:/Users/Leon/AppData/Local/UnrealEngine/4.25/DerivedDataCache/Boot.ddc
[2021.01.25-12.18.41:157][  0]LogDerivedDataCache: FDerivedDataBackendGraph:  Pak pak cache file ../../../../../Unreal Engine/Network_Assignment/Network_Assignment/DerivedDataCache/DDC.ddp not found, will not use a pak cache.
[2021.01.25-12.18.41:157][  0]LogDerivedDataCache: Unable to find inner node Pak for hierarchical cache Hierarchy.
[2021.01.25-12.18.41:157][  0]LogDerivedDataCache: FDerivedDataBackendGraph:  CompressedPak pak cache file ../../../../../Unreal Engine/Network_Assignment/Network_Assignment/DerivedDataCache/Compressed.ddp not found, will not use a pak cache.
[2021.01.25-12.18.41:157][  0]LogDerivedDataCache: Unable to find inner node CompressedPak for hierarchical cache Hierarchy.
[2021.01.25-12.18.41:170][  0]LogDerivedDataCache: Display: Pak cache opened for reading ../../../Engine/DerivedDataCache/Compressed.ddp.
[2021.01.25-12.18.41:170][  0]LogDerivedDataCache: FDerivedDataBackendGraph:  EnterprisePak pak cache file ../../../Enterprise/DerivedDataCache/Compressed.ddp not found, will not use a pak cache.
[2021.01.25-12.18.41:170][  0]LogDerivedDataCache: Unable to find inner node EnterprisePak for hierarchical cache Hierarchy.
[2021.01.25-12.18.41:174][  0]LogDerivedDataCache: Using Local data cache path C:/Users/Leon/AppData/Local/UnrealEngine/Common/DerivedDataCache: Writable
[2021.01.25-12.18.41:174][  0]LogDerivedDataCache: Shared data cache path not found in *engine.ini, will not use an Shared cache.
[2021.01.25-12.18.41:174][  0]LogDerivedDataCache: Unable to find inner node Shared for hierarchical cache Hierarchy.
[2021.01.25-12.18.41:243][  0]LogSlate: Using FreeType 2.10.0
[2021.01.25-12.18.41:244][  0]LogSlate: SlateFontServices - WITH_FREETYPE: 1, WITH_HARFBUZZ: 1
[2021.01.25-12.18.41:315][  0]LogAssetRegistry: FAssetRegistry took 0.0076 seconds to start up
[2021.01.25-12.18.41:650][  0]LogInit: Selected Device Profile: [Windows]
[2021.01.25-12.18.41:852][  0]LogMeshReduction: Using QuadricMeshReduction for automatic static mesh reduction
[2021.01.25-12.18.41:856][  0]LogMeshReduction: Using SimplygonMeshReduction for automatic skeletal mesh reduction
[2021.01.25-12.18.41:856][  0]LogMeshReduction: Using ProxyLODMeshReduction for automatic mesh merging
[2021.01.25-12.18.41:856][  0]LogMeshReduction: No distributed automatic mesh merging module available
[2021.01.25-12.18.41:857][  0]LogMeshMerging: No distributed automatic mesh merging module available
[2021.01.25-12.18.41:886][  0]LogNetVersion: Network_Assignment 1.0.0, NetCL: 13144385, EngineNetVer: 14, GameNetVer: 0 (Checksum: 1997309246)
[2021.01.25-12.18.42:734][  0]LogAISub: UAISubsystem::UAISubsystem AISubsystem (000001C857F70280), frame # 0
[2021.01.25-12.18.42:734][  0]LogAISub: UAISubsystem::UAISubsystem AIPerceptionSystem (000001C857EAAAC0), frame # 0
[2021.01.25-12.18.42:736][  0]LogAISub: UAISubsystem::UAISubsystem EnvQueryManager (000001C857EEDE00), frame # 0
[2021.01.25-12.18.42:806][  0]LogPackageLocalizationCache: Processed 19 localized package path(s) for 1 prioritized culture(s) in 0.062105 seconds
[2021.01.25-12.18.42:812][  0]LogUObjectArray: 15917 objects as part of root set at end of initial load.
[2021.01.25-12.18.42:812][  0]LogUObjectAllocator: 3965568 out of 0 bytes used by permanent object pool.
[2021.01.25-12.18.42:812][  0]LogUObjectArray: CloseDisregardForGC: 0/0 objects in disregard for GC pool
[2021.01.25-12.18.43:805][  0]LogTcpMessaging: Initializing TcpMessaging bridge
[2021.01.25-12.18.43:829][  0]LogUdpMessaging: Initializing bridge on interface 0.0.0.0:0 to multicast group 230.0.0.1:6666.
[2021.01.25-12.18.44:416][  0]SourceControl: Source control is disabled
[2021.01.25-12.18.44:416][  0]SourceControl: Source control is disabled
[2021.01.25-12.18.44:423][  0]SourceControl: Source control is disabled
[2021.01.25-12.18.44:430][  0]SourceControl: Source control is disabled
[2021.01.25-12.18.44:450][  0]SourceControl: Source control is disabled
[2021.01.25-12.18.45:010][  0]LogAndroidPermission: UAndroidPermissionCallbackProxy::GetInstance
[2021.01.25-12.18.45:076][  0]LogAudioCaptureCore: Display: No Audio Capture implementations found. Audio input will be silent.
[2021.01.25-12.18.45:076][  0]LogAudioCaptureCore: Display: No Audio Capture implementations found. Audio input will be silent.
[2021.01.25-12.18.45:182][  0]LogOcInput: OculusInput pre-init called
[2021.01.25-12.18.45:212][  0]LogWindows: Failed to load 'OVRPlugin.dll' (GetLastError=126)
[2021.01.25-12.18.45:212][  0]LogWindows: File 'OVRPlugin.dll' does not exist
[2021.01.25-12.18.45:344][  0]LogEngine: Initializing Engine...
[2021.01.25-12.18.45:377][  0]LogHMD: Failed to initialize OpenVR with code 105
[2021.01.25-12.18.45:377][  0]LogMagicLeap: Warning: VR disabled because ZI is not enabled.  To enable, in the editor, Edit -> Project Settings -> Plugins -> Magic Leap Plugin -> Enable Zero Iteration
[2021.01.25-12.18.45:379][  0]LogStats: UGameplayTagsManager::InitializeManager -  0.000 s
[2021.01.25-12.18.45:545][  0]LogInit: Initializing FReadOnlyCVARCache
[2021.01.25-12.18.45:557][  0]LogAIModule: Creating AISystem for world Untitled
[2021.01.25-12.18.45:557][  0]LogAISub: UAISubsystem::UAISubsystem EnvQueryManager (000001C85E7ED600), frame # 0
[2021.01.25-12.18.45:558][  0]LogAISub: UAISubsystem::UAISubsystem AIPerceptionSystem (000001C85E7DBB00), frame # 0
[2021.01.25-12.18.45:578][  0]LogAudioMixer: Display: Audio Mixer Platform Settings:
[2021.01.25-12.18.45:578][  0]LogAudioMixer: Display: 	Sample Rate:						  48000
[2021.01.25-12.18.45:578][  0]LogAudioMixer: Display: 	Callback Buffer Frame Size Requested: 1024
[2021.01.25-12.18.45:578][  0]LogAudioMixer: Display: 	Callback Buffer Frame Size To Use:	  1024
[2021.01.25-12.18.45:578][  0]LogAudioMixer: Display: 	Number of buffers to queue:			  2
[2021.01.25-12.18.45:578][  0]LogAudioMixer: Display: 	Max Channels (voices):				  32
[2021.01.25-12.18.45:578][  0]LogAudioMixer: Display: 	Number of Async Source Workers:		  0
[2021.01.25-12.18.45:579][  0]LogAudio: Display: AudioDevice MaxSources: 32
[2021.01.25-12.18.45:579][  0]LogAudio: Display: Using built-in audio occlusion.
[2021.01.25-12.18.45:579][  0]LogAudioMixer: Display: Initializing audio mixer.
[2021.01.25-12.18.45:614][  0]LogAudioMixer: Display: 0: FrontLeft
[2021.01.25-12.18.45:614][  0]LogAudioMixer: Display: 1: FrontRight
[2021.01.25-12.18.45:614][  0]LogAudioMixer: Display: 2: FrontCenter
[2021.01.25-12.18.45:614][  0]LogAudioMixer: Display: 3: LowFrequency
[2021.01.25-12.18.45:614][  0]LogAudioMixer: Display: 4: BackLeft
[2021.01.25-12.18.45:614][  0]LogAudioMixer: Display: 5: BackRight
[2021.01.25-12.18.45:615][  0]LogAudioMixer: Display: 6: SideLeft
[2021.01.25-12.18.45:615][  0]LogAudioMixer: Display: 7: SideRight
[2021.01.25-12.18.45:725][  0]LogAudioMixer: Display: Using Audio Device Högtalare (Realtek High Definition Audio)
[2021.01.25-12.18.45:730][  0]LogAudioMixer: Display: Initializing Sound Submixes...
[2021.01.25-12.18.45:735][  0]LogAudioMixer: Display: Creating Master Submix 'MasterSubmixDefault'
[2021.01.25-12.18.45:735][  0]LogAudioMixer: Display: Creating Master Submix 'MasterReverbSubmixDefault'
[2021.01.25-12.18.45:736][  0]LogAudioMixer: Display: Creating Master Submix 'MasterEQSubmixDefault'
[2021.01.25-12.18.45:739][  0]LogInit: FAudioDevice initialized.
[2021.01.25-12.18.45:740][  0]LogNetVersion: Set ProjectVersion to 1.0.0.0. Version Checksum will be recalculated on next use.
[2021.01.25-12.18.45:969][  0]LogDerivedDataCache: Saved boot cache 0.23s 76MB C:/Users/Leon/AppData/Local/UnrealEngine/4.25/DerivedDataCache/Boot.ddc.
[2021.01.25-12.18.45:971][  0]LogInit: Texture streaming: Enabled
[2021.01.25-12.18.46:010][  0]LogEngineSessionManager: EngineSessionManager initialized
[2021.01.25-12.18.46:010][  0]LogEngineSessionManager: EngineSessionManager sent abnormal shutdown report. Type=Debugger, SessionId={2DF31D84-44BF-6D09-1A2E-C9A9D2A641BC}
[2021.01.25-12.18.46:011][  0]LogEditorSessionSummary: Verbose: Initializing EditorSessionSummaryWriter for editor session tracking
[2021.01.25-12.18.46:030][  0]LogEditorSessionSummary: EditorSessionSummaryWriter initialized
[2021.01.25-12.18.46:085][  0]LogInit: Transaction tracking system initialized
[2021.01.25-12.18.46:141][  0]BlueprintLog: New page: Editor Load
[2021.01.25-12.18.46:283][  0]LocalizationService: Localization service is disabled
[2021.01.25-12.18.46:556][  0]LogCook: Display: Max memory allowance for cook 16384mb min free memory 0mb
[2021.01.25-12.18.46:557][  0]LogCook: Display: Mobile HDR setting 1
[2021.01.25-12.18.46:838][  0]LogFileCache: Scanning file cache for directory 'D:/Unreal Engine/Network_Assignment/Network_Assignment/Content/' took 0.01s
[2021.01.25-12.18.47:503][  0]SourceControl: Source control is disabled
[2021.01.25-12.18.47:503][  0]LogUnrealEdMisc: Loading editor; pre map load, took 15.440
[2021.01.25-12.18.47:503][  0]Cmd: MAP LOAD FILE="../../../../../Unreal Engine/Network_Assignment/Network_Assignment/Content/Maps/MY_Map.umap" TEMPLATE=0 SHOWPROGRESS=1 FEATURELEVEL=3
[2021.01.25-12.18.47:504][  0]LightingResults: New page: Lighting Build
[2021.01.25-12.18.47:505][  0]LogWorld: UWorld::CleanupWorld for Untitled, bSessionEnded=true, bCleanupResources=true
[2021.01.25-12.18.47:505][  0]LogSlate: InvalidateAllWidgets triggered.  All widgets were invalidated
[2021.01.25-12.18.47:505][  0]MapCheck: New page: Map Check
[2021.01.25-12.18.47:505][  0]LightingResults: New page: Lighting Build
[2021.01.25-12.18.47:852][  0]LogAISub: UAISubsystem::~UAISubsystem EnvQueryManager (000001C85E7ED600), frame # 0
[2021.01.25-12.18.47:852][  0]LogAISub: UAISubsystem::~UAISubsystem AIPerceptionSystem (000001C85E7DBB00), frame # 0
[2021.01.25-12.18.47:853][  0]LogUObjectHash: Compacting FUObjectHashTables data took   0.91ms
[2021.01.25-12.18.47:949][  0]LogClass: Warning: Property MyPlayer::rocketInstances (SourceClass: MyPlayer) was not registered in GetLifetimeReplicatedProps. This property will not be replicated. Use DISABLE_REPLICATED_PROPERTY if not replicating was intentional.
[2021.01.25-12.18.48:000][  0]LogAIModule: Creating AISystem for world My_Map
[2021.01.25-12.18.48:004][  0]LogAISub: UAISubsystem::UAISubsystem EnvQueryManager (000001C84F4EFE00), frame # 0
[2021.01.25-12.18.48:004][  0]LogAISub: UAISubsystem::UAISubsystem AIPerceptionSystem (000001C84F551F80), frame # 0
[2021.01.25-12.18.48:010][  0]LogEditorServer: Finished looking for orphan Actors (0.000 secs)
[2021.01.25-12.18.48:025][  0]LogUObjectHash: Compacting FUObjectHashTables data took   0.94ms
[2021.01.25-12.18.48:025][  0]Cmd: MAP CHECKDEP NOCLEARLOG
[2021.01.25-12.18.48:025][  0]MapCheck: Map check complete: 0 Error(s), 0 Warning(s), took 0,089ms to complete.
[2021.01.25-12.18.48:025][  0]LogFileHelpers: Loading map 'MY_Map' took 0.522
[2021.01.25-12.18.48:028][  0]LogUnrealEdMisc: Total Editor Startup Time, took 15.966
[2021.01.25-12.18.48:209][  0]LogSlate: Updating window title bar state: overlay mode, drag disabled, window buttons hidden, title bar hidden
[2021.01.25-12.18.48:220][  0]LogSlate: Updating window title bar state: overlay mode, drag disabled, window buttons hidden, title bar hidden
[2021.01.25-12.18.48:230][  0]LogSlate: Updating window title bar state: overlay mode, drag disabled, window buttons hidden, title bar hidden
[2021.01.25-12.18.48:244][  0]LogSlate: Updating window title bar state: overlay mode, drag disabled, window buttons hidden, title bar hidden
[2021.01.25-12.18.48:264][  0]LogCollectionManager: Loaded 0 collections in 0.001912 seconds
[2021.01.25-12.18.48:292][  0]LogFileCache: Scanning file cache for directory 'D:/Unreal Engine/Network_Assignment/Network_Assignment/Saved/Collections/' took 0.00s
[2021.01.25-12.18.48:293][  0]LogFileCache: Scanning file cache for directory 'D:/Unreal Engine/Network_Assignment/Network_Assignment/Content/Developers/Leon/Collections/' took 0.00s
[2021.01.25-12.18.48:293][  0]LogFileCache: Scanning file cache for directory 'D:/Unreal Engine/Network_Assignment/Network_Assignment/Content/Collections/' took 0.00s
[2021.01.25-12.18.48:293][  0]LogContentBrowser: Native class hierarchy populated in 0.0130 seconds. Added 3434 classes and 823 folders.
[2021.01.25-12.18.48:298][  0]LogContentBrowser: Native class hierarchy updated for 'WidgetCarousel' in 0.0009 seconds. Added 0 classes and 0 folders.
[2021.01.25-12.18.48:497][  0]LogContentBrowser: Native class hierarchy updated for 'AddContentDialog' in 0.0007 seconds. Added 0 classes and 0 folders.
[2021.01.25-12.18.48:503][  0]LogContentBrowser: Native class hierarchy updated for 'SceneOutliner' in 0.0008 seconds. Added 2 classes and 0 folders.
[2021.01.25-12.18.48:645][  0]LogSlate: Took 0.000651 seconds to synchronously load lazily loaded font '../../../Engine/Content/Slate/Fonts/Roboto-Regular.ttf' (155K)
[2021.01.25-12.18.48:670][  0]LogSlate: Took 0.000448 seconds to synchronously load lazily loaded font '../../../Engine/Content/Slate/Fonts/Roboto-Bold.ttf' (160K)
[2021.01.25-12.18.48:677][  0]LogSlate: Took 0.000435 seconds to synchronously load lazily loaded font '../../../Engine/Content/Editor/Slate/Fonts/FontAwesome.ttf' (139K)
[2021.01.25-12.18.48:777][  0]LogRenderer: Reallocating scene render targets to support 1096x584 Format 10 NumSamples 1 (Frame:1).
[2021.01.25-12.18.48:940][  0]LogContentBrowser: Native class hierarchy updated for 'HierarchicalLODOutliner' in 0.0008 seconds. Added 0 classes and 0 folders.
[2021.01.25-12.18.48:940][  0]LogLoad: (Engine Initialization) Total time: 16.88 seconds
[2021.01.25-12.18.48:940][  0]LogLoad: (Engine Initialization) Total Blueprint compile time: 0.00 seconds
[2021.01.25-12.18.49:006][  0]LogAssetRegistry: Asset discovery search completed in 7.6952 seconds
[2021.01.25-12.18.49:019][  0]LogCollectionManager: Fixed up redirectors for 0 collections in 0.000003 seconds (updated 0 objects)
[2021.01.25-12.18.49:028][  0]LogContentStreaming: Texture pool size now 1000 MB
[2021.01.25-12.18.49:070][  0]LogSlate: Took 0.000418 seconds to synchronously load lazily loaded font '../../../Engine/Content/Slate/Fonts/Roboto-Light.ttf' (167K)
[2021.01.25-12.18.49:984][ 73]LogSlate: Took 0.000422 seconds to synchronously load lazily loaded font '../../../Engine/Content/Slate/Fonts/Roboto-Light.ttf' (167K)
[2021.01.25-12.33.38:787][906]LogAudioMixer: Display: Audio Buffer Underrun detected.
[2021.01.25-12.36.44:822][954]LogAudioMixer: Display: Audio Buffer Underrun detected.
[2021.01.25-12.37.26:438][ 78]LogAudioMixer: Display: Audio Buffer Underrun detected.
[2021.01.25-12.37.48:954][145]LogAudioMixer: Display: Audio Buffer Underrun detected.
[2021.01.25-12.38.37:539][617]LogAudioMixer: Display: Audio Buffer Underrun detected.
[2021.01.25-12.39.49:171][911]LogTemp: Repeating last play command: New Editor Window (PIE)
[2021.01.25-12.39.49:195][911]LogPlayLevel: PlayLevel: No blueprints needed recompiling
[2021.01.25-12.39.49:196][911]PIE: New page: PIE session: MY_Map (25 jan. 2021 14:39:49)
[2021.01.25-12.39.49:198][911]LogOnline: OSS: Creating online subsystem instance for: NULL
[2021.01.25-12.39.49:201][911]LogOnline: OSS: TryLoadSubsystemAndSetDefault: Loaded subsystem for module [NULL]
[2021.01.25-12.39.49:201][911]LogPlayLevel: Creating play world package: /Game/Maps/UEDPIE_0_MY_Map
[2021.01.25-12.39.49:208][911]LogPlayLevel: PIE: StaticDuplicateObject took: (0.007404s)
[2021.01.25-12.39.49:210][911]LogAIModule: Creating AISystem for world My_Map
[2021.01.25-12.39.49:210][911]LogAISub: UAISubsystem::UAISubsystem EnvQueryManager (000001C80E0FFE00), frame # 33911
[2021.01.25-12.39.49:210][911]LogAISub: UAISubsystem::UAISubsystem AIPerceptionSystem (000001C84F62C180), frame # 33911
[2021.01.25-12.39.49:210][911]LogPlayLevel: PIE: World Init took: (0.001811s)
[2021.01.25-12.39.49:211][911]LogPlayLevel: PIE: Created PIE world by copying editor world from /Game/Maps/MY_Map.My_Map to /Game/Maps/UEDPIE_0_MY_Map.My_Map (0.009746s)
[2021.01.25-12.39.49:219][911]LogUObjectHash: Compacting FUObjectHashTables data took   0.79ms
[2021.01.25-12.39.49:222][911]LogAudioMixer: Display: Audio Mixer Platform Settings:
[2021.01.25-12.39.49:222][911]LogAudioMixer: Display: 	Sample Rate:						  48000
[2021.01.25-12.39.49:222][911]LogAudioMixer: Display: 	Callback Buffer Frame Size Requested: 1024
[2021.01.25-12.39.49:222][911]LogAudioMixer: Display: 	Callback Buffer Frame Size To Use:	  1024
[2021.01.25-12.39.49:222][911]LogAudioMixer: Display: 	Number of buffers to queue:			  2
[2021.01.25-12.39.49:222][911]LogAudioMixer: Display: 	Max Channels (voices):				  32
[2021.01.25-12.39.49:222][911]LogAudioMixer: Display: 	Number of Async Source Workers:		  0
[2021.01.25-12.39.49:222][911]LogAudio: Display: AudioDevice MaxSources: 32
[2021.01.25-12.39.49:223][911]LogAudio: Display: Using built-in audio occlusion.
[2021.01.25-12.39.49:223][911]LogAudioMixer: Display: Initializing audio mixer.
[2021.01.25-12.39.49:233][911]LogAudioMixer: Display: 0: FrontLeft
[2021.01.25-12.39.49:234][911]LogAudioMixer: Display: 1: FrontRight
[2021.01.25-12.39.49:234][911]LogAudioMixer: Display: 2: FrontCenter
[2021.01.25-12.39.49:234][911]LogAudioMixer: Display: 3: LowFrequency
[2021.01.25-12.39.49:234][911]LogAudioMixer: Display: 4: BackLeft
[2021.01.25-12.39.49:234][911]LogAudioMixer: Display: 5: BackRight
[2021.01.25-12.39.49:234][911]LogAudioMixer: Display: 6: SideLeft
[2021.01.25-12.39.49:234][911]LogAudioMixer: Display: 7: SideRight
[2021.01.25-12.39.49:311][911]LogAudioMixer: Display: Using Audio Device Högtalare (Realtek High Definition Audio)
[2021.01.25-12.39.49:312][911]LogAudioMixer: Display: Initializing Sound Submixes...
[2021.01.25-12.39.49:312][911]LogAudioMixer: Display: Creating Master Submix 'MasterSubmixDefault'
[2021.01.25-12.39.49:312][911]LogAudioMixer: Display: Creating Master Submix 'MasterReverbSubmixDefault'
[2021.01.25-12.39.49:313][911]LogAudioMixer: Display: Creating Master Submix 'MasterEQSubmixDefault'
[2021.01.25-12.39.49:332][911]LogInit: FAudioDevice initialized.
[2021.01.25-12.39.49:368][911]LogSlate: Updating window title bar state: overlay mode, drag disabled, window buttons hidden, title bar hidden
[2021.01.25-12.39.49:370][911]LogLoad: Game class is 'BP_Network_AssignmentGameMode_C'
[2021.01.25-12.39.49:372][911]LogWorld: Bringing World /Game/Maps/UEDPIE_0_MY_Map.My_Map up for play (max tick rate 0) at 2021.01.25-13.39.49
[2021.01.25-12.39.49:374][911]LogWorld: Bringing up level for play took: 0.002848
[2021.01.25-12.39.49:375][911]LogOnline: OSS: Creating online subsystem instance for: :Context_3
[2021.01.25-12.39.49:385][911]LogContentBrowser: Native class hierarchy updated for 'MovieSceneCapture' in 0.0010 seconds. Added 20 classes and 0 folders.
[2021.01.25-12.39.49:387][911]LogNet: ReplicationDriverClass is null! Not using ReplicationDriver.
[2021.01.25-12.39.49:387][911]LogNetCore: DDoS detection status: detection enabled: 0 analytics enabled: 0
[2021.01.25-12.39.49:387][911]LogInit: WinSock: Socket queue. Rx: 131072 (config 131072) Tx: 131072 (config 131072)
[2021.01.25-12.39.49:387][911]LogNet: Created socket for bind address: 0.0.0.0 on port 17777
[2021.01.25-12.39.49:387][911]PacketHandlerLog: Loaded PacketHandler component: Engine.EngineHandlerComponentFactory (StatelessConnectHandlerComponent)
[2021.01.25-12.39.49:388][911]LogNet: GameNetDriver IpNetDriver_0 IpNetDriver listening on port 17777
[2021.01.25-12.39.49:392][911]PIE: Server logged in
[2021.01.25-12.39.49:395][911]PIE: Play in editor total start time 0,208 seconds.
[2021.01.25-12.39.49:397][911]LogAudioMixer: Display: Audio Mixer Platform Settings:
[2021.01.25-12.39.49:397][911]LogAudioMixer: Display: 	Sample Rate:						  48000
[2021.01.25-12.39.49:397][911]LogAudioMixer: Display: 	Callback Buffer Frame Size Requested: 1024
[2021.01.25-12.39.49:397][911]LogAudioMixer: Display: 	Callback Buffer Frame Size To Use:	  1024
[2021.01.25-12.39.49:398][911]LogAudioMixer: Display: 	Number of buffers to queue:			  2
[2021.01.25-12.39.49:398][911]LogAudioMixer: Display: 	Max Channels (voices):				  32
[2021.01.25-12.39.49:398][911]LogAudioMixer: Display: 	Number of Async Source Workers:		  0
[2021.01.25-12.39.49:398][911]LogAudio: Display: AudioDevice MaxSources: 32
[2021.01.25-12.39.49:398][911]LogAudio: Display: Using built-in audio occlusion.
[2021.01.25-12.39.49:398][911]LogAudioMixer: Display: Initializing audio mixer.
[2021.01.25-12.39.49:407][911]LogAudioMixer: Display: 0: FrontLeft
[2021.01.25-12.39.49:407][911]LogAudioMixer: Display: 1: FrontRight
[2021.01.25-12.39.49:407][911]LogAudioMixer: Display: 2: FrontCenter
[2021.01.25-12.39.49:407][911]LogAudioMixer: Display: 3: LowFrequency
[2021.01.25-12.39.49:407][911]LogAudioMixer: Display: 4: BackLeft
[2021.01.25-12.39.49:408][911]LogAudioMixer: Display: 5: BackRight
[2021.01.25-12.39.49:408][911]LogAudioMixer: Display: 6: SideLeft
[2021.01.25-12.39.49:408][911]LogAudioMixer: Display: 7: SideRight
[2021.01.25-12.39.49:472][911]LogAudioMixer: Display: Using Audio Device Högtalare (Realtek High Definition Audio)
[2021.01.25-12.39.49:473][911]LogAudioMixer: Display: Initializing Sound Submixes...
[2021.01.25-12.39.49:473][911]LogAudioMixer: Display: Creating Master Submix 'MasterSubmixDefault'
[2021.01.25-12.39.49:473][911]LogAudioMixer: Display: Creating Master Submix 'MasterReverbSubmixDefault'
[2021.01.25-12.39.49:474][911]LogAudioMixer: Display: Creating Master Submix 'MasterEQSubmixDefault'
[2021.01.25-12.39.49:497][911]LogInit: FAudioDevice initialized.
[2021.01.25-12.39.49:533][911]LogSlate: Updating window title bar state: overlay mode, drag disabled, window buttons hidden, title bar hidden
[2021.01.25-12.39.49:539][911]LogNet: Browse: 127.0.0.1:17777/Game/StarterContent/Maps/Minimal_Default
[2021.01.25-12.39.49:540][911]LogInit: WinSock: Socket queue. Rx: 32768 (config 32768) Tx: 32768 (config 32768)
[2021.01.25-12.39.49:541][911]LogNet: Created socket for bind address: 0.0.0.0 on port 0
[2021.01.25-12.39.49:542][911]PacketHandlerLog: Loaded PacketHandler component: Engine.EngineHandlerComponentFactory (StatelessConnectHandlerComponent)
[2021.01.25-12.39.49:545][911]LogNet: Game client on port 17777, rate 10000
[2021.01.25-12.39.49:547][911]PIE: Client logged in
[2021.01.25-12.39.49:550][911]PIE: Play in editor total start time 0,364 seconds.
[2021.01.25-12.39.49:552][911]LogAudioMixer: Display: Audio Mixer Platform Settings:
[2021.01.25-12.39.49:557][911]LogAudioMixer: Display: 	Sample Rate:						  48000
[2021.01.25-12.39.49:558][911]LogAudioMixer: Display: 	Callback Buffer Frame Size Requested: 1024
[2021.01.25-12.39.49:558][911]LogAudioMixer: Display: 	Callback Buffer Frame Size To Use:	  1024
[2021.01.25-12.39.49:559][911]LogAudioMixer: Display: 	Number of buffers to queue:			  2
[2021.01.25-12.39.49:560][911]LogAudioMixer: Display: 	Max Channels (voices):				  32
[2021.01.25-12.39.49:560][911]LogAudioMixer: Display: 	Number of Async Source Workers:		  0
[2021.01.25-12.39.49:560][911]LogAudio: Display: AudioDevice MaxSources: 32
[2021.01.25-12.39.49:561][911]LogAudio: Display: Using built-in audio occlusion.
[2021.01.25-12.39.49:561][911]LogAudioMixer: Display: Initializing audio mixer.
[2021.01.25-12.39.49:570][911]LogAudioMixer: Display: 0: FrontLeft
[2021.01.25-12.39.49:571][911]LogAudioMixer: Display: 1: FrontRight
[2021.01.25-12.39.49:571][911]LogAudioMixer: Display: 2: FrontCenter
[2021.01.25-12.39.49:571][911]LogAudioMixer: Display: 3: LowFrequency
[2021.01.25-12.39.49:571][911]LogAudioMixer: Display: 4: BackLeft
[2021.01.25-12.39.49:571][911]LogAudioMixer: Display: 5: BackRight
[2021.01.25-12.39.49:571][911]LogAudioMixer: Display: 6: SideLeft
[2021.01.25-12.39.49:571][911]LogAudioMixer: Display: 7: SideRight
[2021.01.25-12.39.49:642][911]LogAudioMixer: Display: Using Audio Device Högtalare (Realtek High Definition Audio)
[2021.01.25-12.39.49:642][911]LogAudioMixer: Display: Initializing Sound Submixes...
[2021.01.25-12.39.49:642][911]LogAudioMixer: Display: Creating Master Submix 'MasterSubmixDefault'
[2021.01.25-12.39.49:644][911]LogAudioMixer: Display: Creating Master Submix 'MasterReverbSubmixDefault'
[2021.01.25-12.39.49:645][911]LogAudioMixer: Display: Creating Master Submix 'MasterEQSubmixDefault'
[2021.01.25-12.39.49:663][911]LogInit: FAudioDevice initialized.
[2021.01.25-12.39.49:683][911]LogSlate: Updating window title bar state: overlay mode, drag disabled, window buttons hidden, title bar hidden
[2021.01.25-12.39.49:690][911]LogNet: Browse: 127.0.0.1:17777/Game/StarterContent/Maps/Minimal_Default
[2021.01.25-12.39.49:692][911]LogInit: WinSock: Socket queue. Rx: 32768 (config 32768) Tx: 32768 (config 32768)
[2021.01.25-12.39.49:693][911]LogNet: Created socket for bind address: 0.0.0.0 on port 0
[2021.01.25-12.39.49:694][911]PacketHandlerLog: Loaded PacketHandler component: Engine.EngineHandlerComponentFactory (StatelessConnectHandlerComponent)
[2021.01.25-12.39.49:694][911]LogNet: Game client on port 17777, rate 10000
[2021.01.25-12.39.49:696][911]PIE: Client logged in
[2021.01.25-12.39.49:698][911]PIE: Play in editor total start time 0,512 seconds.
[2021.01.25-12.39.49:701][911]LogAudioMixer: Display: Audio Mixer Platform Settings:
[2021.01.25-12.39.49:701][911]LogAudioMixer: Display: 	Sample Rate:						  48000
[2021.01.25-12.39.49:701][911]LogAudioMixer: Display: 	Callback Buffer Frame Size Requested: 1024
[2021.01.25-12.39.49:701][911]LogAudioMixer: Display: 	Callback Buffer Frame Size To Use:	  1024
[2021.01.25-12.39.49:702][911]LogAudioMixer: Display: 	Number of buffers to queue:			  2
[2021.01.25-12.39.49:702][911]LogAudioMixer: Display: 	Max Channels (voices):				  32
[2021.01.25-12.39.49:702][911]LogAudioMixer: Display: 	Number of Async Source Workers:		  0
[2021.01.25-12.39.49:702][911]LogAudio: Display: AudioDevice MaxSources: 32
[2021.01.25-12.39.49:702][911]LogAudio: Display: Using built-in audio occlusion.
[2021.01.25-12.39.49:703][911]LogAudioMixer: Display: Initializing audio mixer.
[2021.01.25-12.39.49:712][911]LogAudioMixer: Display: 0: FrontLeft
[2021.01.25-12.39.49:712][911]LogAudioMixer: Display: 1: FrontRight
[2021.01.25-12.39.49:713][911]LogAudioMixer: Display: 2: FrontCenter
[2021.01.25-12.39.49:713][911]LogAudioMixer: Display: 3: LowFrequency
[2021.01.25-12.39.49:713][911]LogAudioMixer: Display: 4: BackLeft
[2021.01.25-12.39.49:713][911]LogAudioMixer: Display: 5: BackRight
[2021.01.25-12.39.49:713][911]LogAudioMixer: Display: 6: SideLeft
[2021.01.25-12.39.49:713][911]LogAudioMixer: Display: 7: SideRight
[2021.01.25-12.39.49:783][911]LogAudioMixer: Display: Using Audio Device Högtalare (Realtek High Definition Audio)
[2021.01.25-12.39.49:784][911]LogAudioMixer: Display: Initializing Sound Submixes...
[2021.01.25-12.39.49:786][911]LogAudioMixer: Display: Creating Master Submix 'MasterSubmixDefault'
[2021.01.25-12.39.49:786][911]LogAudioMixer: Display: Creating Master Submix 'MasterReverbSubmixDefault'
[2021.01.25-12.39.49:787][911]LogAudioMixer: Display: Creating Master Submix 'MasterEQSubmixDefault'
[2021.01.25-12.39.49:804][911]LogInit: FAudioDevice initialized.
[2021.01.25-12.39.49:833][911]LogSlate: Updating window title bar state: overlay mode, drag disabled, window buttons hidden, title bar hidden
[2021.01.25-12.39.49:837][911]LogNet: Browse: 127.0.0.1:17777/Game/StarterContent/Maps/Minimal_Default
[2021.01.25-12.39.49:839][911]LogInit: WinSock: Socket queue. Rx: 32768 (config 32768) Tx: 32768 (config 32768)
[2021.01.25-12.39.49:840][911]LogNet: Created socket for bind address: 0.0.0.0 on port 0
[2021.01.25-12.39.49:840][911]PacketHandlerLog: Loaded PacketHandler component: Engine.EngineHandlerComponentFactory (StatelessConnectHandlerComponent)
[2021.01.25-12.39.49:840][911]LogNet: Game client on port 17777, rate 10000
[2021.01.25-12.39.49:842][911]PIE: Client logged in
[2021.01.25-12.39.49:844][911]PIE: Play in editor total start time 0,658 seconds.
[2021.01.25-12.39.50:571][937]LogNet: NotifyAcceptingConnection accepted from: 127.0.0.1:63412
[2021.01.25-12.39.50:571][937]LogHandshake: SendConnectChallenge. Timestamp: 1.407254, Cookie: 210149007077053015081090053223125231188217223088105188187176
[2021.01.25-12.39.50:574][937]LogHandshake: SendChallengeResponse. Timestamp: 1.407254, Cookie: 210149007077053015081090053223125231188217223088105188187176
[2021.01.25-12.39.50:587][938]LogNet: NotifyAcceptingConnection accepted from: 127.0.0.1:63412
[2021.01.25-12.39.50:590][938]LogHandshake: SendChallengeAck. InCookie: 210149007077053015081090053223125231188217223088105188187176
[2021.01.25-12.39.50:591][938]LogNet: Server accepting post-challenge connection from: 127.0.0.1:63412
[2021.01.25-12.39.50:592][938]PacketHandlerLog: Loaded PacketHandler component: Engine.EngineHandlerComponentFactory (StatelessConnectHandlerComponent)
[2021.01.25-12.39.50:593][938]LogNet: NotifyAcceptedConnection: Name: My_Map, TimeStamp: 01/25/21 13:39:50, [UNetConnection] RemoteAddr: 127.0.0.1:63412, Name: IpConnection_3, Driver: GameNetDriver IpNetDriver_0, IsServer: YES, PC: NULL, Owner: NULL, UniqueId: INVALID
[2021.01.25-12.39.50:594][938]LogNet: AddClientConnection: Added client connection: [UNetConnection] RemoteAddr: 127.0.0.1:63412, Name: IpConnection_3, Driver: GameNetDriver IpNetDriver_0, IsServer: YES, PC: NULL, Owner: NULL, UniqueId: INVALID
[2021.01.25-12.39.50:596][938]LogNetVersion: Network_Assignment 1.0.0.0, NetCL: 13144385, EngineNetVer: 14, GameNetVer: 0 (Checksum: 1736288989)
[2021.01.25-12.39.50:596][938]LogNet: UPendingNetGame::SendInitialJoin: Sending hello. [UNetConnection] RemoteAddr: 127.0.0.1:17777, Name: IpConnection_0, Driver: PendingNetDriver IpNetDriver_1, IsServer: NO, PC: NULL, Owner: NULL, UniqueId: INVALID
[2021.01.25-12.39.50:723][947]LogNet: NotifyAcceptingConnection accepted from: 127.0.0.1:63413
[2021.01.25-12.39.50:725][947]LogHandshake: SendConnectChallenge. Timestamp: 1.553079, Cookie: 045240028131061139053106229217213018119189064101150081249122
[2021.01.25-12.39.50:725][947]LogNet: NotifyAcceptingChannel Control 0 server World /Game/Maps/UEDPIE_0_MY_Map.My_Map: Accepted
[2021.01.25-12.39.50:725][947]LogNet: Remote platform little endian=1
[2021.01.25-12.39.50:725][947]LogNet: This platform little endian=1
[2021.01.25-12.39.50:726][947]LogHandshake: SendChallengeResponse. Timestamp: 1.553079, Cookie: 045240028131061139053106229217213018119189064101150081249122
[2021.01.25-12.39.50:738][948]LogNet: NotifyAcceptingConnection accepted from: 127.0.0.1:63413
[2021.01.25-12.39.50:755][948]LogHandshake: SendChallengeAck. InCookie: 045240028131061139053106229217213018119189064101150081249122
[2021.01.25-12.39.50:756][948]LogNet: Server accepting post-challenge connection from: 127.0.0.1:63413
[2021.01.25-12.39.50:756][948]PacketHandlerLog: Loaded PacketHandler component: Engine.EngineHandlerComponentFactory (StatelessConnectHandlerComponent)
[2021.01.25-12.39.50:757][948]LogNet: NotifyAcceptedConnection: Name: My_Map, TimeStamp: 01/25/21 13:39:50, [UNetConnection] RemoteAddr: 127.0.0.1:63413, Name: IpConnection_4, Driver: GameNetDriver IpNetDriver_0, IsServer: YES, PC: NULL, Owner: NULL, UniqueId: INVALID
[2021.01.25-12.39.50:757][948]LogNet: AddClientConnection: Added client connection: [UNetConnection] RemoteAddr: 127.0.0.1:63413, Name: IpConnection_4, Driver: GameNetDriver IpNetDriver_0, IsServer: YES, PC: NULL, Owner: NULL, UniqueId: INVALID
[2021.01.25-12.39.50:758][948]LogNet: UPendingNetGame::SendInitialJoin: Sending hello. [UNetConnection] RemoteAddr: 127.0.0.1:17777, Name: IpConnection_1, Driver: PendingNetDriver IpNetDriver_2, IsServer: NO, PC: NULL, Owner: NULL, UniqueId: INVALID
[2021.01.25-12.39.50:842][954]LogOnline: OSS: Creating online subsystem instance for: :Context_4
[2021.01.25-12.39.50:858][955]LogNet: NotifyAcceptingConnection accepted from: 127.0.0.1:63414
[2021.01.25-12.39.50:858][955]LogHandshake: SendConnectChallenge. Timestamp: 1.695954, Cookie: 224135083020069057179033042174007237191047104001137013139080
[2021.01.25-12.39.50:860][955]LogHandshake: SendChallengeResponse. Timestamp: 1.695954, Cookie: 224135083020069057179033042174007237191047104001137013139080
[2021.01.25-12.39.50:872][956]LogNet: NotifyAcceptingConnection accepted from: 127.0.0.1:63414
[2021.01.25-12.39.50:872][956]LogHandshake: SendChallengeAck. InCookie: 224135083020069057179033042174007237191047104001137013139080
[2021.01.25-12.39.50:873][956]LogNet: Server accepting post-challenge connection from: 127.0.0.1:63414
[2021.01.25-12.39.50:873][956]PacketHandlerLog: Loaded PacketHandler component: Engine.EngineHandlerComponentFactory (StatelessConnectHandlerComponent)
[2021.01.25-12.39.50:873][956]LogNet: NotifyAcceptedConnection: Name: My_Map, TimeStamp: 01/25/21 13:39:50, [UNetConnection] RemoteAddr: 127.0.0.1:63414, Name: IpConnection_5, Driver: GameNetDriver IpNetDriver_0, IsServer: YES, PC: NULL, Owner: NULL, UniqueId: INVALID
[2021.01.25-12.39.50:873][956]LogNet: AddClientConnection: Added client connection: [UNetConnection] RemoteAddr: 127.0.0.1:63414, Name: IpConnection_5, Driver: GameNetDriver IpNetDriver_0, IsServer: YES, PC: NULL, Owner: NULL, UniqueId: INVALID
[2021.01.25-12.39.50:874][956]LogNet: UPendingNetGame::SendInitialJoin: Sending hello. [UNetConnection] RemoteAddr: 127.0.0.1:17777, Name: IpConnection_2, Driver: PendingNetDriver IpNetDriver_3, IsServer: NO, PC: NULL, Owner: NULL, UniqueId: INVALID
[2021.01.25-12.39.50:912][959]LogNet: NotifyAcceptingChannel Control 0 server World /Game/Maps/UEDPIE_0_MY_Map.My_Map: Accepted
[2021.01.25-12.39.50:912][959]LogNet: Remote platform little endian=1
[2021.01.25-12.39.50:912][959]LogNet: This platform little endian=1
[2021.01.25-12.39.50:964][963]LogNet: Login request: ?Name=LEON-DATOR-C0E004F0468FE292B228AD8CDA748C20 userId: NULL:LEON-DATOR-C0E004F0468FE292B228AD8CDA748C20 platform: NULL
[2021.01.25-12.39.51:018][967]LogOnline: OSS: Creating online subsystem instance for: :Context_5
[2021.01.25-12.39.51:036][968]LogNet: NotifyAcceptingChannel Control 0 server World /Game/Maps/UEDPIE_0_MY_Map.My_Map: Accepted
[2021.01.25-12.39.51:036][968]LogNet: Remote platform little endian=1
[2021.01.25-12.39.51:037][968]LogNet: This platform little endian=1
[2021.01.25-12.39.51:113][974]LogNet: Welcomed by server (Level: /Game/Maps/UEDPIE_0_MY_Map, Game: /Game/Blueprints/BP_Network_AssignmentGameMode.BP_Network_AssignmentGameMode_C)
[2021.01.25-12.39.51:114][974]LogLoad: LoadMap: 127.0.0.1:17777/Game/Maps/UEDPIE_0_MY_Map?game=/Game/Blueprints/BP_Network_AssignmentGameMode.BP_Network_AssignmentGameMode_C
[2021.01.25-12.39.51:115][974]LogWorld: BeginTearingDown for /Temp/Untitled_1
[2021.01.25-12.39.51:126][974]LogWorld: UWorld::CleanupWorld for Untitled, bSessionEnded=true, bCleanupResources=true
[2021.01.25-12.39.51:127][974]LogSlate: InvalidateAllWidgets triggered.  All widgets were invalidated
[2021.01.25-12.39.51:157][974]LogUObjectHash: Compacting FUObjectHashTables data took   0.85ms
[2021.01.25-12.39.51:174][974]LogAIModule: Creating AISystem for world My_Map
[2021.01.25-12.39.51:175][974]LogAISub: UAISubsystem::UAISubsystem EnvQueryManager (000001C84F4ECE00), frame # 33974
[2021.01.25-12.39.51:175][974]LogAISub: UAISubsystem::UAISubsystem AIPerceptionSystem (000001C84F62DF80), frame # 33974
[2021.01.25-12.39.51:177][974]LogWorld: Bringing World /Game/Maps/UEDPIE_1_MY_Map.My_Map up for play (max tick rate 0) at 2021.01.25-13.39.51
[2021.01.25-12.39.51:177][974]LogWorld: Bringing up level for play took: 0.001139
[2021.01.25-12.39.51:178][974]LogLoad: Took 0.063156 seconds to LoadMap(/Game/Maps/UEDPIE_0_MY_Map)
[2021.01.25-12.39.51:192][975]LogNet: Login request: ?Name=LEON-DATOR-C9948A6347D9AF80965AD88A00B7296C userId: NULL:LEON-DATOR-C9948A6347D9AF80965AD88A00B7296C platform: NULL
[2021.01.25-12.39.51:194][975]LogOnline: OSS: Creating online subsystem instance for: :Context_6
[2021.01.25-12.39.51:306][981]LogNet: Client netspeed is 10000
[2021.01.25-12.39.51:307][981]LogNet: Welcomed by server (Level: /Game/Maps/UEDPIE_0_MY_Map, Game: /Game/Blueprints/BP_Network_AssignmentGameMode.BP_Network_AssignmentGameMode_C)
[2021.01.25-12.39.51:307][981]LogLoad: LoadMap: 127.0.0.1:17777/Game/Maps/UEDPIE_0_MY_Map?game=/Game/Blueprints/BP_Network_AssignmentGameMode.BP_Network_AssignmentGameMode_C
[2021.01.25-12.39.51:307][981]LogWorld: BeginTearingDown for /Temp/Untitled_2
[2021.01.25-12.39.51:308][981]LogWorld: UWorld::CleanupWorld for Untitled, bSessionEnded=true, bCleanupResources=true
[2021.01.25-12.39.51:308][981]LogSlate: InvalidateAllWidgets triggered.  All widgets were invalidated
[2021.01.25-12.39.51:317][981]LogUObjectHash: Compacting FUObjectHashTables data took   0.89ms
[2021.01.25-12.39.51:328][981]LogAIModule: Creating AISystem for world My_Map
[2021.01.25-12.39.51:329][981]LogAISub: UAISubsystem::UAISubsystem EnvQueryManager (000001C87ADA8E00), frame # 33981
[2021.01.25-12.39.51:329][981]LogAISub: UAISubsystem::UAISubsystem AIPerceptionSystem (000001C80DF6C400), frame # 33981
[2021.01.25-12.39.51:331][981]LogWorld: Bringing World /Game/Maps/UEDPIE_2_MY_Map.My_Map up for play (max tick rate 0) at 2021.01.25-13.39.51
[2021.01.25-12.39.51:332][981]LogWorld: Bringing up level for play took: 0.001112
[2021.01.25-12.39.51:332][981]LogLoad: Took 0.024921 seconds to LoadMap(/Game/Maps/UEDPIE_0_MY_Map)
[2021.01.25-12.39.51:352][982]LogNet: Join request: /Game/StarterContent/Maps/Minimal_Default?Name=LEON-DATOR-C0E004F0468FE292B228AD8CDA748C20?SplitscreenCount=1
[2021.01.25-12.39.51:354][982]LogOnlineSession: Warning: OSS: No game present to join for session (GameSession)
[2021.01.25-12.39.51:358][982]LogNet: Join succeeded: LEON-DATOR-C0E004F04
[2021.01.25-12.39.51:377][983]LogNet: Login request: ?Name=LEON-DATOR-7EA1141F42D40F7E3F1CDBA97C9C972F userId: NULL:LEON-DATOR-7EA1141F42D40F7E3F1CDBA97C9C972F platform: NULL
[2021.01.25-12.39.51:474][989]LogNet: Client netspeed is 10000
[2021.01.25-12.39.51:506][991]LogNet: Join request: /Game/StarterContent/Maps/Minimal_Default?Name=LEON-DATOR-C9948A6347D9AF80965AD88A00B7296C?SplitscreenCount=1
[2021.01.25-12.39.51:506][991]LogOnlineSession: Warning: OSS: No game present to join for session (GameSession)
[2021.01.25-12.39.51:508][991]LogNet: Join succeeded: LEON-DATOR-C9948A634
[2021.01.25-12.39.51:540][993]LogNet: Welcomed by server (Level: /Game/Maps/UEDPIE_0_MY_Map, Game: /Game/Blueprints/BP_Network_AssignmentGameMode.BP_Network_AssignmentGameMode_C)
[2021.01.25-12.39.51:541][993]LogLoad: LoadMap: 127.0.0.1:17777/Game/Maps/UEDPIE_0_MY_Map?game=/Game/Blueprints/BP_Network_AssignmentGameMode.BP_Network_AssignmentGameMode_C
[2021.01.25-12.39.51:541][993]LogWorld: BeginTearingDown for /Temp/Untitled_3
[2021.01.25-12.39.51:542][993]LogWorld: UWorld::CleanupWorld for Untitled, bSessionEnded=true, bCleanupResources=true
[2021.01.25-12.39.51:542][993]LogSlate: InvalidateAllWidgets triggered.  All widgets were invalidated
[2021.01.25-12.39.51:553][993]LogUObjectHash: Compacting FUObjectHashTables data took   0.84ms
[2021.01.25-12.39.51:564][993]LogAIModule: Creating AISystem for world My_Map
[2021.01.25-12.39.51:565][993]LogAISub: UAISubsystem::UAISubsystem EnvQueryManager (000001C87B490A00), frame # 33993
[2021.01.25-12.39.51:565][993]LogAISub: UAISubsystem::UAISubsystem AIPerceptionSystem (000001C87AFFC680), frame # 33993
[2021.01.25-12.39.51:566][993]LogWorld: Bringing World /Game/Maps/UEDPIE_3_MY_Map.My_Map up for play (max tick rate 0) at 2021.01.25-13.39.51
[2021.01.25-12.39.51:567][993]LogWorld: Bringing up level for play took: 0.000789
[2021.01.25-12.39.51:567][993]LogLoad: Took 0.025786 seconds to LoadMap(/Game/Maps/UEDPIE_0_MY_Map)
[2021.01.25-12.39.51:723][  1]LogNet: Client netspeed is 10000
[2021.01.25-12.39.51:724][  1]LogNet: Join request: /Game/StarterContent/Maps/Minimal_Default?Name=LEON-DATOR-7EA1141F42D40F7E3F1CDBA97C9C972F?SplitscreenCount=1
[2021.01.25-12.39.51:724][  1]LogOnlineSession: Warning: OSS: No game present to join for session (GameSession)
[2021.01.25-12.39.51:728][  1]LogNet: Join succeeded: LEON-DATOR-7EA1141F4
[2021.01.25-12.39.52:015][ 17]LogOnlineSession: Warning: OSS: No game present to join for session (GameSession)
[2021.01.25-12.39.52:109][ 22]LogOnlineSession: Warning: OSS: No game present to join for session (GameSession)
[2021.01.25-12.39.52:148][ 24]LogOnlineSession: Warning: OSS: No game present to join for session (GameSession)
[2021.01.25-12.39.52:172][ 25]LogOnlineSession: Warning: OSS: No game present to join for session (GameSession)
[2021.01.25-12.39.52:226][ 28]LogOnlineSession: Warning: OSS: No game present to join for session (GameSession)
[2021.01.25-12.39.52:480][ 41]LogOnlineSession: Warning: OSS: No game present to join for session (GameSession)
[2021.01.25-12.39.52:622][ 48]LogOnlineSession: Warning: OSS: No game present to join for session (GameSession)
[2021.01.25-12.39.52:622][ 48]LogOnlineSession: Warning: OSS: No game present to join for session (GameSession)
[2021.01.25-12.39.52:623][ 48]LogOnlineSession: Warning: OSS: No game present to join for session (GameSession)
[2021.01.25-12.39.52:624][ 48]LogOnlineSession: Warning: OSS: No game present to join for session (GameSession)
[2021.01.25-12.39.52:684][ 51]LogOnlineSession: Warning: OSS: No game present to join for session (GameSession)
[2021.01.25-12.39.52:684][ 51]LogOnlineSession: Warning: OSS: No game present to join for session (GameSession)
