Log file open, 01/28/21 13:50:38
LogInit: Display: Running engine for game: Network_Assignment
LogPlatformFile: Not using cached read wrapper
LogTaskGraph: Started task graph with 5 named threads and 14 total threads with 3 sets of task threads.
LogStats: Stats thread started at 0.448887
LogD3D11RHI: Loaded GFSDK_Aftermath_Lib.x64.dll
LogICUInternationalization: ICU TimeZone Detection - Raw Offset: +1:00, Platform Override: ''
LogPluginManager: Mounting plugin Paper2D
LogPluginManager: Mounting plugin AISupport
LogPluginManager: Mounting plugin LightPropagationVolume
LogPluginManager: Mounting plugin CameraShakePreviewer
LogPluginManager: Mounting plugin ActorLayerUtilities
LogPluginManager: Mounting plugin AnimationSharing
LogPluginManager: Mounting plugin CLionSourceCodeAccess
LogPluginManager: Mounting plugin CodeLiteSourceCodeAccess
LogPluginManager: Mounting plugin GitSourceControl
LogPluginManager: Mounting plugin KDevelopSourceCodeAccess
LogPluginManager: Mounting plugin NullSourceCodeAccess
LogPluginManager: Mounting plugin PerforceSourceControl
LogPluginManager: Mounting plugin PlasticSourceControl
LogPluginManager: Mounting plugin RiderSourceCodeAccess
LogPluginManager: Mounting plugin SubversionSourceControl
LogPluginManager: Mounting plugin UObjectPlugin
LogPluginManager: Mounting plugin VisualStudioCodeSourceCodeAccess
LogPluginManager: Mounting plugin VisualStudioSourceCodeAccess
LogPluginManager: Mounting plugin XCodeSourceCodeAccess
LogPluginManager: Mounting plugin AssetManagerEditor
LogPluginManager: Mounting plugin CryptoKeys
LogPluginManager: Mounting plugin CurveEditorTools
LogPluginManager: Mounting plugin DataValidation
LogPluginManager: Mounting plugin EditorScriptingUtilities
LogPluginManager: Mounting plugin FacialAnimation
LogPluginManager: Mounting plugin GameplayTagsEditor
LogPluginManager: Mounting plugin GeometryMode
LogPluginManager: Mounting plugin MacGraphicsSwitching
LogPluginManager: Mounting plugin MaterialAnalyzer
LogPluginManager: Mounting plugin MobileLauncherProfileWizard
LogPluginManager: Mounting plugin PluginBrowser
LogPluginManager: Mounting plugin SpeedTreeImporter
LogPluginManager: Mounting plugin DatasmithContent
LogPluginManager: Mounting plugin VariantManagerContent
LogPluginManager: Mounting plugin AlembicImporter
LogPluginManager: Mounting plugin AutomationUtils
LogPluginManager: Mounting plugin BackChannel
LogPluginManager: Mounting plugin ChaosCloth
LogPluginManager: Mounting plugin ChaosClothEditor
LogPluginManager: Mounting plugin ChaosEditor
LogPluginManager: Mounting plugin ChaosNiagara
LogPluginManager: Mounting plugin ChaosSolverPlugin
LogPluginManager: Mounting plugin CharacterAI
LogPluginManager: Mounting plugin GeometryCache
LogPluginManager: Mounting plugin GeometryCollectionPlugin
LogPluginManager: Mounting plugin GeometryProcessing
LogPluginManager: Mounting plugin PlanarCut
LogPluginManager: Mounting plugin PlatformCrypto
LogPluginManager: Mounting plugin ProxyLODPlugin
LogPluginManager: Mounting plugin SkeletalReduction
LogPluginManager: Mounting plugin Niagara
LogPluginManager: Mounting plugin MagicLeap
LogPluginManager: Mounting plugin MagicLeapLightEstimation
LogPluginManager: Mounting plugin MagicLeapMedia
LogPluginManager: Mounting plugin MagicLeapPassableWorld
LogPluginManager: Mounting plugin MLSDK
LogPluginManager: Mounting plugin AndroidMedia
LogPluginManager: Mounting plugin AvfMedia
LogPluginManager: Mounting plugin ImgMedia
LogPluginManager: Mounting plugin MediaCompositing
LogPluginManager: Mounting plugin MediaPlayerEditor
LogPluginManager: Mounting plugin WebMMedia
LogPluginManager: Mounting plugin WmfMedia
LogPluginManager: Mounting plugin MeshPainting
LogPluginManager: Mounting plugin TcpMessaging
LogPluginManager: Mounting plugin UdpMessaging
LogPluginManager: Mounting plugin ActorSequence
LogPluginManager: Mounting plugin LevelSequenceEditor
LogPluginManager: Mounting plugin MatineeToLevelSequence
LogPluginManager: Mounting plugin MovieRenderPipeline
LogPluginManager: Mounting plugin TemplateSequence
LogPluginManager: Mounting plugin NetcodeUnitTest
LogPluginManager: Mounting plugin NUTUnrealEngine4
LogPluginManager: Mounting plugin OnlineSubsystemGooglePlay
LogPluginManager: Mounting plugin OnlineSubsystemIOS
LogPluginManager: Mounting plugin OnlineSubsystem
LogPluginManager: Mounting plugin OnlineSubsystemNull
LogPluginManager: Mounting plugin OnlineSubsystemUtils
LogPluginManager: Mounting plugin LauncherChunkInstaller
LogPluginManager: Mounting plugin AndroidDeviceProfileSelector
LogPluginManager: Mounting plugin AndroidMoviePlayer
LogPluginManager: Mounting plugin AndroidPermission
LogPluginManager: Mounting plugin AppleImageUtils
LogPluginManager: Mounting plugin AppleMoviePlayer
LogPluginManager: Mounting plugin ArchVisCharacter
LogPluginManager: Mounting plugin AssetTags
LogPluginManager: Mounting plugin AudioCapture
LogPluginManager: Mounting plugin CableComponent
LogPluginManager: Mounting plugin CustomMeshComponent
LogPluginManager: Mounting plugin EditableMesh
LogPluginManager: Mounting plugin ExampleDeviceProfileSelector
LogPluginManager: Mounting plugin GoogleCloudMessaging
LogPluginManager: Mounting plugin GooglePAD
LogPluginManager: Mounting plugin IOSDeviceProfileSelector
LogPluginManager: Mounting plugin LinuxDeviceProfileSelector
LogPluginManager: Mounting plugin LocationServicesBPLibrary
LogPluginManager: Mounting plugin MobilePatchingUtils
LogPluginManager: Mounting plugin OculusVR
LogPluginManager: Mounting plugin PhysXVehicles
LogPluginManager: Mounting plugin PostSplashScreen
LogPluginManager: Mounting plugin ProceduralMeshComponent
LogPluginManager: Mounting plugin RuntimePhysXCooking
LogPluginManager: Mounting plugin SignificanceManager
LogPluginManager: Mounting plugin SoundFields
LogPluginManager: Mounting plugin SteamVR
LogPluginManager: Mounting plugin Synthesis
LogPluginManager: Mounting plugin WebMMoviePlayer
LogPluginManager: Mounting plugin WindowsMoviePlayer
LogPluginManager: Mounting plugin ScreenshotTools
LogInit: Using libcurl 7.55.1-DEV
LogInit:  - built for x86_64-pc-win32
LogInit:  - supports SSL with OpenSSL/1.1.1
LogInit:  - supports HTTP deflate (compression) using libz 1.2.8
LogInit:  - other features:
LogInit:      CURL_VERSION_SSL
LogInit:      CURL_VERSION_LIBZ
LogInit:      CURL_VERSION_IPV6
LogInit:      CURL_VERSION_ASYNCHDNS
LogInit:      CURL_VERSION_LARGEFILE
LogInit:      CURL_VERSION_IDN
LogInit:  CurlRequestOptions (configurable via config and command line):
LogInit:  - bVerifyPeer = true  - Libcurl will verify peer certificate
LogInit:  - bUseHttpProxy = false  - Libcurl will NOT use HTTP proxy
LogInit:  - bDontReuseConnections = false  - Libcurl will reuse connections
LogInit:  - MaxHostConnections = 16  - Libcurl will limit the number of connections to a host
LogInit:  - LocalHostAddr = Default
LogInit:  - BufferSize = 65536
LogOnline: OSS: Creating online subsystem instance for: NULL
LogInit: WinSock: version 1.1 (2.2), MaxSocks=32767, MaxUdp=65467
LogOnline: OSS: TryLoadSubsystemAndSetDefault: Loaded subsystem for module [NULL]
LogInit: Build: ++UE4+Release-4.25-CL-14469661
LogInit: Engine Version: 4.25.4-14469661+++UE4+Release-4.25
LogInit: Compatible Engine Version: 4.25.0-13144385+++UE4+Release-4.25
LogInit: Net CL: 13144385
LogInit: OS: Windows 10 (Release 1909) (), CPU:        Intel(R) Core(TM) i5-3570K CPU @ 3.40GHz, GPU: NVIDIA GeForce GTX 970
LogInit: Compiled (64-bit): Oct 11 2020 08:10:49
LogInit: Compiled with Visual C++: 19.24.28315.00
LogInit: Build Configuration: Development
LogInit: Branch Name: ++UE4+Release-4.25
LogInit: Command Line:  -skipcompile
LogInit: Base Directory: D:/EpicGames/UE_4.25/Engine/Binaries/Win64/
LogInit: Allocator: TBB
LogInit: Installed Engine Build: 1
LogDevObjectVersion: Number of dev versions registered: 26
LogDevObjectVersion:   Dev-Blueprints (B0D832E4-1F89-4F0D-ACCF-7EB736FD4AA2): 10
LogDevObjectVersion:   Dev-Build (E1C64328-A22C-4D53-A36C-8E866417BD8C): 0
LogDevObjectVersion:   Dev-Core (375EC13C-06E4-48FB-B500-84F0262A717E): 4
LogDevObjectVersion:   Dev-Editor (E4B068ED-F494-42E9-A231-DA0B2E46BB41): 38
LogDevObjectVersion:   Dev-Framework (CFFC743F-43B0-4480-9391-14DF171D2073): 37
LogDevObjectVersion:   Dev-Mobile (B02B49B5-BB20-44E9-A304-32B752E40360): 2
LogDevObjectVersion:   Dev-Networking (A4E4105C-59A1-49B5-A7C5-40C4547EDFEE): 0
LogDevObjectVersion:   Dev-Online (39C831C9-5AE6-47DC-9A44-9C173E1C8E7C): 0
LogDevObjectVersion:   Dev-Physics (78F01B33-EBEA-4F98-B9B4-84EACCB95AA2): 4
LogDevObjectVersion:   Dev-Platform (6631380F-2D4D-43E0-8009-CF276956A95A): 0
LogDevObjectVersion:   Dev-Rendering (12F88B9F-8875-4AFC-A67C-D90C383ABD29): 43
LogDevObjectVersion:   Dev-Sequencer (7B5AE74C-D270-4C10-A958-57980B212A5A): 12
LogDevObjectVersion:   Dev-VR (D7296918-1DD6-4BDD-9DE2-64A83CC13884): 3
LogDevObjectVersion:   Dev-LoadTimes (C2A15278-BFE7-4AFE-6C17-90FF531DF755): 1
LogDevObjectVersion:   Private-Geometry (6EACA3D4-40EC-4CC1-B786-8BED09428FC5): 3
LogDevObjectVersion:   Dev-AnimPhys (29E575DD-E0A3-4627-9D10-D276232CDCEA): 17
LogDevObjectVersion:   Dev-Anim (AF43A65D-7FD3-4947-9873-3E8ED9C1BB05): 7
LogDevObjectVersion:   Dev-ReflectionCapture (6B266CEC-1EC7-4B8F-A30B-E4D90942FC07): 1
LogDevObjectVersion:   Dev-Automation (0DF73D61-A23F-47EA-B727-89E90C41499A): 1
LogDevObjectVersion:   FortniteMain (601D1886-AC64-4F84-AA16-D3DE0DEAC7D6): 31
LogDevObjectVersion:   Dev-Enterprise (9DFFBCD6-494F-0158-E221-12823C92A888): 10
LogDevObjectVersion:   Dev-Niagara (F2AED0AC-9AFE-416F-8664-AA7FFA26D6FC): 1
LogDevObjectVersion:   Dev-Destruction (174F1F0B-B4C6-45A5-B13F-2EE8D0FB917D): 10
LogDevObjectVersion:   Dev-Physics-Ext (35F94A83-E258-406C-A318-09F59610247C): 37
LogDevObjectVersion:   Dev-PhysicsMaterial-Chaos (B68FC16E-8B1B-42E2-B453-215C058844FE): 1
LogDevObjectVersion:   Dev-CineCamera (B2E18506-4273-CFC2-A54E-F4BB758BBA07): 1
LogInit: Presizing for max 25165824 objects, including 0 objects not considered by GC, pre-allocating 0 bytes for permanent pool.
LogConfig: Applying CVar settings from Section [/Script/Engine.StreamingSettings] File [D:/Unreal Engine/Network_Assignment/Network_Assignment/Saved/Config/Windows/Engine.ini]
LogConfig: Setting CVar [[s.MinBulkDataSizeForAsyncLoading:131072]]
LogConfig: Setting CVar [[s.AsyncLoadingThreadEnabled:0]]
LogConfig: Setting CVar [[s.EventDrivenLoaderEnabled:1]]
LogConfig: Setting CVar [[s.WarnIfTimeLimitExceeded:0]]
LogConfig: Setting CVar [[s.TimeLimitExceededMultiplier:1.5]]
LogConfig: Setting CVar [[s.TimeLimitExceededMinTime:0.005]]
LogConfig: Setting CVar [[s.UseBackgroundLevelStreaming:1]]
LogConfig: Setting CVar [[s.PriorityAsyncLoadingExtraTime:15.0]]
LogConfig: Setting CVar [[s.LevelStreamingActorsUpdateTimeLimit:5.0]]
LogConfig: Setting CVar [[s.PriorityLevelStreamingActorsUpdateExtraTime:5.0]]
LogConfig: Setting CVar [[s.LevelStreamingComponentsRegistrationGranularity:10]]
LogConfig: Setting CVar [[s.UnregisterComponentsTimeLimit:1.0]]
LogConfig: Setting CVar [[s.LevelStreamingComponentsUnregistrationGranularity:5]]
LogConfig: Setting CVar [[s.FlushStreamingOnExit:1]]
LogInit: Object subsystem initialized
LogConfig: Setting CVar [[con.DebugEarlyDefault:1]]
LogConfig: Setting CVar [[r.setres:1280x720]]
[2021.01.28-12.50.38:859][  0]LogConfig: Setting CVar [[r.VSync:0]]
[2021.01.28-12.50.38:859][  0]LogConfig: Setting CVar [[r.RHICmdBypass:0]]
[2021.01.28-12.50.38:859][  0]LogConfig: Applying CVar settings from Section [/Script/Engine.RendererSettings] File [D:/Unreal Engine/Network_Assignment/Network_Assignment/Saved/Config/Windows/Engine.ini]
[2021.01.28-12.50.38:859][  0]LogConfig: Setting CVar [[r.GPUCrashDebugging:0]]
[2021.01.28-12.50.38:859][  0]LogConfig: Applying CVar settings from Section [/Script/Engine.RendererOverrideSettings] File [D:/Unreal Engine/Network_Assignment/Network_Assignment/Saved/Config/Windows/Engine.ini]
[2021.01.28-12.50.38:859][  0]LogConfig: Applying CVar settings from Section [/Script/Engine.StreamingSettings] File [D:/Unreal Engine/Network_Assignment/Network_Assignment/Saved/Config/Windows/Engine.ini]
[2021.01.28-12.50.38:859][  0]LogConfig: Setting CVar [[s.MinBulkDataSizeForAsyncLoading:131072]]
[2021.01.28-12.50.38:859][  0]LogConfig: Setting CVar [[s.AsyncLoadingThreadEnabled:0]]
[2021.01.28-12.50.38:859][  0]LogConfig: Setting CVar [[s.EventDrivenLoaderEnabled:1]]
[2021.01.28-12.50.38:859][  0]LogConfig: Setting CVar [[s.WarnIfTimeLimitExceeded:0]]
[2021.01.28-12.50.38:859][  0]LogConfig: Setting CVar [[s.TimeLimitExceededMultiplier:1.5]]
[2021.01.28-12.50.38:859][  0]LogConfig: Setting CVar [[s.TimeLimitExceededMinTime:0.005]]
[2021.01.28-12.50.38:859][  0]LogConfig: Setting CVar [[s.UseBackgroundLevelStreaming:1]]
[2021.01.28-12.50.38:859][  0]LogConfig: Setting CVar [[s.PriorityAsyncLoadingExtraTime:15.0]]
[2021.01.28-12.50.38:860][  0]LogConfig: Setting CVar [[s.LevelStreamingActorsUpdateTimeLimit:5.0]]
[2021.01.28-12.50.38:860][  0]LogConfig: Setting CVar [[s.PriorityLevelStreamingActorsUpdateExtraTime:5.0]]
[2021.01.28-12.50.38:860][  0]LogConfig: Setting CVar [[s.LevelStreamingComponentsRegistrationGranularity:10]]
[2021.01.28-12.50.38:860][  0]LogConfig: Setting CVar [[s.UnregisterComponentsTimeLimit:1.0]]
[2021.01.28-12.50.38:860][  0]LogConfig: Setting CVar [[s.LevelStreamingComponentsUnregistrationGranularity:5]]
[2021.01.28-12.50.38:860][  0]LogConfig: Setting CVar [[s.FlushStreamingOnExit:1]]
[2021.01.28-12.50.38:860][  0]LogConfig: Applying CVar settings from Section [/Script/Engine.GarbageCollectionSettings] File [D:/Unreal Engine/Network_Assignment/Network_Assignment/Saved/Config/Windows/Engine.ini]
[2021.01.28-12.50.38:860][  0]LogConfig: Setting CVar [[gc.MaxObjectsNotConsideredByGC:1]]
[2021.01.28-12.50.38:860][  0]LogConfig: Setting CVar [[gc.SizeOfPermanentObjectPool:0]]
[2021.01.28-12.50.38:860][  0]LogConfig: Setting CVar [[gc.FlushStreamingOnGC:0]]
[2021.01.28-12.50.38:860][  0]LogConfig: Setting CVar [[gc.NumRetriesBeforeForcingGC:10]]
[2021.01.28-12.50.38:860][  0]LogConfig: Setting CVar [[gc.AllowParallelGC:1]]
[2021.01.28-12.50.38:860][  0]LogConfig: Setting CVar [[gc.TimeBetweenPurgingPendingKillObjects:61.1]]
[2021.01.28-12.50.38:860][  0]LogConfig: Setting CVar [[gc.MaxObjectsInEditor:25165824]]
[2021.01.28-12.50.38:860][  0]LogConfig: Setting CVar [[gc.IncrementalBeginDestroyEnabled:1]]
[2021.01.28-12.50.38:860][  0]LogConfig: Setting CVar [[gc.CreateGCClusters:1]]
[2021.01.28-12.50.38:860][  0]LogConfig: Setting CVar [[gc.MinGCClusterSize:5]]
[2021.01.28-12.50.38:860][  0]LogConfig: Setting CVar [[gc.ActorClusteringEnabled:0]]
[2021.01.28-12.50.38:860][  0]LogConfig: Setting CVar [[gc.BlueprintClusteringEnabled:0]]
[2021.01.28-12.50.38:860][  0]LogConfig: Setting CVar [[gc.UseDisregardForGCOnDedicatedServers:0]]
[2021.01.28-12.50.38:860][  0]LogConfig: Applying CVar settings from Section [/Script/Engine.NetworkSettings] File [D:/Unreal Engine/Network_Assignment/Network_Assignment/Saved/Config/Windows/Engine.ini]
[2021.01.28-12.50.38:860][  0]LogConfig: Applying CVar settings from Section [/Script/UnrealEd.CookerSettings] File [D:/Unreal Engine/Network_Assignment/Network_Assignment/Saved/Config/Windows/Engine.ini]
[2021.01.28-12.50.38:873][  0]LogConfig: Applying CVar settings from Section [ViewDistanceQuality@3] File [D:/Unreal Engine/Network_Assignment/Network_Assignment/Saved/Config/Windows/Scalability.ini]
[2021.01.28-12.50.38:873][  0]LogConfig: Setting CVar [[r.SkeletalMeshLODBias:0]]
[2021.01.28-12.50.38:873][  0]LogConfig: Setting CVar [[r.ViewDistanceScale:1.0]]
[2021.01.28-12.50.38:873][  0]LogConfig: Applying CVar settings from Section [AntiAliasingQuality@3] File [D:/Unreal Engine/Network_Assignment/Network_Assignment/Saved/Config/Windows/Scalability.ini]
[2021.01.28-12.50.38:873][  0]LogConfig: Setting CVar [[r.PostProcessAAQuality:4]]
[2021.01.28-12.50.38:873][  0]LogConfig: Applying CVar settings from Section [ShadowQuality@3] File [D:/Unreal Engine/Network_Assignment/Network_Assignment/Saved/Config/Windows/Scalability.ini]
[2021.01.28-12.50.38:873][  0]LogConfig: Setting CVar [[r.LightFunctionQuality:1]]
[2021.01.28-12.50.38:873][  0]LogConfig: Setting CVar [[r.ShadowQuality:5]]
[2021.01.28-12.50.38:873][  0]LogConfig: Setting CVar [[r.Shadow.CSM.MaxCascades:10]]
[2021.01.28-12.50.38:874][  0]LogConfig: Setting CVar [[r.Shadow.MaxResolution:2048]]
[2021.01.28-12.50.38:874][  0]LogConfig: Setting CVar [[r.Shadow.MaxCSMResolution:2048]]
[2021.01.28-12.50.38:874][  0]LogConfig: Setting CVar [[r.Shadow.RadiusThreshold:0.01]]
[2021.01.28-12.50.38:874][  0]LogConfig: Setting CVar [[r.Shadow.DistanceScale:1.0]]
[2021.01.28-12.50.38:874][  0]LogConfig: Setting CVar [[r.Shadow.CSM.TransitionScale:1.0]]
[2021.01.28-12.50.38:874][  0]LogConfig: Setting CVar [[r.Shadow.PreShadowResolutionFactor:1.0]]
[2021.01.28-12.50.38:874][  0]LogConfig: Setting CVar [[r.DistanceFieldShadowing:1]]
[2021.01.28-12.50.38:874][  0]LogConfig: Setting CVar [[r.DistanceFieldAO:1]]
[2021.01.28-12.50.38:874][  0]LogConfig: Setting CVar [[r.AOQuality:2]]
[2021.01.28-12.50.38:874][  0]LogConfig: Setting CVar [[r.VolumetricFog:1]]
[2021.01.28-12.50.38:874][  0]LogConfig: Setting CVar [[r.VolumetricFog.GridPixelSize:8]]
[2021.01.28-12.50.38:874][  0]LogConfig: Setting CVar [[r.VolumetricFog.GridSizeZ:128]]
[2021.01.28-12.50.38:874][  0]LogConfig: Setting CVar [[r.VolumetricFog.HistoryMissSupersampleCount:4]]
[2021.01.28-12.50.38:874][  0]LogConfig: Setting CVar [[r.LightMaxDrawDistanceScale:1]]
[2021.01.28-12.50.38:874][  0]LogConfig: Setting CVar [[r.CapsuleShadows:1]]
[2021.01.28-12.50.38:874][  0]LogConfig: Applying CVar settings from Section [PostProcessQuality@3] File [D:/Unreal Engine/Network_Assignment/Network_Assignment/Saved/Config/Windows/Scalability.ini]
[2021.01.28-12.50.38:874][  0]LogConfig: Setting CVar [[r.MotionBlurQuality:4]]
[2021.01.28-12.50.38:874][  0]LogConfig: Setting CVar [[r.AmbientOcclusionMipLevelFactor:0.4]]
[2021.01.28-12.50.38:874][  0]LogConfig: Setting CVar [[r.AmbientOcclusionMaxQuality:100]]
[2021.01.28-12.50.38:874][  0]LogConfig: Setting CVar [[r.AmbientOcclusionLevels:-1]]
[2021.01.28-12.50.38:874][  0]LogConfig: Setting CVar [[r.AmbientOcclusionRadiusScale:1.0]]
[2021.01.28-12.50.38:875][  0]LogConfig: Setting CVar [[r.DepthOfFieldQuality:2]]
[2021.01.28-12.50.38:875][  0]LogConfig: Setting CVar [[r.RenderTargetPoolMin:400]]
[2021.01.28-12.50.38:875][  0]LogConfig: Setting CVar [[r.LensFlareQuality:2]]
[2021.01.28-12.50.38:875][  0]LogConfig: Setting CVar [[r.SceneColorFringeQuality:1]]
[2021.01.28-12.50.38:875][  0]LogConfig: Setting CVar [[r.EyeAdaptationQuality:2]]
[2021.01.28-12.50.38:875][  0]LogConfig: Setting CVar [[r.BloomQuality:5]]
[2021.01.28-12.50.38:875][  0]LogConfig: Setting CVar [[r.FastBlurThreshold:100]]
[2021.01.28-12.50.38:875][  0]LogConfig: Setting CVar [[r.Upscale.Quality:3]]
[2021.01.28-12.50.38:875][  0]LogConfig: Setting CVar [[r.Tonemapper.GrainQuantization:1]]
[2021.01.28-12.50.38:875][  0]LogConfig: Setting CVar [[r.LightShaftQuality:1]]
[2021.01.28-12.50.38:875][  0]LogConfig: Setting CVar [[r.Filter.SizeScale:1]]
[2021.01.28-12.50.38:875][  0]LogConfig: Setting CVar [[r.Tonemapper.Quality:5]]
[2021.01.28-12.50.38:875][  0]LogConfig: Setting CVar [[r.DOF.Gather.AccumulatorQuality:1        ; higher gathering accumulator quality]]
[2021.01.28-12.50.38:875][  0]LogConfig: Setting CVar [[r.DOF.Gather.PostfilterMethod:1          ; Median3x3 postfilering method]]
[2021.01.28-12.50.38:875][  0]LogConfig: Setting CVar [[r.DOF.Gather.EnableBokehSettings:0       ; no bokeh simulation when gathering]]
[2021.01.28-12.50.38:875][  0]LogConfig: Setting CVar [[r.DOF.Gather.RingCount:4                 ; medium number of samples when gathering]]
[2021.01.28-12.50.38:875][  0]LogConfig: Setting CVar [[r.DOF.Scatter.ForegroundCompositing:1    ; additive foreground scattering]]
[2021.01.28-12.50.38:875][  0]LogConfig: Setting CVar [[r.DOF.Scatter.BackgroundCompositing:2    ; additive background scattering]]
[2021.01.28-12.50.38:875][  0]LogConfig: Setting CVar [[r.DOF.Scatter.EnableBokehSettings:1      ; bokeh simulation when scattering]]
[2021.01.28-12.50.38:875][  0]LogConfig: Setting CVar [[r.DOF.Scatter.MaxSpriteRatio:0.1         ; only a maximum of 10% of scattered bokeh]]
[2021.01.28-12.50.38:875][  0]LogConfig: Setting CVar [[r.DOF.Recombine.Quality:1                ; cheap slight out of focus]]
[2021.01.28-12.50.38:875][  0]LogConfig: Setting CVar [[r.DOF.Recombine.EnableBokehSettings:0    ; no bokeh simulation on slight out of focus]]
[2021.01.28-12.50.38:875][  0]LogConfig: Setting CVar [[r.DOF.TemporalAAQuality:1                ; more stable temporal accumulation]]
[2021.01.28-12.50.38:876][  0]LogConfig: Setting CVar [[r.DOF.Kernel.MaxForegroundRadius:0.025]]
[2021.01.28-12.50.38:876][  0]LogConfig: Setting CVar [[r.DOF.Kernel.MaxBackgroundRadius:0.025]]
[2021.01.28-12.50.38:876][  0]LogConfig: Applying CVar settings from Section [TextureQuality@3] File [D:/Unreal Engine/Network_Assignment/Network_Assignment/Saved/Config/Windows/Scalability.ini]
[2021.01.28-12.50.38:876][  0]LogConfig: Setting CVar [[r.Streaming.MipBias:0]]
[2021.01.28-12.50.38:876][  0]LogConfig: Setting CVar [[r.Streaming.AmortizeCPUToGPUCopy:0]]
[2021.01.28-12.50.38:876][  0]LogConfig: Setting CVar [[r.Streaming.MaxNumTexturesToStreamPerFrame:0]]
[2021.01.28-12.50.38:876][  0]LogConfig: Setting CVar [[r.Streaming.Boost:1]]
[2021.01.28-12.50.38:876][  0]LogConfig: Setting CVar [[r.MaxAnisotropy:8]]
[2021.01.28-12.50.38:876][  0]LogConfig: Setting CVar [[r.VT.MaxAnisotropy:8]]
[2021.01.28-12.50.38:876][  0]LogConfig: Setting CVar [[r.Streaming.LimitPoolSizeToVRAM:0]]
[2021.01.28-12.50.38:876][  0]LogConfig: Setting CVar [[r.Streaming.PoolSize:1000]]
[2021.01.28-12.50.38:876][  0]LogConfig: Setting CVar [[r.Streaming.MaxEffectiveScreenSize:0]]
[2021.01.28-12.50.38:876][  0]LogConfig: Applying CVar settings from Section [EffectsQuality@3] File [D:/Unreal Engine/Network_Assignment/Network_Assignment/Saved/Config/Windows/Scalability.ini]
[2021.01.28-12.50.38:876][  0]LogConfig: Setting CVar [[r.TranslucencyLightingVolumeDim:64]]
[2021.01.28-12.50.38:876][  0]LogConfig: Setting CVar [[r.RefractionQuality:2]]
[2021.01.28-12.50.38:876][  0]LogConfig: Setting CVar [[r.SSR.Quality:3]]
[2021.01.28-12.50.38:876][  0]LogConfig: Setting CVar [[r.SSR.HalfResSceneColor:0]]
[2021.01.28-12.50.38:876][  0]LogConfig: Setting CVar [[r.SceneColorFormat:4]]
[2021.01.28-12.50.38:876][  0]LogConfig: Setting CVar [[r.DetailMode:2]]
[2021.01.28-12.50.38:876][  0]LogConfig: Setting CVar [[r.TranslucencyVolumeBlur:1]]
[2021.01.28-12.50.38:876][  0]LogConfig: Setting CVar [[r.MaterialQualityLevel:1 ; High quality]]
[2021.01.28-12.50.38:876][  0]LogConfig: Setting CVar [[r.SSS.Scale:1]]
[2021.01.28-12.50.38:876][  0]LogConfig: Setting CVar [[r.SSS.SampleSet:2]]
[2021.01.28-12.50.38:877][  0]LogConfig: Setting CVar [[r.SSS.Quality:1]]
[2021.01.28-12.50.38:877][  0]LogConfig: Setting CVar [[r.SSS.HalfRes:0]]
[2021.01.28-12.50.38:877][  0]LogConfig: Setting CVar [[r.SSGI.Quality:3]]
[2021.01.28-12.50.38:877][  0]LogConfig: Setting CVar [[r.EmitterSpawnRateScale:1.0]]
[2021.01.28-12.50.38:877][  0]LogConfig: Setting CVar [[r.ParticleLightQuality:2]]
[2021.01.28-12.50.38:877][  0]LogConfig: Setting CVar [[r.SkyAtmosphere.AerialPerspectiveLUT.FastApplyOnOpaque:1 ; Always have FastSkyLUT 1 in this case to avoid wrong sky]]
[2021.01.28-12.50.38:877][  0]LogConfig: Setting CVar [[r.SkyAtmosphere.AerialPerspectiveLUT.SampleCountPerSlice:1]]
[2021.01.28-12.50.38:877][  0]LogConfig: Setting CVar [[r.SkyAtmosphere.AerialPerspectiveLUT.DepthResolution:16.0]]
[2021.01.28-12.50.38:877][  0]LogConfig: Setting CVar [[r.SkyAtmosphere.FastSkyLUT:1]]
[2021.01.28-12.50.38:877][  0]LogConfig: Setting CVar [[r.SkyAtmosphere.FastSkyLUT.SampleCountMin:4.0]]
[2021.01.28-12.50.38:877][  0]LogConfig: Setting CVar [[r.SkyAtmosphere.FastSkyLUT.SampleCountMax:32.0]]
[2021.01.28-12.50.38:877][  0]LogConfig: Setting CVar [[r.SkyAtmosphere.SampleCountMin:4.0]]
[2021.01.28-12.50.38:877][  0]LogConfig: Setting CVar [[r.SkyAtmosphere.SampleCountMax:32.0]]
[2021.01.28-12.50.38:877][  0]LogConfig: Setting CVar [[r.SkyAtmosphere.TransmittanceLUT.UseSmallFormat:0]]
[2021.01.28-12.50.38:877][  0]LogConfig: Setting CVar [[r.SkyAtmosphere.TransmittanceLUT.SampleCount:10.0]]
[2021.01.28-12.50.38:877][  0]LogConfig: Setting CVar [[r.SkyAtmosphere.MultiScatteringLUT.SampleCount:15.0]]
[2021.01.28-12.50.38:877][  0]LogConfig: Applying CVar settings from Section [FoliageQuality@3] File [D:/Unreal Engine/Network_Assignment/Network_Assignment/Saved/Config/Windows/Scalability.ini]
[2021.01.28-12.50.38:877][  0]LogConfig: Setting CVar [[foliage.DensityScale:1.0]]
[2021.01.28-12.50.38:877][  0]LogConfig: Setting CVar [[grass.DensityScale:1.0]]
[2021.01.28-12.50.38:877][  0]LogConfig: Applying CVar settings from Section [ShadingQuality@3] File [D:/Unreal Engine/Network_Assignment/Network_Assignment/Saved/Config/Windows/Scalability.ini]
[2021.01.28-12.50.38:877][  0]LogConfig: Setting CVar [[r.HairStrands.SkyLighting.SampleCount:16]]
[2021.01.28-12.50.38:877][  0]LogConfig: Setting CVar [[r.HairStrands.SkyLighting.JitterIntegration:0]]
[2021.01.28-12.50.38:877][  0]LogConfig: Setting CVar [[r.HairStrands.SkyAO.SampleCount:16]]
[2021.01.28-12.50.38:878][  0]LogConfig: Setting CVar [[r.HairStrands.DeepShadow.SuperSampling:0]]
[2021.01.28-12.50.38:878][  0]LogConfig: Setting CVar [[r.HairStrands.VisibilityPPLL:0]]
[2021.01.28-12.50.38:878][  0]LogConfig: Setting CVar [[r.HairStrands.RasterizationScale:0.5]]
[2021.01.28-12.50.38:878][  0]LogConfig: Setting CVar [[r.HairStrands.VelocityRasterizationScale:1]]
[2021.01.28-12.50.38:878][  0]LogInit: Selected Device Profile: [Windows]
[2021.01.28-12.50.38:878][  0]LogInit: Applying CVar settings loaded from the selected device profile: [Windows]
[2021.01.28-12.50.38:878][  0]LogHAL: Display: Platform has ~ 16 GB [17109352448 / 17179869184 / 16], which maps to Larger [LargestMinGB=32, LargerMinGB=12, DefaultMinGB=8, SmallerMinGB=6, SmallestMinGB=0)
[2021.01.28-12.50.38:878][  0]LogInit: Going up to parent DeviceProfile []
[2021.01.28-12.50.38:878][  0]LogConfig: Applying CVar settings from Section [ViewDistanceQuality@3] File [D:/Unreal Engine/Network_Assignment/Network_Assignment/Saved/Config/Windows/Scalability.ini]
[2021.01.28-12.50.38:878][  0]LogConfig: Setting CVar [[r.SkeletalMeshLODBias:0]]
[2021.01.28-12.50.38:878][  0]LogConfig: Setting CVar [[r.ViewDistanceScale:1.0]]
[2021.01.28-12.50.38:878][  0]LogConfig: Applying CVar settings from Section [AntiAliasingQuality@3] File [D:/Unreal Engine/Network_Assignment/Network_Assignment/Saved/Config/Windows/Scalability.ini]
[2021.01.28-12.50.38:878][  0]LogConfig: Setting CVar [[r.PostProcessAAQuality:4]]
[2021.01.28-12.50.38:878][  0]LogConfig: Applying CVar settings from Section [ShadowQuality@3] File [D:/Unreal Engine/Network_Assignment/Network_Assignment/Saved/Config/Windows/Scalability.ini]
[2021.01.28-12.50.38:878][  0]LogConfig: Setting CVar [[r.LightFunctionQuality:1]]
[2021.01.28-12.50.38:878][  0]LogConfig: Setting CVar [[r.ShadowQuality:5]]
[2021.01.28-12.50.38:878][  0]LogConfig: Setting CVar [[r.Shadow.CSM.MaxCascades:10]]
[2021.01.28-12.50.38:878][  0]LogConfig: Setting CVar [[r.Shadow.MaxResolution:2048]]
[2021.01.28-12.50.38:878][  0]LogConfig: Setting CVar [[r.Shadow.MaxCSMResolution:2048]]
[2021.01.28-12.50.38:878][  0]LogConfig: Setting CVar [[r.Shadow.RadiusThreshold:0.01]]
[2021.01.28-12.50.38:879][  0]LogConfig: Setting CVar [[r.Shadow.DistanceScale:1.0]]
[2021.01.28-12.50.38:879][  0]LogConfig: Setting CVar [[r.Shadow.CSM.TransitionScale:1.0]]
[2021.01.28-12.50.38:879][  0]LogConfig: Setting CVar [[r.Shadow.PreShadowResolutionFactor:1.0]]
[2021.01.28-12.50.38:879][  0]LogConfig: Setting CVar [[r.DistanceFieldShadowing:1]]
[2021.01.28-12.50.38:879][  0]LogConfig: Setting CVar [[r.DistanceFieldAO:1]]
[2021.01.28-12.50.38:879][  0]LogConfig: Setting CVar [[r.AOQuality:2]]
[2021.01.28-12.50.38:879][  0]LogConfig: Setting CVar [[r.VolumetricFog:1]]
[2021.01.28-12.50.38:879][  0]LogConfig: Setting CVar [[r.VolumetricFog.GridPixelSize:8]]
[2021.01.28-12.50.38:879][  0]LogConfig: Setting CVar [[r.VolumetricFog.GridSizeZ:128]]
[2021.01.28-12.50.38:879][  0]LogConfig: Setting CVar [[r.VolumetricFog.HistoryMissSupersampleCount:4]]
[2021.01.28-12.50.38:879][  0]LogConfig: Setting CVar [[r.LightMaxDrawDistanceScale:1]]
[2021.01.28-12.50.38:879][  0]LogConfig: Setting CVar [[r.CapsuleShadows:1]]
[2021.01.28-12.50.38:879][  0]LogConfig: Applying CVar settings from Section [PostProcessQuality@3] File [D:/Unreal Engine/Network_Assignment/Network_Assignment/Saved/Config/Windows/Scalability.ini]
[2021.01.28-12.50.38:879][  0]LogConfig: Setting CVar [[r.MotionBlurQuality:4]]
[2021.01.28-12.50.38:879][  0]LogConfig: Setting CVar [[r.AmbientOcclusionMipLevelFactor:0.4]]
[2021.01.28-12.50.38:879][  0]LogConfig: Setting CVar [[r.AmbientOcclusionMaxQuality:100]]
[2021.01.28-12.50.38:879][  0]LogConfig: Setting CVar [[r.AmbientOcclusionLevels:-1]]
[2021.01.28-12.50.38:879][  0]LogConfig: Setting CVar [[r.AmbientOcclusionRadiusScale:1.0]]
[2021.01.28-12.50.38:879][  0]LogConfig: Setting CVar [[r.DepthOfFieldQuality:2]]
[2021.01.28-12.50.38:879][  0]LogConfig: Setting CVar [[r.RenderTargetPoolMin:400]]
[2021.01.28-12.50.38:879][  0]LogConfig: Setting CVar [[r.LensFlareQuality:2]]
[2021.01.28-12.50.38:879][  0]LogConfig: Setting CVar [[r.SceneColorFringeQuality:1]]
[2021.01.28-12.50.38:879][  0]LogConfig: Setting CVar [[r.EyeAdaptationQuality:2]]
[2021.01.28-12.50.38:880][  0]LogConfig: Setting CVar [[r.BloomQuality:5]]
[2021.01.28-12.50.38:880][  0]LogConfig: Setting CVar [[r.FastBlurThreshold:100]]
[2021.01.28-12.50.38:880][  0]LogConfig: Setting CVar [[r.Upscale.Quality:3]]
[2021.01.28-12.50.38:880][  0]LogConfig: Setting CVar [[r.Tonemapper.GrainQuantization:1]]
[2021.01.28-12.50.38:880][  0]LogConfig: Setting CVar [[r.LightShaftQuality:1]]
[2021.01.28-12.50.38:880][  0]LogConfig: Setting CVar [[r.Filter.SizeScale:1]]
[2021.01.28-12.50.38:880][  0]LogConfig: Setting CVar [[r.Tonemapper.Quality:5]]
[2021.01.28-12.50.38:880][  0]LogConfig: Setting CVar [[r.DOF.Gather.AccumulatorQuality:1        ; higher gathering accumulator quality]]
[2021.01.28-12.50.38:880][  0]LogConfig: Setting CVar [[r.DOF.Gather.PostfilterMethod:1          ; Median3x3 postfilering method]]
[2021.01.28-12.50.38:880][  0]LogConfig: Setting CVar [[r.DOF.Gather.EnableBokehSettings:0       ; no bokeh simulation when gathering]]
[2021.01.28-12.50.38:880][  0]LogConfig: Setting CVar [[r.DOF.Gather.RingCount:4                 ; medium number of samples when gathering]]
[2021.01.28-12.50.38:880][  0]LogConfig: Setting CVar [[r.DOF.Scatter.ForegroundCompositing:1    ; additive foreground scattering]]
[2021.01.28-12.50.38:880][  0]LogConfig: Setting CVar [[r.DOF.Scatter.BackgroundCompositing:2    ; additive background scattering]]
[2021.01.28-12.50.38:880][  0]LogConfig: Setting CVar [[r.DOF.Scatter.EnableBokehSettings:1      ; bokeh simulation when scattering]]
[2021.01.28-12.50.38:880][  0]LogConfig: Setting CVar [[r.DOF.Scatter.MaxSpriteRatio:0.1         ; only a maximum of 10% of scattered bokeh]]
[2021.01.28-12.50.38:880][  0]LogConfig: Setting CVar [[r.DOF.Recombine.Quality:1                ; cheap slight out of focus]]
[2021.01.28-12.50.38:880][  0]LogConfig: Setting CVar [[r.DOF.Recombine.EnableBokehSettings:0    ; no bokeh simulation on slight out of focus]]
[2021.01.28-12.50.38:880][  0]LogConfig: Setting CVar [[r.DOF.TemporalAAQuality:1                ; more stable temporal accumulation]]
[2021.01.28-12.50.38:880][  0]LogConfig: Setting CVar [[r.DOF.Kernel.MaxForegroundRadius:0.025]]
[2021.01.28-12.50.38:880][  0]LogConfig: Setting CVar [[r.DOF.Kernel.MaxBackgroundRadius:0.025]]
[2021.01.28-12.50.38:880][  0]LogConfig: Applying CVar settings from Section [TextureQuality@3] File [D:/Unreal Engine/Network_Assignment/Network_Assignment/Saved/Config/Windows/Scalability.ini]
[2021.01.28-12.50.38:880][  0]LogConfig: Setting CVar [[r.Streaming.MipBias:0]]
[2021.01.28-12.50.38:880][  0]LogConfig: Setting CVar [[r.Streaming.AmortizeCPUToGPUCopy:0]]
[2021.01.28-12.50.38:880][  0]LogConfig: Setting CVar [[r.Streaming.MaxNumTexturesToStreamPerFrame:0]]
[2021.01.28-12.50.38:881][  0]LogConfig: Setting CVar [[r.Streaming.Boost:1]]
[2021.01.28-12.50.38:881][  0]LogConfig: Setting CVar [[r.MaxAnisotropy:8]]
[2021.01.28-12.50.38:881][  0]LogConfig: Setting CVar [[r.VT.MaxAnisotropy:8]]
[2021.01.28-12.50.38:881][  0]LogConfig: Setting CVar [[r.Streaming.LimitPoolSizeToVRAM:0]]
[2021.01.28-12.50.38:881][  0]LogConfig: Setting CVar [[r.Streaming.PoolSize:1000]]
[2021.01.28-12.50.38:881][  0]LogConfig: Setting CVar [[r.Streaming.MaxEffectiveScreenSize:0]]
[2021.01.28-12.50.38:881][  0]LogConfig: Applying CVar settings from Section [EffectsQuality@3] File [D:/Unreal Engine/Network_Assignment/Network_Assignment/Saved/Config/Windows/Scalability.ini]
[2021.01.28-12.50.38:881][  0]LogConfig: Setting CVar [[r.TranslucencyLightingVolumeDim:64]]
[2021.01.28-12.50.38:881][  0]LogConfig: Setting CVar [[r.RefractionQuality:2]]
[2021.01.28-12.50.38:881][  0]LogConfig: Setting CVar [[r.SSR.Quality:3]]
[2021.01.28-12.50.38:881][  0]LogConfig: Setting CVar [[r.SSR.HalfResSceneColor:0]]
[2021.01.28-12.50.38:881][  0]LogConfig: Setting CVar [[r.SceneColorFormat:4]]
[2021.01.28-12.50.38:881][  0]LogConfig: Setting CVar [[r.DetailMode:2]]
[2021.01.28-12.50.38:881][  0]LogConfig: Setting CVar [[r.TranslucencyVolumeBlur:1]]
[2021.01.28-12.50.38:882][  0]LogConfig: Setting CVar [[r.MaterialQualityLevel:1 ; High quality]]
[2021.01.28-12.50.38:882][  0]LogConfig: Setting CVar [[r.SSS.Scale:1]]
[2021.01.28-12.50.38:882][  0]LogConfig: Setting CVar [[r.SSS.SampleSet:2]]
[2021.01.28-12.50.38:882][  0]LogConfig: Setting CVar [[r.SSS.Quality:1]]
[2021.01.28-12.50.38:882][  0]LogConfig: Setting CVar [[r.SSS.HalfRes:0]]
[2021.01.28-12.50.38:882][  0]LogConfig: Setting CVar [[r.SSGI.Quality:3]]
[2021.01.28-12.50.38:882][  0]LogConfig: Setting CVar [[r.EmitterSpawnRateScale:1.0]]
[2021.01.28-12.50.38:882][  0]LogConfig: Setting CVar [[r.ParticleLightQuality:2]]
[2021.01.28-12.50.38:882][  0]LogConfig: Setting CVar [[r.SkyAtmosphere.AerialPerspectiveLUT.FastApplyOnOpaque:1 ; Always have FastSkyLUT 1 in this case to avoid wrong sky]]
[2021.01.28-12.50.38:882][  0]LogConfig: Setting CVar [[r.SkyAtmosphere.AerialPerspectiveLUT.SampleCountPerSlice:1]]
[2021.01.28-12.50.38:882][  0]LogConfig: Setting CVar [[r.SkyAtmosphere.AerialPerspectiveLUT.DepthResolution:16.0]]
[2021.01.28-12.50.38:882][  0]LogConfig: Setting CVar [[r.SkyAtmosphere.FastSkyLUT:1]]
[2021.01.28-12.50.38:882][  0]LogConfig: Setting CVar [[r.SkyAtmosphere.FastSkyLUT.SampleCountMin:4.0]]
[2021.01.28-12.50.38:882][  0]LogConfig: Setting CVar [[r.SkyAtmosphere.FastSkyLUT.SampleCountMax:32.0]]
[2021.01.28-12.50.38:882][  0]LogConfig: Setting CVar [[r.SkyAtmosphere.SampleCountMin:4.0]]
[2021.01.28-12.50.38:882][  0]LogConfig: Setting CVar [[r.SkyAtmosphere.SampleCountMax:32.0]]
[2021.01.28-12.50.38:882][  0]LogConfig: Setting CVar [[r.SkyAtmosphere.TransmittanceLUT.UseSmallFormat:0]]
[2021.01.28-12.50.38:882][  0]LogConfig: Setting CVar [[r.SkyAtmosphere.TransmittanceLUT.SampleCount:10.0]]
[2021.01.28-12.50.38:882][  0]LogConfig: Setting CVar [[r.SkyAtmosphere.MultiScatteringLUT.SampleCount:15.0]]
[2021.01.28-12.50.38:882][  0]LogConfig: Applying CVar settings from Section [FoliageQuality@3] File [D:/Unreal Engine/Network_Assignment/Network_Assignment/Saved/Config/Windows/Scalability.ini]
[2021.01.28-12.50.38:882][  0]LogConfig: Setting CVar [[foliage.DensityScale:1.0]]
[2021.01.28-12.50.38:882][  0]LogConfig: Setting CVar [[grass.DensityScale:1.0]]
[2021.01.28-12.50.38:882][  0]LogConfig: Applying CVar settings from Section [ShadingQuality@3] File [D:/Unreal Engine/Network_Assignment/Network_Assignment/Saved/Config/Windows/Scalability.ini]
[2021.01.28-12.50.38:883][  0]LogConfig: Setting CVar [[r.HairStrands.SkyLighting.SampleCount:16]]
[2021.01.28-12.50.38:883][  0]LogConfig: Setting CVar [[r.HairStrands.SkyLighting.JitterIntegration:0]]
[2021.01.28-12.50.38:883][  0]LogConfig: Setting CVar [[r.HairStrands.SkyAO.SampleCount:16]]
[2021.01.28-12.50.38:883][  0]LogConfig: Setting CVar [[r.HairStrands.DeepShadow.SuperSampling:0]]
[2021.01.28-12.50.38:883][  0]LogConfig: Setting CVar [[r.HairStrands.VisibilityPPLL:0]]
[2021.01.28-12.50.38:883][  0]LogConfig: Setting CVar [[r.HairStrands.RasterizationScale:0.5]]
[2021.01.28-12.50.38:883][  0]LogConfig: Setting CVar [[r.HairStrands.VelocityRasterizationScale:1]]
[2021.01.28-12.50.38:883][  0]LogConfig: Applying CVar settings from Section [Startup] File [../../../Engine/Config/ConsoleVariables.ini]
[2021.01.28-12.50.38:883][  0]LogConfig: Setting CVar [[net.UseAdaptiveNetUpdateFrequency:0]]
[2021.01.28-12.50.38:883][  0]LogConfig: Setting CVar [[p.chaos.AllowCreatePhysxBodies:1]]
[2021.01.28-12.50.38:883][  0]LogConfig: Setting CVar [[fx.SkipVectorVMBackendOptimizations:1]]
[2021.01.28-12.50.38:884][  0]LogConfig: Applying CVar settings from Section [ConsoleVariables] File [D:/Unreal Engine/Network_Assignment/Network_Assignment/Saved/Config/Windows/Engine.ini]
[2021.01.28-12.50.38:884][  0]LogInit: Computer: LEON-DATOR
[2021.01.28-12.50.38:884][  0]LogInit: User: Leon
[2021.01.28-12.50.38:884][  0]LogInit: CPU Page size=4096, Cores=4
[2021.01.28-12.50.38:884][  0]LogInit: High frequency timer resolution =10.000000 MHz
[2021.01.28-12.50.38:884][  0]LogMemory: Memory total: Physical=15.9GB (16GB approx)
[2021.01.28-12.50.38:884][  0]LogMemory: Platform Memory Stats for Windows
[2021.01.28-12.50.38:884][  0]LogMemory: Process Physical Memory: 116.26 MB used, 116.26 MB peak
[2021.01.28-12.50.38:884][  0]LogMemory: Process Virtual Memory: 104.47 MB used, 104.47 MB peak
[2021.01.28-12.50.38:884][  0]LogMemory: Physical Memory: 9465.26 MB used,  6851.49 MB free, 16316.75 MB total
[2021.01.28-12.50.38:884][  0]LogMemory: Virtual Memory: 5100.69 MB used,  134212624.00 MB free, 134217728.00 MB total
[2021.01.28-12.50.38:902][  0]LogWindows: WindowsPlatformFeatures enabled
[2021.01.28-12.50.39:261][  0]LogInit: Physics initialised using underlying interface: PhysX
[2021.01.28-12.50.39:263][  0]LogInit: Using OS detected language (en-US).
[2021.01.28-12.50.39:263][  0]LogInit: Using OS detected locale (sv-SE).
[2021.01.28-12.50.39:268][  0]LogTextLocalizationManager: No specific localization for 'en-US' exists, so the 'en' localization will be used.
[2021.01.28-12.50.39:468][  0]LogInit: Setting process to per monitor DPI aware
[2021.01.28-12.50.39:550][  0]LogSlate: New Slate User Created.  User Index 0, Is Virtual User: 0
[2021.01.28-12.50.39:550][  0]LogSlate: Slate User Registered.  User Index 0, Is Virtual User: 0
[2021.01.28-12.50.40:033][  0]LogHMD: Failed to initialize OpenVR with code 105
[2021.01.28-12.50.40:033][  0]LogD3D11RHI: D3D11 min allowed feature level: 11_0
[2021.01.28-12.50.40:033][  0]LogD3D11RHI: D3D11 max allowed feature level: 11_0
[2021.01.28-12.50.40:033][  0]LogD3D11RHI: D3D11 adapters:
[2021.01.28-12.50.40:145][  0]LogD3D11RHI:    0. 'NVIDIA GeForce GTX 970' (Feature Level 11_0)
[2021.01.28-12.50.40:146][  0]LogD3D11RHI:       4043/0/8158 MB DedicatedVideo/DedicatedSystem/SharedSystem, Outputs:2, VendorId:0x10de
[2021.01.28-12.50.40:154][  0]LogD3D11RHI:    1. 'Microsoft Basic Render Driver' (Feature Level 11_0)
[2021.01.28-12.50.40:154][  0]LogD3D11RHI:       0/0/8158 MB DedicatedVideo/DedicatedSystem/SharedSystem, Outputs:0, VendorId:0x1414
[2021.01.28-12.50.40:154][  0]LogD3D11RHI: Chosen D3D11 Adapter: 0
[2021.01.28-12.50.40:162][  0]LogD3D11RHI: Creating new Direct3DDevice
[2021.01.28-12.50.40:162][  0]LogD3D11RHI:     GPU DeviceId: 0x13c2 (for the marketing name, search the web for "GPU Device Id")
[2021.01.28-12.50.40:162][  0]LogWindows: EnumDisplayDevices:
[2021.01.28-12.50.40:162][  0]LogWindows:    0. 'NVIDIA GeForce GTX 970' (P:0 D:1)
[2021.01.28-12.50.40:163][  0]LogWindows:    1. 'NVIDIA GeForce GTX 970' (P:1 D:1)
[2021.01.28-12.50.40:164][  0]LogWindows:    2. 'NVIDIA GeForce GTX 970' (P:0 D:0)
[2021.01.28-12.50.40:165][  0]LogWindows:    3. 'NVIDIA GeForce GTX 970' (P:0 D:0)
[2021.01.28-12.50.40:165][  0]LogWindows: DebugString: FoundDriverCount:4 
[2021.01.28-12.50.40:165][  0]LogD3D11RHI:     Adapter Name: NVIDIA GeForce GTX 970
[2021.01.28-12.50.40:165][  0]LogD3D11RHI:   Driver Version: 456.71 (internal:27.21.14.5671, unified:456.71)
[2021.01.28-12.50.40:166][  0]LogD3D11RHI:      Driver Date: 9-30-2020
[2021.01.28-12.50.40:166][  0]LogRHI: Texture pool is 2830 MB (70% of 4043 MB)
[2021.01.28-12.50.40:229][  0]LogD3D11RHI: RHI has support for 64 bit atomics
[2021.01.28-12.50.40:229][  0]LogD3D11RHI: Async texture creation enabled
[2021.01.28-12.50.40:229][  0]LogD3D11RHI: Array index from any shader is supported
[2021.01.28-12.50.40:274][  0]LogD3D11RHI: GPU Timing Frequency: 1000.000000 (Debug: 2 1)
[2021.01.28-12.50.40:822][  0]LogTargetPlatformManager: Display: Loaded TargetPlatform 'AllDesktop'
[2021.01.28-12.50.40:851][  0]LogTargetPlatformManager: Display: Loaded TargetPlatform 'Android'
[2021.01.28-12.50.40:851][  0]LogTargetPlatformManager: Display: Loaded TargetPlatform 'Android_ASTC'
[2021.01.28-12.50.40:851][  0]LogTargetPlatformManager: Display: Loaded TargetPlatform 'Android_DXT'
[2021.01.28-12.50.40:851][  0]LogTargetPlatformManager: Display: Loaded TargetPlatform 'Android_ETC2'
[2021.01.28-12.50.40:851][  0]LogTargetPlatformManager: Display: Loaded TargetPlatform 'AndroidClient'
[2021.01.28-12.50.40:851][  0]LogTargetPlatformManager: Display: Loaded TargetPlatform 'Android_ASTCClient'
[2021.01.28-12.50.40:852][  0]LogTargetPlatformManager: Display: Loaded TargetPlatform 'Android_DXTClient'
[2021.01.28-12.50.40:852][  0]LogTargetPlatformManager: Display: Loaded TargetPlatform 'Android_ETC2Client'
[2021.01.28-12.50.40:852][  0]LogTargetPlatformManager: Display: Loaded TargetPlatform 'Android_Multi'
[2021.01.28-12.50.40:853][  0]LogTargetPlatformManager: Display: Loaded TargetPlatform 'Android_MultiClient'
[2021.01.28-12.50.40:896][  0]LogTargetPlatformManager: Display: Loaded TargetPlatform 'IOSClient'
[2021.01.28-12.50.40:897][  0]LogTargetPlatformManager: Display: Loaded TargetPlatform 'IOS'
[2021.01.28-12.50.40:914][  0]LogTargetPlatformManager: Display: Loaded TargetPlatform 'Linux'
[2021.01.28-12.50.40:930][  0]LogTargetPlatformManager: Display: Loaded TargetPlatform 'LinuxNoEditor'
[2021.01.28-12.50.40:945][  0]LogTargetPlatformManager: Display: Loaded TargetPlatform 'LinuxClient'
[2021.01.28-12.50.40:961][  0]LogTargetPlatformManager: Display: Loaded TargetPlatform 'LinuxServer'
[2021.01.28-12.50.40:978][  0]LogTargetPlatformManager: Display: Loaded TargetPlatform 'LinuxAArch64NoEditor'
[2021.01.28-12.50.40:996][  0]LogTargetPlatformManager: Display: Loaded TargetPlatform 'LinuxAArch64Client'
[2021.01.28-12.50.41:017][  0]LogTargetPlatformManager: Display: Loaded TargetPlatform 'LinuxAArch64Server'
[2021.01.28-12.50.41:062][  0]LogTargetPlatformManager: Display: Loaded TargetPlatform 'Lumin'
[2021.01.28-12.50.41:062][  0]LogTargetPlatformManager: Display: Loaded TargetPlatform 'LuminClient'
[2021.01.28-12.50.41:091][  0]LogTargetPlatformManager: Display: Loaded TargetPlatform 'TVOSClient'
[2021.01.28-12.50.41:091][  0]LogTargetPlatformManager: Display: Loaded TargetPlatform 'TVOS'
[2021.01.28-12.50.41:107][  0]LogTargetPlatformManager: Display: Loaded TargetPlatform 'WindowsNoEditor'
[2021.01.28-12.50.41:125][  0]LogTargetPlatformManager: Display: Loaded TargetPlatform 'Windows'
[2021.01.28-12.50.41:141][  0]LogTargetPlatformManager: Display: Loaded TargetPlatform 'WindowsClient'
[2021.01.28-12.50.41:156][  0]LogTargetPlatformManager: Display: Loaded TargetPlatform 'WindowsServer'
[2021.01.28-12.50.41:156][  0]LogTargetPlatformManager: Display: Building Assets For Windows
[2021.01.28-12.50.41:182][  0]LogAudioDebug: Display: Lib vorbis DLL was dynamically loaded.
[2021.01.28-12.50.41:334][  0]LogShaderCompilers: Guid format shader working directory is -21 characters bigger than the processId version (../../../../../Unreal Engine/Network_Assignment/Network_Assignment/Intermediate/Shaders/WorkingDirectory/2372/).
[2021.01.28-12.50.41:334][  0]LogShaderCompilers: Cleaned the shader compiler working directory 'C:/Users/Leon/AppData/Local/Temp/UnrealShaderWorkingDir/140BF60547F1D779EF4DF4A2A42C0319/'.
[2021.01.28-12.50.41:335][  0]LogXGEController: Cannot use XGE Controller as Incredibuild is not installed on this machine.
[2021.01.28-12.50.41:335][  0]LogShaderCompilers: Cannot use XGE Shader Compiler as Incredibuild is not installed on this machine.
[2021.01.28-12.50.41:335][  0]LogShaderCompilers: Display: Using Local Shader Compiler.
[2021.01.28-12.50.42:349][  0]LogDerivedDataCache: Display: Max Cache Size: 512 MB
[2021.01.28-12.50.42:403][  0]LogDerivedDataCache: Loaded boot cache 0.05s 76MB C:/Users/Leon/AppData/Local/UnrealEngine/4.25/DerivedDataCache/Boot.ddc.
[2021.01.28-12.50.42:403][  0]LogDerivedDataCache: Display: Loaded Boot cache: C:/Users/Leon/AppData/Local/UnrealEngine/4.25/DerivedDataCache/Boot.ddc
[2021.01.28-12.50.42:403][  0]LogDerivedDataCache: FDerivedDataBackendGraph:  Pak pak cache file ../../../../../Unreal Engine/Network_Assignment/Network_Assignment/DerivedDataCache/DDC.ddp not found, will not use a pak cache.
[2021.01.28-12.50.42:403][  0]LogDerivedDataCache: Unable to find inner node Pak for hierarchical cache Hierarchy.
[2021.01.28-12.50.42:404][  0]LogDerivedDataCache: FDerivedDataBackendGraph:  CompressedPak pak cache file ../../../../../Unreal Engine/Network_Assignment/Network_Assignment/DerivedDataCache/Compressed.ddp not found, will not use a pak cache.
[2021.01.28-12.50.42:404][  0]LogDerivedDataCache: Unable to find inner node CompressedPak for hierarchical cache Hierarchy.
[2021.01.28-12.50.42:415][  0]LogDerivedDataCache: Display: Pak cache opened for reading ../../../Engine/DerivedDataCache/Compressed.ddp.
[2021.01.28-12.50.42:415][  0]LogDerivedDataCache: FDerivedDataBackendGraph:  EnterprisePak pak cache file ../../../Enterprise/DerivedDataCache/Compressed.ddp not found, will not use a pak cache.
[2021.01.28-12.50.42:415][  0]LogDerivedDataCache: Unable to find inner node EnterprisePak for hierarchical cache Hierarchy.
[2021.01.28-12.50.42:418][  0]LogDerivedDataCache: Using Local data cache path C:/Users/Leon/AppData/Local/UnrealEngine/Common/DerivedDataCache: Writable
[2021.01.28-12.50.42:418][  0]LogDerivedDataCache: Shared data cache path not found in *engine.ini, will not use an Shared cache.
[2021.01.28-12.50.42:418][  0]LogDerivedDataCache: Unable to find inner node Shared for hierarchical cache Hierarchy.
[2021.01.28-12.50.42:483][  0]LogSlate: Using FreeType 2.10.0
[2021.01.28-12.50.42:485][  0]LogSlate: SlateFontServices - WITH_FREETYPE: 1, WITH_HARFBUZZ: 1
[2021.01.28-12.50.42:549][  0]LogAssetRegistry: FAssetRegistry took 0.0054 seconds to start up
[2021.01.28-12.50.42:857][  0]LogInit: Selected Device Profile: [Windows]
[2021.01.28-12.50.43:065][  0]LogMeshReduction: Using QuadricMeshReduction for automatic static mesh reduction
[2021.01.28-12.50.43:065][  0]LogMeshReduction: Using SimplygonMeshReduction for automatic skeletal mesh reduction
[2021.01.28-12.50.43:065][  0]LogMeshReduction: Using ProxyLODMeshReduction for automatic mesh merging
[2021.01.28-12.50.43:065][  0]LogMeshReduction: No distributed automatic mesh merging module available
[2021.01.28-12.50.43:065][  0]LogMeshMerging: No distributed automatic mesh merging module available
[2021.01.28-12.50.43:094][  0]LogNetVersion: Network_Assignment 1.0.0, NetCL: 13144385, EngineNetVer: 14, GameNetVer: 0 (Checksum: 1997309246)
[2021.01.28-12.50.43:777][  0]LogAISub: UAISubsystem::UAISubsystem AISubsystem (00000206C94D41C0), frame # 0
[2021.01.28-12.50.43:777][  0]LogAISub: UAISubsystem::UAISubsystem AIPerceptionSystem (00000206CA419E40), frame # 0
[2021.01.28-12.50.43:779][  0]LogAISub: UAISubsystem::UAISubsystem EnvQueryManager (00000206C9471E00), frame # 0
[2021.01.28-12.50.43:849][  0]LogPackageLocalizationCache: Processed 19 localized package path(s) for 1 prioritized culture(s) in 0.061956 seconds
[2021.01.28-12.50.43:855][  0]LogUObjectArray: 15917 objects as part of root set at end of initial load.
[2021.01.28-12.50.43:855][  0]LogUObjectAllocator: 3965568 out of 0 bytes used by permanent object pool.
[2021.01.28-12.50.43:855][  0]LogUObjectArray: CloseDisregardForGC: 0/0 objects in disregard for GC pool
[2021.01.28-12.50.44:565][  0]LogTcpMessaging: Initializing TcpMessaging bridge
[2021.01.28-12.50.44:574][  0]LogUdpMessaging: Initializing bridge on interface 0.0.0.0:0 to multicast group 230.0.0.1:6666.
[2021.01.28-12.50.44:975][  0]SourceControl: Source control is disabled
[2021.01.28-12.50.44:976][  0]SourceControl: Source control is disabled
[2021.01.28-12.50.44:984][  0]SourceControl: Source control is disabled
[2021.01.28-12.50.44:991][  0]SourceControl: Source control is disabled
[2021.01.28-12.50.45:010][  0]SourceControl: Source control is disabled
[2021.01.28-12.50.45:521][  0]LogAndroidPermission: UAndroidPermissionCallbackProxy::GetInstance
[2021.01.28-12.50.45:568][  0]LogAudioCaptureCore: Display: No Audio Capture implementations found. Audio input will be silent.
[2021.01.28-12.50.45:568][  0]LogAudioCaptureCore: Display: No Audio Capture implementations found. Audio input will be silent.
[2021.01.28-12.50.45:666][  0]LogOcInput: OculusInput pre-init called
[2021.01.28-12.50.45:687][  0]LogWindows: Failed to load 'OVRPlugin.dll' (GetLastError=126)
[2021.01.28-12.50.45:687][  0]LogWindows: File 'OVRPlugin.dll' does not exist
[2021.01.28-12.50.45:789][  0]LogEngine: Initializing Engine...
[2021.01.28-12.50.45:805][  0]LogHMD: Failed to initialize OpenVR with code 105
[2021.01.28-12.50.45:805][  0]LogMagicLeap: Warning: VR disabled because ZI is not enabled.  To enable, in the editor, Edit -> Project Settings -> Plugins -> Magic Leap Plugin -> Enable Zero Iteration
[2021.01.28-12.50.45:807][  0]LogStats: UGameplayTagsManager::InitializeManager -  0.000 s
[2021.01.28-12.50.45:954][  0]LogInit: Initializing FReadOnlyCVARCache
[2021.01.28-12.50.45:967][  0]LogAIModule: Creating AISystem for world Untitled
[2021.01.28-12.50.45:967][  0]LogAISub: UAISubsystem::UAISubsystem EnvQueryManager (00000206CB8C5600), frame # 0
[2021.01.28-12.50.45:967][  0]LogAISub: UAISubsystem::UAISubsystem AIPerceptionSystem (00000206CB89FB00), frame # 0
[2021.01.28-12.50.45:985][  0]LogAudioMixer: Display: Audio Mixer Platform Settings:
[2021.01.28-12.50.45:985][  0]LogAudioMixer: Display: 	Sample Rate:						  48000
[2021.01.28-12.50.45:985][  0]LogAudioMixer: Display: 	Callback Buffer Frame Size Requested: 1024
[2021.01.28-12.50.45:985][  0]LogAudioMixer: Display: 	Callback Buffer Frame Size To Use:	  1024
[2021.01.28-12.50.45:985][  0]LogAudioMixer: Display: 	Number of buffers to queue:			  2
[2021.01.28-12.50.45:985][  0]LogAudioMixer: Display: 	Max Channels (voices):				  32
[2021.01.28-12.50.45:986][  0]LogAudioMixer: Display: 	Number of Async Source Workers:		  0
[2021.01.28-12.50.45:986][  0]LogAudio: Display: AudioDevice MaxSources: 32
[2021.01.28-12.50.45:987][  0]LogAudio: Display: Using built-in audio occlusion.
[2021.01.28-12.50.45:987][  0]LogAudioMixer: Display: Initializing audio mixer.
[2021.01.28-12.50.46:022][  0]LogAudioMixer: Display: 0: FrontLeft
[2021.01.28-12.50.46:022][  0]LogAudioMixer: Display: 1: FrontRight
[2021.01.28-12.50.46:022][  0]LogAudioMixer: Display: 2: FrontCenter
[2021.01.28-12.50.46:022][  0]LogAudioMixer: Display: 3: LowFrequency
[2021.01.28-12.50.46:022][  0]LogAudioMixer: Display: 4: BackLeft
[2021.01.28-12.50.46:022][  0]LogAudioMixer: Display: 5: BackRight
[2021.01.28-12.50.46:022][  0]LogAudioMixer: Display: 6: SideLeft
[2021.01.28-12.50.46:023][  0]LogAudioMixer: Display: 7: SideRight
[2021.01.28-12.50.46:149][  0]LogAudioMixer: Display: Using Audio Device Högtalare (Realtek High Definition Audio)
[2021.01.28-12.50.46:153][  0]LogAudioMixer: Display: Initializing Sound Submixes...
[2021.01.28-12.50.46:157][  0]LogAudioMixer: Display: Creating Master Submix 'MasterSubmixDefault'
[2021.01.28-12.50.46:157][  0]LogAudioMixer: Display: Creating Master Submix 'MasterReverbSubmixDefault'
[2021.01.28-12.50.46:158][  0]LogAudioMixer: Display: Creating Master Submix 'MasterEQSubmixDefault'
[2021.01.28-12.50.46:161][  0]LogInit: FAudioDevice initialized.
[2021.01.28-12.50.46:161][  0]LogNetVersion: Set ProjectVersion to 1.0.0.0. Version Checksum will be recalculated on next use.
[2021.01.28-12.50.46:369][  0]LogDerivedDataCache: Saved boot cache 0.21s 76MB C:/Users/Leon/AppData/Local/UnrealEngine/4.25/DerivedDataCache/Boot.ddc.
[2021.01.28-12.50.46:371][  0]LogInit: Texture streaming: Enabled
[2021.01.28-12.50.46:411][  0]LogEngineSessionManager: EngineSessionManager initialized
[2021.01.28-12.50.46:411][  0]LogEngineSessionManager: EngineSessionManager sent abnormal shutdown report. Type=Debugger, SessionId={7BFF0AD8-453C-A503-2381-52A4A2CE3F64}
[2021.01.28-12.50.46:411][  0]LogEditorSessionSummary: Verbose: Initializing EditorSessionSummaryWriter for editor session tracking
[2021.01.28-12.50.46:431][  0]LogEditorSessionSummary: EditorSessionSummaryWriter initialized
[2021.01.28-12.50.46:493][  0]LogInit: Transaction tracking system initialized
[2021.01.28-12.50.46:552][  0]BlueprintLog: New page: Editor Load
[2021.01.28-12.50.46:740][  0]LocalizationService: Localization service is disabled
[2021.01.28-12.50.47:049][  0]LogCook: Display: Max memory allowance for cook 16384mb min free memory 0mb
[2021.01.28-12.50.47:049][  0]LogCook: Display: Mobile HDR setting 1
[2021.01.28-12.50.47:369][  0]LogFileCache: Scanning file cache for directory 'D:/Unreal Engine/Network_Assignment/Network_Assignment/Content/' took 0.01s
[2021.01.28-12.50.47:933][  0]SourceControl: Source control is disabled
[2021.01.28-12.50.47:933][  0]LogUnrealEdMisc: Loading editor; pre map load, took 14.282
[2021.01.28-12.50.47:933][  0]Cmd: MAP LOAD FILE="../../../../../Unreal Engine/Network_Assignment/Network_Assignment/Content/Maps/MY_Map.umap" TEMPLATE=0 SHOWPROGRESS=1 FEATURELEVEL=3
[2021.01.28-12.50.47:934][  0]LightingResults: New page: Lighting Build
[2021.01.28-12.50.47:935][  0]LogWorld: UWorld::CleanupWorld for Untitled, bSessionEnded=true, bCleanupResources=true
[2021.01.28-12.50.47:935][  0]LogSlate: InvalidateAllWidgets triggered.  All widgets were invalidated
[2021.01.28-12.50.47:935][  0]MapCheck: New page: Map Check
[2021.01.28-12.50.47:935][  0]LightingResults: New page: Lighting Build
[2021.01.28-12.50.48:080][  0]LogAISub: UAISubsystem::~UAISubsystem EnvQueryManager (00000206CB8C5600), frame # 0
[2021.01.28-12.50.48:080][  0]LogAISub: UAISubsystem::~UAISubsystem AIPerceptionSystem (00000206CB89FB00), frame # 0
[2021.01.28-12.50.48:081][  0]LogUObjectHash: Compacting FUObjectHashTables data took   0.95ms
[2021.01.28-12.50.48:364][  0]LogAIModule: Creating AISystem for world My_Map
[2021.01.28-12.50.48:369][  0]LogAISub: UAISubsystem::UAISubsystem EnvQueryManager (00000206C1073E00), frame # 0
[2021.01.28-12.50.48:370][  0]LogAISub: UAISubsystem::UAISubsystem AIPerceptionSystem (00000206C166DA80), frame # 0
[2021.01.28-12.50.48:378][  0]LogEditorServer: Finished looking for orphan Actors (0.000 secs)
[2021.01.28-12.50.48:455][  0]LogUObjectHash: Compacting FUObjectHashTables data took   0.99ms
[2021.01.28-12.50.48:455][  0]Cmd: MAP CHECKDEP NOCLEARLOG
[2021.01.28-12.50.48:455][  0]MapCheck: Map check complete: 0 Error(s), 0 Warning(s), took 0,098ms to complete.
[2021.01.28-12.50.48:456][  0]LogFileHelpers: Loading map 'MY_Map' took 0.523
[2021.01.28-12.50.48:459][  0]LogUnrealEdMisc: Total Editor Startup Time, took 14.808
[2021.01.28-12.50.48:604][  0]LogSlate: Updating window title bar state: overlay mode, drag disabled, window buttons hidden, title bar hidden
[2021.01.28-12.50.48:613][  0]LogSlate: Updating window title bar state: overlay mode, drag disabled, window buttons hidden, title bar hidden
[2021.01.28-12.50.48:623][  0]LogSlate: Updating window title bar state: overlay mode, drag disabled, window buttons hidden, title bar hidden
[2021.01.28-12.50.48:632][  0]LogSlate: Updating window title bar state: overlay mode, drag disabled, window buttons hidden, title bar hidden
[2021.01.28-12.50.48:651][  0]LogCollectionManager: Loaded 0 collections in 0.001883 seconds
[2021.01.28-12.50.48:678][  0]LogFileCache: Scanning file cache for directory 'D:/Unreal Engine/Network_Assignment/Network_Assignment/Saved/Collections/' took 0.00s
[2021.01.28-12.50.48:679][  0]LogFileCache: Scanning file cache for directory 'D:/Unreal Engine/Network_Assignment/Network_Assignment/Content/Developers/Leon/Collections/' took 0.00s
[2021.01.28-12.50.48:679][  0]LogFileCache: Scanning file cache for directory 'D:/Unreal Engine/Network_Assignment/Network_Assignment/Content/Collections/' took 0.00s
[2021.01.28-12.50.48:679][  0]LogContentBrowser: Native class hierarchy populated in 0.0138 seconds. Added 3434 classes and 823 folders.
[2021.01.28-12.50.48:684][  0]LogContentBrowser: Native class hierarchy updated for 'WidgetCarousel' in 0.0007 seconds. Added 0 classes and 0 folders.
[2021.01.28-12.50.48:884][  0]LogContentBrowser: Native class hierarchy updated for 'AddContentDialog' in 0.0007 seconds. Added 0 classes and 0 folders.
[2021.01.28-12.50.48:890][  0]LogContentBrowser: Native class hierarchy updated for 'SceneOutliner' in 0.0007 seconds. Added 2 classes and 0 folders.
[2021.01.28-12.50.49:039][  0]LogSlate: Took 0.000347 seconds to synchronously load lazily loaded font '../../../Engine/Content/Slate/Fonts/Roboto-Regular.ttf' (155K)
[2021.01.28-12.50.49:047][  0]LogSlate: Took 0.000355 seconds to synchronously load lazily loaded font '../../../Engine/Content/Slate/Fonts/Roboto-Bold.ttf' (160K)
[2021.01.28-12.50.49:056][  0]LogSlate: Took 0.000437 seconds to synchronously load lazily loaded font '../../../Engine/Content/Editor/Slate/Fonts/FontAwesome.ttf' (139K)
[2021.01.28-12.50.49:151][  0]LogRenderer: Reallocating scene render targets to support 1096x584 Format 10 NumSamples 1 (Frame:1).
[2021.01.28-12.50.49:400][  0]LogContentBrowser: Native class hierarchy updated for 'HierarchicalLODOutliner' in 0.0009 seconds. Added 0 classes and 0 folders.
[2021.01.28-12.50.49:400][  0]LogLoad: (Engine Initialization) Total time: 15.75 seconds
[2021.01.28-12.50.49:400][  0]LogLoad: (Engine Initialization) Total Blueprint compile time: 0.00 seconds
[2021.01.28-12.50.49:452][  0]LogAssetRegistry: Asset discovery search completed in 6.9080 seconds
[2021.01.28-12.50.49:457][  0]LogCollectionManager: Fixed up redirectors for 0 collections in 0.000002 seconds (updated 0 objects)
[2021.01.28-12.50.49:458][  0]LogContentStreaming: Texture pool size now 1000 MB
[2021.01.28-12.50.49:498][  0]LogSlate: Took 0.000416 seconds to synchronously load lazily loaded font '../../../Engine/Content/Slate/Fonts/Roboto-Light.ttf' (167K)
[2021.01.28-12.50.50:889][ 12]LogSlate: Took 0.000467 seconds to synchronously load lazily loaded font '../../../Engine/Content/Slate/Fonts/Roboto-Light.ttf' (167K)
[2021.01.28-12.52.06:785][300]LogTemp: Repeating last play command: New Editor Window (PIE)
[2021.01.28-12.52.06:809][300]LogPlayLevel: PlayLevel: No blueprints needed recompiling
[2021.01.28-12.52.06:810][300]PIE: New page: PIE session: MY_Map (28 jan. 2021 14:52:06)
[2021.01.28-12.52.06:812][300]LogOnline: OSS: Creating online subsystem instance for: NULL
[2021.01.28-12.52.06:814][300]LogOnline: OSS: TryLoadSubsystemAndSetDefault: Loaded subsystem for module [NULL]
[2021.01.28-12.52.06:814][300]LogPlayLevel: Creating play world package: /Game/Maps/UEDPIE_0_MY_Map
[2021.01.28-12.52.06:821][300]LogPlayLevel: PIE: StaticDuplicateObject took: (0.007289s)
[2021.01.28-12.52.06:822][300]LogAIModule: Creating AISystem for world My_Map
[2021.01.28-12.52.06:823][300]LogAISub: UAISubsystem::UAISubsystem EnvQueryManager (00000206E8E17E00), frame # 300
[2021.01.28-12.52.06:823][300]LogAISub: UAISubsystem::UAISubsystem AIPerceptionSystem (00000206C1637100), frame # 300
[2021.01.28-12.52.06:823][300]LogPlayLevel: PIE: World Init took: (0.001555s)
[2021.01.28-12.52.06:823][300]LogPlayLevel: PIE: Created PIE world by copying editor world from /Game/Maps/MY_Map.My_Map to /Game/Maps/UEDPIE_0_MY_Map.My_Map (0.009252s)
[2021.01.28-12.52.06:834][300]LogUObjectHash: Compacting FUObjectHashTables data took   0.69ms
[2021.01.28-12.52.06:838][300]LogAudioMixer: Display: Audio Mixer Platform Settings:
[2021.01.28-12.52.06:838][300]LogAudioMixer: Display: 	Sample Rate:						  48000
[2021.01.28-12.52.06:838][300]LogAudioMixer: Display: 	Callback Buffer Frame Size Requested: 1024
[2021.01.28-12.52.06:839][300]LogAudioMixer: Display: 	Callback Buffer Frame Size To Use:	  1024
[2021.01.28-12.52.06:839][300]LogAudioMixer: Display: 	Number of buffers to queue:			  2
[2021.01.28-12.52.06:839][300]LogAudioMixer: Display: 	Max Channels (voices):				  32
[2021.01.28-12.52.06:839][300]LogAudioMixer: Display: 	Number of Async Source Workers:		  0
[2021.01.28-12.52.06:839][300]LogAudio: Display: AudioDevice MaxSources: 32
[2021.01.28-12.52.06:839][300]LogAudio: Display: Using built-in audio occlusion.
[2021.01.28-12.52.06:839][300]LogAudioMixer: Display: Initializing audio mixer.
[2021.01.28-12.52.06:849][300]LogAudioMixer: Display: 0: FrontLeft
[2021.01.28-12.52.06:849][300]LogAudioMixer: Display: 1: FrontRight
[2021.01.28-12.52.06:849][300]LogAudioMixer: Display: 2: FrontCenter
[2021.01.28-12.52.06:849][300]LogAudioMixer: Display: 3: LowFrequency
[2021.01.28-12.52.06:849][300]LogAudioMixer: Display: 4: BackLeft
[2021.01.28-12.52.06:849][300]LogAudioMixer: Display: 5: BackRight
[2021.01.28-12.52.06:850][300]LogAudioMixer: Display: 6: SideLeft
[2021.01.28-12.52.06:850][300]LogAudioMixer: Display: 7: SideRight
[2021.01.28-12.52.06:912][300]LogAudioMixer: Display: Using Audio Device Högtalare (Realtek High Definition Audio)
[2021.01.28-12.52.06:912][300]LogAudioMixer: Display: Initializing Sound Submixes...
[2021.01.28-12.52.06:912][300]LogAudioMixer: Display: Creating Master Submix 'MasterSubmixDefault'
[2021.01.28-12.52.06:912][300]LogAudioMixer: Display: Creating Master Submix 'MasterReverbSubmixDefault'
[2021.01.28-12.52.06:913][300]LogAudioMixer: Display: Creating Master Submix 'MasterEQSubmixDefault'
[2021.01.28-12.52.06:929][300]LogInit: FAudioDevice initialized.
[2021.01.28-12.52.06:956][300]LogSlate: Updating window title bar state: overlay mode, drag disabled, window buttons hidden, title bar hidden
[2021.01.28-12.52.06:957][300]LogLoad: Game class is 'BP_Network_AssignmentGameMode_C'
[2021.01.28-12.52.06:960][300]LogWorld: Bringing World /Game/Maps/UEDPIE_0_MY_Map.My_Map up for play (max tick rate 0) at 2021.01.28-13.52.06
[2021.01.28-12.52.06:962][300]LogWorld: Bringing up level for play took: 0.002170
[2021.01.28-12.52.06:962][300]LogOnline: OSS: Creating online subsystem instance for: :Context_1
[2021.01.28-12.52.06:972][300]LogContentBrowser: Native class hierarchy updated for 'MovieSceneCapture' in 0.0008 seconds. Added 20 classes and 0 folders.
[2021.01.28-12.52.06:974][300]LogNet: ReplicationDriverClass is null! Not using ReplicationDriver.
[2021.01.28-12.52.06:974][300]LogNetCore: DDoS detection status: detection enabled: 0 analytics enabled: 0
[2021.01.28-12.52.06:974][300]LogInit: WinSock: Socket queue. Rx: 131072 (config 131072) Tx: 131072 (config 131072)
[2021.01.28-12.52.06:974][300]LogNet: Created socket for bind address: 0.0.0.0 on port 17777
[2021.01.28-12.52.06:974][300]PacketHandlerLog: Loaded PacketHandler component: Engine.EngineHandlerComponentFactory (StatelessConnectHandlerComponent)
[2021.01.28-12.52.06:975][300]LogNet: GameNetDriver IpNetDriver_0 IpNetDriver listening on port 17777
[2021.01.28-12.52.06:980][300]PIE: Server logged in
[2021.01.28-12.52.06:981][300]PIE: Play in editor total start time 0,181 seconds.
[2021.01.28-12.52.06:984][300]LogAudioMixer: Display: Audio Mixer Platform Settings:
[2021.01.28-12.52.06:984][300]LogAudioMixer: Display: 	Sample Rate:						  48000
[2021.01.28-12.52.06:984][300]LogAudioMixer: Display: 	Callback Buffer Frame Size Requested: 1024
[2021.01.28-12.52.06:984][300]LogAudioMixer: Display: 	Callback Buffer Frame Size To Use:	  1024
[2021.01.28-12.52.06:984][300]LogAudioMixer: Display: 	Number of buffers to queue:			  2
[2021.01.28-12.52.06:986][300]LogAudioMixer: Display: 	Max Channels (voices):				  32
[2021.01.28-12.52.06:986][300]LogAudioMixer: Display: 	Number of Async Source Workers:		  0
[2021.01.28-12.52.06:986][300]LogAudio: Display: AudioDevice MaxSources: 32
[2021.01.28-12.52.06:986][300]LogAudio: Display: Using built-in audio occlusion.
[2021.01.28-12.52.06:986][300]LogAudioMixer: Display: Initializing audio mixer.
[2021.01.28-12.52.06:995][300]LogAudioMixer: Display: 0: FrontLeft
[2021.01.28-12.52.06:996][300]LogAudioMixer: Display: 1: FrontRight
[2021.01.28-12.52.06:996][300]LogAudioMixer: Display: 2: FrontCenter
[2021.01.28-12.52.06:996][300]LogAudioMixer: Display: 3: LowFrequency
[2021.01.28-12.52.06:996][300]LogAudioMixer: Display: 4: BackLeft
[2021.01.28-12.52.06:996][300]LogAudioMixer: Display: 5: BackRight
[2021.01.28-12.52.06:996][300]LogAudioMixer: Display: 6: SideLeft
[2021.01.28-12.52.06:996][300]LogAudioMixer: Display: 7: SideRight
[2021.01.28-12.52.07:054][300]LogAudioMixer: Display: Using Audio Device Högtalare (Realtek High Definition Audio)
[2021.01.28-12.52.07:055][300]LogAudioMixer: Display: Initializing Sound Submixes...
[2021.01.28-12.52.07:055][300]LogAudioMixer: Display: Creating Master Submix 'MasterSubmixDefault'
[2021.01.28-12.52.07:055][300]LogAudioMixer: Display: Creating Master Submix 'MasterReverbSubmixDefault'
[2021.01.28-12.52.07:056][300]LogAudioMixer: Display: Creating Master Submix 'MasterEQSubmixDefault'
[2021.01.28-12.52.07:072][300]LogInit: FAudioDevice initialized.
[2021.01.28-12.52.07:107][300]LogSlate: Updating window title bar state: overlay mode, drag disabled, window buttons hidden, title bar hidden
[2021.01.28-12.52.07:111][300]LogNet: Browse: 127.0.0.1:17777/Game/StarterContent/Maps/Minimal_Default
[2021.01.28-12.52.07:111][300]LogInit: WinSock: Socket queue. Rx: 32768 (config 32768) Tx: 32768 (config 32768)
[2021.01.28-12.52.07:114][300]LogNet: Created socket for bind address: 0.0.0.0 on port 0
[2021.01.28-12.52.07:114][300]PacketHandlerLog: Loaded PacketHandler component: Engine.EngineHandlerComponentFactory (StatelessConnectHandlerComponent)
[2021.01.28-12.52.07:115][300]LogNet: Game client on port 17777, rate 10000
[2021.01.28-12.52.07:117][300]PIE: Client logged in
[2021.01.28-12.52.07:122][300]PIE: Play in editor total start time 0,321 seconds.
[2021.01.28-12.52.07:124][300]LogAudioMixer: Display: Audio Mixer Platform Settings:
[2021.01.28-12.52.07:128][300]LogAudioMixer: Display: 	Sample Rate:						  48000
[2021.01.28-12.52.07:128][300]LogAudioMixer: Display: 	Callback Buffer Frame Size Requested: 1024
[2021.01.28-12.52.07:128][300]LogAudioMixer: Display: 	Callback Buffer Frame Size To Use:	  1024
[2021.01.28-12.52.07:129][300]LogAudioMixer: Display: 	Number of buffers to queue:			  2
[2021.01.28-12.52.07:129][300]LogAudioMixer: Display: 	Max Channels (voices):				  32
[2021.01.28-12.52.07:129][300]LogAudioMixer: Display: 	Number of Async Source Workers:		  0
[2021.01.28-12.52.07:130][300]LogAudio: Display: AudioDevice MaxSources: 32
[2021.01.28-12.52.07:131][300]LogAudio: Display: Using built-in audio occlusion.
[2021.01.28-12.52.07:131][300]LogAudioMixer: Display: Initializing audio mixer.
[2021.01.28-12.52.07:140][300]LogAudioMixer: Display: 0: FrontLeft
[2021.01.28-12.52.07:141][300]LogAudioMixer: Display: 1: FrontRight
[2021.01.28-12.52.07:141][300]LogAudioMixer: Display: 2: FrontCenter
[2021.01.28-12.52.07:141][300]LogAudioMixer: Display: 3: LowFrequency
[2021.01.28-12.52.07:142][300]LogAudioMixer: Display: 4: BackLeft
[2021.01.28-12.52.07:142][300]LogAudioMixer: Display: 5: BackRight
[2021.01.28-12.52.07:142][300]LogAudioMixer: Display: 6: SideLeft
[2021.01.28-12.52.07:142][300]LogAudioMixer: Display: 7: SideRight
[2021.01.28-12.52.07:205][300]LogAudioMixer: Display: Using Audio Device Högtalare (Realtek High Definition Audio)
[2021.01.28-12.52.07:206][300]LogAudioMixer: Display: Initializing Sound Submixes...
[2021.01.28-12.52.07:206][300]LogAudioMixer: Display: Creating Master Submix 'MasterSubmixDefault'
[2021.01.28-12.52.07:206][300]LogAudioMixer: Display: Creating Master Submix 'MasterReverbSubmixDefault'
[2021.01.28-12.52.07:208][300]LogAudioMixer: Display: Creating Master Submix 'MasterEQSubmixDefault'
[2021.01.28-12.52.07:222][300]LogInit: FAudioDevice initialized.
[2021.01.28-12.52.07:258][300]LogSlate: Updating window title bar state: overlay mode, drag disabled, window buttons hidden, title bar hidden
[2021.01.28-12.52.07:263][300]LogNet: Browse: 127.0.0.1:17777/Game/StarterContent/Maps/Minimal_Default
[2021.01.28-12.52.07:263][300]LogInit: WinSock: Socket queue. Rx: 32768 (config 32768) Tx: 32768 (config 32768)
[2021.01.28-12.52.07:264][300]LogNet: Created socket for bind address: 0.0.0.0 on port 0
[2021.01.28-12.52.07:264][300]PacketHandlerLog: Loaded PacketHandler component: Engine.EngineHandlerComponentFactory (StatelessConnectHandlerComponent)
[2021.01.28-12.52.07:267][300]LogNet: Game client on port 17777, rate 10000
[2021.01.28-12.52.07:269][300]PIE: Client logged in
[2021.01.28-12.52.07:271][300]PIE: Play in editor total start time 0,47 seconds.
[2021.01.28-12.52.07:273][300]LogAudioMixer: Display: Audio Mixer Platform Settings:
[2021.01.28-12.52.07:275][300]LogAudioMixer: Display: 	Sample Rate:						  48000
[2021.01.28-12.52.07:276][300]LogAudioMixer: Display: 	Callback Buffer Frame Size Requested: 1024
[2021.01.28-12.52.07:276][300]LogAudioMixer: Display: 	Callback Buffer Frame Size To Use:	  1024
[2021.01.28-12.52.07:276][300]LogAudioMixer: Display: 	Number of buffers to queue:			  2
[2021.01.28-12.52.07:277][300]LogAudioMixer: Display: 	Max Channels (voices):				  32
[2021.01.28-12.52.07:277][300]LogAudioMixer: Display: 	Number of Async Source Workers:		  0
[2021.01.28-12.52.07:277][300]LogAudio: Display: AudioDevice MaxSources: 32
[2021.01.28-12.52.07:278][300]LogAudio: Display: Using built-in audio occlusion.
[2021.01.28-12.52.07:278][300]LogAudioMixer: Display: Initializing audio mixer.
[2021.01.28-12.52.07:287][300]LogAudioMixer: Display: 0: FrontLeft
[2021.01.28-12.52.07:288][300]LogAudioMixer: Display: 1: FrontRight
[2021.01.28-12.52.07:288][300]LogAudioMixer: Display: 2: FrontCenter
[2021.01.28-12.52.07:288][300]LogAudioMixer: Display: 3: LowFrequency
[2021.01.28-12.52.07:288][300]LogAudioMixer: Display: 4: BackLeft
[2021.01.28-12.52.07:288][300]LogAudioMixer: Display: 5: BackRight
[2021.01.28-12.52.07:289][300]LogAudioMixer: Display: 6: SideLeft
[2021.01.28-12.52.07:289][300]LogAudioMixer: Display: 7: SideRight
[2021.01.28-12.52.07:344][300]LogAudioMixer: Display: Using Audio Device Högtalare (Realtek High Definition Audio)
[2021.01.28-12.52.07:345][300]LogAudioMixer: Display: Initializing Sound Submixes...
[2021.01.28-12.52.07:345][300]LogAudioMixer: Display: Creating Master Submix 'MasterSubmixDefault'
[2021.01.28-12.52.07:345][300]LogAudioMixer: Display: Creating Master Submix 'MasterReverbSubmixDefault'
[2021.01.28-12.52.07:346][300]LogAudioMixer: Display: Creating Master Submix 'MasterEQSubmixDefault'
[2021.01.28-12.52.07:359][300]LogInit: FAudioDevice initialized.
[2021.01.28-12.52.07:390][300]LogSlate: Updating window title bar state: overlay mode, drag disabled, window buttons hidden, title bar hidden
[2021.01.28-12.52.07:390][300]LogNet: Browse: 127.0.0.1:17777/Game/StarterContent/Maps/Minimal_Default
[2021.01.28-12.52.07:391][300]LogInit: WinSock: Socket queue. Rx: 32768 (config 32768) Tx: 32768 (config 32768)
[2021.01.28-12.52.07:394][300]LogNet: Created socket for bind address: 0.0.0.0 on port 0
[2021.01.28-12.52.07:395][300]PacketHandlerLog: Loaded PacketHandler component: Engine.EngineHandlerComponentFactory (StatelessConnectHandlerComponent)
[2021.01.28-12.52.07:395][300]LogNet: Game client on port 17777, rate 10000
[2021.01.28-12.52.07:398][300]PIE: Client logged in
[2021.01.28-12.52.07:401][300]PIE: Play in editor total start time 0,6 seconds.
[2021.01.28-12.52.08:134][341]LogNet: NotifyAcceptingConnection accepted from: 127.0.0.1:58492
[2021.01.28-12.52.08:137][341]LogHandshake: SendConnectChallenge. Timestamp: 1.357467, Cookie: 238079105135010120054152195208197066139111136029133234068026
[2021.01.28-12.52.08:139][341]LogHandshake: SendChallengeResponse. Timestamp: 1.357467, Cookie: 238079105135010120054152195208197066139111136029133234068026
[2021.01.28-12.52.08:148][342]LogNet: NotifyAcceptingConnection accepted from: 127.0.0.1:58492
[2021.01.28-12.52.08:148][342]LogHandshake: SendChallengeAck. InCookie: 238079105135010120054152195208197066139111136029133234068026
[2021.01.28-12.52.08:148][342]LogNet: Server accepting post-challenge connection from: 127.0.0.1:58492
[2021.01.28-12.52.08:149][342]PacketHandlerLog: Loaded PacketHandler component: Engine.EngineHandlerComponentFactory (StatelessConnectHandlerComponent)
[2021.01.28-12.52.08:149][342]LogNet: NotifyAcceptedConnection: Name: My_Map, TimeStamp: 01/28/21 13:52:08, [UNetConnection] RemoteAddr: 127.0.0.1:58492, Name: IpConnection_3, Driver: GameNetDriver IpNetDriver_0, IsServer: YES, PC: NULL, Owner: NULL, UniqueId: INVALID
[2021.01.28-12.52.08:150][342]LogNet: AddClientConnection: Added client connection: [UNetConnection] RemoteAddr: 127.0.0.1:58492, Name: IpConnection_3, Driver: GameNetDriver IpNetDriver_0, IsServer: YES, PC: NULL, Owner: NULL, UniqueId: INVALID
[2021.01.28-12.52.08:152][342]LogNetVersion: Network_Assignment 1.0.0.0, NetCL: 13144385, EngineNetVer: 14, GameNetVer: 0 (Checksum: 1736288989)
[2021.01.28-12.52.08:154][342]LogNet: UPendingNetGame::SendInitialJoin: Sending hello. [UNetConnection] RemoteAddr: 127.0.0.1:17777, Name: IpConnection_0, Driver: PendingNetDriver IpNetDriver_1, IsServer: NO, PC: NULL, Owner: NULL, UniqueId: INVALID
[2021.01.28-12.52.08:274][354]LogNet: NotifyAcceptingChannel Control 0 server World /Game/Maps/UEDPIE_0_MY_Map.My_Map: Accepted
[2021.01.28-12.52.08:274][354]LogNet: Remote platform little endian=1
[2021.01.28-12.52.08:274][354]LogNet: This platform little endian=1
[2021.01.28-12.52.08:284][355]LogNet: NotifyAcceptingConnection accepted from: 127.0.0.1:58493
[2021.01.28-12.52.08:284][355]LogHandshake: SendConnectChallenge. Timestamp: 1.507197, Cookie: 178243007197167182186253220003066179176115202052000200108156
[2021.01.28-12.52.08:285][355]LogHandshake: SendChallengeResponse. Timestamp: 1.507197, Cookie: 178243007197167182186253220003066179176115202052000200108156
[2021.01.28-12.52.08:295][356]LogNet: NotifyAcceptingConnection accepted from: 127.0.0.1:58493
[2021.01.28-12.52.08:296][356]LogHandshake: SendChallengeAck. InCookie: 178243007197167182186253220003066179176115202052000200108156
[2021.01.28-12.52.08:296][356]LogNet: Server accepting post-challenge connection from: 127.0.0.1:58493
[2021.01.28-12.52.08:297][356]PacketHandlerLog: Loaded PacketHandler component: Engine.EngineHandlerComponentFactory (StatelessConnectHandlerComponent)
[2021.01.28-12.52.08:298][356]LogNet: NotifyAcceptedConnection: Name: My_Map, TimeStamp: 01/28/21 13:52:08, [UNetConnection] RemoteAddr: 127.0.0.1:58493, Name: IpConnection_4, Driver: GameNetDriver IpNetDriver_0, IsServer: YES, PC: NULL, Owner: NULL, UniqueId: INVALID
[2021.01.28-12.52.08:298][356]LogNet: AddClientConnection: Added client connection: [UNetConnection] RemoteAddr: 127.0.0.1:58493, Name: IpConnection_4, Driver: GameNetDriver IpNetDriver_0, IsServer: YES, PC: NULL, Owner: NULL, UniqueId: INVALID
[2021.01.28-12.52.08:300][356]LogNet: UPendingNetGame::SendInitialJoin: Sending hello. [UNetConnection] RemoteAddr: 127.0.0.1:17777, Name: IpConnection_1, Driver: PendingNetDriver IpNetDriver_2, IsServer: NO, PC: NULL, Owner: NULL, UniqueId: INVALID
[2021.01.28-12.52.08:402][366]LogOnline: OSS: Creating online subsystem instance for: :Context_2
[2021.01.28-12.52.08:414][367]LogNet: NotifyAcceptingConnection accepted from: 127.0.0.1:58494
[2021.01.28-12.52.08:415][367]LogHandshake: SendConnectChallenge. Timestamp: 1.638474, Cookie: 103209176004162087115067082022201045121241251010202034039002
[2021.01.28-12.52.08:416][367]LogHandshake: SendChallengeResponse. Timestamp: 1.638474, Cookie: 103209176004162087115067082022201045121241251010202034039002
[2021.01.28-12.52.08:425][368]LogNet: NotifyAcceptingConnection accepted from: 127.0.0.1:58494
[2021.01.28-12.52.08:426][368]LogHandshake: SendChallengeAck. InCookie: 103209176004162087115067082022201045121241251010202034039002
[2021.01.28-12.52.08:426][368]LogNet: Server accepting post-challenge connection from: 127.0.0.1:58494
[2021.01.28-12.52.08:427][368]PacketHandlerLog: Loaded PacketHandler component: Engine.EngineHandlerComponentFactory (StatelessConnectHandlerComponent)
[2021.01.28-12.52.08:427][368]LogNet: NotifyAcceptedConnection: Name: My_Map, TimeStamp: 01/28/21 13:52:08, [UNetConnection] RemoteAddr: 127.0.0.1:58494, Name: IpConnection_5, Driver: GameNetDriver IpNetDriver_0, IsServer: YES, PC: NULL, Owner: NULL, UniqueId: INVALID
[2021.01.28-12.52.08:427][368]LogNet: AddClientConnection: Added client connection: [UNetConnection] RemoteAddr: 127.0.0.1:58494, Name: IpConnection_5, Driver: GameNetDriver IpNetDriver_0, IsServer: YES, PC: NULL, Owner: NULL, UniqueId: INVALID
[2021.01.28-12.52.08:428][368]LogNet: UPendingNetGame::SendInitialJoin: Sending hello. [UNetConnection] RemoteAddr: 127.0.0.1:17777, Name: IpConnection_2, Driver: PendingNetDriver IpNetDriver_3, IsServer: NO, PC: NULL, Owner: NULL, UniqueId: INVALID
[2021.01.28-12.52.08:446][370]LogNet: NotifyAcceptingChannel Control 0 server World /Game/Maps/UEDPIE_0_MY_Map.My_Map: Accepted
[2021.01.28-12.52.08:446][370]LogNet: Remote platform little endian=1
[2021.01.28-12.52.08:446][370]LogNet: This platform little endian=1
[2021.01.28-12.52.08:525][378]LogNet: Login request: ?Name=LEON-DATOR-122DD12B486442524432BD9F091D3E1D userId: NULL:LEON-DATOR-122DD12B486442524432BD9F091D3E1D platform: NULL
[2021.01.28-12.52.08:575][383]LogOnline: OSS: Creating online subsystem instance for: :Context_3
[2021.01.28-12.52.08:587][384]LogNet: NotifyAcceptingChannel Control 0 server World /Game/Maps/UEDPIE_0_MY_Map.My_Map: Accepted
[2021.01.28-12.52.08:587][384]LogNet: Remote platform little endian=1
[2021.01.28-12.52.08:587][384]LogNet: This platform little endian=1
[2021.01.28-12.52.08:629][388]LogNet: Welcomed by server (Level: /Game/Maps/UEDPIE_0_MY_Map, Game: /Game/Blueprints/BP_Network_AssignmentGameMode.BP_Network_AssignmentGameMode_C)
[2021.01.28-12.52.08:631][388]LogLoad: LoadMap: 127.0.0.1:17777/Game/Maps/UEDPIE_0_MY_Map?game=/Game/Blueprints/BP_Network_AssignmentGameMode.BP_Network_AssignmentGameMode_C
[2021.01.28-12.52.08:631][388]LogWorld: BeginTearingDown for /Temp/Untitled_1
[2021.01.28-12.52.08:631][388]LogWorld: UWorld::CleanupWorld for Untitled, bSessionEnded=true, bCleanupResources=true
[2021.01.28-12.52.08:631][388]LogSlate: InvalidateAllWidgets triggered.  All widgets were invalidated
[2021.01.28-12.52.08:640][388]LogUObjectHash: Compacting FUObjectHashTables data took   0.77ms
[2021.01.28-12.52.08:650][388]LogAIModule: Creating AISystem for world My_Map
[2021.01.28-12.52.08:651][388]LogAISub: UAISubsystem::UAISubsystem EnvQueryManager (00000206E90C2400), frame # 388
[2021.01.28-12.52.08:651][388]LogAISub: UAISubsystem::UAISubsystem AIPerceptionSystem (00000206C6528A40), frame # 388
[2021.01.28-12.52.08:654][388]LogWorld: Bringing World /Game/Maps/UEDPIE_1_MY_Map.My_Map up for play (max tick rate 0) at 2021.01.28-13.52.08
[2021.01.28-12.52.08:654][388]LogWorld: Bringing up level for play took: 0.000820
[2021.01.28-12.52.08:655][388]LogLoad: Took 0.023784 seconds to LoadMap(/Game/Maps/UEDPIE_0_MY_Map)
[2021.01.28-12.52.08:708][390]LogNet: Login request: ?Name=LEON-DATOR-F12D10EE484498EEDE803EA516D3B88D userId: NULL:LEON-DATOR-F12D10EE484498EEDE803EA516D3B88D platform: NULL
[2021.01.28-12.52.08:720][391]LogOnline: OSS: Creating online subsystem instance for: :Context_4
[2021.01.28-12.52.08:794][398]LogNet: Client netspeed is 10000
[2021.01.28-12.52.08:813][400]LogNet: Join request: /Game/StarterContent/Maps/Minimal_Default?Name=LEON-DATOR-122DD12B486442524432BD9F091D3E1D?SplitscreenCount=1
[2021.01.28-12.52.08:814][400]LogOnlineSession: Warning: OSS: No game present to join for session (GameSession)
[2021.01.28-12.52.08:818][400]LogNet: Join succeeded: LEON-DATOR-122DD12B4
[2021.01.28-12.52.08:847][403]LogNet: Login request: ?Name=LEON-DATOR-E42B6E9E42E04F46DE6E1C91E374F832 userId: NULL:LEON-DATOR-E42B6E9E42E04F46DE6E1C91E374F832 platform: NULL
[2021.01.28-12.52.08:848][403]LogNet: Welcomed by server (Level: /Game/Maps/UEDPIE_0_MY_Map, Game: /Game/Blueprints/BP_Network_AssignmentGameMode.BP_Network_AssignmentGameMode_C)
[2021.01.28-12.52.08:848][403]LogLoad: LoadMap: 127.0.0.1:17777/Game/Maps/UEDPIE_0_MY_Map?game=/Game/Blueprints/BP_Network_AssignmentGameMode.BP_Network_AssignmentGameMode_C
[2021.01.28-12.52.08:848][403]LogWorld: BeginTearingDown for /Temp/Untitled_2
[2021.01.28-12.52.08:849][403]LogWorld: UWorld::CleanupWorld for Untitled, bSessionEnded=true, bCleanupResources=true
[2021.01.28-12.52.08:849][403]LogSlate: InvalidateAllWidgets triggered.  All widgets were invalidated
[2021.01.28-12.52.08:859][403]LogUObjectHash: Compacting FUObjectHashTables data took   0.75ms
[2021.01.28-12.52.08:870][403]LogAIModule: Creating AISystem for world My_Map
[2021.01.28-12.52.08:870][403]LogAISub: UAISubsystem::UAISubsystem EnvQueryManager (00000206FC8BCE00), frame # 403
[2021.01.28-12.52.08:870][403]LogAISub: UAISubsystem::UAISubsystem AIPerceptionSystem (00000206FC901A80), frame # 403
[2021.01.28-12.52.08:872][403]LogWorld: Bringing World /Game/Maps/UEDPIE_2_MY_Map.My_Map up for play (max tick rate 0) at 2021.01.28-13.52.08
[2021.01.28-12.52.08:872][403]LogWorld: Bringing up level for play took: 0.000860
[2021.01.28-12.52.08:873][403]LogLoad: Took 0.024488 seconds to LoadMap(/Game/Maps/UEDPIE_0_MY_Map)
[2021.01.28-12.52.08:998][411]LogNet: Welcomed by server (Level: /Game/Maps/UEDPIE_0_MY_Map, Game: /Game/Blueprints/BP_Network_AssignmentGameMode.BP_Network_AssignmentGameMode_C)
[2021.01.28-12.52.08:998][411]LogLoad: LoadMap: 127.0.0.1:17777/Game/Maps/UEDPIE_0_MY_Map?game=/Game/Blueprints/BP_Network_AssignmentGameMode.BP_Network_AssignmentGameMode_C
[2021.01.28-12.52.08:999][411]LogWorld: BeginTearingDown for /Temp/Untitled_3
[2021.01.28-12.52.09:000][411]LogWorld: UWorld::CleanupWorld for Untitled, bSessionEnded=true, bCleanupResources=true
[2021.01.28-12.52.09:001][411]LogSlate: InvalidateAllWidgets triggered.  All widgets were invalidated
[2021.01.28-12.52.09:012][411]LogUObjectHash: Compacting FUObjectHashTables data took   0.80ms
[2021.01.28-12.52.09:022][411]LogAIModule: Creating AISystem for world My_Map
[2021.01.28-12.52.09:022][411]LogAISub: UAISubsystem::UAISubsystem EnvQueryManager (0000020686724400), frame # 411
[2021.01.28-12.52.09:022][411]LogAISub: UAISubsystem::UAISubsystem AIPerceptionSystem (0000020686758A40), frame # 411
[2021.01.28-12.52.09:024][411]LogWorld: Bringing World /Game/Maps/UEDPIE_3_MY_Map.My_Map up for play (max tick rate 0) at 2021.01.28-13.52.09
[2021.01.28-12.52.09:024][411]LogWorld: Bringing up level for play took: 0.000812
[2021.01.28-12.52.09:025][411]LogLoad: Took 0.026100 seconds to LoadMap(/Game/Maps/UEDPIE_0_MY_Map)
[2021.01.28-12.52.09:037][412]LogNet: Client netspeed is 10000
[2021.01.28-12.52.09:037][412]LogNet: Join request: /Game/StarterContent/Maps/Minimal_Default?Name=LEON-DATOR-F12D10EE484498EEDE803EA516D3B88D?SplitscreenCount=1
[2021.01.28-12.52.09:038][412]LogOnlineSession: Warning: OSS: No game present to join for session (GameSession)
[2021.01.28-12.52.09:043][412]LogNet: Join succeeded: LEON-DATOR-F12D10EE4
[2021.01.28-12.52.09:160][419]LogNet: Client netspeed is 10000
[2021.01.28-12.52.09:160][419]LogNet: Join request: /Game/StarterContent/Maps/Minimal_Default?Name=LEON-DATOR-E42B6E9E42E04F46DE6E1C91E374F832?SplitscreenCount=1
[2021.01.28-12.52.09:162][419]LogOnlineSession: Warning: OSS: No game present to join for session (GameSession)
[2021.01.28-12.52.09:166][419]LogNet: Join succeeded: LEON-DATOR-E42B6E9E4
[2021.01.28-12.52.09:491][440]LogOnlineSession: Warning: OSS: No game present to join for session (GameSession)
[2021.01.28-12.52.09:898][465]LogOnlineSession: Warning: OSS: No game present to join for session (GameSession)
[2021.01.28-12.52.10:007][471]LogOnlineSession: Warning: OSS: No game present to join for session (GameSession)
[2021.01.28-12.52.10:024][472]LogOnlineSession: Warning: OSS: No game present to join for session (GameSession)
[2021.01.28-12.52.10:059][474]LogOnlineSession: Warning: OSS: No game present to join for session (GameSession)
[2021.01.28-12.52.10:073][475]LogOnlineSession: Warning: OSS: No game present to join for session (GameSession)
[2021.01.28-12.52.10:074][475]LogOnlineSession: Warning: OSS: No game present to join for session (GameSession)
[2021.01.28-12.52.10:122][478]LogOnlineSession: Warning: OSS: No game present to join for session (GameSession)
[2021.01.28-12.52.10:190][482]LogOnlineSession: Warning: OSS: No game present to join for session (GameSession)
[2021.01.28-12.52.10:191][482]LogOnlineSession: Warning: OSS: No game present to join for session (GameSession)
[2021.01.28-12.52.10:238][485]LogOnlineSession: Warning: OSS: No game present to join for session (GameSession)
[2021.01.28-12.52.10:289][488]LogOnlineSession: Warning: OSS: No game present to join for session (GameSession)
[2021.01.28-12.52.28:698][753]LogNet: UNetDriver::TickDispatch: Very long time between ticks. DeltaTime: 14.31, Realtime: 14.32. IpNetDriver_0
[2021.01.28-12.52.28:703][753]LogNet: UNetDriver::TickDispatch: Very long time between ticks. DeltaTime: 14.31, Realtime: 14.33. IpNetDriver_1
[2021.01.28-12.52.28:705][753]LogNet: UNetDriver::TickDispatch: Very long time between ticks. DeltaTime: 14.31, Realtime: 14.33. IpNetDriver_2
[2021.01.28-12.52.28:706][753]LogNet: UNetDriver::TickDispatch: Very long time between ticks. DeltaTime: 14.31, Realtime: 14.33. IpNetDriver_3
[2021.01.28-12.52.34:369][ 49]LogSlate: Updating window title bar state: overlay mode, drag disabled, window buttons hidden, title bar hidden
[2021.01.28-12.52.34:370][ 49]LogWorld: BeginTearingDown for /Game/Maps/UEDPIE_3_MY_Map
[2021.01.28-12.52.34:371][ 49]LogSlate: Window 'Network_Assignment Preview [NetMode: Client 4] (64-bit/Windows) ' being destroyed
[2021.01.28-12.52.34:393][ 49]LogWorld: UWorld::CleanupWorld for My_Map, bSessionEnded=true, bCleanupResources=true
[2021.01.28-12.52.34:394][ 49]LogSlate: InvalidateAllWidgets triggered.  All widgets were invalidated
[2021.01.28-12.52.34:413][ 49]LogNet: World NetDriver shutdown IpNetDriver_3 [GameNetDriver]
[2021.01.28-12.52.34:413][ 49]LogNet: DestroyNamedNetDriver IpNetDriver_3 [GameNetDriver]
[2021.01.28-12.52.34:414][ 49]LogNet: UNetConnection::Close: [UNetConnection] RemoteAddr: 127.0.0.1:17777, Name: IpConnection_2, Driver: GameNetDriver IpNetDriver_3, IsServer: NO, PC: PlayerController_1, Owner: PlayerController_1, UniqueId: NULL:LEON-DATOR-E42B6E9E42E04F46DE6E1C91E374F832, Channels: 47, Time: 2021.01.28-12.52.34
[2021.01.28-12.52.34:414][ 49]LogNet: UChannel::Close: Sending CloseBunch. ChIndex == 0. Name: [UChannel] ChIndex: 0, Closing: 0 [UNetConnection] RemoteAddr: 127.0.0.1:17777, Name: IpConnection_2, Driver: GameNetDriver IpNetDriver_3, IsServer: NO, PC: PlayerController_1, Owner: PlayerController_1, UniqueId: NULL:LEON-DATOR-E42B6E9E42E04F46DE6E1C91E374F832
[2021.01.28-12.52.34:415][ 49]LogExit: GameNetDriver IpNetDriver_3 shut down
[2021.01.28-12.52.34:417][ 49]LogWorld: BeginTearingDown for /Game/Maps/UEDPIE_2_MY_Map
[2021.01.28-12.52.34:417][ 49]LogSlate: Updating window title bar state: overlay mode, drag disabled, window buttons hidden, title bar hidden
[2021.01.28-12.52.34:417][ 49]LogSlate: Window 'Network_Assignment Preview [NetMode: Client 3] (64-bit/Windows) ' being destroyed
[2021.01.28-12.52.34:424][ 49]LogWorld: UWorld::CleanupWorld for My_Map, bSessionEnded=true, bCleanupResources=true
[2021.01.28-12.52.34:425][ 49]LogSlate: InvalidateAllWidgets triggered.  All widgets were invalidated
[2021.01.28-12.52.34:439][ 49]LogNet: World NetDriver shutdown IpNetDriver_2 [GameNetDriver]
[2021.01.28-12.52.34:439][ 49]LogNet: DestroyNamedNetDriver IpNetDriver_2 [GameNetDriver]
[2021.01.28-12.52.34:440][ 49]LogNet: UNetConnection::Close: [UNetConnection] RemoteAddr: 127.0.0.1:17777, Name: IpConnection_1, Driver: GameNetDriver IpNetDriver_2, IsServer: NO, PC: PlayerController_1, Owner: PlayerController_1, UniqueId: NULL:LEON-DATOR-F12D10EE484498EEDE803EA516D3B88D, Channels: 47, Time: 2021.01.28-12.52.34
[2021.01.28-12.52.34:440][ 49]LogNet: UChannel::Close: Sending CloseBunch. ChIndex == 0. Name: [UChannel] ChIndex: 0, Closing: 0 [UNetConnection] RemoteAddr: 127.0.0.1:17777, Name: IpConnection_1, Driver: GameNetDriver IpNetDriver_2, IsServer: NO, PC: PlayerController_1, Owner: PlayerController_1, UniqueId: NULL:LEON-DATOR-F12D10EE484498EEDE803EA516D3B88D
[2021.01.28-12.52.34:441][ 49]LogExit: GameNetDriver IpNetDriver_2 shut down
[2021.01.28-12.52.34:442][ 49]LogWorld: BeginTearingDown for /Game/Maps/UEDPIE_1_MY_Map
[2021.01.28-12.52.34:443][ 49]LogSlate: Updating window title bar state: overlay mode, drag disabled, window buttons hidden, title bar hidden
[2021.01.28-12.52.34:443][ 49]LogSlate: Window 'Network_Assignment Preview [NetMode: Client 2] (64-bit/Windows) ' being destroyed
[2021.01.28-12.52.34:446][ 49]LogWorld: UWorld::CleanupWorld for My_Map, bSessionEnded=true, bCleanupResources=true
[2021.01.28-12.52.34:448][ 49]LogSlate: InvalidateAllWidgets triggered.  All widgets were invalidated
[2021.01.28-12.52.34:462][ 49]LogNet: World NetDriver shutdown IpNetDriver_1 [GameNetDriver]
[2021.01.28-12.52.34:462][ 49]LogNet: DestroyNamedNetDriver IpNetDriver_1 [GameNetDriver]
[2021.01.28-12.52.34:463][ 49]LogNet: UNetConnection::Close: [UNetConnection] RemoteAddr: 127.0.0.1:17777, Name: IpConnection_0, Driver: GameNetDriver IpNetDriver_1, IsServer: NO, PC: PlayerController_1, Owner: PlayerController_1, UniqueId: NULL:LEON-DATOR-122DD12B486442524432BD9F091D3E1D, Channels: 47, Time: 2021.01.28-12.52.34
[2021.01.28-12.52.34:464][ 49]LogNet: UChannel::Close: Sending CloseBunch. ChIndex == 0. Name: [UChannel] ChIndex: 0, Closing: 0 [UNetConnection] RemoteAddr: 127.0.0.1:17777, Name: IpConnection_0, Driver: GameNetDriver IpNetDriver_1, IsServer: NO, PC: PlayerController_1, Owner: PlayerController_1, UniqueId: NULL:LEON-DATOR-122DD12B486442524432BD9F091D3E1D
[2021.01.28-12.52.34:464][ 49]LogExit: GameNetDriver IpNetDriver_1 shut down
[2021.01.28-12.52.34:466][ 49]LogWorld: BeginTearingDown for /Game/Maps/UEDPIE_0_MY_Map
[2021.01.28-12.52.34:466][ 49]LogOnlineSession: Warning: OSS: No game present to leave for session (GameSession)
[2021.01.28-12.52.34:467][ 49]LogSlate: Updating window title bar state: overlay mode, drag disabled, window buttons hidden, title bar hidden
[2021.01.28-12.52.34:467][ 49]LogSlate: Window 'Network_Assignment Preview [NetMode: Server] (64-bit/Windows) ' being destroyed
[2021.01.28-12.52.34:471][ 49]LogWorld: UWorld::CleanupWorld for My_Map, bSessionEnded=true, bCleanupResources=true
[2021.01.28-12.52.34:472][ 49]LogSlate: InvalidateAllWidgets triggered.  All widgets were invalidated
[2021.01.28-12.52.34:487][ 49]LogNet: World NetDriver shutdown IpNetDriver_0 [GameNetDriver]
[2021.01.28-12.52.34:487][ 49]LogNet: DestroyNamedNetDriver IpNetDriver_0 [GameNetDriver]
[2021.01.28-12.52.34:487][ 49]LogNet: UNetConnection::Cleanup: Closing open connection. [UNetConnection] RemoteAddr: 127.0.0.1:58494, Name: IpConnection_5, Driver: GameNetDriver IpNetDriver_0, IsServer: YES, PC: PlayerController_3, Owner: PlayerController_3, UniqueId: NULL:LEON-DATOR-E42B6E9E42E04F46DE6E1C91E374F832
[2021.01.28-12.52.34:488][ 49]LogNet: UNetConnection::Close: [UNetConnection] RemoteAddr: 127.0.0.1:58494, Name: IpConnection_5, Driver: GameNetDriver IpNetDriver_0, IsServer: YES, PC: PlayerController_3, Owner: PlayerController_3, UniqueId: NULL:LEON-DATOR-E42B6E9E42E04F46DE6E1C91E374F832, Channels: 47, Time: 2021.01.28-12.52.34
[2021.01.28-12.52.34:488][ 49]LogNet: UChannel::Close: Sending CloseBunch. ChIndex == 0. Name: [UChannel] ChIndex: 0, Closing: 0 [UNetConnection] RemoteAddr: 127.0.0.1:58494, Name: IpConnection_5, Driver: GameNetDriver IpNetDriver_0, IsServer: YES, PC: PlayerController_3, Owner: PlayerController_3, UniqueId: NULL:LEON-DATOR-E42B6E9E42E04F46DE6E1C91E374F832
[2021.01.28-12.52.34:489][ 49]LogNet: UNetConnection::Cleanup: Closing open connection. [UNetConnection] RemoteAddr: 127.0.0.1:58493, Name: IpConnection_4, Driver: GameNetDriver IpNetDriver_0, IsServer: YES, PC: PlayerController_2, Owner: PlayerController_2, UniqueId: NULL:LEON-DATOR-F12D10EE484498EEDE803EA516D3B88D
[2021.01.28-12.52.34:489][ 49]LogNet: UNetConnection::Close: [UNetConnection] RemoteAddr: 127.0.0.1:58493, Name: IpConnection_4, Driver: GameNetDriver IpNetDriver_0, IsServer: YES, PC: PlayerController_2, Owner: PlayerController_2, UniqueId: NULL:LEON-DATOR-F12D10EE484498EEDE803EA516D3B88D, Channels: 47, Time: 2021.01.28-12.52.34
[2021.01.28-12.52.34:490][ 49]LogNet: UChannel::Close: Sending CloseBunch. ChIndex == 0. Name: [UChannel] ChIndex: 0, Closing: 0 [UNetConnection] RemoteAddr: 127.0.0.1:58493, Name: IpConnection_4, Driver: GameNetDriver IpNetDriver_0, IsServer: YES, PC: PlayerController_2, Owner: PlayerController_2, UniqueId: NULL:LEON-DATOR-F12D10EE484498EEDE803EA516D3B88D
[2021.01.28-12.52.34:491][ 49]LogNet: UNetConnection::Cleanup: Closing open connection. [UNetConnection] RemoteAddr: 127.0.0.1:58492, Name: IpConnection_3, Driver: GameNetDriver IpNetDriver_0, IsServer: YES, PC: PlayerController_1, Owner: PlayerController_1, UniqueId: NULL:LEON-DATOR-122DD12B486442524432BD9F091D3E1D
[2021.01.28-12.52.34:491][ 49]LogNet: UNetConnection::Close: [UNetConnection] RemoteAddr: 127.0.0.1:58492, Name: IpConnection_3, Driver: GameNetDriver IpNetDriver_0, IsServer: YES, PC: PlayerController_1, Owner: PlayerController_1, UniqueId: NULL:LEON-DATOR-122DD12B486442524432BD9F091D3E1D, Channels: 47, Time: 2021.01.28-12.52.34
[2021.01.28-12.52.34:491][ 49]LogNet: UChannel::Close: Sending CloseBunch. ChIndex == 0. Name: [UChannel] ChIndex: 0, Closing: 0 [UNetConnection] RemoteAddr: 127.0.0.1:58492, Name: IpConnection_3, Driver: GameNetDriver IpNetDriver_0, IsServer: YES, PC: PlayerController_1, Owner: PlayerController_1, UniqueId: NULL:LEON-DATOR-122DD12B486442524432BD9F091D3E1D
[2021.01.28-12.52.34:492][ 49]LogExit: GameNetDriver IpNetDriver_0 shut down
[2021.01.28-12.52.34:493][ 49]LogPlayLevel: Display: Shutting down PIE online subsystems
[2021.01.28-12.52.34:495][ 49]LogSlate: InvalidateAllWidgets triggered.  All widgets were invalidated
[2021.01.28-12.52.34:716][ 49]LogAISub: UAISubsystem::~UAISubsystem AIPerceptionSystem (00000206C1637100), frame # 1049
[2021.01.28-12.52.34:716][ 49]LogAISub: UAISubsystem::~UAISubsystem EnvQueryManager (00000206E8E17E00), frame # 1049
[2021.01.28-12.52.34:717][ 49]LogAISub: UAISubsystem::~UAISubsystem EnvQueryManager (00000206E90C2400), frame # 1049
[2021.01.28-12.52.34:717][ 49]LogAISub: UAISubsystem::~UAISubsystem AIPerceptionSystem (00000206C6528A40), frame # 1049
[2021.01.28-12.52.34:717][ 49]LogAISub: UAISubsystem::~UAISubsystem EnvQueryManager (00000206FC8BCE00), frame # 1049
[2021.01.28-12.52.34:717][ 49]LogAISub: UAISubsystem::~UAISubsystem AIPerceptionSystem (00000206FC901A80), frame # 1049
[2021.01.28-12.52.34:717][ 49]LogAISub: UAISubsystem::~UAISubsystem EnvQueryManager (0000020686724400), frame # 1049
[2021.01.28-12.52.34:718][ 49]LogAISub: UAISubsystem::~UAISubsystem AIPerceptionSystem (0000020686758A40), frame # 1049
[2021.01.28-12.52.34:721][ 49]LogUObjectHash: Compacting FUObjectHashTables data took   1.38ms
[2021.01.28-12.52.34:765][ 50]LogPlayLevel: Display: Destroying online subsystem :Context_4
[2021.01.28-12.52.34:766][ 50]LogPlayLevel: Display: Destroying online subsystem :Context_3
[2021.01.28-12.52.34:766][ 50]LogPlayLevel: Display: Destroying online subsystem :Context_2
[2021.01.28-12.52.34:767][ 50]LogPlayLevel: Display: Destroying online subsystem :Context_1
